#
# There is insufficient memory for the Java Runtime Environment to continue.
# Native memory allocation (malloc) failed to allocate 1293936 bytes for Chunk::new
# Possible reasons:
#   The system is out of physical RAM or swap space
#   The process is running with CompressedOops enabled, and the Java Heap may be blocking the growth of the native heap
# Possible solutions:
#   Reduce memory load on the system
#   Increase physical memory or swap space
#   Check if swap backing store is full
#   Decrease Java heap size (-Xmx/-Xms)
#   Decrease number of Java threads
#   Decrease Java thread stack sizes (-Xss)
#   Set larger code cache with -XX:ReservedCodeCacheSize=
#   JVM is running with Unscaled Compressed Oops mode in which the Java heap is
#     placed in the first 4GB address space. The Java Heap base address is the
#     maximum limit for the native heap growth. Please use -XX:HeapBaseMinAddress
#     to set the Java Heap base and to place the Java Heap above 4GB virtual address.
# This output file may be truncated or incomplete.
#
#  Out of Memory Error (arena.cpp:191), pid=11740, tid=13252
#
# JRE version: OpenJDK Runtime Environment (17.0.10) (build 17.0.10+0--11572160)
# Java VM: OpenJDK 64-Bit Server VM (17.0.10+0--11572160, mixed mode, tiered, compressed oops, compressed class ptrs, g1 gc, windows-amd64)
# No core dump will be written. Minidumps are not enabled by default on client versions of Windows
#

---------------  S U M M A R Y ------------

Command Line: --add-opens=java.base/java.util=ALL-UNNAMED --add-opens=java.base/java.lang=ALL-UNNAMED --add-opens=java.base/java.lang.invoke=ALL-UNNAMED --add-opens=java.prefs/java.util.prefs=ALL-UNNAMED --add-opens=java.base/java.nio.charset=ALL-UNNAMED --add-opens=java.base/java.net=ALL-UNNAMED --add-opens=java.base/java.util.concurrent.atomic=ALL-UNNAMED -Xmx2048m -Dfile.encoding=UTF-8 -Duser.country=BR -Duser.language=pt -Duser.variant -javaagent:C:\Users\edson.junior\.gradle\wrapper\dists\gradle-8.4-bin\1w5dpkrfk8irigvoxmyhowfim\gradle-8.4\lib\agents\gradle-instrumentation-agent-8.4.jar org.gradle.launcher.daemon.bootstrap.GradleDaemon 8.4

Host: Intel(R) Core(TM) i3-2120 CPU @ 3.30GHz, 4 cores, 7G,  Windows 10 , 64 bit Build 19041 (10.0.19041.3636)
Time: Wed May  8 12:08:52 2024 Hora oficial do Brasil elapsed time: 34.640301 seconds (0d 0h 0m 34s)

---------------  T H R E A D  ---------------

Current thread (0x000001ab24023fa0):  JavaThread "C2 CompilerThread0" daemon [_thread_in_native, id=13252, stack(0x0000003d34000000,0x0000003d34100000)]


Current CompileTask:
C2:  34640 7033   !   4       org.jetbrains.kotlin.metadata.ProtoBuf$Type::<init> (875 bytes)

Stack: [0x0000003d34000000,0x0000003d34100000]
Native frames: (J=compiled Java code, j=interpreted, Vv=VM code, C=native code)
V  [jvm.dll+0x688e89]
V  [jvm.dll+0x84247a]
V  [jvm.dll+0x8440be]
V  [jvm.dll+0x844723]
V  [jvm.dll+0x24be0f]
V  [jvm.dll+0xac524]
V  [jvm.dll+0xacb6c]
V  [jvm.dll+0x36bd12]
V  [jvm.dll+0x33615a]
V  [jvm.dll+0x3355fa]
V  [jvm.dll+0x21daa1]
V  [jvm.dll+0x21cec1]
V  [jvm.dll+0x1a60ad]
V  [jvm.dll+0x22cd78]
V  [jvm.dll+0x22aeb0]
V  [jvm.dll+0x7f6917]
V  [jvm.dll+0x7f0d1a]
V  [jvm.dll+0x687d05]
C  [ucrtbase.dll+0x21bb2]
C  [KERNEL32.DLL+0x17344]
C  [ntdll.dll+0x526b1]


---------------  P R O C E S S  ---------------

Threads class SMR info:
_java_thread_list=0x000001ab264367f0, length=41, elements={
0x000001ab0461fc40, 0x000001ab1fb5fa30, 0x000001ab1fb60dd0, 0x000001ab2400eba0,
0x000001ab2400f670, 0x000001ab2401f5d0, 0x000001ab2401fea0, 0x000001ab24023fa0,
0x000001ab2402e8d0, 0x000001ab2402f1e0, 0x000001ab240fb3f0, 0x000001ab242edd40,
0x000001ab25b6b920, 0x000001ab25b3fca0, 0x000001ab256fce30, 0x000001ab25870360,
0x000001ab25870fe0, 0x000001ab2545def0, 0x000001ab2545cfc0, 0x000001ab2545d9e0,
0x000001ab2545f330, 0x000001ab2545f840, 0x000001ab2545ee20, 0x000001ab2545e400,
0x000001ab2545d4d0, 0x000001ab2545e910, 0x000001ab2545c5a0, 0x000001ab2545cab0,
0x000001ab26774f30, 0x000001ab26776d90, 0x000001ab26774510, 0x000001ab267777b0,
0x000001ab26776370, 0x000001ab26774a20, 0x000001ab26775950, 0x000001ab267772a0,
0x000001ab26775440, 0x000001ab2677a030, 0x000001ab26777cc0, 0x000001ab267786e0,
0x000001ab2534e9c0
}

Java Threads: ( => current thread )
  0x000001ab0461fc40 JavaThread "main" [_thread_blocked, id=9084, stack(0x0000003d33300000,0x0000003d33400000)]
  0x000001ab1fb5fa30 JavaThread "Reference Handler" daemon [_thread_blocked, id=8716, stack(0x0000003d33a00000,0x0000003d33b00000)]
  0x000001ab1fb60dd0 JavaThread "Finalizer" daemon [_thread_blocked, id=11512, stack(0x0000003d33b00000,0x0000003d33c00000)]
  0x000001ab2400eba0 JavaThread "Signal Dispatcher" daemon [_thread_blocked, id=14168, stack(0x0000003d33c00000,0x0000003d33d00000)]
  0x000001ab2400f670 JavaThread "Attach Listener" daemon [_thread_blocked, id=9692, stack(0x0000003d33d00000,0x0000003d33e00000)]
  0x000001ab2401f5d0 JavaThread "Service Thread" daemon [_thread_blocked, id=252, stack(0x0000003d33e00000,0x0000003d33f00000)]
  0x000001ab2401fea0 JavaThread "Monitor Deflation Thread" daemon [_thread_blocked, id=9536, stack(0x0000003d33f00000,0x0000003d34000000)]
=>0x000001ab24023fa0 JavaThread "C2 CompilerThread0" daemon [_thread_in_native, id=13252, stack(0x0000003d34000000,0x0000003d34100000)]
  0x000001ab2402e8d0 JavaThread "C1 CompilerThread0" daemon [_thread_blocked, id=7144, stack(0x0000003d34100000,0x0000003d34200000)]
  0x000001ab2402f1e0 JavaThread "Sweeper thread" daemon [_thread_blocked, id=6648, stack(0x0000003d34200000,0x0000003d34300000)]
  0x000001ab240fb3f0 JavaThread "Common-Cleaner" daemon [_thread_blocked, id=7820, stack(0x0000003d34300000,0x0000003d34400000)]
  0x000001ab242edd40 JavaThread "Notification Thread" daemon [_thread_blocked, id=14060, stack(0x0000003d34400000,0x0000003d34500000)]
  0x000001ab25b6b920 JavaThread "Daemon health stats" [_thread_blocked, id=1800, stack(0x0000003d34a00000,0x0000003d34b00000)]
  0x000001ab25b3fca0 JavaThread "Incoming local TCP Connector on port 56678" [_thread_in_native, id=14164, stack(0x0000003d34b00000,0x0000003d34c00000)]
  0x000001ab256fce30 JavaThread "Daemon periodic checks" [_thread_blocked, id=13484, stack(0x0000003d34c00000,0x0000003d34d00000)]
  0x000001ab25870360 JavaThread "Daemon" [_thread_blocked, id=14124, stack(0x0000003d34d00000,0x0000003d34e00000)]
  0x000001ab25870fe0 JavaThread "Handler for socket connection from /127.0.0.1:56678 to /127.0.0.1:56680" [_thread_in_native, id=6240, stack(0x0000003d34e00000,0x0000003d34f00000)]
  0x000001ab2545def0 JavaThread "Cancel handler" [_thread_blocked, id=4500, stack(0x0000003d34f00000,0x0000003d35000000)]
  0x000001ab2545cfc0 JavaThread "Daemon worker" [_thread_in_Java, id=5420, stack(0x0000003d35000000,0x0000003d35100000)]
  0x000001ab2545d9e0 JavaThread "Asynchronous log dispatcher for DefaultDaemonConnection: socket connection from /127.0.0.1:56678 to /127.0.0.1:56680" [_thread_blocked, id=6924, stack(0x0000003d35100000,0x0000003d35200000)]
  0x000001ab2545f330 JavaThread "Stdin handler" [_thread_blocked, id=13992, stack(0x0000003d35200000,0x0000003d35300000)]
  0x000001ab2545f840 JavaThread "Daemon client event forwarder" [_thread_blocked, id=10328, stack(0x0000003d35300000,0x0000003d35400000)]
  0x000001ab2545ee20 JavaThread "Cache worker for journal cache (C:\Users\edson.junior\.gradle\caches\journal-1)" [_thread_blocked, id=8148, stack(0x0000003d34600000,0x0000003d34700000)]
  0x000001ab2545e400 JavaThread "File lock request listener" [_thread_in_native, id=9728, stack(0x0000003d35400000,0x0000003d35500000)]
  0x000001ab2545d4d0 JavaThread "Cache worker for file hash cache (C:\Users\edson.junior\.gradle\caches\8.4\fileHashes)" [_thread_blocked, id=6700, stack(0x0000003d35600000,0x0000003d35700000)]
  0x000001ab2545e910 JavaThread "File watcher server" daemon [_thread_in_native, id=5556, stack(0x0000003d35700000,0x0000003d35800000)]
  0x000001ab2545c5a0 JavaThread "File watcher consumer" daemon [_thread_blocked, id=10796, stack(0x0000003d35800000,0x0000003d35900000)]
  0x000001ab2545cab0 JavaThread "jar transforms" [_thread_blocked, id=8940, stack(0x0000003d35900000,0x0000003d35a00000)]
  0x000001ab26774f30 JavaThread "jar transforms Thread 2" [_thread_blocked, id=11644, stack(0x0000003d35a00000,0x0000003d35b00000)]
  0x000001ab26776d90 JavaThread "jar transforms Thread 3" [_thread_blocked, id=8108, stack(0x0000003d35b00000,0x0000003d35c00000)]
  0x000001ab26774510 JavaThread "jar transforms Thread 4" [_thread_blocked, id=12464, stack(0x0000003d35c00000,0x0000003d35d00000)]
  0x000001ab267777b0 JavaThread "Cache worker for checksums cache (C:\Users\edson.junior\AndroidStudioProjects\ProjetoMOB\.gradle\8.4\checksums)" [_thread_blocked, id=13088, stack(0x0000003d35d00000,0x0000003d35e00000)]
  0x000001ab26776370 JavaThread "Cache worker for file hash cache (C:\Users\edson.junior\AndroidStudioProjects\ProjetoMOB\.gradle\8.4\fileHashes)" [_thread_blocked, id=5364, stack(0x0000003d35500000,0x0000003d35600000)]
  0x000001ab26774a20 JavaThread "Cache worker for cache directory md-supplier (C:\Users\edson.junior\.gradle\caches\8.4\md-supplier)" [_thread_blocked, id=5752, stack(0x0000003d35e00000,0x0000003d35f00000)]
  0x000001ab26775950 JavaThread "Cache worker for file content cache (C:\Users\edson.junior\.gradle\caches\8.4\fileContent)" [_thread_blocked, id=7768, stack(0x0000003d35f00000,0x0000003d36000000)]
  0x000001ab267772a0 JavaThread "Cache worker for cache directory md-rule (C:\Users\edson.junior\.gradle\caches\8.4\md-rule)" [_thread_blocked, id=7708, stack(0x0000003d36000000,0x0000003d36100000)]
  0x000001ab26775440 JavaThread "Cache worker for execution history cache (C:\Users\edson.junior\.gradle\caches\8.4\executionHistory)" [_thread_blocked, id=13688, stack(0x0000003d36100000,0x0000003d36200000)]
  0x000001ab2677a030 JavaThread "Cache worker for kotlin-dsl (C:\Users\edson.junior\.gradle\caches\8.4\kotlin-dsl)" [_thread_blocked, id=12944, stack(0x0000003d36200000,0x0000003d36300000)]
  0x000001ab26777cc0 JavaThread "Cache worker for dependencies-accessors (C:\Users\edson.junior\AndroidStudioProjects\ProjetoMOB\.gradle\8.4\dependencies-accessors)" [_thread_blocked, id=12860, stack(0x0000003d36300000,0x0000003d36400000)]
  0x000001ab267786e0 JavaThread "Cache worker for Build Output Cleanup Cache (C:\Users\edson.junior\AndroidStudioProjects\ProjetoMOB\.gradle\buildOutputCleanup)" [_thread_blocked, id=7316, stack(0x0000003d36500000,0x0000003d36600000)]
  0x000001ab2534e9c0 JavaThread "C2 CompilerThread1" daemon [_thread_in_native, id=8544, stack(0x0000003d36400000,0x0000003d36500000)]

Other Threads:
  0x000001ab1fb5de10 VMThread "VM Thread" [stack: 0x0000003d33900000,0x0000003d33a00000] [id=10888]
  0x000001ab2425e510 WatcherThread [stack: 0x0000003d34500000,0x0000003d34600000] [id=3192]
  0x000001ab0467a710 GCTaskThread "GC Thread#0" [stack: 0x0000003d33400000,0x0000003d33500000] [id=12536]
  0x000001ab246115e0 GCTaskThread "GC Thread#1" [stack: 0x0000003d34700000,0x0000003d34800000] [id=9184]
  0x000001ab245163f0 GCTaskThread "GC Thread#2" [stack: 0x0000003d34800000,0x0000003d34900000] [id=11076]
  0x000001ab24583520 GCTaskThread "GC Thread#3" [stack: 0x0000003d34900000,0x0000003d34a00000] [id=2412]
  0x000001ab0468b570 ConcurrentGCThread "G1 Main Marker" [stack: 0x0000003d33500000,0x0000003d33600000] [id=724]
  0x000001ab0468c640 ConcurrentGCThread "G1 Conc#0" [stack: 0x0000003d33600000,0x0000003d33700000] [id=5264]
  0x000001ab1f9b40c0 ConcurrentGCThread "G1 Refine#0" [stack: 0x0000003d33700000,0x0000003d33800000] [id=14260]
  0x000001ab2888daf0 ConcurrentGCThread "G1 Refine#1" [stack: 0x0000003d36600000,0x0000003d36700000] [id=10060]
  0x000001ab2888c950 ConcurrentGCThread "G1 Refine#2" [stack: 0x0000003d36700000,0x0000003d36800000] [id=9740]
  0x000001ab2888c080 ConcurrentGCThread "G1 Refine#3" [stack: 0x0000003d36800000,0x0000003d36900000] [id=6316]
  0x000001ab1f9b4900 ConcurrentGCThread "G1 Service" [stack: 0x0000003d33800000,0x0000003d33900000] [id=7984]

Threads with active compile tasks:
C2 CompilerThread0    34734 7033   !   4       org.jetbrains.kotlin.metadata.ProtoBuf$Type::<init> (875 bytes)
C2 CompilerThread1    34734 7141       4       org.jetbrains.kotlin.metadata.ProtoBuf$Type::writeTo (354 bytes)

VM state: not at safepoint (normal execution)

VM Mutex/Monitor currently owned by a thread: None

Heap address: 0x0000000080000000, size: 2048 MB, Compressed Oops mode: 32-bit

CDS archive(s) not mapped
Compressed class space mapped at: 0x0000000100000000-0x0000000140000000, reserved size: 1073741824
Narrow klass base: 0x0000000000000000, Narrow klass shift: 3, Narrow klass range: 0x140000000

GC Precious Log:
 CPUs: 4 total, 4 available
 Memory: 8077M
 Large Page Support: Disabled
 NUMA Support: Disabled
 Compressed Oops: Enabled (32-bit)
 Heap Region Size: 1M
 Heap Min Capacity: 8M
 Heap Initial Capacity: 128M
 Heap Max Capacity: 2G
 Pre-touch: Disabled
 Parallel Workers: 4
 Concurrent Workers: 1
 Concurrent Refinement Workers: 4
 Periodic GC: Disabled

Heap:
 garbage-first heap   total 189440K, used 120109K [0x0000000080000000, 0x0000000100000000)
  region size 1024K, 35 young (35840K), 3 survivors (3072K)
 Metaspace       used 97307K, committed 97984K, reserved 1179648K
  class space    used 13142K, committed 13440K, reserved 1048576K

Heap Regions: E=young(eden), S=young(survivor), O=old, HS=humongous(starts), HC=humongous(continues), CS=collection set, F=free, OA=open archive, CA=closed archive, TAMS=top-at-mark-start (previous, next)
|   0|0x0000000080000000, 0x0000000080100000, 0x0000000080100000|100%| O|  |TAMS 0x0000000080100000, 0x0000000080100000| Untracked 
|   1|0x0000000080100000, 0x0000000080200000, 0x0000000080200000|100%| O|  |TAMS 0x0000000080200000, 0x0000000080200000| Untracked 
|   2|0x0000000080200000, 0x0000000080300000, 0x0000000080300000|100%|HS|  |TAMS 0x0000000080300000, 0x0000000080300000| Complete 
|   3|0x0000000080300000, 0x0000000080400000, 0x0000000080400000|100%|HC|  |TAMS 0x0000000080400000, 0x0000000080400000| Complete 
|   4|0x0000000080400000, 0x0000000080500000, 0x0000000080500000|100%|HC|  |TAMS 0x0000000080500000, 0x0000000080500000| Complete 
|   5|0x0000000080500000, 0x0000000080600000, 0x0000000080600000|100%|HC|  |TAMS 0x0000000080600000, 0x0000000080600000| Complete 
|   6|0x0000000080600000, 0x0000000080700000, 0x0000000080700000|100%| O|  |TAMS 0x0000000080700000, 0x0000000080700000| Untracked 
|   7|0x0000000080700000, 0x0000000080800000, 0x0000000080800000|100%| O|  |TAMS 0x0000000080800000, 0x0000000080800000| Untracked 
|   8|0x0000000080800000, 0x0000000080900000, 0x0000000080900000|100%| O|  |TAMS 0x0000000080900000, 0x0000000080900000| Untracked 
|   9|0x0000000080900000, 0x0000000080a00000, 0x0000000080a00000|100%| O|  |TAMS 0x0000000080a00000, 0x0000000080a00000| Untracked 
|  10|0x0000000080a00000, 0x0000000080af7200, 0x0000000080b00000| 96%| O|  |TAMS 0x0000000080af7200, 0x0000000080af7200| Untracked 
|  11|0x0000000080b00000, 0x0000000080c00000, 0x0000000080c00000|100%| O|  |TAMS 0x0000000080c00000, 0x0000000080c00000| Untracked 
|  12|0x0000000080c00000, 0x0000000080d00000, 0x0000000080d00000|100%| O|  |TAMS 0x0000000080d00000, 0x0000000080d00000| Untracked 
|  13|0x0000000080d00000, 0x0000000080e00000, 0x0000000080e00000|100%| O|  |TAMS 0x0000000080e00000, 0x0000000080e00000| Untracked 
|  14|0x0000000080e00000, 0x0000000080f00000, 0x0000000080f00000|100%| O|  |TAMS 0x0000000080f00000, 0x0000000080f00000| Untracked 
|  15|0x0000000080f00000, 0x0000000081000000, 0x0000000081000000|100%| O|  |TAMS 0x0000000081000000, 0x0000000081000000| Untracked 
|  16|0x0000000081000000, 0x0000000081100000, 0x0000000081100000|100%| O|  |TAMS 0x0000000081100000, 0x0000000081100000| Untracked 
|  17|0x0000000081100000, 0x0000000081200000, 0x0000000081200000|100%| O|  |TAMS 0x0000000081200000, 0x0000000081200000| Untracked 
|  18|0x0000000081200000, 0x0000000081300000, 0x0000000081300000|100%| O|  |TAMS 0x0000000081300000, 0x0000000081300000| Untracked 
|  19|0x0000000081300000, 0x0000000081400000, 0x0000000081400000|100%|HS|  |TAMS 0x0000000081400000, 0x0000000081400000| Complete 
|  20|0x0000000081400000, 0x0000000081500000, 0x0000000081500000|100%|HC|  |TAMS 0x0000000081500000, 0x0000000081500000| Complete 
|  21|0x0000000081500000, 0x0000000081600000, 0x0000000081600000|100%|HS|  |TAMS 0x0000000081600000, 0x0000000081600000| Complete 
|  22|0x0000000081600000, 0x0000000081700000, 0x0000000081700000|100%|HC|  |TAMS 0x0000000081700000, 0x0000000081700000| Complete 
|  23|0x0000000081700000, 0x0000000081800000, 0x0000000081800000|100%|HC|  |TAMS 0x0000000081800000, 0x0000000081800000| Complete 
|  24|0x0000000081800000, 0x0000000081900000, 0x0000000081900000|100%|HS|  |TAMS 0x0000000081900000, 0x0000000081900000| Complete 
|  25|0x0000000081900000, 0x0000000081a00000, 0x0000000081a00000|100%|HC|  |TAMS 0x0000000081a00000, 0x0000000081a00000| Complete 
|  26|0x0000000081a00000, 0x0000000081b00000, 0x0000000081b00000|100%|HC|  |TAMS 0x0000000081b00000, 0x0000000081b00000| Complete 
|  27|0x0000000081b00000, 0x0000000081c00000, 0x0000000081c00000|100%|HS|  |TAMS 0x0000000081c00000, 0x0000000081c00000| Complete 
|  28|0x0000000081c00000, 0x0000000081d00000, 0x0000000081d00000|100%|HC|  |TAMS 0x0000000081d00000, 0x0000000081d00000| Complete 
|  29|0x0000000081d00000, 0x0000000081e00000, 0x0000000081e00000|100%|HC|  |TAMS 0x0000000081e00000, 0x0000000081e00000| Complete 
|  30|0x0000000081e00000, 0x0000000081f00000, 0x0000000081f00000|100%| O|  |TAMS 0x0000000081f00000, 0x0000000081f00000| Untracked 
|  31|0x0000000081f00000, 0x0000000082000000, 0x0000000082000000|100%| O|  |TAMS 0x0000000082000000, 0x0000000082000000| Untracked 
|  32|0x0000000082000000, 0x0000000082100000, 0x0000000082100000|100%| O|  |TAMS 0x0000000082100000, 0x0000000082100000| Untracked 
|  33|0x0000000082100000, 0x0000000082200000, 0x0000000082200000|100%|HS|  |TAMS 0x0000000082100000, 0x0000000082100000| Complete 
|  34|0x0000000082200000, 0x0000000082300000, 0x0000000082300000|100%| O|  |TAMS 0x0000000082300000, 0x0000000082300000| Untracked 
|  35|0x0000000082300000, 0x0000000082400000, 0x0000000082400000|100%| O|  |TAMS 0x0000000082400000, 0x0000000082400000| Untracked 
|  36|0x0000000082400000, 0x0000000082500000, 0x0000000082500000|100%| O|  |TAMS 0x0000000082500000, 0x0000000082500000| Untracked 
|  37|0x0000000082500000, 0x0000000082600000, 0x0000000082600000|100%| O|  |TAMS 0x0000000082600000, 0x0000000082600000| Untracked 
|  38|0x0000000082600000, 0x0000000082700000, 0x0000000082700000|100%| O|  |TAMS 0x0000000082700000, 0x0000000082700000| Untracked 
|  39|0x0000000082700000, 0x0000000082800000, 0x0000000082800000|100%| O|  |TAMS 0x0000000082800000, 0x0000000082800000| Untracked 
|  40|0x0000000082800000, 0x0000000082900000, 0x0000000082900000|100%| O|  |TAMS 0x0000000082900000, 0x0000000082900000| Untracked 
|  41|0x0000000082900000, 0x0000000082a00000, 0x0000000082a00000|100%| O|  |TAMS 0x0000000082a00000, 0x0000000082a00000| Untracked 
|  42|0x0000000082a00000, 0x0000000082b00000, 0x0000000082b00000|100%| O|  |TAMS 0x0000000082b00000, 0x0000000082b00000| Untracked 
|  43|0x0000000082b00000, 0x0000000082c00000, 0x0000000082c00000|100%| O|  |TAMS 0x0000000082c00000, 0x0000000082c00000| Untracked 
|  44|0x0000000082c00000, 0x0000000082d00000, 0x0000000082d00000|100%| O|  |TAMS 0x0000000082d00000, 0x0000000082d00000| Untracked 
|  45|0x0000000082d00000, 0x0000000082e00000, 0x0000000082e00000|100%|HS|  |TAMS 0x0000000082e00000, 0x0000000082e00000| Complete 
|  46|0x0000000082e00000, 0x0000000082f00000, 0x0000000082f00000|100%|HC|  |TAMS 0x0000000082f00000, 0x0000000082f00000| Complete 
|  47|0x0000000082f00000, 0x0000000083000000, 0x0000000083000000|100%|HC|  |TAMS 0x0000000083000000, 0x0000000083000000| Complete 
|  48|0x0000000083000000, 0x0000000083100000, 0x0000000083100000|100%| O|  |TAMS 0x0000000083100000, 0x0000000083100000| Untracked 
|  49|0x0000000083100000, 0x0000000083200000, 0x0000000083200000|100%| O|  |TAMS 0x0000000083200000, 0x0000000083200000| Untracked 
|  50|0x0000000083200000, 0x0000000083300000, 0x0000000083300000|100%| O|  |TAMS 0x0000000083300000, 0x0000000083300000| Untracked 
|  51|0x0000000083300000, 0x0000000083400000, 0x0000000083400000|100%| O|  |TAMS 0x0000000083400000, 0x0000000083400000| Untracked 
|  52|0x0000000083400000, 0x0000000083500000, 0x0000000083500000|100%| O|  |TAMS 0x0000000083500000, 0x0000000083500000| Untracked 
|  53|0x0000000083500000, 0x0000000083600000, 0x0000000083600000|100%| O|  |TAMS 0x0000000083600000, 0x0000000083600000| Untracked 
|  54|0x0000000083600000, 0x0000000083700000, 0x0000000083700000|100%| O|  |TAMS 0x0000000083700000, 0x0000000083700000| Untracked 
|  55|0x0000000083700000, 0x0000000083800000, 0x0000000083800000|100%| O|  |TAMS 0x0000000083800000, 0x0000000083800000| Untracked 
|  56|0x0000000083800000, 0x0000000083900000, 0x0000000083900000|100%| O|  |TAMS 0x0000000083900000, 0x0000000083900000| Untracked 
|  57|0x0000000083900000, 0x0000000083a00000, 0x0000000083a00000|100%|HS|  |TAMS 0x0000000083a00000, 0x0000000083a00000| Complete 
|  58|0x0000000083a00000, 0x0000000083b00000, 0x0000000083b00000|100%|HC|  |TAMS 0x0000000083b00000, 0x0000000083b00000| Complete 
|  59|0x0000000083b00000, 0x0000000083c00000, 0x0000000083c00000|100%|HC|  |TAMS 0x0000000083c00000, 0x0000000083c00000| Complete 
|  60|0x0000000083c00000, 0x0000000083d00000, 0x0000000083d00000|100%|HC|  |TAMS 0x0000000083d00000, 0x0000000083d00000| Complete 
|  61|0x0000000083d00000, 0x0000000083e00000, 0x0000000083e00000|100%|HC|  |TAMS 0x0000000083e00000, 0x0000000083e00000| Complete 
|  62|0x0000000083e00000, 0x0000000083f00000, 0x0000000083f00000|100%|HC|  |TAMS 0x0000000083f00000, 0x0000000083f00000| Complete 
|  63|0x0000000083f00000, 0x0000000084000000, 0x0000000084000000|100%|HS|  |TAMS 0x0000000084000000, 0x0000000084000000| Complete 
|  64|0x0000000084000000, 0x0000000084100000, 0x0000000084100000|100%| O|  |TAMS 0x0000000084100000, 0x0000000084100000| Untracked 
|  65|0x0000000084100000, 0x0000000084200000, 0x0000000084200000|100%| O|  |TAMS 0x0000000084200000, 0x0000000084200000| Untracked 
|  66|0x0000000084200000, 0x0000000084300000, 0x0000000084300000|100%| O|  |TAMS 0x0000000084300000, 0x0000000084300000| Untracked 
|  67|0x0000000084300000, 0x0000000084400000, 0x0000000084400000|100%| O|  |TAMS 0x0000000084400000, 0x0000000084400000| Untracked 
|  68|0x0000000084400000, 0x0000000084500000, 0x0000000084500000|100%| O|  |TAMS 0x0000000084500000, 0x0000000084500000| Untracked 
|  69|0x0000000084500000, 0x0000000084600000, 0x0000000084600000|100%| O|  |TAMS 0x0000000084600000, 0x0000000084600000| Untracked 
|  70|0x0000000084600000, 0x0000000084700000, 0x0000000084700000|100%| O|  |TAMS 0x0000000084700000, 0x0000000084700000| Untracked 
|  71|0x0000000084700000, 0x0000000084800000, 0x0000000084800000|100%| O|  |TAMS 0x0000000084800000, 0x0000000084800000| Untracked 
|  72|0x0000000084800000, 0x0000000084900000, 0x0000000084900000|100%| O|  |TAMS 0x0000000084900000, 0x0000000084900000| Untracked 
|  73|0x0000000084900000, 0x0000000084a00000, 0x0000000084a00000|100%| O|  |TAMS 0x0000000084a00000, 0x0000000084a00000| Untracked 
|  74|0x0000000084a00000, 0x0000000084b00000, 0x0000000084b00000|100%| O|  |TAMS 0x0000000084b00000, 0x0000000084b00000| Untracked 
|  75|0x0000000084b00000, 0x0000000084c00000, 0x0000000084c00000|100%| O|  |TAMS 0x0000000084c00000, 0x0000000084c00000| Untracked 
|  76|0x0000000084c00000, 0x0000000084d00000, 0x0000000084d00000|100%| O|  |TAMS 0x0000000084c6e600, 0x0000000084d00000| Untracked 
|  77|0x0000000084d00000, 0x0000000084e00000, 0x0000000084e00000|100%| O|  |TAMS 0x0000000084d00000, 0x0000000084e00000| Untracked 
|  78|0x0000000084e00000, 0x0000000084f00000, 0x0000000084f00000|100%| O|  |TAMS 0x0000000084e00000, 0x0000000084f00000| Untracked 
|  79|0x0000000084f00000, 0x0000000085000000, 0x0000000085000000|100%| O|  |TAMS 0x0000000084f00000, 0x0000000085000000| Untracked 
|  80|0x0000000085000000, 0x0000000085100000, 0x0000000085100000|100%| O|  |TAMS 0x0000000085000000, 0x0000000085100000| Untracked 
|  81|0x0000000085100000, 0x0000000085200000, 0x0000000085200000|100%| O|  |TAMS 0x0000000085100000, 0x0000000085200000| Untracked 
|  82|0x0000000085200000, 0x0000000085300000, 0x0000000085300000|100%| O|  |TAMS 0x0000000085200000, 0x0000000085300000| Untracked 
|  83|0x0000000085300000, 0x00000000853c4400, 0x0000000085400000| 76%| O|  |TAMS 0x0000000085300000, 0x00000000853c4400| Untracked 
|  84|0x0000000085400000, 0x0000000085400000, 0x0000000085500000|  0%| F|  |TAMS 0x0000000085400000, 0x0000000085400000| Untracked 
|  85|0x0000000085500000, 0x0000000085500000, 0x0000000085600000|  0%| F|  |TAMS 0x0000000085500000, 0x0000000085500000| Untracked 
|  86|0x0000000085600000, 0x0000000085600000, 0x0000000085700000|  0%| F|  |TAMS 0x0000000085600000, 0x0000000085600000| Untracked 
|  87|0x0000000085700000, 0x0000000085700000, 0x0000000085800000|  0%| F|  |TAMS 0x0000000085700000, 0x0000000085700000| Untracked 
|  88|0x0000000085800000, 0x0000000085800000, 0x0000000085900000|  0%| F|  |TAMS 0x0000000085800000, 0x0000000085800000| Untracked 
|  89|0x0000000085900000, 0x0000000085900000, 0x0000000085a00000|  0%| F|  |TAMS 0x0000000085900000, 0x0000000085900000| Untracked 
|  90|0x0000000085a00000, 0x0000000085a00000, 0x0000000085b00000|  0%| F|  |TAMS 0x0000000085a00000, 0x0000000085a00000| Untracked 
|  91|0x0000000085b00000, 0x0000000085b00000, 0x0000000085c00000|  0%| F|  |TAMS 0x0000000085b00000, 0x0000000085b00000| Untracked 
|  92|0x0000000085c00000, 0x0000000085c00000, 0x0000000085d00000|  0%| F|  |TAMS 0x0000000085c00000, 0x0000000085c00000| Untracked 
|  93|0x0000000085d00000, 0x0000000085d00000, 0x0000000085e00000|  0%| F|  |TAMS 0x0000000085d00000, 0x0000000085d00000| Untracked 
|  94|0x0000000085e00000, 0x0000000085e00000, 0x0000000085f00000|  0%| F|  |TAMS 0x0000000085e00000, 0x0000000085e00000| Untracked 
|  95|0x0000000085f00000, 0x0000000085f00000, 0x0000000086000000|  0%| F|  |TAMS 0x0000000085f00000, 0x0000000085f00000| Untracked 
|  96|0x0000000086000000, 0x0000000086000000, 0x0000000086100000|  0%| F|  |TAMS 0x0000000086000000, 0x0000000086000000| Untracked 
|  97|0x0000000086100000, 0x0000000086100000, 0x0000000086200000|  0%| F|  |TAMS 0x0000000086100000, 0x0000000086100000| Untracked 
|  98|0x0000000086200000, 0x0000000086200000, 0x0000000086300000|  0%| F|  |TAMS 0x0000000086200000, 0x0000000086200000| Untracked 
|  99|0x0000000086300000, 0x0000000086300000, 0x0000000086400000|  0%| F|  |TAMS 0x0000000086300000, 0x0000000086300000| Untracked 
| 100|0x0000000086400000, 0x0000000086400000, 0x0000000086500000|  0%| F|  |TAMS 0x0000000086400000, 0x0000000086400000| Untracked 
| 101|0x0000000086500000, 0x0000000086500000, 0x0000000086600000|  0%| F|  |TAMS 0x0000000086500000, 0x0000000086500000| Untracked 
| 102|0x0000000086600000, 0x0000000086600000, 0x0000000086700000|  0%| F|  |TAMS 0x0000000086600000, 0x0000000086600000| Untracked 
| 103|0x0000000086700000, 0x0000000086700000, 0x0000000086800000|  0%| F|  |TAMS 0x0000000086700000, 0x0000000086700000| Untracked 
| 104|0x0000000086800000, 0x0000000086800000, 0x0000000086900000|  0%| F|  |TAMS 0x0000000086800000, 0x0000000086800000| Untracked 
| 105|0x0000000086900000, 0x0000000086900000, 0x0000000086a00000|  0%| F|  |TAMS 0x0000000086900000, 0x0000000086900000| Untracked 
| 106|0x0000000086a00000, 0x0000000086a00000, 0x0000000086b00000|  0%| F|  |TAMS 0x0000000086a00000, 0x0000000086a00000| Untracked 
| 107|0x0000000086b00000, 0x0000000086b00000, 0x0000000086c00000|  0%| F|  |TAMS 0x0000000086b00000, 0x0000000086b00000| Untracked 
| 108|0x0000000086c00000, 0x0000000086c00000, 0x0000000086d00000|  0%| F|  |TAMS 0x0000000086c00000, 0x0000000086c00000| Untracked 
| 109|0x0000000086d00000, 0x0000000086d00000, 0x0000000086e00000|  0%| F|  |TAMS 0x0000000086d00000, 0x0000000086d00000| Untracked 
| 110|0x0000000086e00000, 0x0000000086e00000, 0x0000000086f00000|  0%| F|  |TAMS 0x0000000086e00000, 0x0000000086e00000| Untracked 
| 111|0x0000000086f00000, 0x0000000086f00000, 0x0000000087000000|  0%| F|  |TAMS 0x0000000086f00000, 0x0000000086f00000| Untracked 
| 112|0x0000000087000000, 0x0000000087000000, 0x0000000087100000|  0%| F|  |TAMS 0x0000000087000000, 0x0000000087000000| Untracked 
| 113|0x0000000087100000, 0x0000000087100000, 0x0000000087200000|  0%| F|  |TAMS 0x0000000087100000, 0x0000000087100000| Untracked 
| 114|0x0000000087200000, 0x0000000087200000, 0x0000000087300000|  0%| F|  |TAMS 0x0000000087200000, 0x0000000087200000| Untracked 
| 115|0x0000000087300000, 0x0000000087300000, 0x0000000087400000|  0%| F|  |TAMS 0x0000000087300000, 0x0000000087300000| Untracked 
| 116|0x0000000087400000, 0x0000000087400000, 0x0000000087500000|  0%| F|  |TAMS 0x0000000087400000, 0x0000000087400000| Untracked 
| 117|0x0000000087500000, 0x0000000087500000, 0x0000000087600000|  0%| F|  |TAMS 0x0000000087500000, 0x0000000087500000| Untracked 
| 118|0x0000000087600000, 0x0000000087600000, 0x0000000087700000|  0%| F|  |TAMS 0x0000000087600000, 0x0000000087600000| Untracked 
| 119|0x0000000087700000, 0x0000000087700000, 0x0000000087800000|  0%| F|  |TAMS 0x0000000087700000, 0x0000000087700000| Untracked 
| 120|0x0000000087800000, 0x0000000087800000, 0x0000000087900000|  0%| F|  |TAMS 0x0000000087800000, 0x0000000087800000| Untracked 
| 121|0x0000000087900000, 0x0000000087900000, 0x0000000087a00000|  0%| F|  |TAMS 0x0000000087900000, 0x0000000087900000| Untracked 
| 122|0x0000000087a00000, 0x0000000087a00000, 0x0000000087b00000|  0%| F|  |TAMS 0x0000000087a00000, 0x0000000087a00000| Untracked 
| 123|0x0000000087b00000, 0x0000000087b00000, 0x0000000087c00000|  0%| F|  |TAMS 0x0000000087b00000, 0x0000000087b00000| Untracked 
| 124|0x0000000087c00000, 0x0000000087c00000, 0x0000000087d00000|  0%| F|  |TAMS 0x0000000087c00000, 0x0000000087c00000| Untracked 
| 125|0x0000000087d00000, 0x0000000087d00000, 0x0000000087e00000|  0%| F|  |TAMS 0x0000000087d00000, 0x0000000087d00000| Untracked 
| 126|0x0000000087e00000, 0x0000000087e00000, 0x0000000087f00000|  0%| F|  |TAMS 0x0000000087e00000, 0x0000000087e00000| Untracked 
| 127|0x0000000087f00000, 0x0000000087f00000, 0x0000000088000000|  0%| F|  |TAMS 0x0000000087f00000, 0x0000000087f00000| Untracked 
| 128|0x0000000088000000, 0x0000000088000000, 0x0000000088100000|  0%| F|  |TAMS 0x0000000088000000, 0x0000000088000000| Untracked 
| 129|0x0000000088100000, 0x0000000088100000, 0x0000000088200000|  0%| F|  |TAMS 0x0000000088100000, 0x0000000088100000| Untracked 
| 130|0x0000000088200000, 0x0000000088200000, 0x0000000088300000|  0%| F|  |TAMS 0x0000000088200000, 0x0000000088200000| Untracked 
| 131|0x0000000088300000, 0x0000000088300000, 0x0000000088400000|  0%| F|  |TAMS 0x0000000088300000, 0x0000000088300000| Untracked 
| 132|0x0000000088400000, 0x0000000088400000, 0x0000000088500000|  0%| F|  |TAMS 0x0000000088400000, 0x0000000088400000| Untracked 
| 133|0x0000000088500000, 0x0000000088500000, 0x0000000088600000|  0%| F|  |TAMS 0x0000000088500000, 0x0000000088500000| Untracked 
| 134|0x0000000088600000, 0x0000000088600000, 0x0000000088700000|  0%| F|  |TAMS 0x0000000088600000, 0x0000000088600000| Untracked 
| 135|0x0000000088700000, 0x0000000088700000, 0x0000000088800000|  0%| F|  |TAMS 0x0000000088700000, 0x0000000088700000| Untracked 
| 136|0x0000000088800000, 0x000000008888fea0, 0x0000000088900000| 56%| S|CS|TAMS 0x0000000088800000, 0x0000000088800000| Complete 
| 137|0x0000000088900000, 0x0000000088a00000, 0x0000000088a00000|100%| S|CS|TAMS 0x0000000088900000, 0x0000000088900000| Complete 
| 138|0x0000000088a00000, 0x0000000088b00000, 0x0000000088b00000|100%| S|CS|TAMS 0x0000000088a00000, 0x0000000088a00000| Complete 
| 139|0x0000000088b00000, 0x0000000088b00000, 0x0000000088c00000|  0%| F|  |TAMS 0x0000000088b00000, 0x0000000088b00000| Untracked 
| 140|0x0000000088c00000, 0x0000000088c00000, 0x0000000088d00000|  0%| F|  |TAMS 0x0000000088c00000, 0x0000000088c00000| Untracked 
| 141|0x0000000088d00000, 0x0000000088d00000, 0x0000000088e00000|  0%| F|  |TAMS 0x0000000088d00000, 0x0000000088d00000| Untracked 
| 142|0x0000000088e00000, 0x0000000088e00000, 0x0000000088f00000|  0%| F|  |TAMS 0x0000000088e00000, 0x0000000088e00000| Untracked 
| 143|0x0000000088f00000, 0x0000000088f00000, 0x0000000089000000|  0%| F|  |TAMS 0x0000000088f00000, 0x0000000088f00000| Untracked 
| 144|0x0000000089000000, 0x0000000089000000, 0x0000000089100000|  0%| F|  |TAMS 0x0000000089000000, 0x0000000089000000| Untracked 
| 145|0x0000000089100000, 0x0000000089100000, 0x0000000089200000|  0%| F|  |TAMS 0x0000000089100000, 0x0000000089100000| Untracked 
| 146|0x0000000089200000, 0x0000000089200000, 0x0000000089300000|  0%| F|  |TAMS 0x0000000089200000, 0x0000000089200000| Untracked 
| 147|0x0000000089300000, 0x0000000089300000, 0x0000000089400000|  0%| F|  |TAMS 0x0000000089300000, 0x0000000089300000| Untracked 
| 148|0x0000000089400000, 0x0000000089400000, 0x0000000089500000|  0%| F|  |TAMS 0x0000000089400000, 0x0000000089400000| Untracked 
| 149|0x0000000089500000, 0x0000000089500000, 0x0000000089600000|  0%| F|  |TAMS 0x0000000089500000, 0x0000000089500000| Untracked 
| 150|0x0000000089600000, 0x0000000089600000, 0x0000000089700000|  0%| F|  |TAMS 0x0000000089600000, 0x0000000089600000| Untracked 
| 151|0x0000000089700000, 0x0000000089700000, 0x0000000089800000|  0%| F|  |TAMS 0x0000000089700000, 0x0000000089700000| Untracked 
| 152|0x0000000089800000, 0x0000000089800000, 0x0000000089900000|  0%| F|  |TAMS 0x0000000089800000, 0x0000000089800000| Untracked 
| 153|0x0000000089900000, 0x0000000089a00000, 0x0000000089a00000|100%| E|  |TAMS 0x0000000089900000, 0x0000000089900000| Complete 
| 154|0x0000000089a00000, 0x0000000089b00000, 0x0000000089b00000|100%| E|CS|TAMS 0x0000000089a00000, 0x0000000089a00000| Complete 
| 155|0x0000000089b00000, 0x0000000089c00000, 0x0000000089c00000|100%| E|CS|TAMS 0x0000000089b00000, 0x0000000089b00000| Complete 
| 156|0x0000000089c00000, 0x0000000089d00000, 0x0000000089d00000|100%| E|CS|TAMS 0x0000000089c00000, 0x0000000089c00000| Complete 
| 157|0x0000000089d00000, 0x0000000089e00000, 0x0000000089e00000|100%| E|CS|TAMS 0x0000000089d00000, 0x0000000089d00000| Complete 
| 158|0x0000000089e00000, 0x0000000089f00000, 0x0000000089f00000|100%| E|CS|TAMS 0x0000000089e00000, 0x0000000089e00000| Complete 
| 159|0x0000000089f00000, 0x000000008a000000, 0x000000008a000000|100%| E|CS|TAMS 0x0000000089f00000, 0x0000000089f00000| Complete 
| 160|0x000000008a000000, 0x000000008a100000, 0x000000008a100000|100%| E|CS|TAMS 0x000000008a000000, 0x000000008a000000| Complete 
| 161|0x000000008a100000, 0x000000008a200000, 0x000000008a200000|100%| E|CS|TAMS 0x000000008a100000, 0x000000008a100000| Complete 
| 162|0x000000008a200000, 0x000000008a300000, 0x000000008a300000|100%| E|CS|TAMS 0x000000008a200000, 0x000000008a200000| Complete 
| 163|0x000000008a300000, 0x000000008a400000, 0x000000008a400000|100%| E|CS|TAMS 0x000000008a300000, 0x000000008a300000| Complete 
| 164|0x000000008a400000, 0x000000008a500000, 0x000000008a500000|100%| E|CS|TAMS 0x000000008a400000, 0x000000008a400000| Complete 
| 165|0x000000008a500000, 0x000000008a600000, 0x000000008a600000|100%| E|CS|TAMS 0x000000008a500000, 0x000000008a500000| Complete 
| 166|0x000000008a600000, 0x000000008a700000, 0x000000008a700000|100%| E|CS|TAMS 0x000000008a600000, 0x000000008a600000| Complete 
| 167|0x000000008a700000, 0x000000008a800000, 0x000000008a800000|100%| E|CS|TAMS 0x000000008a700000, 0x000000008a700000| Complete 
| 168|0x000000008a800000, 0x000000008a900000, 0x000000008a900000|100%| E|CS|TAMS 0x000000008a800000, 0x000000008a800000| Complete 
| 169|0x000000008a900000, 0x000000008aa00000, 0x000000008aa00000|100%| E|CS|TAMS 0x000000008a900000, 0x000000008a900000| Complete 
| 170|0x000000008aa00000, 0x000000008ab00000, 0x000000008ab00000|100%| E|CS|TAMS 0x000000008aa00000, 0x000000008aa00000| Complete 
| 171|0x000000008ab00000, 0x000000008ac00000, 0x000000008ac00000|100%| E|CS|TAMS 0x000000008ab00000, 0x000000008ab00000| Complete 
| 172|0x000000008ac00000, 0x000000008ad00000, 0x000000008ad00000|100%| E|CS|TAMS 0x000000008ac00000, 0x000000008ac00000| Complete 
| 173|0x000000008ad00000, 0x000000008ae00000, 0x000000008ae00000|100%| E|CS|TAMS 0x000000008ad00000, 0x000000008ad00000| Complete 
| 174|0x000000008ae00000, 0x000000008af00000, 0x000000008af00000|100%| E|CS|TAMS 0x000000008ae00000, 0x000000008ae00000| Complete 
| 175|0x000000008af00000, 0x000000008b000000, 0x000000008b000000|100%| E|CS|TAMS 0x000000008af00000, 0x000000008af00000| Complete 
| 176|0x000000008b000000, 0x000000008b100000, 0x000000008b100000|100%| E|CS|TAMS 0x000000008b000000, 0x000000008b000000| Complete 
| 177|0x000000008b100000, 0x000000008b200000, 0x000000008b200000|100%| E|CS|TAMS 0x000000008b100000, 0x000000008b100000| Complete 
| 178|0x000000008b200000, 0x000000008b300000, 0x000000008b300000|100%| E|CS|TAMS 0x000000008b200000, 0x000000008b200000| Complete 
| 179|0x000000008b300000, 0x000000008b400000, 0x000000008b400000|100%| E|CS|TAMS 0x000000008b300000, 0x000000008b300000| Complete 
| 180|0x000000008b400000, 0x000000008b500000, 0x000000008b500000|100%| E|CS|TAMS 0x000000008b400000, 0x000000008b400000| Complete 
| 181|0x000000008b500000, 0x000000008b600000, 0x000000008b600000|100%| E|CS|TAMS 0x000000008b500000, 0x000000008b500000| Complete 
| 182|0x000000008b600000, 0x000000008b700000, 0x000000008b700000|100%| E|CS|TAMS 0x000000008b600000, 0x000000008b600000| Complete 
| 183|0x000000008b700000, 0x000000008b800000, 0x000000008b800000|100%| E|CS|TAMS 0x000000008b700000, 0x000000008b700000| Complete 
| 184|0x000000008b800000, 0x000000008b900000, 0x000000008b900000|100%| E|CS|TAMS 0x000000008b800000, 0x000000008b800000| Complete 

Card table byte_map: [0x000001ab18d00000,0x000001ab19100000] _byte_map_base: 0x000001ab18900000

Marking Bits (Prev, Next): (CMBitMap*) 0x000001ab0467ac80, (CMBitMap*) 0x000001ab0467ac40
 Prev Bits: [0x000001ab1b500000, 0x000001ab1d500000)
 Next Bits: [0x000001ab19500000, 0x000001ab1b500000)

Polling page: 0x000001ab046e0000

Metaspace:

Usage:
  Non-class:     82.20 MB used.
      Class:     12.83 MB used.
       Both:     95.03 MB used.

Virtual space:
  Non-class space:      128.00 MB reserved,      82.56 MB ( 65%) committed,  2 nodes.
      Class space:        1.00 GB reserved,      13.12 MB (  1%) committed,  1 nodes.
             Both:        1.12 GB reserved,      95.69 MB (  8%) committed. 

Chunk freelists:
   Non-Class:  12.56 MB
       Class:  2.92 MB
        Both:  15.48 MB

MaxMetaspaceSize: unlimited
CompressedClassSpaceSize: 1.00 GB
Initial GC threshold: 21.00 MB
Current GC threshold: 144.50 MB
CDS: off
MetaspaceReclaimPolicy: balanced
 - commit_granule_bytes: 65536.
 - commit_granule_words: 8192.
 - virtual_space_node_default_size: 8388608.
 - enlarge_chunks_in_place: 1.
 - new_chunks_are_fully_committed: 0.
 - uncommit_free_chunks: 1.
 - use_allocation_guard: 0.
 - handle_deallocations: 1.


Internal statistics:

num_allocs_failed_limit: 3.
num_arena_births: 776.
num_arena_deaths: 0.
num_vsnodes_births: 3.
num_vsnodes_deaths: 0.
num_space_committed: 1529.
num_space_uncommitted: 0.
num_chunks_returned_to_freelist: 3.
num_chunks_taken_from_freelist: 4041.
num_chunk_merges: 3.
num_chunk_splits: 3008.
num_chunks_enlarged: 2370.
num_inconsistent_stats: 0.

CodeHeap 'non-profiled nmethods': size=120000Kb used=3696Kb max_used=3696Kb free=116303Kb
 bounds [0x000001ab10da0000, 0x000001ab11140000, 0x000001ab182d0000]
CodeHeap 'profiled nmethods': size=120000Kb used=13389Kb max_used=13389Kb free=106610Kb
 bounds [0x000001ab092d0000, 0x000001ab09ff0000, 0x000001ab10800000]
CodeHeap 'non-nmethods': size=5760Kb used=2401Kb max_used=2430Kb free=3358Kb
 bounds [0x000001ab10800000, 0x000001ab10a70000, 0x000001ab10da0000]
 total_blobs=7341 nmethods=6399 adapters=853
 compilation: enabled
              stopped_count=0, restarted_count=0
 full_count=0

Compilation events (20 events):
Event: 34.567 Thread 0x000001ab2402e8d0 7089       2       org.jetbrains.kotlin.metadata.ProtoBuf$TypeTable::hasFirstNullable (16 bytes)
Event: 34.567 Thread 0x000001ab2402e8d0 nmethod 7089 0x000001ab09fc2310 code [0x000001ab09fc24a0, 0x000001ab09fc25b8]
Event: 34.567 Thread 0x000001ab2402e8d0 7090       2       org.jetbrains.kotlin.metadata.deserialization.VersionRequirementTable$Companion::create (39 bytes)
Event: 34.568 Thread 0x000001ab2402e8d0 nmethod 7090 0x000001ab09fc2690 code [0x000001ab09fc2880, 0x000001ab09fc2c78]
Event: 34.568 Thread 0x000001ab2402e8d0 7091       1       org.jetbrains.kotlin.load.kotlin.JvmPackagePartSource::getClassName (5 bytes)
Event: 34.568 Thread 0x000001ab2402e8d0 nmethod 7091 0x000001ab1112f810 code [0x000001ab1112f9a0, 0x000001ab1112fa78]
Event: 34.574 Thread 0x000001ab2402e8d0 7093       2       java.util.ArrayList::trimToSize (51 bytes)
Event: 34.575 Thread 0x000001ab2402e8d0 nmethod 7093 0x000001ab09fc2e90 code [0x000001ab09fc3040, 0x000001ab09fc3208]
Event: 34.589 Thread 0x000001ab2402e8d0 7094       1       org.jetbrains.kotlin.descriptors.ModuleDescriptor$DefaultImpls::getContainingDeclaration (2 bytes)
Event: 34.589 Thread 0x000001ab2402e8d0 nmethod 7094 0x000001ab1112fb10 code [0x000001ab1112fca0, 0x000001ab1112fd58]
Event: 34.596 Thread 0x000001ab2402e8d0 7098       2       org.jetbrains.kotlin.storage.LockBasedStorageManager::createMemoizedFunction (27 bytes)
Event: 34.596 Thread 0x000001ab2402e8d0 nmethod 7098 0x000001ab09fc3310 code [0x000001ab09fc34c0, 0x000001ab09fc3678]
Event: 34.598 Thread 0x000001ab2402e8d0 7099       2       org.jetbrains.kotlin.load.kotlin.FileBasedKotlinClass::getClassHeader (14 bytes)
Event: 34.598 Thread 0x000001ab2402e8d0 nmethod 7099 0x000001ab09fc3790 code [0x000001ab09fc3920, 0x000001ab09fc3a68]
Event: 34.602 Thread 0x000001ab2402e8d0 7100       2       org.jetbrains.kotlin.metadata.jvm.JvmProtoBuf$StringTableTypes$Record$Operation::valueOf (42 bytes)
Event: 34.602 Thread 0x000001ab2402e8d0 nmethod 7100 0x000001ab09fc3b10 code [0x000001ab09fc3cc0, 0x000001ab09fc3e58]
Event: 34.614 Thread 0x000001ab2402e8d0 7101       2       org.jetbrains.kotlin.descriptors.impl.DeclarationDescriptorImpl::getName (13 bytes)
Event: 34.615 Thread 0x000001ab2402e8d0 nmethod 7101 0x000001ab09fc3f10 code [0x000001ab09fc40a0, 0x000001ab09fc41e8]
Event: 34.628 Thread 0x000001ab2402e8d0 7104       2       java.lang.Integer::formatUnsignedInt (40 bytes)
Event: 34.629 Thread 0x000001ab2402e8d0 nmethod 7104 0x000001ab09fc4290 code [0x000001ab09fc4420, 0x000001ab09fc45f8]

GC Heap History (20 events):
Event: 29.394 GC heap before
{Heap before GC invocations=33 (full 0):
 garbage-first heap   total 107520K, used 89307K [0x0000000080000000, 0x0000000100000000)
  region size 1024K, 32 young (32768K), 3 survivors (3072K)
 Metaspace       used 71975K, committed 72640K, reserved 1114112K
  class space    used 10190K, committed 10496K, reserved 1048576K
}
Event: 29.399 GC heap after
{Heap after GC invocations=34 (full 0):
 garbage-first heap   total 107520K, used 60002K [0x0000000080000000, 0x0000000100000000)
  region size 1024K, 3 young (3072K), 3 survivors (3072K)
 Metaspace       used 71975K, committed 72640K, reserved 1114112K
  class space    used 10190K, committed 10496K, reserved 1048576K
}
Event: 30.016 GC heap before
{Heap before GC invocations=35 (full 0):
 garbage-first heap   total 107520K, used 87650K [0x0000000080000000, 0x0000000100000000)
  region size 1024K, 31 young (31744K), 3 survivors (3072K)
 Metaspace       used 76096K, committed 76736K, reserved 1179648K
  class space    used 10752K, committed 11008K, reserved 1048576K
}
Event: 30.022 GC heap after
{Heap after GC invocations=36 (full 0):
 garbage-first heap   total 107520K, used 60670K [0x0000000080000000, 0x0000000100000000)
  region size 1024K, 3 young (3072K), 3 survivors (3072K)
 Metaspace       used 76096K, committed 76736K, reserved 1179648K
  class space    used 10752K, committed 11008K, reserved 1048576K
}
Event: 30.453 GC heap before
{Heap before GC invocations=37 (full 0):
 garbage-first heap   total 122880K, used 97534K [0x0000000080000000, 0x0000000100000000)
  region size 1024K, 32 young (32768K), 3 survivors (3072K)
 Metaspace       used 76415K, committed 77120K, reserved 1179648K
  class space    used 10760K, committed 11008K, reserved 1048576K
}
Event: 30.472 GC heap after
{Heap after GC invocations=38 (full 0):
 garbage-first heap   total 122880K, used 76224K [0x0000000080000000, 0x0000000100000000)
  region size 1024K, 4 young (4096K), 4 survivors (4096K)
 Metaspace       used 76415K, committed 77120K, reserved 1179648K
  class space    used 10760K, committed 11008K, reserved 1048576K
}
Event: 30.965 GC heap before
{Heap before GC invocations=38 (full 0):
 garbage-first heap   total 122880K, used 98752K [0x0000000080000000, 0x0000000100000000)
  region size 1024K, 27 young (27648K), 4 survivors (4096K)
 Metaspace       used 78297K, committed 78912K, reserved 1179648K
  class space    used 11009K, committed 11264K, reserved 1048576K
}
Event: 30.978 GC heap after
{Heap after GC invocations=39 (full 0):
 garbage-first heap   total 122880K, used 71358K [0x0000000080000000, 0x0000000100000000)
  region size 1024K, 3 young (3072K), 3 survivors (3072K)
 Metaspace       used 78297K, committed 78912K, reserved 1179648K
  class space    used 11009K, committed 11264K, reserved 1048576K
}
Event: 31.356 GC heap before
{Heap before GC invocations=40 (full 0):
 garbage-first heap   total 130048K, used 87742K [0x0000000080000000, 0x0000000100000000)
  region size 1024K, 20 young (20480K), 3 survivors (3072K)
 Metaspace       used 80555K, committed 81152K, reserved 1179648K
  class space    used 11263K, committed 11520K, reserved 1048576K
}
Event: 31.361 GC heap after
{Heap after GC invocations=41 (full 0):
 garbage-first heap   total 130048K, used 72277K [0x0000000080000000, 0x0000000100000000)
  region size 1024K, 4 young (4096K), 4 survivors (4096K)
 Metaspace       used 80555K, committed 81152K, reserved 1179648K
  class space    used 11263K, committed 11520K, reserved 1048576K
}
Event: 31.937 GC heap before
{Heap before GC invocations=42 (full 0):
 garbage-first heap   total 142336K, used 110165K [0x0000000080000000, 0x0000000100000000)
  region size 1024K, 34 young (34816K), 4 survivors (4096K)
 Metaspace       used 83607K, committed 84288K, reserved 1179648K
  class space    used 11582K, committed 11840K, reserved 1048576K
}
Event: 31.945 GC heap after
{Heap after GC invocations=43 (full 0):
 garbage-first heap   total 142336K, used 82033K [0x0000000080000000, 0x0000000100000000)
  region size 1024K, 4 young (4096K), 4 survivors (4096K)
 Metaspace       used 83607K, committed 84288K, reserved 1179648K
  class space    used 11582K, committed 11840K, reserved 1048576K
}
Event: 32.405 GC heap before
{Heap before GC invocations=43 (full 0):
 garbage-first heap   total 142336K, used 114801K [0x0000000080000000, 0x0000000100000000)
  region size 1024K, 36 young (36864K), 4 survivors (4096K)
 Metaspace       used 87513K, committed 88192K, reserved 1179648K
  class space    used 11932K, committed 12224K, reserved 1048576K
}
Event: 32.413 GC heap after
{Heap after GC invocations=44 (full 0):
 garbage-first heap   total 142336K, used 83843K [0x0000000080000000, 0x0000000100000000)
  region size 1024K, 5 young (5120K), 5 survivors (5120K)
 Metaspace       used 87513K, committed 88192K, reserved 1179648K
  class space    used 11932K, committed 12224K, reserved 1048576K
}
Event: 33.268 GC heap before
{Heap before GC invocations=45 (full 0):
 garbage-first heap   total 150528K, used 116611K [0x0000000080000000, 0x0000000100000000)
  region size 1024K, 37 young (37888K), 5 survivors (5120K)
 Metaspace       used 91291K, committed 91904K, reserved 1179648K
  class space    used 12399K, committed 12672K, reserved 1048576K
}
Event: 33.277 GC heap after
{Heap after GC invocations=46 (full 0):
 garbage-first heap   total 150528K, used 85482K [0x0000000080000000, 0x0000000100000000)
  region size 1024K, 4 young (4096K), 4 survivors (4096K)
 Metaspace       used 91291K, committed 91904K, reserved 1179648K
  class space    used 12399K, committed 12672K, reserved 1048576K
}
Event: 33.327 GC heap before
{Heap before GC invocations=46 (full 0):
 garbage-first heap   total 150528K, used 88554K [0x0000000080000000, 0x0000000100000000)
  region size 1024K, 7 young (7168K), 4 survivors (4096K)
 Metaspace       used 91746K, committed 92352K, reserved 1179648K
  class space    used 12461K, committed 12736K, reserved 1048576K
}
Event: 33.338 GC heap after
{Heap after GC invocations=47 (full 0):
 garbage-first heap   total 189440K, used 85399K [0x0000000080000000, 0x0000000100000000)
  region size 1024K, 1 young (1024K), 1 survivors (1024K)
 Metaspace       used 91746K, committed 92352K, reserved 1179648K
  class space    used 12461K, committed 12736K, reserved 1048576K
}
Event: 34.406 GC heap before
{Heap before GC invocations=47 (full 0):
 garbage-first heap   total 189440K, used 130455K [0x0000000080000000, 0x0000000100000000)
  region size 1024K, 46 young (47104K), 1 survivors (1024K)
 Metaspace       used 97155K, committed 97856K, reserved 1179648K
  class space    used 13141K, committed 13440K, reserved 1048576K
}
Event: 34.415 GC heap after
{Heap after GC invocations=48 (full 0):
 garbage-first heap   total 189440K, used 87341K [0x0000000080000000, 0x0000000100000000)
  region size 1024K, 3 young (3072K), 3 survivors (3072K)
 Metaspace       used 97155K, committed 97856K, reserved 1179648K
  class space    used 13141K, committed 13440K, reserved 1048576K
}

Dll operation events (3 events):
Event: 0.008 Loaded shared library E:\Program Files (x86)\Android\jbr\bin\java.dll
Event: 0.195 Loaded shared library E:\Program Files (x86)\Android\jbr\bin\zip.dll
Event: 0.694 Loaded shared library E:\Program Files (x86)\Android\jbr\bin\verify.dll

Deoptimization events (20 events):
Event: 33.093 Thread 0x000001ab2545cfc0 Uncommon trap: trap_request=0xffffff45 fr.pc=0x000001ab10f7d580 relative=0x0000000000000560
Event: 33.093 Thread 0x000001ab2545cfc0 Uncommon trap: reason=unstable_if action=reinterpret pc=0x000001ab10f7d580 method=org.jetbrains.org.objectweb.asm.ClassReader.readUtf(II[C)Ljava/lang/String; @ 41 c2
Event: 33.093 Thread 0x000001ab2545cfc0 DEOPT PACKING pc=0x000001ab10f7d580 sp=0x0000003d350f1f20
Event: 33.093 Thread 0x000001ab2545cfc0 DEOPT UNPACKING pc=0x000001ab108569a3 sp=0x0000003d350f1ec8 mode 2
Event: 34.331 Thread 0x000001ab2545cfc0 Uncommon trap: trap_request=0xffffffbe fr.pc=0x000001ab11119e98 relative=0x00000000000009d8
Event: 34.331 Thread 0x000001ab2545cfc0 Uncommon trap: reason=profile_predicate action=maybe_recompile pc=0x000001ab11119e98 method=gnu.trove.TObjectHash.insertionIndex(Ljava/lang/Object;)I @ 115 c2
Event: 34.331 Thread 0x000001ab2545cfc0 DEOPT PACKING pc=0x000001ab11119e98 sp=0x0000003d350ef300
Event: 34.331 Thread 0x000001ab2545cfc0 DEOPT UNPACKING pc=0x000001ab108569a3 sp=0x0000003d350ef2a0 mode 2
Event: 34.331 Thread 0x000001ab2545cfc0 Uncommon trap: trap_request=0xffffffbe fr.pc=0x000001ab11119e98 relative=0x00000000000009d8
Event: 34.331 Thread 0x000001ab2545cfc0 Uncommon trap: reason=profile_predicate action=maybe_recompile pc=0x000001ab11119e98 method=gnu.trove.TObjectHash.insertionIndex(Ljava/lang/Object;)I @ 115 c2
Event: 34.331 Thread 0x000001ab2545cfc0 DEOPT PACKING pc=0x000001ab11119e98 sp=0x0000003d350ef300
Event: 34.331 Thread 0x000001ab2545cfc0 DEOPT UNPACKING pc=0x000001ab108569a3 sp=0x0000003d350ef2a0 mode 2
Event: 34.332 Thread 0x000001ab2545cfc0 Uncommon trap: trap_request=0xffffffbe fr.pc=0x000001ab11119e98 relative=0x00000000000009d8
Event: 34.332 Thread 0x000001ab2545cfc0 Uncommon trap: reason=profile_predicate action=maybe_recompile pc=0x000001ab11119e98 method=gnu.trove.TObjectHash.insertionIndex(Ljava/lang/Object;)I @ 115 c2
Event: 34.332 Thread 0x000001ab2545cfc0 DEOPT PACKING pc=0x000001ab11119e98 sp=0x0000003d350ef300
Event: 34.332 Thread 0x000001ab2545cfc0 DEOPT UNPACKING pc=0x000001ab108569a3 sp=0x0000003d350ef2a0 mode 2
Event: 34.332 Thread 0x000001ab2545cfc0 Uncommon trap: trap_request=0xffffffbe fr.pc=0x000001ab11119e98 relative=0x00000000000009d8
Event: 34.332 Thread 0x000001ab2545cfc0 Uncommon trap: reason=profile_predicate action=maybe_recompile pc=0x000001ab11119e98 method=gnu.trove.TObjectHash.insertionIndex(Ljava/lang/Object;)I @ 115 c2
Event: 34.332 Thread 0x000001ab2545cfc0 DEOPT PACKING pc=0x000001ab11119e98 sp=0x0000003d350ef300
Event: 34.332 Thread 0x000001ab2545cfc0 DEOPT UNPACKING pc=0x000001ab108569a3 sp=0x0000003d350ef2a0 mode 2

Classes unloaded (0 events):
No events

Classes redefined (0 events):
No events

Internal exceptions (20 events):
Event: 28.872 Thread 0x000001ab2545cfc0 Exception <a 'sun/nio/fs/WindowsException'{0x000000008546de48}> (0x000000008546de48) 
thrown [s\src\hotspot\share\prims\jni.cpp, line 517]
Event: 28.872 Thread 0x000001ab2545cfc0 Exception <a 'sun/nio/fs/WindowsException'{0x000000008546fe78}> (0x000000008546fe78) 
thrown [s\src\hotspot\share\prims\jni.cpp, line 517]
Event: 28.995 Thread 0x000001ab2545cfc0 Exception <a 'java/lang/NoSuchMethodError'{0x00000000864cad18}: 'long java.lang.invoke.DirectMethodHandle$Holder.invokeStatic(java.lang.Object)'> (0x00000000864cad18) 
thrown [s\src\hotspot\share\interpreter\linkResolver.cpp, line 771]
Event: 28.996 Thread 0x000001ab2545cfc0 Exception <a 'java/lang/NoSuchMethodError'{0x00000000864cfba8}: 'long java.lang.invoke.DirectMethodHandle$Holder.invokeStaticInit(java.lang.Object)'> (0x00000000864cfba8) 
thrown [s\src\hotspot\share\interpreter\linkResolver.cpp, line 771]
Event: 29.067 Thread 0x000001ab2545cfc0 Exception <a 'java/lang/NoSuchMethodError'{0x0000000085e2d3c8}: 'long java.lang.invoke.Invokers$Holder.invoke_MT(java.lang.Object, java.lang.Object, java.lang.Object, java.lang.Object)'> (0x0000000085e2d3c8) 
thrown [s\src\hotspot\share\interpreter\linkResolver.cpp, line 771]
Event: 29.069 Thread 0x000001ab2545cfc0 Exception <a 'java/lang/NoSuchMethodError'{0x0000000085e36a18}: 'int java.lang.invoke.Invokers$Holder.invoke_MT(java.lang.Object, java.lang.Object, java.lang.Object, java.lang.Object)'> (0x0000000085e36a18) 
thrown [s\src\hotspot\share\interpreter\linkResolver.cpp, line 771]
Event: 29.071 Thread 0x000001ab2545cfc0 Exception <a 'java/lang/NoSuchMethodError'{0x0000000085e47578}: 'void java.lang.invoke.DelegatingMethodHandle$Holder.reinvoke_L(java.lang.Object, java.lang.Object, java.lang.Object, long, java.lang.Object)'> (0x0000000085e47578) 
thrown [s\src\hotspot\share\interpreter\linkResolver.cpp, line 771]
Event: 29.071 Thread 0x000001ab2545cfc0 Exception <a 'java/lang/NoSuchMethodError'{0x0000000085e50150}: 'java.lang.Object java.lang.invoke.DirectMethodHandle$Holder.invokeSpecial(java.lang.Object, java.lang.Object, java.lang.Object, java.lang.Object, long)'> (0x0000000085e50150) 
thrown [s\src\hotspot\share\interpreter\linkResolver.cpp, line 771]
Event: 29.072 Thread 0x000001ab2545cfc0 Exception <a 'java/lang/NoSuchMethodError'{0x0000000085e60e70}: 'int java.lang.invoke.DelegatingMethodHandle$Holder.reinvoke_L(java.lang.Object, java.lang.Object, java.lang.Object, long, java.lang.Object, java.lang.Object)'> (0x0000000085e60e70) 
thrown [s\src\hotspot\share\interpreter\linkResolver.cpp, line 771]
Event: 29.074 Thread 0x000001ab2545cfc0 Exception <a 'java/lang/NoSuchMethodError'{0x0000000085e711e8}: 'int java.lang.invoke.DelegatingMethodHandle$Holder.reinvoke_L(java.lang.Object, java.lang.Object, java.lang.Object, long, int, int)'> (0x0000000085e711e8) 
thrown [s\src\hotspot\share\interpreter\linkResolver.cpp, line 771]
Event: 29.075 Thread 0x000001ab2545cfc0 Exception <a 'java/lang/NoSuchMethodError'{0x0000000085e81570}: 'int java.lang.invoke.DelegatingMethodHandle$Holder.reinvoke_L(java.lang.Object, java.lang.Object, java.lang.Object, long, long, long)'> (0x0000000085e81570) 
thrown [s\src\hotspot\share\interpreter\linkResolver.cpp, line 771]
Event: 29.076 Thread 0x000001ab2545cfc0 Exception <a 'java/lang/NoSuchMethodError'{0x0000000085e91370}: 'int java.lang.invoke.DelegatingMethodHandle$Holder.reinvoke_L(java.lang.Object, java.lang.Object, java.lang.Object, long, int)'> (0x0000000085e91370) 
thrown [s\src\hotspot\share\interpreter\linkResolver.cpp, line 771]
Event: 29.943 Thread 0x000001ab2545cfc0 Exception <a 'java/lang/NoSuchMethodError'{0x00000000851cd9d0}: 'java.lang.Object java.lang.invoke.Invokers$Holder.invokeExact_MT(java.lang.Object, java.lang.Object, long, java.lang.Object)'> (0x00000000851cd9d0) 
thrown [s\src\hotspot\share\interpreter\linkResolver.cpp, line 771]
Event: 29.989 Thread 0x000001ab2545cfc0 Exception <a 'java/lang/NoSuchMethodError'{0x0000000084e4d060}: 'java.lang.Object java.lang.invoke.Invokers$Holder.invoke_MT(java.lang.Object, java.lang.Object, java.lang.Object)'> (0x0000000084e4d060) 
thrown [s\src\hotspot\share\interpreter\linkResolver.cpp, line 771]
Event: 30.450 Thread 0x000001ab2545cfc0 Implicit null exception at 0x000001ab1104b5b5 to 0x000001ab1104cde0
Event: 30.450 Thread 0x000001ab2545cfc0 Implicit null exception at 0x000001ab1104e716 to 0x000001ab1104f7a0
Event: 34.063 Thread 0x000001ab2545cfc0 Exception <a 'java/lang/NoSuchMethodError'{0x0000000089ad9bc0}: 'java.lang.Object java.lang.invoke.DirectMethodHandle$Holder.invokeStatic(java.lang.Object, java.lang.Object, java.lang.Object, java.lang.Object, int)'> (0x0000000089ad9bc0) 
thrown [s\src\hotspot\share\interpreter\linkResolver.cpp, line 771]
Event: 34.064 Thread 0x000001ab2545cfc0 Exception <a 'java/lang/NoSuchMethodError'{0x0000000089ae52e8}: 'java.lang.Object java.lang.invoke.DirectMethodHandle$Holder.newInvokeSpecial(java.lang.Object, java.lang.Object, java.lang.Object, java.lang.Object, int)'> (0x0000000089ae52e8) 
thrown [s\src\hotspot\share\interpreter\linkResolver.cpp, line 771]
Event: 34.065 Thread 0x000001ab2545cfc0 Exception <a 'java/lang/NoSuchMethodError'{0x0000000089aebdb0}: 'java.lang.Object java.lang.invoke.DirectMethodHandle$Holder.invokeSpecial(java.lang.Object, java.lang.Object, java.lang.Object, java.lang.Object, java.lang.Object, int)'> (0x0000000089aebdb0) 
thrown [s\src\hotspot\share\interpreter\linkResolver.cpp, line 771]
Event: 34.065 Thread 0x000001ab2545cfc0 Exception <a 'java/lang/NoSuchMethodError'{0x0000000089af2228}: 'java.lang.Object java.lang.invoke.Invokers$Holder.linkToTargetMethod(java.lang.Object, java.lang.Object, java.lang.Object, int, java.lang.Object)'> (0x0000000089af2228) 
thrown [s\src\hotspot\share\interpreter\linkResolver.cpp, line 771]

VM Operations (20 events):
Event: 32.545 Executing VM operation: G1PauseRemark
Event: 32.551 Executing VM operation: G1PauseRemark done
Event: 32.603 Executing VM operation: HandshakeAllThreads
Event: 32.603 Executing VM operation: HandshakeAllThreads done
Event: 32.606 Executing VM operation: G1PauseCleanup
Event: 32.607 Executing VM operation: G1PauseCleanup done
Event: 32.887 Executing VM operation: HandshakeAllThreads
Event: 32.887 Executing VM operation: HandshakeAllThreads done
Event: 33.195 Executing VM operation: HandshakeAllThreads
Event: 33.195 Executing VM operation: HandshakeAllThreads done
Event: 33.268 Executing VM operation: G1CollectForAllocation
Event: 33.277 Executing VM operation: G1CollectForAllocation done
Event: 33.327 Executing VM operation: G1CollectForAllocation
Event: 33.338 Executing VM operation: G1CollectForAllocation done
Event: 34.180 Executing VM operation: HandshakeAllThreads
Event: 34.180 Executing VM operation: HandshakeAllThreads done
Event: 34.389 Executing VM operation: ICBufferFull
Event: 34.389 Executing VM operation: ICBufferFull done
Event: 34.406 Executing VM operation: G1TryInitiateConcMark
Event: 34.415 Executing VM operation: G1TryInitiateConcMark done

Events (20 events):
Event: 32.485 Thread 0x000001ab2402f1e0 flushing nmethod 0x000001ab09917790
Event: 32.891 Thread 0x000001ab25234990 Thread added: 0x000001ab25234990
Event: 32.979 loading class java/text/StringCharacterIterator
Event: 32.979 loading class java/text/CharacterIterator
Event: 32.991 loading class java/text/CharacterIterator done
Event: 32.991 loading class java/text/StringCharacterIterator done
Event: 33.049 loading class java/io/NotSerializableException
Event: 33.049 loading class java/io/NotSerializableException done
Event: 33.194 loading class java/util/AbstractList$ListItr
Event: 33.194 loading class java/util/AbstractList$ListItr done
Event: 33.356 Thread 0x000001ab25234990 Thread exited: 0x000001ab25234990
Event: 33.358 loading class java/util/function/IntUnaryOperator
Event: 33.359 loading class java/util/function/IntUnaryOperator done
Event: 33.570 loading class java/util/AbstractList$RandomAccessSubList
Event: 33.570 loading class java/util/AbstractList$SubList
Event: 33.570 loading class java/util/AbstractList$SubList done
Event: 33.570 loading class java/util/AbstractList$RandomAccessSubList done
Event: 34.004 loading class java/util/AbstractList$SubList$1
Event: 34.004 loading class java/util/AbstractList$SubList$1 done
Event: 34.312 Thread 0x000001ab2534e9c0 Thread added: 0x000001ab2534e9c0


Dynamic libraries:
0x00007ff6625c0000 - 0x00007ff6625ca000 	E:\Program Files (x86)\Android\jbr\bin\java.exe
0x00007ff9648d0000 - 0x00007ff964ac8000 	C:\WINDOWS\SYSTEM32\ntdll.dll
0x00007ff963f40000 - 0x00007ff963ffd000 	C:\WINDOWS\System32\KERNEL32.DLL
0x00007ff962160000 - 0x00007ff962456000 	C:\WINDOWS\System32\KERNELBASE.dll
0x00007ff962460000 - 0x00007ff962560000 	C:\WINDOWS\System32\ucrtbase.dll
0x00007ff955750000 - 0x00007ff95576b000 	E:\Program Files (x86)\Android\jbr\bin\VCRUNTIME140.dll
0x00007ff95abd0000 - 0x00007ff95abe7000 	E:\Program Files (x86)\Android\jbr\bin\jli.dll
0x00007ff9635b0000 - 0x00007ff96374f000 	C:\WINDOWS\System32\USER32.dll
0x00007ff9620a0000 - 0x00007ff9620c2000 	C:\WINDOWS\System32\win32u.dll
0x00007ff9633b0000 - 0x00007ff9633db000 	C:\WINDOWS\System32\GDI32.dll
0x00007ff950e70000 - 0x00007ff95110a000 	C:\WINDOWS\WinSxS\amd64_microsoft.windows.common-controls_6595b64144ccf1df_6.0.19041.3636_none_60b6a03d71f818d5\COMCTL32.dll
0x00007ff962680000 - 0x00007ff962797000 	C:\WINDOWS\System32\gdi32full.dll
0x00007ff962590000 - 0x00007ff96262d000 	C:\WINDOWS\System32\msvcp_win.dll
0x00007ff963310000 - 0x00007ff9633ae000 	C:\WINDOWS\System32\msvcrt.dll
0x00007ff9633f0000 - 0x00007ff963422000 	C:\WINDOWS\System32\IMM32.DLL
0x00007ff95bdf0000 - 0x00007ff95bdfc000 	E:\Program Files (x86)\Android\jbr\bin\vcruntime140_1.dll
0x00007ff934c40000 - 0x00007ff934ccd000 	E:\Program Files (x86)\Android\jbr\bin\msvcp140.dll
0x00007ff931fa0000 - 0x00007ff932c23000 	E:\Program Files (x86)\Android\jbr\bin\server\jvm.dll
0x00007ff964000000 - 0x00007ff9640b0000 	C:\WINDOWS\System32\ADVAPI32.dll
0x00007ff964460000 - 0x00007ff964500000 	C:\WINDOWS\System32\sechost.dll
0x00007ff964560000 - 0x00007ff964683000 	C:\WINDOWS\System32\RPCRT4.dll
0x00007ff962560000 - 0x00007ff962587000 	C:\WINDOWS\System32\bcrypt.dll
0x00007ff961de0000 - 0x00007ff961e2b000 	C:\WINDOWS\SYSTEM32\POWRPROF.dll
0x00007ff951a40000 - 0x00007ff951a49000 	C:\WINDOWS\SYSTEM32\WSOCK32.dll
0x00007ff964720000 - 0x00007ff96478b000 	C:\WINDOWS\System32\WS2_32.dll
0x00007ff950b20000 - 0x00007ff950b47000 	C:\WINDOWS\SYSTEM32\WINMM.dll
0x00007ff959100000 - 0x00007ff95910a000 	C:\WINDOWS\SYSTEM32\VERSION.dll
0x00007ff961dc0000 - 0x00007ff961dd2000 	C:\WINDOWS\SYSTEM32\UMPDC.dll
0x00007ff95fc50000 - 0x00007ff95fc62000 	C:\WINDOWS\SYSTEM32\kernel.appcore.dll
0x00007ff95e6e0000 - 0x00007ff95e6ea000 	E:\Program Files (x86)\Android\jbr\bin\jimage.dll
0x00007ff94c840000 - 0x00007ff94ca24000 	C:\WINDOWS\SYSTEM32\DBGHELP.DLL
0x00007ff94c800000 - 0x00007ff94c834000 	C:\WINDOWS\SYSTEM32\dbgcore.DLL
0x00007ff9620d0000 - 0x00007ff962152000 	C:\WINDOWS\System32\bcryptPrimitives.dll
0x00007ff95ba80000 - 0x00007ff95ba8e000 	E:\Program Files (x86)\Android\jbr\bin\instrument.dll
0x00007ff95e6b0000 - 0x00007ff95e6d5000 	E:\Program Files (x86)\Android\jbr\bin\java.dll
0x00007ff95ccb0000 - 0x00007ff95ccc8000 	E:\Program Files (x86)\Android\jbr\bin\zip.dll
0x00007ff9637b0000 - 0x00007ff963f1b000 	C:\WINDOWS\System32\SHELL32.dll
0x00007ff95fe50000 - 0x00007ff9605ee000 	C:\WINDOWS\SYSTEM32\windows.storage.dll
0x00007ff962f00000 - 0x00007ff963253000 	C:\WINDOWS\System32\combase.dll
0x00007ff9618e0000 - 0x00007ff96190e000 	C:\WINDOWS\SYSTEM32\Wldp.dll
0x00007ff964390000 - 0x00007ff96445d000 	C:\WINDOWS\System32\OLEAUT32.dll
0x00007ff962e50000 - 0x00007ff962efd000 	C:\WINDOWS\System32\SHCORE.dll
0x00007ff963750000 - 0x00007ff9637a5000 	C:\WINDOWS\System32\shlwapi.dll
0x00007ff961eb0000 - 0x00007ff961ed3000 	C:\WINDOWS\SYSTEM32\profapi.dll
0x00007ff95bda0000 - 0x00007ff95bdb9000 	E:\Program Files (x86)\Android\jbr\bin\net.dll
0x00007ff95dc60000 - 0x00007ff95dd6a000 	C:\WINDOWS\SYSTEM32\WINHTTP.dll
0x00007ff961640000 - 0x00007ff9616aa000 	C:\WINDOWS\system32\mswsock.dll
0x00007ff95bb40000 - 0x00007ff95bb56000 	E:\Program Files (x86)\Android\jbr\bin\nio.dll
0x00007ff95ce70000 - 0x00007ff95ce80000 	E:\Program Files (x86)\Android\jbr\bin\verify.dll
0x00007ff95be00000 - 0x00007ff95be27000 	C:\Users\edson.junior\.gradle\native\c067742578af261105cb4f569cf0c3c89f3d7b1fecec35dd04571415982c5e48\windows-amd64\native-platform.dll
0x00007ff933130000 - 0x00007ff933274000 	C:\Users\edson.junior\.gradle\native\38dada09dfb8b06ba9b0570ebf7e218e3eb74d4ef43ca46872605cf95ebc2f47\windows-amd64\native-platform-file-events.dll
0x00007ff95bb00000 - 0x00007ff95bb09000 	E:\Program Files (x86)\Android\jbr\bin\management.dll
0x00007ff95bad0000 - 0x00007ff95badb000 	E:\Program Files (x86)\Android\jbr\bin\management_ext.dll
0x00007ff964880000 - 0x00007ff964888000 	C:\WINDOWS\System32\PSAPI.DLL
0x00007ff961840000 - 0x00007ff961858000 	C:\WINDOWS\SYSTEM32\CRYPTSP.dll
0x00007ff960f60000 - 0x00007ff960f94000 	C:\WINDOWS\system32\rsaenh.dll
0x00007ff961e70000 - 0x00007ff961e9e000 	C:\WINDOWS\SYSTEM32\USERENV.dll
0x00007ff961830000 - 0x00007ff96183c000 	C:\WINDOWS\SYSTEM32\CRYPTBASE.dll
0x00007ff961320000 - 0x00007ff96135b000 	C:\WINDOWS\SYSTEM32\IPHLPAPI.DLL
0x00007ff9633e0000 - 0x00007ff9633e8000 	C:\WINDOWS\System32\NSI.dll
0x00007ff95ee20000 - 0x00007ff95ee37000 	C:\WINDOWS\SYSTEM32\dhcpcsvc6.DLL
0x00007ff95ee00000 - 0x00007ff95ee1d000 	C:\WINDOWS\SYSTEM32\dhcpcsvc.DLL
0x00007ff961360000 - 0x00007ff96142b000 	C:\WINDOWS\SYSTEM32\DNSAPI.dll
0x00007ff95bb10000 - 0x00007ff95bb19000 	E:\Program Files (x86)\Android\jbr\bin\extnet.dll
0x00007ff95bfc0000 - 0x00007ff95bfc7000 	C:\WINDOWS\system32\wshunix.dll

dbghelp: loaded successfully - version: 4.0.5 - missing functions: none
symbol engine: initialized successfully - sym options: 0x614 - pdb path: .;E:\Program Files (x86)\Android\jbr\bin;C:\WINDOWS\SYSTEM32;C:\WINDOWS\WinSxS\amd64_microsoft.windows.common-controls_6595b64144ccf1df_6.0.19041.3636_none_60b6a03d71f818d5;E:\Program Files (x86)\Android\jbr\bin\server;C:\Users\edson.junior\.gradle\native\c067742578af261105cb4f569cf0c3c89f3d7b1fecec35dd04571415982c5e48\windows-amd64;C:\Users\edson.junior\.gradle\native\38dada09dfb8b06ba9b0570ebf7e218e3eb74d4ef43ca46872605cf95ebc2f47\windows-amd64

VM Arguments:
jvm_args: --add-opens=java.base/java.util=ALL-UNNAMED --add-opens=java.base/java.lang=ALL-UNNAMED --add-opens=java.base/java.lang.invoke=ALL-UNNAMED --add-opens=java.prefs/java.util.prefs=ALL-UNNAMED --add-opens=java.base/java.nio.charset=ALL-UNNAMED --add-opens=java.base/java.net=ALL-UNNAMED --add-opens=java.base/java.util.concurrent.atomic=ALL-UNNAMED -Xmx2048m -Dfile.encoding=UTF-8 -Duser.country=BR -Duser.language=pt -Duser.variant -javaagent:C:\Users\edson.junior\.gradle\wrapper\dists\gradle-8.4-bin\1w5dpkrfk8irigvoxmyhowfim\gradle-8.4\lib\agents\gradle-instrumentation-agent-8.4.jar 
java_command: org.gradle.launcher.daemon.bootstrap.GradleDaemon 8.4
java_class_path (initial): C:\Users\edson.junior\.gradle\wrapper\dists\gradle-8.4-bin\1w5dpkrfk8irigvoxmyhowfim\gradle-8.4\lib\gradle-launcher-8.4.jar
Launcher Type: SUN_STANDARD

[Global flags]
     intx CICompilerCount                          = 3                                         {product} {ergonomic}
     uint ConcGCThreads                            = 1                                         {product} {ergonomic}
     uint G1ConcRefinementThreads                  = 4                                         {product} {ergonomic}
   size_t G1HeapRegionSize                         = 1048576                                   {product} {ergonomic}
    uintx GCDrainStackTargetSize                   = 64                                        {product} {ergonomic}
   size_t InitialHeapSize                          = 134217728                                 {product} {ergonomic}
   size_t MarkStackSize                            = 4194304                                   {product} {ergonomic}
   size_t MaxHeapSize                              = 2147483648                                {product} {command line}
   size_t MaxNewSize                               = 1287651328                                {product} {ergonomic}
   size_t MinHeapDeltaBytes                        = 1048576                                   {product} {ergonomic}
   size_t MinHeapSize                              = 8388608                                   {product} {ergonomic}
    uintx NonNMethodCodeHeapSize                   = 5832780                                {pd product} {ergonomic}
    uintx NonProfiledCodeHeapSize                  = 122912730                              {pd product} {ergonomic}
    uintx ProfiledCodeHeapSize                     = 122912730                              {pd product} {ergonomic}
    uintx ReservedCodeCacheSize                    = 251658240                              {pd product} {ergonomic}
     bool SegmentedCodeCache                       = true                                      {product} {ergonomic}
   size_t SoftMaxHeapSize                          = 2147483648                             {manageable} {ergonomic}
     bool UseCompressedClassPointers               = true                           {product lp64_product} {ergonomic}
     bool UseCompressedOops                        = true                           {product lp64_product} {ergonomic}
     bool UseG1GC                                  = true                                      {product} {ergonomic}
     bool UseLargePagesIndividualAllocation        = false                                  {pd product} {ergonomic}

Logging:
Log output configuration:
 #0: stdout all=warning uptime,level,tags
 #1: stderr all=off uptime,level,tags

Environment Variables:
PATH=C:\Program Files\Common Files\Oracle\Java\javapath;C:\Program Files (x86)\Common Files\Oracle\Java\javapath;C:\WINDOWS\system32;C:\WINDOWS;C:\WINDOWS\System32\Wbem;C:\WINDOWS\System32\WindowsPowerShell\v1.0\;C:\WINDOWS\System32\OpenSSH\;C:\Users\edson.junior\AppData\Local\Microsoft\WindowsApps;
USERNAME=EDSON.JUNIOR
OS=Windows_NT
PROCESSOR_IDENTIFIER=Intel64 Family 6 Model 42 Stepping 7, GenuineIntel
TMP=C:\Users\EDSON~1.JUN\AppData\Local\Temp
TEMP=C:\Users\EDSON~1.JUN\AppData\Local\Temp



Periodic native trim disabled

JNI global refs:
JNI global refs: 27, weak refs: 16

JNI global refs memory usage: 843, weak refs: 841

OOME stack traces (most recent first):
Classloader memory used:
Loader org.gradle.internal.classloader.VisitableURLClassLoader                         : 8416K
Loader bootstrap                                                                       : 2517K
Loader org.gradle.initialization.MixInLegacyTypesClassLoader                           : 886K
Loader org.gradle.internal.classloader.VisitableURLClassLoader$InstrumentingVisitableURLClassLoader: 87607B
Loader org.gradle.internal.classloader.VisitableURLClassLoader                         : 85991B
Loader jdk.internal.loader.ClassLoaders$PlatformClassLoader                            : 68577B
Loader jdk.internal.jrtfs.JrtFileSystemProvider$JrtFsLoader                            : 40063B
Loader jdk.internal.loader.ClassLoaders$AppClassLoader                                 : 28460B
Loader jdk.internal.reflect.DelegatingClassLoader                                      : 28055B
Loader org.gradle.groovy.scripts.internal.DefaultScriptCompilationHandler$ScriptClassLoader: 10770B
Loader org.codehaus.groovy.runtime.callsite.CallSiteClassLoader                        : 5774B

Classes loaded by more than one classloader:
Class org.gradle.internal.Cast                                                        : loaded 3 times (x 69B)
Class org.gradle.api.GradleException                                                  : loaded 3 times (x 80B)
Class org.jetbrains.plugins.gradle.model.MavenRepositoryModel                         : loaded 2 times (x 68B)
Class org.gradle.internal.classpath.ClassPath                                         : loaded 2 times (x 68B)
Class org.gradle.api.internal.classpath.DefaultModuleRegistry                         : loaded 2 times (x 84B)
Class org.gradle.internal.exceptions.NonGradleCauseExceptionsHolder                   : loaded 2 times (x 68B)
Class Settings_gradle$1$1                                                             : loaded 2 times (x 72B)
Class jdk.internal.jimage.BasicImageReader$1                                          : loaded 2 times (x 75B)
Class org.gradle.api.Action                                                           : loaded 2 times (x 68B)
Class org.jetbrains.kotlin.idea.gradleTooling.model.samWithReceiver.SamWithReceiverModel: loaded 2 times (x 68B)
Class org.jetbrains.plugins.gradle.model.ExternalProject                              : loaded 2 times (x 68B)
Class org.jetbrains.plugins.gradle.model.IntelliJSettings                             : loaded 2 times (x 68B)
Class jdk.internal.jimage.ImageBufferCache$1                                          : loaded 2 times (x 78B)
Class jdk.internal.jimage.ImageBufferCache$2                                          : loaded 2 times (x 89B)
Class org.jetbrains.kotlin.idea.gradleTooling.KotlinMPPGradleModel                    : loaded 2 times (x 68B)
Class org.gradle.api.internal.DefaultClassPathProvider                                : loaded 2 times (x 74B)
Class org.gradle.internal.installation.GradleInstallation$1                           : loaded 2 times (x 73B)
Class jdk.internal.jrtfs.SystemImage$1                                                : loaded 2 times (x 76B)
Class jdk.internal.jrtfs.SystemImage$2                                                : loaded 2 times (x 74B)
Class org.gradle.internal.exceptions.DefaultMultiCauseException                       : loaded 2 times (x 89B)
Class org.gradle.tooling.model.UnsupportedMethodException                             : loaded 2 times (x 80B)
Class org.gradle.util.GradleVersion                                                   : loaded 2 times (x 81B)
Class org.gradle.internal.classloader.FilteringClassLoader                            : loaded 2 times (x 103B)
Class jdk.internal.jimage.ImageReader$Resource                                        : loaded 2 times (x 82B)
Class jdk.internal.jrtfs.SystemImage                                                  : loaded 2 times (x 72B)
Class org.gradle.tooling.model.Model                                                  : loaded 2 times (x 68B)
Class org.gradle.internal.classpath.DefaultClassPath$ImmutableUniqueList$Builder      : loaded 2 times (x 73B)
Class org.jetbrains.kotlin.idea.gradleTooling.KotlinSourceSetContainer                : loaded 2 times (x 68B)
Class jdk.internal.jrtfs.JrtDirectoryStream$1                                         : loaded 2 times (x 81B)
Class org.gradle.internal.classloader.ClassLoaderVisitor                              : loaded 2 times (x 74B)
Class org.gradle.internal.time.DefaultCountdownTimer                                  : loaded 2 times (x 86B)
Class org.gradle.internal.service.DefaultServiceLocator                               : loaded 2 times (x 81B)
Class org.gradle.internal.service.UnknownServiceException                             : loaded 2 times (x 81B)
Class org.jetbrains.plugins.gradle.model.DependencyAccessorsModel                     : loaded 2 times (x 68B)
Class org.gradle.internal.classloader.DefaultClassLoaderFactory                       : loaded 2 times (x 80B)
Class jdk.internal.jimage.ImageReader$SharedImageReader                               : loaded 2 times (x 93B)
Class sync_studio_tooling3_7py208fy3aijs26whwkvjc4ld$_run_closure1                    : loaded 2 times (x 137B)
Class org.jetbrains.plugins.gradle.model.GradleExtensions                             : loaded 2 times (x 68B)
Class jdk.internal.jimage.decompressor.ZipDecompressorFactory                         : loaded 2 times (x 72B)
Class org.jetbrains.plugins.gradle.model.VersionCatalogsModel                         : loaded 2 times (x 68B)
Class org.gradle.internal.classloader.VisitableURLClassLoader$Spec                    : loaded 2 times (x 72B)
Class org.gradle.tooling.model.ProjectModel                                           : loaded 2 times (x 68B)
Class org.gradle.internal.time.MonotonicClock                                         : loaded 2 times (x 75B)
Class org.gradle.tooling.internal.gradle.DefaultProjectIdentifier                     : loaded 2 times (x 84B)
Class org.gradle.api.internal.classpath.ModuleRegistry                                : loaded 2 times (x 68B)
Class org.jetbrains.plugins.gradle.model.RepositoriesModel                            : loaded 2 times (x 68B)
Class sync_studio_tooling3_7py208fy3aijs26whwkvjc4ld                                  : loaded 2 times (x 177B)
Class kotlin.jvm.internal.markers.KMappedMarker                                       : loaded 2 times (x 68B)
Class org.gradle.api.internal.ClassPathProvider                                       : loaded 2 times (x 68B)
Class org.gradle.internal.classloader.ClasspathUtil$1                                 : loaded 2 times (x 74B)
Class org.gradle.internal.classloader.ClassLoaderFactory                              : loaded 2 times (x 68B)
Class jdk.internal.jimage.ImageHeader                                                 : loaded 2 times (x 69B)
Class org.gradle.api.internal.classpath.ManifestUtil                                  : loaded 2 times (x 69B)
Class org.gradle.api.specs.Spec                                                       : loaded 2 times (x 68B)
Class org.gradle.tooling.internal.gradle.GradleBuildIdentity                          : loaded 2 times (x 68B)
Class org.gradle.internal.IoActions                                                   : loaded 2 times (x 69B)
Class jdk.internal.jimage.decompressor.StringSharingDecompressorFactory               : loaded 2 times (x 72B)
Class org.gradle.api.internal.classpath.EffectiveClassPath                            : loaded 2 times (x 88B)
Class kotlin.jvm.internal.DefaultConstructorMarker                                    : loaded 2 times (x 69B)
Class org.jetbrains.kotlin.idea.gradleTooling.model.annotation.AnnotationBasedPluginModel: loaded 2 times (x 68B)
Class org.jetbrains.kotlin.idea.gradleTooling.model.assignment.AssignmentModel        : loaded 2 times (x 68B)
Class org.gradle.internal.installation.CurrentGradleInstallation                      : loaded 2 times (x 71B)
Class org.gradle.internal.agents.InstrumentingClassLoader                             : loaded 2 times (x 68B)
Class org.gradle.internal.installation.CurrentGradleInstallationLocator               : loaded 2 times (x 69B)
Class org.gradle.api.internal.classpath.Module                                        : loaded 2 times (x 68B)
Class org.gradle.internal.service.CachingServiceLocator                               : loaded 2 times (x 80B)
Class org.gradle.internal.time.Timer                                                  : loaded 2 times (x 68B)
Class org.jetbrains.plugins.gradle.model.tests.ExternalTestsModel                     : loaded 2 times (x 68B)
Class org.jetbrains.kotlin.idea.gradleTooling.KotlinDslScriptAdditionalTask           : loaded 2 times (x 68B)
Class org.gradle.internal.classpath.DefaultClassPath                                  : loaded 2 times (x 88B)
Class jdk.internal.jimage.BasicImageReader                                            : loaded 2 times (x 93B)
Class com.intellij.openapi.externalSystem.model.project.dependencies.ProjectDependencies: loaded 2 times (x 68B)
Class org.jetbrains.kotlin.idea.gradleTooling.PrepareKotlinIdeImportTaskModel         : loaded 2 times (x 68B)
Class jdk.internal.jimage.ImageLocation                                               : loaded 2 times (x 88B)
Class org.gradle.internal.impldep.com.google.common.base.Preconditions                : loaded 2 times (x 69B)
Class kotlin.jvm.functions.Function1                                                  : loaded 2 times (x 68B)
Class jdk.internal.jimage.ImageReader$Node                                            : loaded 2 times (x 82B)
Class org.gradle.internal.time.Time                                                   : loaded 2 times (x 69B)
Class jdk.internal.jimage.decompressor.CompressedResourceHeader                       : loaded 2 times (x 69B)
Class org.gradle.internal.time.TimeSource$1                                           : loaded 2 times (x 75B)
Class jdk.internal.jrtfs.JrtPath                                                      : loaded 2 times (x 116B)
Class jdk.internal.jimage.ImageStrings                                                : loaded 2 times (x 68B)
Class jdk.internal.jrtfs.JrtFileAttributes                                            : loaded 2 times (x 81B)
Class org.gradle.internal.classloader.SystemClassLoaderSpec                           : loaded 2 times (x 69B)
Class jdk.internal.jimage.decompressor.ResourceDecompressorRepository                 : loaded 2 times (x 69B)
Class kotlin.Function                                                                 : loaded 2 times (x 68B)
Class org.gradle.api.UncheckedIOException                                             : loaded 2 times (x 80B)
Class jdk.internal.jimage.decompressor.ResourceDecompressor$StringsProvider           : loaded 2 times (x 68B)
Class Program                                                                         : loaded 2 times (x 70B)
Class jdk.internal.jimage.decompressor.Decompressor                                   : loaded 2 times (x 70B)
Class jdk.internal.jrtfs.JrtFileSystem                                                : loaded 2 times (x 100B)
Class org.gradle.tooling.internal.gradle.GradleProjectIdentity                        : loaded 2 times (x 68B)
Class jdk.internal.jrtfs.JrtFileSystemProvider                                        : loaded 2 times (x 97B)
Class org.gradle.internal.time.CountdownTimer                                         : loaded 2 times (x 68B)
Class org.gradle.internal.time.Clock                                                  : loaded 2 times (x 68B)
Class org.gradle.internal.classloader.ClasspathUtil                                   : loaded 2 times (x 69B)
Class jdk.internal.jrtfs.JrtDirectoryStream                                           : loaded 2 times (x 87B)
Class org.gradle.tooling.model.BuildIdentifier                                        : loaded 2 times (x 68B)
Class jdk.internal.jimage.decompressor.ResourceDecompressor                           : loaded 2 times (x 68B)
Class org.gradle.api.internal.DefaultClassPathRegistry                                : loaded 2 times (x 74B)
Class org.gradle.api.internal.classpath.DefaultModuleRegistry$DefaultModule           : loaded 2 times (x 84B)
Class org.gradle.internal.time.TimeSource                                             : loaded 2 times (x 68B)
Class org.jetbrains.kotlin.android.synthetic.idea.AndroidExtensionsGradleModel        : loaded 2 times (x 68B)
Class org.gradle.api.internal.classpath.UnknownModuleException                        : loaded 2 times (x 80B)
Class org.jetbrains.plugins.gradle.model.IntelliJProjectSettings                      : loaded 2 times (x 68B)
Class org.gradle.internal.service.ServiceLookupException                              : loaded 2 times (x 80B)
Class jdk.internal.jimage.ImageStringsReader                                          : loaded 2 times (x 78B)
Class org.gradle.cache.GlobalCache                                                    : loaded 2 times (x 68B)
Class jdk.internal.jimage.decompressor.ResourceDecompressorFactory                    : loaded 2 times (x 72B)
Class org.jetbrains.kotlin.idea.gradleTooling.model.lombok.LombokModel                : loaded 2 times (x 68B)
Class org.gradle.tooling.model.ProjectIdentifier                                      : loaded 2 times (x 68B)
Class [Lorg.gradle.api.internal.ClassPathProvider;                                    : loaded 2 times (x 67B)
Class jdk.internal.jimage.ImageReader$SharedImageReader$LocationVisitor               : loaded 2 times (x 68B)
Class org.gradle.internal.operations.MultipleBuildOperationFailures                   : loaded 2 times (x 89B)
Class org.gradle.util.internal.GUtil                                                  : loaded 2 times (x 69B)
Class jdk.internal.jimage.decompressor.ZipDecompressor                                : loaded 2 times (x 73B)
Class org.jetbrains.plugins.gradle.model.AnnotationProcessingModel                    : loaded 2 times (x 68B)
Class org.gradle.internal.classloader.ClassLoaderSpec                                 : loaded 2 times (x 69B)
Class org.jetbrains.plugins.gradle.model.BuildScriptClasspathModel                    : loaded 2 times (x 68B)
Class org.gradle.internal.classloader.VisitableURLClassLoader                         : loaded 2 times (x 115B)
Class org.gradle.internal.installation.GradleInstallation                             : loaded 2 times (x 73B)
Class org.gradle.api.internal.ClassPathRegistry                                       : loaded 2 times (x 68B)
Class org.gradle.internal.classloader.VisitableURLClassLoader$InstrumentingVisitableURLClassLoader: loaded 2 times (x 121B)
Class org.gradle.internal.classloader.ClassLoaderHierarchy                            : loaded 2 times (x 68B)
Class org.gradle.internal.exceptions.MultiCauseException                              : loaded 2 times (x 68B)
Class jdk.internal.jimage.ImageReader                                                 : loaded 2 times (x 73B)
Class org.jetbrains.kotlin.idea.gradleTooling.model.parcelize.ParcelizeGradleModel    : loaded 2 times (x 68B)
Class org.gradle.internal.InternalTransformer                                         : loaded 2 times (x 68B)
Class org.jetbrains.kotlin.idea.gradleTooling.model.noarg.NoArgModel                  : loaded 2 times (x 68B)
Class org.jetbrains.kotlin.idea.gradleTooling.KotlinGradleModel                       : loaded 2 times (x 68B)
Class org.gradle.tooling.internal.gradle.DefaultBuildIdentifier                       : loaded 2 times (x 77B)
Class org.gradle.internal.service.ServiceLocator                                      : loaded 2 times (x 68B)
Class Settings_gradle$1                                                               : loaded 2 times (x 72B)
Class org.jetbrains.kotlin.idea.gradleTooling.model.allopen.AllOpenModel              : loaded 2 times (x 68B)
Class ijInit1_8s26rdy5wfteefr4200slj5z3                                               : loaded 2 times (x 177B)
Class org.gradle.internal.classpath.DefaultClassPath$ImmutableUniqueList              : loaded 2 times (x 159B)
Class jdk.internal.jimage.ImageBufferCache                                            : loaded 2 times (x 69B)
Class org.gradle.internal.time.DefaultTimer                                           : loaded 2 times (x 78B)
Class org.gradle.internal.classpath.TransformedClassPath                              : loaded 2 times (x 94B)
Class Settings_gradle                                                                 : loaded 2 times (x 126B)
Class jdk.internal.jimage.ImageReader$Directory                                       : loaded 2 times (x 82B)


---------------  S Y S T E M  ---------------

OS:
 Windows 10 , 64 bit Build 19041 (10.0.19041.3636)
OS uptime: 10 days 12:04 hours

CPU: total 4 (initial active 4) (2 cores per cpu, 2 threads per core) family 6 model 42 stepping 7 microcode 0x2f, cx8, cmov, fxsr, ht, mmx, sse, sse2, sse3, ssse3, sse4.1, sse4.2, popcnt, tsc, tscinvbit, avx, clmul, vzeroupper, clflush
Processor Information for all 4 processors :
  Max Mhz: 3300, Current Mhz: 3300, Mhz Limit: 3300

Memory: 4k page, system-wide physical 8077M (613M free)
TotalPageFile size 10125M (AvailPageFile size 6M)
current process WorkingSet (physical memory assigned to process): 417M, peak: 417M
current process commit charge ("private bytes"): 443M, peak: 444M

vm_info: OpenJDK 64-Bit Server VM (17.0.10+0--11572160) for windows-amd64 JRE (17.0.10+0--11572160), built on Mar 13 2024 23:56:38 by "androidbuild" with MS VC++ 16.10 / 16.11 (VS2019)

END.
