#
# There is insufficient memory for the Java Runtime Environment to continue.
# Native memory allocation (mmap) failed to map 159383552 bytes for G1 virtual space
# Possible reasons:
#   The system is out of physical RAM or swap space
#   The process is running with CompressedOops enabled, and the Java Heap may be blocking the growth of the native heap
# Possible solutions:
#   Reduce memory load on the system
#   Increase physical memory or swap space
#   Check if swap backing store is full
#   Decrease Java heap size (-Xmx/-Xms)
#   Decrease number of Java threads
#   Decrease Java thread stack sizes (-Xss)
#   Set larger code cache with -XX:ReservedCodeCacheSize=
#   JVM is running with Unscaled Compressed Oops mode in which the Java heap is
#     placed in the first 4GB address space. The Java Heap base address is the
#     maximum limit for the native heap growth. Please use -XX:HeapBaseMinAddress
#     to set the Java Heap base and to place the Java Heap above 4GB virtual address.
# This output file may be truncated or incomplete.
#
#  Out of Memory Error (os_windows.cpp:3825), pid=11364, tid=8768
#
# JRE version: OpenJDK Runtime Environment (17.0.10) (build 17.0.10+0--11572160)
# Java VM: OpenJDK 64-Bit Server VM (17.0.10+0--11572160, mixed mode, tiered, compressed oops, compressed class ptrs, g1 gc, windows-amd64)
# No core dump will be written. Minidumps are not enabled by default on client versions of Windows
#

---------------  S U M M A R Y ------------

Command Line: --add-opens=java.base/java.util=ALL-UNNAMED --add-opens=java.base/java.lang=ALL-UNNAMED --add-opens=java.base/java.lang.invoke=ALL-UNNAMED --add-opens=java.prefs/java.util.prefs=ALL-UNNAMED --add-opens=java.base/java.nio.charset=ALL-UNNAMED --add-opens=java.base/java.net=ALL-UNNAMED --add-opens=java.base/java.util.concurrent.atomic=ALL-UNNAMED -Xmx2048m -Dfile.encoding=UTF-8 -Duser.country=BR -Duser.language=pt -Duser.variant -javaagent:C:\Users\edson.junior\.gradle\wrapper\dists\gradle-8.4-bin\1w5dpkrfk8irigvoxmyhowfim\gradle-8.4\lib\agents\gradle-instrumentation-agent-8.4.jar org.gradle.launcher.daemon.bootstrap.GradleDaemon 8.4

Host: Intel(R) Core(TM) i3-2120 CPU @ 3.30GHz, 4 cores, 7G,  Windows 10 , 64 bit Build 19041 (10.0.19041.3636)
Time: Wed May  8 12:00:56 2024 Hora oficial do Brasil elapsed time: 22.836659 seconds (0d 0h 0m 22s)

---------------  T H R E A D  ---------------

Current thread (0x0000021ca2172230):  VMThread "VM Thread" [stack: 0x0000008d22700000,0x0000008d22800000] [id=8768]

Stack: [0x0000008d22700000,0x0000008d22800000]
Native frames: (J=compiled Java code, j=interpreted, Vv=VM code, C=native code)
V  [jvm.dll+0x688e89]
V  [jvm.dll+0x84247a]
V  [jvm.dll+0x8440be]
V  [jvm.dll+0x844723]
V  [jvm.dll+0x24be0f]
V  [jvm.dll+0x685c59]
V  [jvm.dll+0x67a50a]
V  [jvm.dll+0x30cbab]
V  [jvm.dll+0x314056]
V  [jvm.dll+0x363dce]
V  [jvm.dll+0x363fff]
V  [jvm.dll+0x2e2978]
V  [jvm.dll+0x2e0b54]
V  [jvm.dll+0x2e015c]
V  [jvm.dll+0x32502b]
V  [jvm.dll+0x848e1b]
V  [jvm.dll+0x849b61]
V  [jvm.dll+0x84a07d]
V  [jvm.dll+0x84a454]
V  [jvm.dll+0x84a520]
V  [jvm.dll+0x7f0d1a]
V  [jvm.dll+0x687d05]
C  [ucrtbase.dll+0x21bb2]
C  [KERNEL32.DLL+0x17344]
C  [ntdll.dll+0x526b1]

VM_Operation (0x0000008d23ef0990): G1CollectForAllocation, mode: safepoint, requested by thread 0x0000021ca8320310


---------------  P R O C E S S  ---------------

Threads class SMR info:
_java_thread_list=0x0000021ca83298d0, length=41, elements={
0x0000021c88b8e4b0, 0x0000021ca2195260, 0x0000021ca2195ff0, 0x0000021ca2198f70,
0x0000021ca2199840, 0x0000021ca219c120, 0x0000021ca219c9f0, 0x0000021ca22f5db0,
0x0000021ca23006e0, 0x0000021ca2300ff0, 0x0000021ca23e90a0, 0x0000021ca2571390,
0x0000021ca74414c0, 0x0000021ca80aebe0, 0x0000021ca7f0ea40, 0x0000021ca7a5d1c0,
0x0000021ca813ebc0, 0x0000021ca7da8b10, 0x0000021ca8320310, 0x0000021ca831dfa0,
0x0000021ca831e9c0, 0x0000021ca831eed0, 0x0000021ca8320820, 0x0000021ca831fe00,
0x0000021ca831da90, 0x0000021ca831d580, 0x0000021ca831f3e0, 0x0000021ca831f8f0,
0x0000021ca831d070, 0x0000021ca885db20, 0x0000021ca885d100, 0x0000021ca885c1d0,
0x0000021ca8858f30, 0x0000021ca885ea50, 0x0000021ca8859950, 0x0000021ca8858a20,
0x0000021ca8857af0, 0x0000021ca8858000, 0x0000021ca8858510, 0x0000021ca8859440,
0x0000021ca885cbf0
}

Java Threads: ( => current thread )
  0x0000021c88b8e4b0 JavaThread "main" [_thread_blocked, id=5272, stack(0x0000008d22100000,0x0000008d22200000)]
  0x0000021ca2195260 JavaThread "Reference Handler" daemon [_thread_blocked, id=7000, stack(0x0000008d22800000,0x0000008d22900000)]
  0x0000021ca2195ff0 JavaThread "Finalizer" daemon [_thread_blocked, id=14296, stack(0x0000008d22900000,0x0000008d22a00000)]
  0x0000021ca2198f70 JavaThread "Signal Dispatcher" daemon [_thread_blocked, id=7016, stack(0x0000008d22a00000,0x0000008d22b00000)]
  0x0000021ca2199840 JavaThread "Attach Listener" daemon [_thread_blocked, id=5924, stack(0x0000008d22b00000,0x0000008d22c00000)]
  0x0000021ca219c120 JavaThread "Service Thread" daemon [_thread_blocked, id=808, stack(0x0000008d22c00000,0x0000008d22d00000)]
  0x0000021ca219c9f0 JavaThread "Monitor Deflation Thread" daemon [_thread_blocked, id=8368, stack(0x0000008d22d00000,0x0000008d22e00000)]
  0x0000021ca22f5db0 JavaThread "C2 CompilerThread0" daemon [_thread_blocked, id=10188, stack(0x0000008d22e00000,0x0000008d22f00000)]
  0x0000021ca23006e0 JavaThread "C1 CompilerThread0" daemon [_thread_blocked, id=9604, stack(0x0000008d22f00000,0x0000008d23000000)]
  0x0000021ca2300ff0 JavaThread "Sweeper thread" daemon [_thread_blocked, id=1652, stack(0x0000008d23000000,0x0000008d23100000)]
  0x0000021ca23e90a0 JavaThread "Common-Cleaner" daemon [_thread_blocked, id=10456, stack(0x0000008d23100000,0x0000008d23200000)]
  0x0000021ca2571390 JavaThread "Notification Thread" daemon [_thread_blocked, id=13424, stack(0x0000008d23200000,0x0000008d23300000)]
  0x0000021ca74414c0 JavaThread "Daemon health stats" [_thread_blocked, id=8832, stack(0x0000008d23400000,0x0000008d23500000)]
  0x0000021ca80aebe0 JavaThread "Incoming local TCP Connector on port 56599" [_thread_in_native, id=6008, stack(0x0000008d23800000,0x0000008d23900000)]
  0x0000021ca7f0ea40 JavaThread "Daemon periodic checks" [_thread_blocked, id=11284, stack(0x0000008d23900000,0x0000008d23a00000)]
  0x0000021ca7a5d1c0 JavaThread "Daemon" [_thread_blocked, id=13144, stack(0x0000008d23a00000,0x0000008d23b00000)]
  0x0000021ca813ebc0 JavaThread "Handler for socket connection from /127.0.0.1:56599 to /127.0.0.1:56600" [_thread_in_native, id=14212, stack(0x0000008d23b00000,0x0000008d23c00000)]
  0x0000021ca7da8b10 JavaThread "Cancel handler" [_thread_blocked, id=14008, stack(0x0000008d23d00000,0x0000008d23e00000)]
  0x0000021ca8320310 JavaThread "Daemon worker" [_thread_blocked, id=9300, stack(0x0000008d23e00000,0x0000008d23f00000)]
  0x0000021ca831dfa0 JavaThread "Asynchronous log dispatcher for DefaultDaemonConnection: socket connection from /127.0.0.1:56599 to /127.0.0.1:56600" [_thread_blocked, id=5508, stack(0x0000008d23f00000,0x0000008d24000000)]
  0x0000021ca831e9c0 JavaThread "Stdin handler" [_thread_blocked, id=9616, stack(0x0000008d24000000,0x0000008d24100000)]
  0x0000021ca831eed0 JavaThread "Daemon client event forwarder" [_thread_blocked, id=9888, stack(0x0000008d24100000,0x0000008d24200000)]
  0x0000021ca8320820 JavaThread "Cache worker for journal cache (C:\Users\edson.junior\.gradle\caches\journal-1)" [_thread_blocked, id=9276, stack(0x0000008d24200000,0x0000008d24300000)]
  0x0000021ca831fe00 JavaThread "File lock request listener" [_thread_in_native, id=9052, stack(0x0000008d24300000,0x0000008d24400000)]
  0x0000021ca831da90 JavaThread "Cache worker for file hash cache (C:\Users\edson.junior\.gradle\caches\8.4\fileHashes)" [_thread_blocked, id=13332, stack(0x0000008d24400000,0x0000008d24500000)]
  0x0000021ca831d580 JavaThread "File watcher server" daemon [_thread_blocked, id=13112, stack(0x0000008d24500000,0x0000008d24600000)]
  0x0000021ca831f3e0 JavaThread "File watcher consumer" daemon [_thread_blocked, id=9880, stack(0x0000008d24600000,0x0000008d24700000)]
  0x0000021ca831f8f0 JavaThread "jar transforms" [_thread_blocked, id=1992, stack(0x0000008d23c00000,0x0000008d23d00000)]
  0x0000021ca831d070 JavaThread "jar transforms Thread 2" [_thread_blocked, id=8656, stack(0x0000008d24700000,0x0000008d24800000)]
  0x0000021ca885db20 JavaThread "jar transforms Thread 3" [_thread_blocked, id=7628, stack(0x0000008d24800000,0x0000008d24900000)]
  0x0000021ca885d100 JavaThread "jar transforms Thread 4" [_thread_blocked, id=13124, stack(0x0000008d24900000,0x0000008d24a00000)]
  0x0000021ca885c1d0 JavaThread "Cache worker for checksums cache (C:\Users\edson.junior\AndroidStudioProjects\ProjetoMOB\.gradle\8.4\checksums)" [_thread_blocked, id=2280, stack(0x0000008d24b00000,0x0000008d24c00000)]
  0x0000021ca8858f30 JavaThread "Cache worker for file hash cache (C:\Users\edson.junior\AndroidStudioProjects\ProjetoMOB\.gradle\8.4\fileHashes)" [_thread_blocked, id=8880, stack(0x0000008d24c00000,0x0000008d24d00000)]
  0x0000021ca885ea50 JavaThread "Cache worker for cache directory md-supplier (C:\Users\edson.junior\.gradle\caches\8.4\md-supplier)" [_thread_blocked, id=2216, stack(0x0000008d24d00000,0x0000008d24e00000)]
  0x0000021ca8859950 JavaThread "Cache worker for file content cache (C:\Users\edson.junior\.gradle\caches\8.4\fileContent)" [_thread_blocked, id=5356, stack(0x0000008d24e00000,0x0000008d24f00000)]
  0x0000021ca8858a20 JavaThread "Cache worker for cache directory md-rule (C:\Users\edson.junior\.gradle\caches\8.4\md-rule)" [_thread_blocked, id=14176, stack(0x0000008d24f00000,0x0000008d25000000)]
  0x0000021ca8857af0 JavaThread "Cache worker for execution history cache (C:\Users\edson.junior\.gradle\caches\8.4\executionHistory)" [_thread_blocked, id=12912, stack(0x0000008d24a00000,0x0000008d24b00000)]
  0x0000021ca8858000 JavaThread "Cache worker for kotlin-dsl (C:\Users\edson.junior\.gradle\caches\8.4\kotlin-dsl)" [_thread_blocked, id=9256, stack(0x0000008d25100000,0x0000008d25200000)]
  0x0000021ca8858510 JavaThread "Cache worker for dependencies-accessors (C:\Users\edson.junior\AndroidStudioProjects\ProjetoMOB\.gradle\8.4\dependencies-accessors)" [_thread_blocked, id=1560, stack(0x0000008d25200000,0x0000008d25300000)]
  0x0000021ca8859440 JavaThread "Cache worker for Build Output Cleanup Cache (C:\Users\edson.junior\AndroidStudioProjects\ProjetoMOB\.gradle\buildOutputCleanup)" [_thread_blocked, id=940, stack(0x0000008d25400000,0x0000008d25500000)]
  0x0000021ca885cbf0 JavaThread "Kotlin DSL Writer" [_thread_blocked, id=7340, stack(0x0000008d25500000,0x0000008d25600000)]

Other Threads:
=>0x0000021ca2172230 VMThread "VM Thread" [stack: 0x0000008d22700000,0x0000008d22800000] [id=8768]
  0x0000021ca25c9190 WatcherThread [stack: 0x0000008d23300000,0x0000008d23400000] [id=12448]
  0x0000021c88be8a70 GCTaskThread "GC Thread#0" [stack: 0x0000008d22200000,0x0000008d22300000] [id=1184]
  0x0000021ca28e1d40 GCTaskThread "GC Thread#1" [stack: 0x0000008d23500000,0x0000008d23600000] [id=14276]
  0x0000021ca29a5590 GCTaskThread "GC Thread#2" [stack: 0x0000008d23600000,0x0000008d23700000] [id=3032]
  0x0000021ca264f1b0 GCTaskThread "GC Thread#3" [stack: 0x0000008d23700000,0x0000008d23800000] [id=4424]
  0x0000021c88bf98d0 ConcurrentGCThread "G1 Main Marker" [stack: 0x0000008d22300000,0x0000008d22400000] [id=5744]
  0x0000021c88bfc9c0 ConcurrentGCThread "G1 Conc#0" [stack: 0x0000008d22400000,0x0000008d22500000] [id=8740]
  0x0000021c88c4e7d0 ConcurrentGCThread "G1 Refine#0" [stack: 0x0000008d22500000,0x0000008d22600000] [id=6608]
  0x0000021ca7e9ec80 ConcurrentGCThread "G1 Refine#1" [stack: 0x0000008d25300000,0x0000008d25400000] [id=12116]
  0x0000021caa4dcdd0 ConcurrentGCThread "G1 Refine#2" [stack: 0x0000008d25000000,0x0000008d25100000] [id=8960]
  0x0000021ca1fc4220 ConcurrentGCThread "G1 Service" [stack: 0x0000008d22600000,0x0000008d22700000] [id=13436]

Threads with active compile tasks:

VM state: at safepoint (normal execution)

VM Mutex/Monitor currently owned by a thread:  ([mutex/lock_event])
[0x0000021c88b88e70] Threads_lock - owner thread: 0x0000021ca2172230
[0x0000021c88b89bf0] Heap_lock - owner thread: 0x0000021ca8320310

Heap address: 0x0000000080000000, size: 2048 MB, Compressed Oops mode: 32-bit

CDS archive(s) not mapped
Compressed class space mapped at: 0x0000000100000000-0x0000000140000000, reserved size: 1073741824
Narrow klass base: 0x0000000000000000, Narrow klass shift: 3, Narrow klass range: 0x140000000

GC Precious Log:
 CPUs: 4 total, 4 available
 Memory: 8077M
 Large Page Support: Disabled
 NUMA Support: Disabled
 Compressed Oops: Enabled (32-bit)
 Heap Region Size: 1M
 Heap Min Capacity: 8M
 Heap Initial Capacity: 128M
 Heap Max Capacity: 2G
 Pre-touch: Disabled
 Parallel Workers: 4
 Concurrent Workers: 1
 Concurrent Refinement Workers: 4
 Periodic GC: Disabled

Heap:
 garbage-first heap   total 155648K, used 89488K [0x0000000080000000, 0x0000000100000000)
  region size 1024K, 1 young (1024K), 1 survivors (1024K)
 Metaspace       used 97617K, committed 98304K, reserved 1179648K
  class space    used 13134K, committed 13440K, reserved 1048576K

Heap Regions: E=young(eden), S=young(survivor), O=old, HS=humongous(starts), HC=humongous(continues), CS=collection set, F=free, OA=open archive, CA=closed archive, TAMS=top-at-mark-start (previous, next)
|   0|0x0000000080000000, 0x0000000080100000, 0x0000000080100000|100%| O|  |TAMS 0x0000000080100000, 0x0000000080000000| Untracked 
|   1|0x0000000080100000, 0x0000000080200000, 0x0000000080200000|100%| O|  |TAMS 0x0000000080200000, 0x0000000080100000| Untracked 
|   2|0x0000000080200000, 0x0000000080300000, 0x0000000080300000|100%|HS|  |TAMS 0x0000000080300000, 0x0000000080200000| Complete 
|   3|0x0000000080300000, 0x0000000080400000, 0x0000000080400000|100%|HC|  |TAMS 0x0000000080400000, 0x0000000080300000| Complete 
|   4|0x0000000080400000, 0x0000000080500000, 0x0000000080500000|100%|HC|  |TAMS 0x0000000080500000, 0x0000000080400000| Complete 
|   5|0x0000000080500000, 0x0000000080600000, 0x0000000080600000|100%|HC|  |TAMS 0x0000000080600000, 0x0000000080500000| Complete 
|   6|0x0000000080600000, 0x0000000080700000, 0x0000000080700000|100%| O|  |TAMS 0x0000000080700000, 0x0000000080600000| Untracked 
|   7|0x0000000080700000, 0x0000000080800000, 0x0000000080800000|100%| O|  |TAMS 0x0000000080800000, 0x0000000080700000| Untracked 
|   8|0x0000000080800000, 0x0000000080900000, 0x0000000080900000|100%| O|  |TAMS 0x0000000080900000, 0x0000000080800000| Untracked 
|   9|0x0000000080900000, 0x0000000080a00000, 0x0000000080a00000|100%| O|  |TAMS 0x0000000080a00000, 0x0000000080900000| Untracked 
|  10|0x0000000080a00000, 0x0000000080af8600, 0x0000000080b00000| 97%| O|  |TAMS 0x0000000080af8600, 0x0000000080a00000| Untracked 
|  11|0x0000000080b00000, 0x0000000080c00000, 0x0000000080c00000|100%| O|  |TAMS 0x0000000080c00000, 0x0000000080b00000| Untracked 
|  12|0x0000000080c00000, 0x0000000080d00000, 0x0000000080d00000|100%| O|  |TAMS 0x0000000080d00000, 0x0000000080c00000| Untracked 
|  13|0x0000000080d00000, 0x0000000080e00000, 0x0000000080e00000|100%| O|  |TAMS 0x0000000080e00000, 0x0000000080d00000| Untracked 
|  14|0x0000000080e00000, 0x0000000080f00000, 0x0000000080f00000|100%| O|  |TAMS 0x0000000080f00000, 0x0000000080e00000| Untracked 
|  15|0x0000000080f00000, 0x0000000081000000, 0x0000000081000000|100%| O|  |TAMS 0x0000000081000000, 0x0000000080f00000| Untracked 
|  16|0x0000000081000000, 0x0000000081100000, 0x0000000081100000|100%| O|  |TAMS 0x0000000081100000, 0x0000000081000000| Untracked 
|  17|0x0000000081100000, 0x0000000081200000, 0x0000000081200000|100%| O|  |TAMS 0x0000000081200000, 0x0000000081100000| Untracked 
|  18|0x0000000081200000, 0x0000000081300000, 0x0000000081300000|100%| O|  |TAMS 0x0000000081300000, 0x0000000081200000| Untracked 
|  19|0x0000000081300000, 0x0000000081400000, 0x0000000081400000|100%|HS|  |TAMS 0x0000000081400000, 0x0000000081300000| Complete 
|  20|0x0000000081400000, 0x0000000081500000, 0x0000000081500000|100%|HC|  |TAMS 0x0000000081500000, 0x0000000081400000| Complete 
|  21|0x0000000081500000, 0x0000000081600000, 0x0000000081600000|100%|HS|  |TAMS 0x0000000081600000, 0x0000000081500000| Complete 
|  22|0x0000000081600000, 0x0000000081700000, 0x0000000081700000|100%|HC|  |TAMS 0x0000000081700000, 0x0000000081600000| Complete 
|  23|0x0000000081700000, 0x0000000081800000, 0x0000000081800000|100%|HC|  |TAMS 0x0000000081800000, 0x0000000081700000| Complete 
|  24|0x0000000081800000, 0x0000000081900000, 0x0000000081900000|100%|HS|  |TAMS 0x0000000081900000, 0x0000000081800000| Complete 
|  25|0x0000000081900000, 0x0000000081a00000, 0x0000000081a00000|100%|HC|  |TAMS 0x0000000081a00000, 0x0000000081900000| Complete 
|  26|0x0000000081a00000, 0x0000000081b00000, 0x0000000081b00000|100%|HC|  |TAMS 0x0000000081b00000, 0x0000000081a00000| Complete 
|  27|0x0000000081b00000, 0x0000000081c00000, 0x0000000081c00000|100%|HS|  |TAMS 0x0000000081c00000, 0x0000000081b00000| Complete 
|  28|0x0000000081c00000, 0x0000000081d00000, 0x0000000081d00000|100%|HC|  |TAMS 0x0000000081d00000, 0x0000000081c00000| Complete 
|  29|0x0000000081d00000, 0x0000000081e00000, 0x0000000081e00000|100%|HC|  |TAMS 0x0000000081e00000, 0x0000000081d00000| Complete 
|  30|0x0000000081e00000, 0x0000000081f00000, 0x0000000081f00000|100%| O|  |TAMS 0x0000000081f00000, 0x0000000081e00000| Untracked 
|  31|0x0000000081f00000, 0x0000000082000000, 0x0000000082000000|100%| O|  |TAMS 0x0000000082000000, 0x0000000081f00000| Untracked 
|  32|0x0000000082000000, 0x0000000082100000, 0x0000000082100000|100%| O|  |TAMS 0x0000000082100000, 0x0000000082000000| Untracked 
|  33|0x0000000082100000, 0x0000000082200000, 0x0000000082200000|100%| O|  |TAMS 0x0000000082200000, 0x0000000082100000| Untracked 
|  34|0x0000000082200000, 0x0000000082300000, 0x0000000082300000|100%| O|  |TAMS 0x0000000082300000, 0x0000000082200000| Untracked 
|  35|0x0000000082300000, 0x0000000082400000, 0x0000000082400000|100%| O|  |TAMS 0x0000000082400000, 0x0000000082300000| Untracked 
|  36|0x0000000082400000, 0x0000000082500000, 0x0000000082500000|100%| O|  |TAMS 0x0000000082500000, 0x0000000082400000| Untracked 
|  37|0x0000000082500000, 0x0000000082600000, 0x0000000082600000|100%| O|  |TAMS 0x0000000082600000, 0x0000000082500000| Untracked 
|  38|0x0000000082600000, 0x0000000082700000, 0x0000000082700000|100%| O|  |TAMS 0x0000000082700000, 0x0000000082600000| Untracked 
|  39|0x0000000082700000, 0x0000000082800000, 0x0000000082800000|100%| O|  |TAMS 0x0000000082800000, 0x0000000082700000| Untracked 
|  40|0x0000000082800000, 0x0000000082900000, 0x0000000082900000|100%| O|  |TAMS 0x0000000082900000, 0x0000000082800000| Untracked 
|  41|0x0000000082900000, 0x0000000082a00000, 0x0000000082a00000|100%| O|  |TAMS 0x0000000082a00000, 0x0000000082900000| Untracked 
|  42|0x0000000082a00000, 0x0000000082b00000, 0x0000000082b00000|100%|HS|  |TAMS 0x0000000082b00000, 0x0000000082a00000| Complete 
|  43|0x0000000082b00000, 0x0000000082c00000, 0x0000000082c00000|100%|HC|  |TAMS 0x0000000082c00000, 0x0000000082b00000| Complete 
|  44|0x0000000082c00000, 0x0000000082d00000, 0x0000000082d00000|100%|HC|  |TAMS 0x0000000082d00000, 0x0000000082c00000| Complete 
|  45|0x0000000082d00000, 0x0000000082e00000, 0x0000000082e00000|100%| O|  |TAMS 0x0000000082e00000, 0x0000000082d00000| Untracked 
|  46|0x0000000082e00000, 0x0000000082f00000, 0x0000000082f00000|100%| O|  |TAMS 0x0000000082f00000, 0x0000000082e00000| Untracked 
|  47|0x0000000082f00000, 0x0000000083000000, 0x0000000083000000|100%| O|  |TAMS 0x0000000083000000, 0x0000000082f00000| Untracked 
|  48|0x0000000083000000, 0x0000000083100000, 0x0000000083100000|100%| O|  |TAMS 0x0000000083100000, 0x0000000083000000| Untracked 
|  49|0x0000000083100000, 0x0000000083200000, 0x0000000083200000|100%| O|  |TAMS 0x0000000083200000, 0x0000000083100000| Untracked 
|  50|0x0000000083200000, 0x0000000083300000, 0x0000000083300000|100%| O|  |TAMS 0x0000000083300000, 0x0000000083200000| Untracked 
|  51|0x0000000083300000, 0x0000000083400000, 0x0000000083400000|100%| O|  |TAMS 0x0000000083400000, 0x0000000083300000| Untracked 
|  52|0x0000000083400000, 0x0000000083500000, 0x0000000083500000|100%| O|  |TAMS 0x0000000083500000, 0x0000000083400000| Untracked 
|  53|0x0000000083500000, 0x0000000083600000, 0x0000000083600000|100%| O|  |TAMS 0x0000000083600000, 0x0000000083500000| Untracked 
|  54|0x0000000083600000, 0x0000000083600000, 0x0000000083700000|  0%| F|  |TAMS 0x0000000083600000, 0x0000000083600000| Untracked 
|  55|0x0000000083700000, 0x0000000083800000, 0x0000000083800000|100%| O|  |TAMS 0x0000000083800000, 0x0000000083700000| Untracked 
|  56|0x0000000083800000, 0x0000000083900000, 0x0000000083900000|100%| O|  |TAMS 0x0000000083900000, 0x0000000083800000| Untracked 
|  57|0x0000000083900000, 0x0000000083a00000, 0x0000000083a00000|100%| O|  |TAMS 0x0000000083a00000, 0x0000000083900000| Untracked 
|  58|0x0000000083a00000, 0x0000000083b00000, 0x0000000083b00000|100%| O|  |TAMS 0x0000000083b00000, 0x0000000083a00000| Untracked 
|  59|0x0000000083b00000, 0x0000000083c00000, 0x0000000083c00000|100%| O|  |TAMS 0x0000000083c00000, 0x0000000083b00000| Untracked 
|  60|0x0000000083c00000, 0x0000000083d00000, 0x0000000083d00000|100%| O|  |TAMS 0x0000000083d00000, 0x0000000083c00000| Untracked 
|  61|0x0000000083d00000, 0x0000000083e00000, 0x0000000083e00000|100%|HS|  |TAMS 0x0000000083e00000, 0x0000000083d00000| Complete 
|  62|0x0000000083e00000, 0x0000000083f00000, 0x0000000083f00000|100%| O|  |TAMS 0x0000000083f00000, 0x0000000083e00000| Untracked 
|  63|0x0000000083f00000, 0x0000000084000000, 0x0000000084000000|100%| O|  |TAMS 0x0000000084000000, 0x0000000083f00000| Untracked 
|  64|0x0000000084000000, 0x0000000084100000, 0x0000000084100000|100%| O|  |TAMS 0x0000000084100000, 0x0000000084000000| Untracked 
|  65|0x0000000084100000, 0x0000000084200000, 0x0000000084200000|100%| O|  |TAMS 0x0000000084200000, 0x0000000084100000| Untracked 
|  66|0x0000000084200000, 0x0000000084300000, 0x0000000084300000|100%| O|  |TAMS 0x0000000084300000, 0x0000000084200000| Untracked 
|  67|0x0000000084300000, 0x0000000084400000, 0x0000000084400000|100%| O|  |TAMS 0x0000000084400000, 0x0000000084300000| Untracked 
|  68|0x0000000084400000, 0x0000000084500000, 0x0000000084500000|100%| O|  |TAMS 0x0000000084500000, 0x0000000084400000| Untracked 
|  69|0x0000000084500000, 0x0000000084600000, 0x0000000084600000|100%| O|  |TAMS 0x0000000084600000, 0x0000000084500000| Untracked 
|  70|0x0000000084600000, 0x0000000084700000, 0x0000000084700000|100%| O|  |TAMS 0x0000000084700000, 0x0000000084600000| Untracked 
|  71|0x0000000084700000, 0x0000000084800000, 0x0000000084800000|100%| O|  |TAMS 0x00000000847dc200, 0x0000000084700000| Untracked 
|  72|0x0000000084800000, 0x0000000084900000, 0x0000000084900000|100%| O|  |TAMS 0x0000000084900000, 0x0000000084800000| Untracked 
|  73|0x0000000084900000, 0x0000000084a00000, 0x0000000084a00000|100%| O|  |TAMS 0x0000000084a00000, 0x0000000084900000| Untracked 
|  74|0x0000000084a00000, 0x0000000084b00000, 0x0000000084b00000|100%| O|  |TAMS 0x0000000084b00000, 0x0000000084a00000| Untracked 
|  75|0x0000000084b00000, 0x0000000084c00000, 0x0000000084c00000|100%| O|  |TAMS 0x0000000084c00000, 0x0000000084b00000| Untracked 
|  76|0x0000000084c00000, 0x0000000084d00000, 0x0000000084d00000|100%|HS|  |TAMS 0x0000000084d00000, 0x0000000084c00000| Complete 
|  77|0x0000000084d00000, 0x0000000084e00000, 0x0000000084e00000|100%|HC|  |TAMS 0x0000000084e00000, 0x0000000084d00000| Complete 
|  78|0x0000000084e00000, 0x0000000084f00000, 0x0000000084f00000|100%|HC|  |TAMS 0x0000000084f00000, 0x0000000084e00000| Complete 
|  79|0x0000000084f00000, 0x0000000085000000, 0x0000000085000000|100%|HC|  |TAMS 0x0000000085000000, 0x0000000084f00000| Complete 
|  80|0x0000000085000000, 0x0000000085100000, 0x0000000085100000|100%|HC|  |TAMS 0x0000000085100000, 0x0000000085000000| Complete 
|  81|0x0000000085100000, 0x0000000085200000, 0x0000000085200000|100%|HC|  |TAMS 0x0000000085200000, 0x0000000085100000| Complete 
|  82|0x0000000085200000, 0x0000000085300000, 0x0000000085300000|100%| O|  |TAMS 0x0000000085200000, 0x0000000085200000| Untracked 
|  83|0x0000000085300000, 0x0000000085400000, 0x0000000085400000|100%| O|  |TAMS 0x0000000085300000, 0x0000000085300000| Untracked 
|  84|0x0000000085400000, 0x0000000085500000, 0x0000000085500000|100%| O|  |TAMS 0x0000000085400000, 0x0000000085400000| Untracked 
|  85|0x0000000085500000, 0x0000000085600000, 0x0000000085600000|100%| O|  |TAMS 0x0000000085500000, 0x0000000085500000| Untracked 
|  86|0x0000000085600000, 0x0000000085700000, 0x0000000085700000|100%| O|  |TAMS 0x0000000085600000, 0x0000000085600000| Untracked 
|  87|0x0000000085700000, 0x000000008576f000, 0x0000000085800000| 43%| O|  |TAMS 0x0000000085700000, 0x0000000085700000| Untracked 
|  88|0x0000000085800000, 0x0000000085800000, 0x0000000085900000|  0%| F|  |TAMS 0x0000000085800000, 0x0000000085800000| Untracked 
|  89|0x0000000085900000, 0x0000000085900000, 0x0000000085a00000|  0%| F|  |TAMS 0x0000000085900000, 0x0000000085900000| Untracked 
|  90|0x0000000085a00000, 0x0000000085a00000, 0x0000000085b00000|  0%| F|  |TAMS 0x0000000085a00000, 0x0000000085a00000| Untracked 
|  91|0x0000000085b00000, 0x0000000085b00000, 0x0000000085c00000|  0%| F|  |TAMS 0x0000000085b00000, 0x0000000085b00000| Untracked 
|  92|0x0000000085c00000, 0x0000000085c00000, 0x0000000085d00000|  0%| F|  |TAMS 0x0000000085c00000, 0x0000000085c00000| Untracked 
|  93|0x0000000085d00000, 0x0000000085d00000, 0x0000000085e00000|  0%| F|  |TAMS 0x0000000085d00000, 0x0000000085d00000| Untracked 
|  94|0x0000000085e00000, 0x0000000085e00000, 0x0000000085f00000|  0%| F|  |TAMS 0x0000000085e00000, 0x0000000085e00000| Untracked 
|  95|0x0000000085f00000, 0x0000000085f00000, 0x0000000086000000|  0%| F|  |TAMS 0x0000000085f00000, 0x0000000085f00000| Untracked 
|  96|0x0000000086000000, 0x0000000086000000, 0x0000000086100000|  0%| F|  |TAMS 0x0000000086000000, 0x0000000086000000| Untracked 
|  97|0x0000000086100000, 0x0000000086100000, 0x0000000086200000|  0%| F|  |TAMS 0x0000000086100000, 0x0000000086100000| Untracked 
|  98|0x0000000086200000, 0x0000000086200000, 0x0000000086300000|  0%| F|  |TAMS 0x0000000086200000, 0x0000000086200000| Untracked 
|  99|0x0000000086300000, 0x0000000086300000, 0x0000000086400000|  0%| F|  |TAMS 0x0000000086300000, 0x0000000086300000| Untracked 
| 100|0x0000000086400000, 0x0000000086400000, 0x0000000086500000|  0%| F|  |TAMS 0x0000000086400000, 0x0000000086400000| Untracked 
| 101|0x0000000086500000, 0x0000000086500000, 0x0000000086600000|  0%| F|  |TAMS 0x0000000086500000, 0x0000000086500000| Untracked 
| 102|0x0000000086600000, 0x0000000086600000, 0x0000000086700000|  0%| F|  |TAMS 0x0000000086600000, 0x0000000086600000| Untracked 
| 103|0x0000000086700000, 0x0000000086700000, 0x0000000086800000|  0%| F|  |TAMS 0x0000000086700000, 0x0000000086700000| Untracked 
| 104|0x0000000086800000, 0x0000000086800000, 0x0000000086900000|  0%| F|  |TAMS 0x0000000086800000, 0x0000000086800000| Untracked 
| 105|0x0000000086900000, 0x0000000086900000, 0x0000000086a00000|  0%| F|  |TAMS 0x0000000086900000, 0x0000000086900000| Untracked 
| 106|0x0000000086a00000, 0x0000000086a00000, 0x0000000086b00000|  0%| F|  |TAMS 0x0000000086a00000, 0x0000000086a00000| Untracked 
| 107|0x0000000086b00000, 0x0000000086b00000, 0x0000000086c00000|  0%| F|  |TAMS 0x0000000086b00000, 0x0000000086b00000| Untracked 
| 108|0x0000000086c00000, 0x0000000086c00000, 0x0000000086d00000|  0%| F|  |TAMS 0x0000000086c00000, 0x0000000086c00000| Untracked 
| 109|0x0000000086d00000, 0x0000000086d00000, 0x0000000086e00000|  0%| F|  |TAMS 0x0000000086d00000, 0x0000000086d00000| Untracked 
| 110|0x0000000086e00000, 0x0000000086e00000, 0x0000000086f00000|  0%| F|  |TAMS 0x0000000086e00000, 0x0000000086e00000| Untracked 
| 111|0x0000000086f00000, 0x0000000086f00000, 0x0000000087000000|  0%| F|  |TAMS 0x0000000086f00000, 0x0000000086f00000| Untracked 
| 112|0x0000000087000000, 0x0000000087000000, 0x0000000087100000|  0%| F|  |TAMS 0x0000000087000000, 0x0000000087000000| Untracked 
| 113|0x0000000087100000, 0x0000000087100000, 0x0000000087200000|  0%| F|  |TAMS 0x0000000087100000, 0x0000000087100000| Untracked 
| 114|0x0000000087200000, 0x0000000087200000, 0x0000000087300000|  0%| F|  |TAMS 0x0000000087200000, 0x0000000087200000| Untracked 
| 115|0x0000000087300000, 0x0000000087300000, 0x0000000087400000|  0%| F|  |TAMS 0x0000000087300000, 0x0000000087300000| Untracked 
| 116|0x0000000087400000, 0x0000000087400000, 0x0000000087500000|  0%| F|  |TAMS 0x0000000087400000, 0x0000000087400000| Untracked 
| 117|0x0000000087500000, 0x0000000087500000, 0x0000000087600000|  0%| F|  |TAMS 0x0000000087500000, 0x0000000087500000| Untracked 
| 118|0x0000000087600000, 0x0000000087600000, 0x0000000087700000|  0%| F|  |TAMS 0x0000000087600000, 0x0000000087600000| Untracked 
| 119|0x0000000087700000, 0x0000000087700000, 0x0000000087800000|  0%| F|  |TAMS 0x0000000087700000, 0x0000000087700000| Untracked 
| 120|0x0000000087800000, 0x0000000087800000, 0x0000000087900000|  0%| F|  |TAMS 0x0000000087800000, 0x0000000087800000| Untracked 
| 121|0x0000000087900000, 0x0000000087900000, 0x0000000087a00000|  0%| F|  |TAMS 0x0000000087900000, 0x0000000087900000| Untracked 
| 122|0x0000000087a00000, 0x0000000087a00000, 0x0000000087b00000|  0%| F|  |TAMS 0x0000000087a00000, 0x0000000087a00000| Untracked 
| 123|0x0000000087b00000, 0x0000000087b00000, 0x0000000087c00000|  0%| F|  |TAMS 0x0000000087b00000, 0x0000000087b00000| Untracked 
| 124|0x0000000087c00000, 0x0000000087c00000, 0x0000000087d00000|  0%| F|  |TAMS 0x0000000087c00000, 0x0000000087c00000| Untracked 
| 125|0x0000000087d00000, 0x0000000087d00000, 0x0000000087e00000|  0%| F|  |TAMS 0x0000000087d00000, 0x0000000087d00000| Untracked 
| 126|0x0000000087e00000, 0x0000000087e00000, 0x0000000087f00000|  0%| F|  |TAMS 0x0000000087e00000, 0x0000000087e00000| Untracked 
| 127|0x0000000087f00000, 0x0000000087f00000, 0x0000000088000000|  0%| F|  |TAMS 0x0000000087f00000, 0x0000000087f00000| Untracked 
| 128|0x0000000088000000, 0x0000000088000000, 0x0000000088100000|  0%| F|  |TAMS 0x0000000088000000, 0x0000000088000000| Untracked 
| 129|0x0000000088100000, 0x0000000088100000, 0x0000000088200000|  0%| F|  |TAMS 0x0000000088100000, 0x0000000088100000| Untracked 
| 130|0x0000000088200000, 0x0000000088200000, 0x0000000088300000|  0%| F|  |TAMS 0x0000000088200000, 0x0000000088200000| Untracked 
| 131|0x0000000088300000, 0x0000000088300000, 0x0000000088400000|  0%| F|  |TAMS 0x0000000088300000, 0x0000000088300000| Untracked 
| 132|0x0000000088400000, 0x0000000088400000, 0x0000000088500000|  0%| F|  |TAMS 0x0000000088400000, 0x0000000088400000| Untracked 
| 133|0x0000000088500000, 0x0000000088500000, 0x0000000088600000|  0%| F|  |TAMS 0x0000000088500000, 0x0000000088500000| Untracked 
| 134|0x0000000088600000, 0x0000000088600000, 0x0000000088700000|  0%| F|  |TAMS 0x0000000088600000, 0x0000000088600000| Untracked 
| 135|0x0000000088700000, 0x0000000088700000, 0x0000000088800000|  0%| F|  |TAMS 0x0000000088700000, 0x0000000088700000| Untracked 
| 136|0x0000000088800000, 0x0000000088800000, 0x0000000088900000|  0%| F|  |TAMS 0x0000000088800000, 0x0000000088800000| Untracked 
| 137|0x0000000088900000, 0x0000000088900000, 0x0000000088a00000|  0%| F|  |TAMS 0x0000000088900000, 0x0000000088900000| Untracked 
| 138|0x0000000088a00000, 0x0000000088a00000, 0x0000000088b00000|  0%| F|  |TAMS 0x0000000088a00000, 0x0000000088a00000| Untracked 
| 139|0x0000000088b00000, 0x0000000088b00000, 0x0000000088c00000|  0%| F|  |TAMS 0x0000000088b00000, 0x0000000088b00000| Untracked 
| 140|0x0000000088c00000, 0x0000000088c00000, 0x0000000088d00000|  0%| F|  |TAMS 0x0000000088c00000, 0x0000000088c00000| Untracked 
| 141|0x0000000088d00000, 0x0000000088d00000, 0x0000000088e00000|  0%| F|  |TAMS 0x0000000088d00000, 0x0000000088d00000| Untracked 
| 142|0x0000000088e00000, 0x0000000088e00000, 0x0000000088f00000|  0%| F|  |TAMS 0x0000000088e00000, 0x0000000088e00000| Untracked 
| 143|0x0000000088f00000, 0x0000000088f00000, 0x0000000089000000|  0%| F|  |TAMS 0x0000000088f00000, 0x0000000088f00000| Untracked 
| 144|0x0000000089000000, 0x0000000089000000, 0x0000000089100000|  0%| F|  |TAMS 0x0000000089000000, 0x0000000089000000| Untracked 
| 145|0x0000000089100000, 0x0000000089100000, 0x0000000089200000|  0%| F|  |TAMS 0x0000000089100000, 0x0000000089100000| Untracked 
| 146|0x0000000089200000, 0x00000000892fcd50, 0x0000000089300000| 98%| S|CS|TAMS 0x0000000089200000, 0x0000000089200000| Complete 
| 147|0x0000000089300000, 0x0000000089300000, 0x0000000089400000|  0%| F|  |TAMS 0x0000000089300000, 0x0000000089300000| Untracked 
| 148|0x0000000089400000, 0x0000000089400000, 0x0000000089500000|  0%| F|  |TAMS 0x0000000089400000, 0x0000000089400000| Untracked 
| 149|0x0000000089500000, 0x0000000089500000, 0x0000000089600000|  0%| F|  |TAMS 0x0000000089500000, 0x0000000089500000| Untracked 
| 150|0x0000000089600000, 0x0000000089600000, 0x0000000089700000|  0%| F|  |TAMS 0x0000000089600000, 0x0000000089600000| Untracked 
|2047|0x00000000fff00000, 0x00000000fff00000, 0x0000000100000000|  0%| F|  |TAMS 0x00000000fff00000, 0x00000000fff00000| Untracked 

Card table byte_map: [0x0000021c9b470000,0x0000021c9b870000] _byte_map_base: 0x0000021c9b070000

Marking Bits (Prev, Next): (CMBitMap*) 0x0000021c88be8fa0, (CMBitMap*) 0x0000021c88be8fe0
 Prev Bits: [0x0000021c9bc70000, 0x0000021c9dc70000)
 Next Bits: [0x0000021c9dc70000, 0x0000021c9fc70000)

Polling page: 0x0000021c86d20000

Metaspace:

Usage:
  Non-class:     82.50 MB used.
      Class:     12.83 MB used.
       Both:     95.33 MB used.

Virtual space:
  Non-class space:      128.00 MB reserved,      82.88 MB ( 65%) committed,  2 nodes.
      Class space:        1.00 GB reserved,      13.12 MB (  1%) committed,  1 nodes.
             Both:        1.12 GB reserved,      96.00 MB (  8%) committed. 

Chunk freelists:
   Non-Class:  12.95 MB
       Class:  2.89 MB
        Both:  15.84 MB

MaxMetaspaceSize: unlimited
CompressedClassSpaceSize: 1.00 GB
Initial GC threshold: 21.00 MB
Current GC threshold: 154.06 MB
CDS: off
MetaspaceReclaimPolicy: balanced
 - commit_granule_bytes: 65536.
 - commit_granule_words: 8192.
 - virtual_space_node_default_size: 8388608.
 - enlarge_chunks_in_place: 1.
 - new_chunks_are_fully_committed: 0.
 - uncommit_free_chunks: 1.
 - use_allocation_guard: 0.
 - handle_deallocations: 1.


Internal statistics:

num_allocs_failed_limit: 3.
num_arena_births: 830.
num_arena_deaths: 0.
num_vsnodes_births: 3.
num_vsnodes_deaths: 0.
num_space_committed: 1534.
num_space_uncommitted: 0.
num_chunks_returned_to_freelist: 3.
num_chunks_taken_from_freelist: 4140.
num_chunk_merges: 3.
num_chunk_splits: 3042.
num_chunks_enlarged: 2357.
num_inconsistent_stats: 0.

CodeHeap 'non-profiled nmethods': size=120000Kb used=3784Kb max_used=3784Kb free=116215Kb
 bounds [0x0000021c93b40000, 0x0000021c93f00000, 0x0000021c9b070000]
CodeHeap 'profiled nmethods': size=120000Kb used=14636Kb max_used=14636Kb free=105363Kb
 bounds [0x0000021c8c070000, 0x0000021c8cec0000, 0x0000021c935a0000]
CodeHeap 'non-nmethods': size=5760Kb used=2393Kb max_used=2418Kb free=3367Kb
 bounds [0x0000021c935a0000, 0x0000021c93810000, 0x0000021c93b40000]
 total_blobs=7826 nmethods=6897 adapters=840
 compilation: enabled
              stopped_count=0, restarted_count=0
 full_count=0

Compilation events (20 events):
Event: 22.769 Thread 0x0000021ca22f5db0 nmethod 7642 0x0000021c93ef1a10 code [0x0000021c93ef1ba0, 0x0000021c93ef1cd8]
Event: 22.786 Thread 0x0000021ca23006e0 nmethod 7648 0x0000021c8ce98290 code [0x0000021c8ce998e0, 0x0000021c8ceabad8]
Event: 22.786 Thread 0x0000021ca23006e0 7653   !   3       org.jetbrains.kotlin.metadata.ProtoBuf$QualifiedNameTable$QualifiedName::<init> (351 bytes)
Event: 22.791 Thread 0x0000021ca23006e0 nmethod 7653 0x0000021c8ceb2310 code [0x0000021c8ceb27e0, 0x0000021c8ceb4ee8]
Event: 22.791 Thread 0x0000021ca23006e0 7652       3       kotlin.collections.CollectionsKt___CollectionsKt::joinTo (156 bytes)
Event: 22.793 Thread 0x0000021ca23006e0 nmethod 7652 0x0000021c8ceb6090 code [0x0000021c8ceb65a0, 0x0000021c8ceb89b8]
Event: 22.793 Thread 0x0000021ca23006e0 7654       3       org.jetbrains.kotlin.protobuf.CodedOutputStream::writeRawVarint32 (33 bytes)
Event: 22.793 Thread 0x0000021ca23006e0 nmethod 7654 0x0000021c8ceb9690 code [0x0000021c8ceb9860, 0x0000021c8ceb9b58]
Event: 22.794 Thread 0x0000021ca23006e0 7650       3       org.jetbrains.kotlin.name.FqNameUnsafe::hashCode (8 bytes)
Event: 22.794 Thread 0x0000021ca23006e0 nmethod 7650 0x0000021c8ceb9c90 code [0x0000021c8ceb9e40, 0x0000021c8ceb9f88]
Event: 22.794 Thread 0x0000021ca23006e0 7651       3       org.jetbrains.kotlin.name.FqName::hashCode (8 bytes)
Event: 22.794 Thread 0x0000021ca23006e0 nmethod 7651 0x0000021c8ceba090 code [0x0000021c8ceba240, 0x0000021c8ceba3e8]
Event: 22.794 Thread 0x0000021ca23006e0 7649       3       org.jetbrains.kotlin.metadata.ProtoBuf$Class::getPropertyCount (10 bytes)
Event: 22.794 Thread 0x0000021ca23006e0 nmethod 7649 0x0000021c8ceba510 code [0x0000021c8ceba6c0, 0x0000021c8ceba888]
Event: 22.794 Thread 0x0000021ca23006e0 7646       3       org.jetbrains.kotlin.metadata.ProtoBuf$TypeTable$1::parsePartialFrom (7 bytes)
Event: 22.794 Thread 0x0000021ca23006e0 nmethod 7646 0x0000021c8ceba990 code [0x0000021c8cebab20, 0x0000021c8cebac68]
Event: 22.794 Thread 0x0000021ca23006e0 7647       3       org.jetbrains.kotlin.metadata.ProtoBuf$Class$1::parsePartialFrom (7 bytes)
Event: 22.794 Thread 0x0000021ca23006e0 nmethod 7647 0x0000021c8cebad10 code [0x0000021c8cebaea0, 0x0000021c8cebafe8]
Event: 22.794 Thread 0x0000021ca23006e0 7655       1       org.jetbrains.kotlin.serialization.deserialization.DeserializationComponents::getStorageManager (5 bytes)
Event: 22.795 Thread 0x0000021ca23006e0 nmethod 7655 0x0000021c93ef1e90 code [0x0000021c93ef2020, 0x0000021c93ef20f8]

GC Heap History (20 events):
Event: 18.150 GC heap after
{Heap after GC invocations=32 (full 0):
 garbage-first heap   total 117760K, used 66070K [0x0000000080000000, 0x0000000100000000)
  region size 1024K, 2 young (2048K), 2 survivors (2048K)
 Metaspace       used 72789K, committed 73408K, reserved 1114112K
  class space    used 9835K, committed 10112K, reserved 1048576K
}
Event: 18.233 GC heap before
{Heap before GC invocations=32 (full 0):
 garbage-first heap   total 117760K, used 69142K [0x0000000080000000, 0x0000000100000000)
  region size 1024K, 5 young (5120K), 2 survivors (2048K)
 Metaspace       used 73541K, committed 74176K, reserved 1114112K
  class space    used 10140K, committed 10432K, reserved 1048576K
}
Event: 18.237 GC heap after
{Heap after GC invocations=33 (full 0):
 garbage-first heap   total 117760K, used 65737K [0x0000000080000000, 0x0000000100000000)
  region size 1024K, 1 young (1024K), 1 survivors (1024K)
 Metaspace       used 73541K, committed 74176K, reserved 1114112K
  class space    used 10140K, committed 10432K, reserved 1048576K
}
Event: 18.695 GC heap before
{Heap before GC invocations=33 (full 0):
 garbage-first heap   total 117760K, used 96457K [0x0000000080000000, 0x0000000100000000)
  region size 1024K, 31 young (31744K), 1 survivors (1024K)
 Metaspace       used 77166K, committed 77760K, reserved 1179648K
  class space    used 10760K, committed 11008K, reserved 1048576K
}
Event: 18.698 GC heap after
{Heap after GC invocations=34 (full 0):
 garbage-first heap   total 141312K, used 66237K [0x0000000080000000, 0x0000000100000000)
  region size 1024K, 1 young (1024K), 1 survivors (1024K)
 Metaspace       used 77166K, committed 77760K, reserved 1179648K
  class space    used 10760K, committed 11008K, reserved 1048576K
}
Event: 19.804 GC heap before
{Heap before GC invocations=35 (full 0):
 garbage-first heap   total 141312K, used 116413K [0x0000000080000000, 0x0000000100000000)
  region size 1024K, 50 young (51200K), 1 survivors (1024K)
 Metaspace       used 83970K, committed 84608K, reserved 1179648K
  class space    used 11632K, committed 11904K, reserved 1048576K
}
Event: 19.810 GC heap after
{Heap after GC invocations=36 (full 0):
 garbage-first heap   total 141312K, used 67317K [0x0000000080000000, 0x0000000100000000)
  region size 1024K, 2 young (2048K), 2 survivors (2048K)
 Metaspace       used 83970K, committed 84608K, reserved 1179648K
  class space    used 11632K, committed 11904K, reserved 1048576K
}
Event: 19.901 GC heap before
{Heap before GC invocations=36 (full 0):
 garbage-first heap   total 141312K, used 71413K [0x0000000080000000, 0x0000000100000000)
  region size 1024K, 6 young (6144K), 2 survivors (2048K)
 Metaspace       used 84439K, committed 85056K, reserved 1179648K
  class space    used 11712K, committed 11968K, reserved 1048576K
}
Event: 19.905 GC heap after
{Heap after GC invocations=37 (full 0):
 garbage-first heap   total 141312K, used 66537K [0x0000000080000000, 0x0000000100000000)
  region size 1024K, 1 young (1024K), 1 survivors (1024K)
 Metaspace       used 84439K, committed 85056K, reserved 1179648K
  class space    used 11712K, committed 11968K, reserved 1048576K
}
Event: 20.234 GC heap before
{Heap before GC invocations=37 (full 0):
 garbage-first heap   total 141312K, used 81897K [0x0000000080000000, 0x0000000100000000)
  region size 1024K, 17 young (17408K), 1 survivors (1024K)
 Metaspace       used 87056K, committed 87744K, reserved 1179648K
  class space    used 12048K, committed 12352K, reserved 1048576K
}
Event: 20.236 GC heap after
{Heap after GC invocations=38 (full 0):
 garbage-first heap   total 141312K, used 66709K [0x0000000080000000, 0x0000000100000000)
  region size 1024K, 1 young (1024K), 1 survivors (1024K)
 Metaspace       used 87056K, committed 87744K, reserved 1179648K
  class space    used 12048K, committed 12352K, reserved 1048576K
}
Event: 21.208 GC heap before
{Heap before GC invocations=39 (full 0):
 garbage-first heap   total 141312K, used 126101K [0x0000000080000000, 0x0000000100000000)
  region size 1024K, 52 young (53248K), 1 survivors (1024K)
 Metaspace       used 89072K, committed 89728K, reserved 1179648K
  class space    used 12292K, committed 12608K, reserved 1048576K
}
Event: 21.226 GC heap after
{Heap after GC invocations=40 (full 0):
 garbage-first heap   total 141312K, used 77242K [0x0000000080000000, 0x0000000100000000)
  region size 1024K, 7 young (7168K), 7 survivors (7168K)
 Metaspace       used 89072K, committed 89728K, reserved 1179648K
  class space    used 12292K, committed 12608K, reserved 1048576K
}
Event: 21.247 GC heap before
{Heap before GC invocations=40 (full 0):
 garbage-first heap   total 141312K, used 78266K [0x0000000080000000, 0x0000000100000000)
  region size 1024K, 8 young (8192K), 7 survivors (7168K)
 Metaspace       used 89234K, committed 89920K, reserved 1179648K
  class space    used 12306K, committed 12608K, reserved 1048576K
}
Event: 21.259 GC heap after
{Heap after GC invocations=41 (full 0):
 garbage-first heap   total 141312K, used 77567K [0x0000000080000000, 0x0000000100000000)
  region size 1024K, 1 young (1024K), 1 survivors (1024K)
 Metaspace       used 89234K, committed 89920K, reserved 1179648K
  class space    used 12306K, committed 12608K, reserved 1048576K
}
Event: 21.990 GC heap before
{Heap before GC invocations=41 (full 0):
 garbage-first heap   total 141312K, used 122623K [0x0000000080000000, 0x0000000100000000)
  region size 1024K, 38 young (38912K), 1 survivors (1024K)
 Metaspace       used 93496K, committed 94144K, reserved 1179648K
  class space    used 12773K, committed 13056K, reserved 1048576K
}
Event: 21.995 GC heap after
{Heap after GC invocations=42 (full 0):
 garbage-first heap   total 141312K, used 86790K [0x0000000080000000, 0x0000000100000000)
  region size 1024K, 3 young (3072K), 3 survivors (3072K)
 Metaspace       used 93496K, committed 94144K, reserved 1179648K
  class space    used 12773K, committed 13056K, reserved 1048576K
}
Event: 22.650 GC heap before
{Heap before GC invocations=43 (full 0):
 garbage-first heap   total 155648K, used 117510K [0x0000000080000000, 0x0000000100000000)
  region size 1024K, 33 young (33792K), 3 survivors (3072K)
 Metaspace       used 97169K, committed 97856K, reserved 1179648K
  class space    used 13089K, committed 13376K, reserved 1048576K
}
Event: 22.658 GC heap after
{Heap after GC invocations=44 (full 0):
 garbage-first heap   total 155648K, used 88948K [0x0000000080000000, 0x0000000100000000)
  region size 1024K, 2 young (2048K), 2 survivors (2048K)
 Metaspace       used 97169K, committed 97856K, reserved 1179648K
  class space    used 13089K, committed 13376K, reserved 1048576K
}
Event: 22.805 GC heap before
{Heap before GC invocations=44 (full 0):
 garbage-first heap   total 155648K, used 93044K [0x0000000080000000, 0x0000000100000000)
  region size 1024K, 7 young (7168K), 2 survivors (2048K)
 Metaspace       used 97617K, committed 98304K, reserved 1179648K
  class space    used 13134K, committed 13440K, reserved 1048576K
}

Dll operation events (3 events):
Event: 0.008 Loaded shared library E:\Program Files (x86)\Android\jbr\bin\java.dll
Event: 0.213 Loaded shared library E:\Program Files (x86)\Android\jbr\bin\zip.dll
Event: 0.588 Loaded shared library E:\Program Files (x86)\Android\jbr\bin\verify.dll

Deoptimization events (20 events):
Event: 21.607 Thread 0x0000021ca8320310 Uncommon trap: trap_request=0xffffffde fr.pc=0x0000021c93ed61f4 relative=0x0000000000000514
Event: 21.607 Thread 0x0000021ca8320310 Uncommon trap: reason=class_check action=maybe_recompile pc=0x0000021c93ed61f4 method=org.jetbrains.kotlin.protobuf.CodedInputStream.tryRefillBuffer(I)Z @ 177 c2
Event: 21.607 Thread 0x0000021ca8320310 DEOPT PACKING pc=0x0000021c93ed61f4 sp=0x0000008d23ef44e0
Event: 21.607 Thread 0x0000021ca8320310 DEOPT UNPACKING pc=0x0000021c935f69a3 sp=0x0000008d23ef43c8 mode 2
Event: 21.614 Thread 0x0000021ca8320310 Uncommon trap: trap_request=0xffffffde fr.pc=0x0000021c93ed61f4 relative=0x0000000000000514
Event: 21.614 Thread 0x0000021ca8320310 Uncommon trap: reason=class_check action=maybe_recompile pc=0x0000021c93ed61f4 method=org.jetbrains.kotlin.protobuf.CodedInputStream.tryRefillBuffer(I)Z @ 177 c2
Event: 21.614 Thread 0x0000021ca8320310 DEOPT PACKING pc=0x0000021c93ed61f4 sp=0x0000008d23ef44e0
Event: 21.614 Thread 0x0000021ca8320310 DEOPT UNPACKING pc=0x0000021c935f69a3 sp=0x0000008d23ef43c8 mode 2
Event: 21.615 Thread 0x0000021ca8320310 Uncommon trap: trap_request=0xffffffde fr.pc=0x0000021c93ed61f4 relative=0x0000000000000514
Event: 21.615 Thread 0x0000021ca8320310 Uncommon trap: reason=class_check action=maybe_recompile pc=0x0000021c93ed61f4 method=org.jetbrains.kotlin.protobuf.CodedInputStream.tryRefillBuffer(I)Z @ 177 c2
Event: 21.615 Thread 0x0000021ca8320310 DEOPT PACKING pc=0x0000021c93ed61f4 sp=0x0000008d23ef44e0
Event: 21.615 Thread 0x0000021ca8320310 DEOPT UNPACKING pc=0x0000021c935f69a3 sp=0x0000008d23ef43c8 mode 2
Event: 22.586 Thread 0x0000021ca8320310 Uncommon trap: trap_request=0xffffffc6 fr.pc=0x0000021c93ee31d4 relative=0x0000000000000db4
Event: 22.586 Thread 0x0000021ca8320310 Uncommon trap: reason=bimorphic_or_optimized_type_check action=maybe_recompile pc=0x0000021c93ee31d4 method=java.util.HashMap.computeIfAbsent(Ljava/lang/Object;Ljava/util/function/Function;)Ljava/lang/Object; @ 142 c2
Event: 22.586 Thread 0x0000021ca8320310 DEOPT PACKING pc=0x0000021c93ee31d4 sp=0x0000008d23ef46c0
Event: 22.586 Thread 0x0000021ca8320310 DEOPT UNPACKING pc=0x0000021c935f69a3 sp=0x0000008d23ef4660 mode 2
Event: 22.801 Thread 0x0000021ca8320310 Uncommon trap: trap_request=0xffffff76 fr.pc=0x0000021c93eea7c0 relative=0x00000000000001a0
Event: 22.801 Thread 0x0000021ca8320310 Uncommon trap: reason=predicate action=maybe_recompile pc=0x0000021c93eea7c0 method=java.util.LinkedHashMap.keysToArray([Ljava/lang/Object;)[Ljava/lang/Object; @ 12 c2
Event: 22.801 Thread 0x0000021ca8320310 DEOPT PACKING pc=0x0000021c93eea7c0 sp=0x0000008d23ef2640
Event: 22.801 Thread 0x0000021ca8320310 DEOPT UNPACKING pc=0x0000021c935f69a3 sp=0x0000008d23ef25f8 mode 2

Classes unloaded (0 events):
No events

Classes redefined (0 events):
No events

Internal exceptions (20 events):
Event: 16.864 Thread 0x0000021ca8320310 Exception <a 'java/lang/NoSuchMethodError'{0x00000000862a1c40}: 'long java.lang.invoke.DirectMethodHandle$Holder.invokeStatic(java.lang.Object, long)'> (0x00000000862a1c40) 
thrown [s\src\hotspot\share\interpreter\linkResolver.cpp, line 771]
Event: 17.847 Thread 0x0000021ca8320310 Exception <a 'java/lang/NoSuchMethodError'{0x00000000864abc18}: 'java.lang.Object java.lang.invoke.DirectMethodHandle$Holder.invokeStaticInit(java.lang.Object, int)'> (0x00000000864abc18) 
thrown [s\src\hotspot\share\interpreter\linkResolver.cpp, line 771]
Event: 18.499 Thread 0x0000021ca8320310 Implicit null exception at 0x0000021c93b7ae72 to 0x0000021c93b7b40c
Event: 18.630 Thread 0x0000021ca8320310 Implicit null exception at 0x0000021c93b98172 to 0x0000021c93b98720
Event: 18.950 Thread 0x0000021ca8320310 Exception <a 'sun/nio/fs/WindowsException'{0x0000000087f256e8}> (0x0000000087f256e8) 
thrown [s\src\hotspot\share\prims\jni.cpp, line 517]
Event: 18.950 Thread 0x0000021ca8320310 Exception <a 'sun/nio/fs/WindowsException'{0x0000000087f27718}> (0x0000000087f27718) 
thrown [s\src\hotspot\share\prims\jni.cpp, line 517]
Event: 19.109 Thread 0x0000021ca8320310 Exception <a 'java/lang/NoSuchMethodError'{0x0000000087876fd8}: 'long java.lang.invoke.DirectMethodHandle$Holder.invokeStatic(java.lang.Object)'> (0x0000000087876fd8) 
thrown [s\src\hotspot\share\interpreter\linkResolver.cpp, line 771]
Event: 19.110 Thread 0x0000021ca8320310 Exception <a 'java/lang/NoSuchMethodError'{0x000000008787be20}: 'long java.lang.invoke.DirectMethodHandle$Holder.invokeStaticInit(java.lang.Object)'> (0x000000008787be20) 
thrown [s\src\hotspot\share\interpreter\linkResolver.cpp, line 771]
Event: 19.242 Thread 0x0000021ca8320310 Exception <a 'java/lang/NoSuchMethodError'{0x00000000873db718}: 'long java.lang.invoke.Invokers$Holder.invoke_MT(java.lang.Object, java.lang.Object, java.lang.Object, java.lang.Object)'> (0x00000000873db718) 
thrown [s\src\hotspot\share\interpreter\linkResolver.cpp, line 771]
Event: 19.243 Thread 0x0000021ca8320310 Exception <a 'java/lang/NoSuchMethodError'{0x00000000873e4d68}: 'int java.lang.invoke.Invokers$Holder.invoke_MT(java.lang.Object, java.lang.Object, java.lang.Object, java.lang.Object)'> (0x00000000873e4d68) 
thrown [s\src\hotspot\share\interpreter\linkResolver.cpp, line 771]
Event: 19.246 Thread 0x0000021ca8320310 Exception <a 'java/lang/NoSuchMethodError'{0x00000000873f5740}: 'void java.lang.invoke.DelegatingMethodHandle$Holder.reinvoke_L(java.lang.Object, java.lang.Object, java.lang.Object, long, java.lang.Object)'> (0x00000000873f5740) 
thrown [s\src\hotspot\share\interpreter\linkResolver.cpp, line 771]
Event: 19.247 Thread 0x0000021ca8320310 Exception <a 'java/lang/NoSuchMethodError'{0x00000000873fe1e8}: 'java.lang.Object java.lang.invoke.DirectMethodHandle$Holder.invokeSpecial(java.lang.Object, java.lang.Object, java.lang.Object, java.lang.Object, long)'> (0x00000000873fe1e8) 
thrown [s\src\hotspot\share\interpreter\linkResolver.cpp, line 771]
Event: 19.248 Thread 0x0000021ca8320310 Exception <a 'java/lang/NoSuchMethodError'{0x000000008720f2c8}: 'int java.lang.invoke.DelegatingMethodHandle$Holder.reinvoke_L(java.lang.Object, java.lang.Object, java.lang.Object, long, java.lang.Object, java.lang.Object)'> (0x000000008720f2c8) 
thrown [s\src\hotspot\share\interpreter\linkResolver.cpp, line 771]
Event: 19.250 Thread 0x0000021ca8320310 Exception <a 'java/lang/NoSuchMethodError'{0x000000008721f5b0}: 'int java.lang.invoke.DelegatingMethodHandle$Holder.reinvoke_L(java.lang.Object, java.lang.Object, java.lang.Object, long, int, int)'> (0x000000008721f5b0) 
thrown [s\src\hotspot\share\interpreter\linkResolver.cpp, line 771]
Event: 19.252 Thread 0x0000021ca8320310 Exception <a 'java/lang/NoSuchMethodError'{0x000000008722f6a0}: 'int java.lang.invoke.DelegatingMethodHandle$Holder.reinvoke_L(java.lang.Object, java.lang.Object, java.lang.Object, long, long, long)'> (0x000000008722f6a0) 
thrown [s\src\hotspot\share\interpreter\linkResolver.cpp, line 771]
Event: 19.254 Thread 0x0000021ca8320310 Exception <a 'java/lang/NoSuchMethodError'{0x000000008723f410}: 'int java.lang.invoke.DelegatingMethodHandle$Holder.reinvoke_L(java.lang.Object, java.lang.Object, java.lang.Object, long, int)'> (0x000000008723f410) 
thrown [s\src\hotspot\share\interpreter\linkResolver.cpp, line 771]
Event: 20.154 Thread 0x0000021ca8320310 Exception <a 'java/lang/NoSuchMethodError'{0x0000000087d86098}: 'java.lang.Object java.lang.invoke.Invokers$Holder.invokeExact_MT(java.lang.Object, java.lang.Object, long, java.lang.Object)'> (0x0000000087d86098) 
thrown [s\src\hotspot\share\interpreter\linkResolver.cpp, line 771]
Event: 20.204 Thread 0x0000021ca8320310 Exception <a 'java/lang/NoSuchMethodError'{0x0000000087a0b088}: 'java.lang.Object java.lang.invoke.Invokers$Holder.invoke_MT(java.lang.Object, java.lang.Object, java.lang.Object)'> (0x0000000087a0b088) 
thrown [s\src\hotspot\share\interpreter\linkResolver.cpp, line 771]
Event: 20.719 Thread 0x0000021ca8320310 Implicit null exception at 0x0000021c93eb2bf9 to 0x0000021c93eb4ae4
Event: 20.719 Thread 0x0000021ca8320310 Implicit null exception at 0x0000021c93eafa96 to 0x0000021c93eb0a84

VM Operations (20 events):
Event: 20.069 Executing VM operation: HandshakeAllThreads done
Event: 20.234 Executing VM operation: G1TryInitiateConcMark
Event: 20.236 Executing VM operation: G1TryInitiateConcMark done
Event: 20.344 Executing VM operation: G1PauseRemark
Event: 20.351 Executing VM operation: G1PauseRemark done
Event: 20.405 Executing VM operation: G1PauseCleanup
Event: 20.406 Executing VM operation: G1PauseCleanup done
Event: 21.207 Executing VM operation: G1CollectForAllocation
Event: 21.226 Executing VM operation: G1CollectForAllocation done
Event: 21.247 Executing VM operation: G1CollectForAllocation
Event: 21.259 Executing VM operation: G1CollectForAllocation done
Event: 21.989 Executing VM operation: G1CollectForAllocation
Event: 21.995 Executing VM operation: G1CollectForAllocation done
Event: 22.120 Executing VM operation: G1PauseRemark
Event: 22.125 Executing VM operation: G1PauseRemark done
Event: 22.184 Executing VM operation: G1PauseCleanup
Event: 22.184 Executing VM operation: G1PauseCleanup done
Event: 22.650 Executing VM operation: G1CollectForAllocation
Event: 22.662 Executing VM operation: G1CollectForAllocation done
Event: 22.805 Executing VM operation: G1CollectForAllocation

Events (20 events):
Event: 20.203 loading class java/nio/channels/FileChannel$MapMode
Event: 20.203 loading class java/nio/channels/FileChannel$MapMode done
Event: 20.203 loading class jdk/internal/misc/ExtendedMapMode
Event: 20.203 loading class jdk/internal/misc/ExtendedMapMode done
Event: 20.205 loading class sun/nio/ch/FileChannelImpl$DefaultUnmapper
Event: 20.205 loading class sun/nio/ch/FileChannelImpl$Unmapper
Event: 20.205 loading class jdk/internal/access/foreign/UnmapperProxy
Event: 20.205 loading class jdk/internal/access/foreign/UnmapperProxy done
Event: 20.205 loading class sun/nio/ch/FileChannelImpl$Unmapper done
Event: 20.205 loading class sun/nio/ch/FileChannelImpl$DefaultUnmapper done
Event: 20.205 loading class sun/nio/ch/Util$4
Event: 20.205 loading class sun/nio/ch/Util$4 done
Event: 20.206 loading class java/io/UTFDataFormatException
Event: 20.206 loading class java/io/UTFDataFormatException done
Event: 20.337 Thread 0x0000021ca7e61e80 Thread added: 0x0000021ca7e61e80
Event: 20.811 loading class java/nio/channels/NonWritableChannelException
Event: 20.811 loading class java/nio/channels/NonWritableChannelException done
Event: 21.138 Thread 0x0000021ca7e61e80 Thread exited: 0x0000021ca7e61e80
Event: 21.902 Thread 0x0000021ca7e67380 Thread added: 0x0000021ca7e67380
Event: 22.053 Thread 0x0000021ca7e67380 Thread exited: 0x0000021ca7e67380


Dynamic libraries:
0x00007ff6625c0000 - 0x00007ff6625ca000 	E:\Program Files (x86)\Android\jbr\bin\java.exe
0x00007ff9648d0000 - 0x00007ff964ac8000 	C:\WINDOWS\SYSTEM32\ntdll.dll
0x00007ff963f40000 - 0x00007ff963ffd000 	C:\WINDOWS\System32\KERNEL32.DLL
0x00007ff962160000 - 0x00007ff962456000 	C:\WINDOWS\System32\KERNELBASE.dll
0x00007ff962460000 - 0x00007ff962560000 	C:\WINDOWS\System32\ucrtbase.dll
0x00007ff95abd0000 - 0x00007ff95abe7000 	E:\Program Files (x86)\Android\jbr\bin\jli.dll
0x00007ff952df0000 - 0x00007ff952e0b000 	E:\Program Files (x86)\Android\jbr\bin\VCRUNTIME140.dll
0x00007ff9635b0000 - 0x00007ff96374f000 	C:\WINDOWS\System32\USER32.dll
0x00007ff9620a0000 - 0x00007ff9620c2000 	C:\WINDOWS\System32\win32u.dll
0x00007ff950e70000 - 0x00007ff95110a000 	C:\WINDOWS\WinSxS\amd64_microsoft.windows.common-controls_6595b64144ccf1df_6.0.19041.3636_none_60b6a03d71f818d5\COMCTL32.dll
0x00007ff9633b0000 - 0x00007ff9633db000 	C:\WINDOWS\System32\GDI32.dll
0x00007ff962680000 - 0x00007ff962797000 	C:\WINDOWS\System32\gdi32full.dll
0x00007ff963310000 - 0x00007ff9633ae000 	C:\WINDOWS\System32\msvcrt.dll
0x00007ff962590000 - 0x00007ff96262d000 	C:\WINDOWS\System32\msvcp_win.dll
0x00007ff9633f0000 - 0x00007ff963422000 	C:\WINDOWS\System32\IMM32.DLL
0x00007ff95bdf0000 - 0x00007ff95bdfc000 	E:\Program Files (x86)\Android\jbr\bin\vcruntime140_1.dll
0x00007ff9332d0000 - 0x00007ff93335d000 	E:\Program Files (x86)\Android\jbr\bin\msvcp140.dll
0x00007ff931fa0000 - 0x00007ff932c23000 	E:\Program Files (x86)\Android\jbr\bin\server\jvm.dll
0x00007ff964000000 - 0x00007ff9640b0000 	C:\WINDOWS\System32\ADVAPI32.dll
0x00007ff964460000 - 0x00007ff964500000 	C:\WINDOWS\System32\sechost.dll
0x00007ff964560000 - 0x00007ff964683000 	C:\WINDOWS\System32\RPCRT4.dll
0x00007ff962560000 - 0x00007ff962587000 	C:\WINDOWS\System32\bcrypt.dll
0x00007ff961de0000 - 0x00007ff961e2b000 	C:\WINDOWS\SYSTEM32\POWRPROF.dll
0x00007ff951a40000 - 0x00007ff951a49000 	C:\WINDOWS\SYSTEM32\WSOCK32.dll
0x00007ff964720000 - 0x00007ff96478b000 	C:\WINDOWS\System32\WS2_32.dll
0x00007ff950b20000 - 0x00007ff950b47000 	C:\WINDOWS\SYSTEM32\WINMM.dll
0x00007ff959100000 - 0x00007ff95910a000 	C:\WINDOWS\SYSTEM32\VERSION.dll
0x00007ff961dc0000 - 0x00007ff961dd2000 	C:\WINDOWS\SYSTEM32\UMPDC.dll
0x00007ff95fc50000 - 0x00007ff95fc62000 	C:\WINDOWS\SYSTEM32\kernel.appcore.dll
0x00007ff95e6e0000 - 0x00007ff95e6ea000 	E:\Program Files (x86)\Android\jbr\bin\jimage.dll
0x00007ff94c840000 - 0x00007ff94ca24000 	C:\WINDOWS\SYSTEM32\DBGHELP.DLL
0x00007ff94c800000 - 0x00007ff94c834000 	C:\WINDOWS\SYSTEM32\dbgcore.DLL
0x00007ff9620d0000 - 0x00007ff962152000 	C:\WINDOWS\System32\bcryptPrimitives.dll
0x00007ff95ba80000 - 0x00007ff95ba8e000 	E:\Program Files (x86)\Android\jbr\bin\instrument.dll
0x00007ff95e6b0000 - 0x00007ff95e6d5000 	E:\Program Files (x86)\Android\jbr\bin\java.dll
0x00007ff95ccb0000 - 0x00007ff95ccc8000 	E:\Program Files (x86)\Android\jbr\bin\zip.dll
0x00007ff9637b0000 - 0x00007ff963f1b000 	C:\WINDOWS\System32\SHELL32.dll
0x00007ff95fe50000 - 0x00007ff9605ee000 	C:\WINDOWS\SYSTEM32\windows.storage.dll
0x00007ff962f00000 - 0x00007ff963253000 	C:\WINDOWS\System32\combase.dll
0x00007ff9618e0000 - 0x00007ff96190e000 	C:\WINDOWS\SYSTEM32\Wldp.dll
0x00007ff964390000 - 0x00007ff96445d000 	C:\WINDOWS\System32\OLEAUT32.dll
0x00007ff962e50000 - 0x00007ff962efd000 	C:\WINDOWS\System32\SHCORE.dll
0x00007ff963750000 - 0x00007ff9637a5000 	C:\WINDOWS\System32\shlwapi.dll
0x00007ff961eb0000 - 0x00007ff961ed3000 	C:\WINDOWS\SYSTEM32\profapi.dll
0x00007ff95bda0000 - 0x00007ff95bdb9000 	E:\Program Files (x86)\Android\jbr\bin\net.dll
0x00007ff95dc60000 - 0x00007ff95dd6a000 	C:\WINDOWS\SYSTEM32\WINHTTP.dll
0x00007ff961640000 - 0x00007ff9616aa000 	C:\WINDOWS\system32\mswsock.dll
0x00007ff95bb40000 - 0x00007ff95bb56000 	E:\Program Files (x86)\Android\jbr\bin\nio.dll
0x00007ff95ce70000 - 0x00007ff95ce80000 	E:\Program Files (x86)\Android\jbr\bin\verify.dll
0x00007ff95be00000 - 0x00007ff95be27000 	C:\Users\edson.junior\.gradle\native\c067742578af261105cb4f569cf0c3c89f3d7b1fecec35dd04571415982c5e48\windows-amd64\native-platform.dll
0x00007ff92ee20000 - 0x00007ff92ef64000 	C:\Users\edson.junior\.gradle\native\38dada09dfb8b06ba9b0570ebf7e218e3eb74d4ef43ca46872605cf95ebc2f47\windows-amd64\native-platform-file-events.dll
0x00007ff95bb00000 - 0x00007ff95bb09000 	E:\Program Files (x86)\Android\jbr\bin\management.dll
0x00007ff95bad0000 - 0x00007ff95badb000 	E:\Program Files (x86)\Android\jbr\bin\management_ext.dll
0x00007ff964880000 - 0x00007ff964888000 	C:\WINDOWS\System32\PSAPI.DLL
0x00007ff961840000 - 0x00007ff961858000 	C:\WINDOWS\SYSTEM32\CRYPTSP.dll
0x00007ff960f60000 - 0x00007ff960f94000 	C:\WINDOWS\system32\rsaenh.dll
0x00007ff961e70000 - 0x00007ff961e9e000 	C:\WINDOWS\SYSTEM32\USERENV.dll
0x00007ff961830000 - 0x00007ff96183c000 	C:\WINDOWS\SYSTEM32\CRYPTBASE.dll
0x00007ff961320000 - 0x00007ff96135b000 	C:\WINDOWS\SYSTEM32\IPHLPAPI.DLL
0x00007ff9633e0000 - 0x00007ff9633e8000 	C:\WINDOWS\System32\NSI.dll
0x00007ff95ee20000 - 0x00007ff95ee37000 	C:\WINDOWS\SYSTEM32\dhcpcsvc6.DLL
0x00007ff95ee00000 - 0x00007ff95ee1d000 	C:\WINDOWS\SYSTEM32\dhcpcsvc.DLL
0x00007ff961360000 - 0x00007ff96142b000 	C:\WINDOWS\SYSTEM32\DNSAPI.dll
0x00007ff95bb10000 - 0x00007ff95bb19000 	E:\Program Files (x86)\Android\jbr\bin\extnet.dll
0x00007ff95bfc0000 - 0x00007ff95bfc7000 	C:\WINDOWS\system32\wshunix.dll

dbghelp: loaded successfully - version: 4.0.5 - missing functions: none
symbol engine: initialized successfully - sym options: 0x614 - pdb path: .;E:\Program Files (x86)\Android\jbr\bin;C:\WINDOWS\SYSTEM32;C:\WINDOWS\WinSxS\amd64_microsoft.windows.common-controls_6595b64144ccf1df_6.0.19041.3636_none_60b6a03d71f818d5;E:\Program Files (x86)\Android\jbr\bin\server;C:\Users\edson.junior\.gradle\native\c067742578af261105cb4f569cf0c3c89f3d7b1fecec35dd04571415982c5e48\windows-amd64;C:\Users\edson.junior\.gradle\native\38dada09dfb8b06ba9b0570ebf7e218e3eb74d4ef43ca46872605cf95ebc2f47\windows-amd64

VM Arguments:
jvm_args: --add-opens=java.base/java.util=ALL-UNNAMED --add-opens=java.base/java.lang=ALL-UNNAMED --add-opens=java.base/java.lang.invoke=ALL-UNNAMED --add-opens=java.prefs/java.util.prefs=ALL-UNNAMED --add-opens=java.base/java.nio.charset=ALL-UNNAMED --add-opens=java.base/java.net=ALL-UNNAMED --add-opens=java.base/java.util.concurrent.atomic=ALL-UNNAMED -Xmx2048m -Dfile.encoding=UTF-8 -Duser.country=BR -Duser.language=pt -Duser.variant -javaagent:C:\Users\edson.junior\.gradle\wrapper\dists\gradle-8.4-bin\1w5dpkrfk8irigvoxmyhowfim\gradle-8.4\lib\agents\gradle-instrumentation-agent-8.4.jar 
java_command: org.gradle.launcher.daemon.bootstrap.GradleDaemon 8.4
java_class_path (initial): C:\Users\edson.junior\.gradle\wrapper\dists\gradle-8.4-bin\1w5dpkrfk8irigvoxmyhowfim\gradle-8.4\lib\gradle-launcher-8.4.jar
Launcher Type: SUN_STANDARD

[Global flags]
     intx CICompilerCount                          = 3                                         {product} {ergonomic}
     uint ConcGCThreads                            = 1                                         {product} {ergonomic}
     uint G1ConcRefinementThreads                  = 4                                         {product} {ergonomic}
   size_t G1HeapRegionSize                         = 1048576                                   {product} {ergonomic}
    uintx GCDrainStackTargetSize                   = 64                                        {product} {ergonomic}
   size_t InitialHeapSize                          = 134217728                                 {product} {ergonomic}
   size_t MarkStackSize                            = 4194304                                   {product} {ergonomic}
   size_t MaxHeapSize                              = 2147483648                                {product} {command line}
   size_t MaxNewSize                               = 1287651328                                {product} {ergonomic}
   size_t MinHeapDeltaBytes                        = 1048576                                   {product} {ergonomic}
   size_t MinHeapSize                              = 8388608                                   {product} {ergonomic}
    uintx NonNMethodCodeHeapSize                   = 5832780                                {pd product} {ergonomic}
    uintx NonProfiledCodeHeapSize                  = 122912730                              {pd product} {ergonomic}
    uintx ProfiledCodeHeapSize                     = 122912730                              {pd product} {ergonomic}
    uintx ReservedCodeCacheSize                    = 251658240                              {pd product} {ergonomic}
     bool SegmentedCodeCache                       = true                                      {product} {ergonomic}
   size_t SoftMaxHeapSize                          = 2147483648                             {manageable} {ergonomic}
     bool UseCompressedClassPointers               = true                           {product lp64_product} {ergonomic}
     bool UseCompressedOops                        = true                           {product lp64_product} {ergonomic}
     bool UseG1GC                                  = true                                      {product} {ergonomic}
     bool UseLargePagesIndividualAllocation        = false                                  {pd product} {ergonomic}

Logging:
Log output configuration:
 #0: stdout all=warning uptime,level,tags
 #1: stderr all=off uptime,level,tags

Environment Variables:
PATH=C:\Program Files\Common Files\Oracle\Java\javapath;C:\Program Files (x86)\Common Files\Oracle\Java\javapath;C:\WINDOWS\system32;C:\WINDOWS;C:\WINDOWS\System32\Wbem;C:\WINDOWS\System32\WindowsPowerShell\v1.0\;C:\WINDOWS\System32\OpenSSH\;C:\Users\edson.junior\AppData\Local\Microsoft\WindowsApps;
USERNAME=EDSON.JUNIOR
OS=Windows_NT
PROCESSOR_IDENTIFIER=Intel64 Family 6 Model 42 Stepping 7, GenuineIntel
TMP=C:\Users\EDSON~1.JUN\AppData\Local\Temp
TEMP=C:\Users\EDSON~1.JUN\AppData\Local\Temp



Periodic native trim disabled

JNI global refs:
JNI global refs: 25, weak refs: 0

JNI global refs memory usage: 843, weak refs: 841

OOME stack traces (most recent first):
Classloader memory used:
Loader org.gradle.internal.classloader.VisitableURLClassLoader                         : 7414K
Loader bootstrap                                                                       : 2541K
Loader jdk.internal.loader.ClassLoaders$AppClassLoader                                 : 1007K
Loader org.gradle.initialization.MixInLegacyTypesClassLoader                           : 900K
Loader jdk.internal.loader.ClassLoaders$PlatformClassLoader                            : 90711B
Loader org.gradle.internal.classloader.VisitableURLClassLoader$InstrumentingVisitableURLClassLoader: 87600B
Loader org.gradle.internal.classloader.VisitableURLClassLoader                         : 85936B
Loader jdk.internal.jrtfs.JrtFileSystemProvider$JrtFsLoader                            : 37835B
Loader jdk.internal.reflect.DelegatingClassLoader                                      : 27599B
Loader org.gradle.groovy.scripts.internal.DefaultScriptCompilationHandler$ScriptClassLoader: 10857B
Loader org.codehaus.groovy.runtime.callsite.CallSiteClassLoader                        : 5998B

Classes loaded by more than one classloader:
Class org.gradle.internal.Cast                                                        : loaded 3 times (x 69B)
Class org.gradle.api.GradleException                                                  : loaded 3 times (x 80B)
Class org.jetbrains.plugins.gradle.model.MavenRepositoryModel                         : loaded 2 times (x 68B)
Class org.gradle.internal.classpath.ClassPath                                         : loaded 2 times (x 68B)
Class org.gradle.api.internal.classpath.DefaultModuleRegistry                         : loaded 2 times (x 84B)
Class org.gradle.internal.exceptions.NonGradleCauseExceptionsHolder                   : loaded 2 times (x 68B)
Class Settings_gradle$1$1                                                             : loaded 2 times (x 72B)
Class jdk.internal.jimage.BasicImageReader$1                                          : loaded 2 times (x 75B)
Class org.gradle.api.Action                                                           : loaded 2 times (x 68B)
Class org.jetbrains.kotlin.idea.gradleTooling.model.samWithReceiver.SamWithReceiverModel: loaded 2 times (x 68B)
Class org.jetbrains.plugins.gradle.model.ExternalProject                              : loaded 2 times (x 68B)
Class org.jetbrains.plugins.gradle.model.IntelliJSettings                             : loaded 2 times (x 68B)
Class jdk.internal.jimage.ImageBufferCache$1                                          : loaded 2 times (x 78B)
Class jdk.internal.jimage.ImageBufferCache$2                                          : loaded 2 times (x 89B)
Class sync_studio_tooling2_3xqynyvwicux3xdfioccqg86i                                  : loaded 2 times (x 177B)
Class org.jetbrains.kotlin.idea.gradleTooling.KotlinMPPGradleModel                    : loaded 2 times (x 68B)
Class org.gradle.api.internal.DefaultClassPathProvider                                : loaded 2 times (x 74B)
Class org.gradle.internal.installation.GradleInstallation$1                           : loaded 2 times (x 73B)
Class jdk.internal.jrtfs.SystemImage$1                                                : loaded 2 times (x 76B)
Class jdk.internal.jrtfs.SystemImage$2                                                : loaded 2 times (x 74B)
Class org.gradle.internal.exceptions.DefaultMultiCauseException                       : loaded 2 times (x 89B)
Class org.gradle.util.GradleVersion                                                   : loaded 2 times (x 81B)
Class org.gradle.internal.time.MonotonicClock                                         : loaded 2 times (x 75B)
Class org.gradle.internal.classloader.FilteringClassLoader                            : loaded 2 times (x 103B)
Class jdk.internal.jimage.ImageReader$Resource                                        : loaded 2 times (x 82B)
Class jdk.internal.jrtfs.SystemImage                                                  : loaded 2 times (x 72B)
Class org.gradle.tooling.model.Model                                                  : loaded 2 times (x 68B)
Class org.gradle.internal.classpath.DefaultClassPath$ImmutableUniqueList$Builder      : loaded 2 times (x 73B)
Class org.jetbrains.kotlin.idea.gradleTooling.KotlinSourceSetContainer                : loaded 2 times (x 68B)
Class jdk.internal.jrtfs.JrtDirectoryStream$1                                         : loaded 2 times (x 81B)
Class org.gradle.internal.classloader.ClassLoaderVisitor                              : loaded 2 times (x 74B)
Class org.gradle.internal.time.DefaultCountdownTimer                                  : loaded 2 times (x 86B)
Class org.gradle.internal.service.DefaultServiceLocator                               : loaded 2 times (x 81B)
Class org.gradle.internal.service.UnknownServiceException                             : loaded 2 times (x 81B)
Class org.jetbrains.plugins.gradle.model.DependencyAccessorsModel                     : loaded 2 times (x 68B)
Class org.gradle.internal.classloader.DefaultClassLoaderFactory                       : loaded 2 times (x 80B)
Class jdk.internal.jimage.ImageReader$SharedImageReader                               : loaded 2 times (x 93B)
Class org.jetbrains.plugins.gradle.model.GradleExtensions                             : loaded 2 times (x 68B)
Class jdk.internal.jimage.decompressor.ZipDecompressorFactory                         : loaded 2 times (x 72B)
Class org.jetbrains.plugins.gradle.model.VersionCatalogsModel                         : loaded 2 times (x 68B)
Class org.gradle.internal.classloader.VisitableURLClassLoader$Spec                    : loaded 2 times (x 72B)
Class org.gradle.tooling.model.ProjectModel                                           : loaded 2 times (x 68B)
Class org.gradle.tooling.model.UnsupportedMethodException                             : loaded 2 times (x 80B)
Class org.gradle.tooling.internal.gradle.DefaultProjectIdentifier                     : loaded 2 times (x 84B)
Class org.gradle.api.internal.classpath.ModuleRegistry                                : loaded 2 times (x 68B)
Class org.jetbrains.plugins.gradle.model.RepositoriesModel                            : loaded 2 times (x 68B)
Class sync_studio_tooling2_3xqynyvwicux3xdfioccqg86i$_run_closure1                    : loaded 2 times (x 137B)
Class kotlin.jvm.internal.markers.KMappedMarker                                       : loaded 2 times (x 68B)
Class org.gradle.api.internal.ClassPathProvider                                       : loaded 2 times (x 68B)
Class org.gradle.internal.classloader.ClasspathUtil$1                                 : loaded 2 times (x 74B)
Class org.gradle.internal.classloader.ClassLoaderFactory                              : loaded 2 times (x 68B)
Class jdk.internal.jimage.ImageHeader                                                 : loaded 2 times (x 69B)
Class org.gradle.api.internal.classpath.ManifestUtil                                  : loaded 2 times (x 69B)
Class org.gradle.api.specs.Spec                                                       : loaded 2 times (x 68B)
Class org.gradle.tooling.internal.gradle.GradleBuildIdentity                          : loaded 2 times (x 68B)
Class org.gradle.internal.IoActions                                                   : loaded 2 times (x 69B)
Class jdk.internal.jimage.decompressor.StringSharingDecompressorFactory               : loaded 2 times (x 72B)
Class org.gradle.api.internal.classpath.EffectiveClassPath                            : loaded 2 times (x 88B)
Class kotlin.jvm.internal.DefaultConstructorMarker                                    : loaded 2 times (x 69B)
Class jdk.internal.jimage.ImageReader$LinkNode                                        : loaded 2 times (x 82B)
Class org.jetbrains.kotlin.idea.gradleTooling.model.annotation.AnnotationBasedPluginModel: loaded 2 times (x 68B)
Class org.jetbrains.kotlin.idea.gradleTooling.model.assignment.AssignmentModel        : loaded 2 times (x 68B)
Class org.gradle.internal.installation.CurrentGradleInstallation                      : loaded 2 times (x 71B)
Class org.gradle.internal.agents.InstrumentingClassLoader                             : loaded 2 times (x 68B)
Class org.gradle.internal.installation.CurrentGradleInstallationLocator               : loaded 2 times (x 69B)
Class org.gradle.api.internal.classpath.Module                                        : loaded 2 times (x 68B)
Class org.gradle.internal.service.CachingServiceLocator                               : loaded 2 times (x 80B)
Class org.gradle.internal.time.Timer                                                  : loaded 2 times (x 68B)
Class org.jetbrains.plugins.gradle.model.tests.ExternalTestsModel                     : loaded 2 times (x 68B)
Class org.jetbrains.kotlin.idea.gradleTooling.KotlinDslScriptAdditionalTask           : loaded 2 times (x 68B)
Class org.gradle.internal.classpath.DefaultClassPath                                  : loaded 2 times (x 88B)
Class jdk.internal.jimage.BasicImageReader                                            : loaded 2 times (x 93B)
Class com.intellij.openapi.externalSystem.model.project.dependencies.ProjectDependencies: loaded 2 times (x 68B)
Class org.jetbrains.kotlin.idea.gradleTooling.PrepareKotlinIdeImportTaskModel         : loaded 2 times (x 68B)
Class jdk.internal.jimage.ImageLocation                                               : loaded 2 times (x 88B)
Class org.gradle.internal.impldep.com.google.common.base.Preconditions                : loaded 2 times (x 69B)
Class kotlin.jvm.functions.Function1                                                  : loaded 2 times (x 68B)
Class jdk.internal.jimage.ImageReader$Node                                            : loaded 2 times (x 82B)
Class org.gradle.internal.time.Time                                                   : loaded 2 times (x 69B)
Class jdk.internal.jimage.decompressor.CompressedResourceHeader                       : loaded 2 times (x 69B)
Class org.gradle.internal.time.TimeSource$1                                           : loaded 2 times (x 75B)
Class jdk.internal.jrtfs.JrtPath                                                      : loaded 2 times (x 116B)
Class jdk.internal.jimage.ImageStrings                                                : loaded 2 times (x 68B)
Class jdk.internal.jrtfs.JrtFileAttributes                                            : loaded 2 times (x 81B)
Class org.gradle.internal.classloader.SystemClassLoaderSpec                           : loaded 2 times (x 69B)
Class jdk.internal.jimage.decompressor.ResourceDecompressorRepository                 : loaded 2 times (x 69B)
Class kotlin.Function                                                                 : loaded 2 times (x 68B)
Class org.gradle.api.UncheckedIOException                                             : loaded 2 times (x 80B)
Class jdk.internal.jimage.decompressor.ResourceDecompressor$StringsProvider           : loaded 2 times (x 68B)
Class Program                                                                         : loaded 2 times (x 70B)
Class jdk.internal.jimage.decompressor.Decompressor                                   : loaded 2 times (x 70B)
Class jdk.internal.jrtfs.JrtFileSystem                                                : loaded 2 times (x 100B)
Class org.gradle.tooling.internal.gradle.GradleProjectIdentity                        : loaded 2 times (x 68B)
Class jdk.internal.jrtfs.JrtFileSystemProvider                                        : loaded 2 times (x 97B)
Class org.gradle.internal.time.CountdownTimer                                         : loaded 2 times (x 68B)
Class org.gradle.internal.time.Clock                                                  : loaded 2 times (x 68B)
Class org.gradle.internal.classloader.ClasspathUtil                                   : loaded 2 times (x 69B)
Class jdk.internal.jrtfs.JrtDirectoryStream                                           : loaded 2 times (x 87B)
Class org.gradle.tooling.model.BuildIdentifier                                        : loaded 2 times (x 68B)
Class jdk.internal.jimage.decompressor.ResourceDecompressor                           : loaded 2 times (x 68B)
Class org.gradle.api.internal.DefaultClassPathRegistry                                : loaded 2 times (x 74B)
Class org.gradle.api.internal.classpath.DefaultModuleRegistry$DefaultModule           : loaded 2 times (x 84B)
Class org.gradle.internal.time.TimeSource                                             : loaded 2 times (x 68B)
Class org.jetbrains.kotlin.android.synthetic.idea.AndroidExtensionsGradleModel        : loaded 2 times (x 68B)
Class org.gradle.api.internal.classpath.UnknownModuleException                        : loaded 2 times (x 80B)
Class org.jetbrains.plugins.gradle.model.IntelliJProjectSettings                      : loaded 2 times (x 68B)
Class org.gradle.internal.service.ServiceLookupException                              : loaded 2 times (x 80B)
Class jdk.internal.jimage.ImageStringsReader                                          : loaded 2 times (x 78B)
Class org.gradle.cache.GlobalCache                                                    : loaded 2 times (x 68B)
Class jdk.internal.jimage.decompressor.ResourceDecompressorFactory                    : loaded 2 times (x 72B)
Class org.jetbrains.kotlin.idea.gradleTooling.model.lombok.LombokModel                : loaded 2 times (x 68B)
Class org.gradle.tooling.model.ProjectIdentifier                                      : loaded 2 times (x 68B)
Class [Lorg.gradle.api.internal.ClassPathProvider;                                    : loaded 2 times (x 67B)
Class jdk.internal.jimage.ImageReader$SharedImageReader$LocationVisitor               : loaded 2 times (x 68B)
Class org.gradle.internal.operations.MultipleBuildOperationFailures                   : loaded 2 times (x 89B)
Class org.gradle.util.internal.GUtil                                                  : loaded 2 times (x 69B)
Class jdk.internal.jimage.decompressor.ZipDecompressor                                : loaded 2 times (x 73B)
Class org.jetbrains.plugins.gradle.model.AnnotationProcessingModel                    : loaded 2 times (x 68B)
Class org.gradle.internal.classloader.ClassLoaderSpec                                 : loaded 2 times (x 69B)
Class org.jetbrains.plugins.gradle.model.BuildScriptClasspathModel                    : loaded 2 times (x 68B)
Class org.gradle.internal.classloader.VisitableURLClassLoader                         : loaded 2 times (x 115B)
Class org.gradle.internal.installation.GradleInstallation                             : loaded 2 times (x 73B)
Class org.gradle.api.internal.ClassPathRegistry                                       : loaded 2 times (x 68B)
Class org.gradle.internal.classloader.VisitableURLClassLoader$InstrumentingVisitableURLClassLoader: loaded 2 times (x 121B)
Class org.gradle.internal.classloader.ClassLoaderHierarchy                            : loaded 2 times (x 68B)
Class org.gradle.internal.exceptions.MultiCauseException                              : loaded 2 times (x 68B)
Class jdk.internal.jimage.ImageReader                                                 : loaded 2 times (x 73B)
Class org.jetbrains.kotlin.idea.gradleTooling.model.parcelize.ParcelizeGradleModel    : loaded 2 times (x 68B)
Class org.gradle.internal.InternalTransformer                                         : loaded 2 times (x 68B)
Class org.jetbrains.kotlin.idea.gradleTooling.model.noarg.NoArgModel                  : loaded 2 times (x 68B)
Class org.jetbrains.kotlin.idea.gradleTooling.KotlinGradleModel                       : loaded 2 times (x 68B)
Class org.gradle.tooling.internal.gradle.DefaultBuildIdentifier                       : loaded 2 times (x 77B)
Class org.gradle.internal.service.ServiceLocator                                      : loaded 2 times (x 68B)
Class Settings_gradle$1                                                               : loaded 2 times (x 72B)
Class org.jetbrains.kotlin.idea.gradleTooling.model.allopen.AllOpenModel              : loaded 2 times (x 68B)
Class ijInit1_8s26rdy5wfteefr4200slj5z3                                               : loaded 2 times (x 177B)
Class org.gradle.internal.classpath.DefaultClassPath$ImmutableUniqueList              : loaded 2 times (x 159B)
Class jdk.internal.jimage.ImageBufferCache                                            : loaded 2 times (x 69B)
Class org.gradle.internal.time.DefaultTimer                                           : loaded 2 times (x 78B)
Class org.gradle.internal.classpath.TransformedClassPath                              : loaded 2 times (x 94B)
Class Settings_gradle                                                                 : loaded 2 times (x 126B)
Class jdk.internal.jimage.ImageReader$Directory                                       : loaded 2 times (x 82B)


---------------  S Y S T E M  ---------------

OS:
 Windows 10 , 64 bit Build 19041 (10.0.19041.3636)
OS uptime: 10 days 11:56 hours

CPU: total 4 (initial active 4) (2 cores per cpu, 2 threads per core) family 6 model 42 stepping 7 microcode 0x2f, cx8, cmov, fxsr, ht, mmx, sse, sse2, sse3, ssse3, sse4.1, sse4.2, popcnt, tsc, tscinvbit, avx, clmul, vzeroupper, clflush
Processor Information for all 4 processors :
  Max Mhz: 3300, Current Mhz: 3300, Mhz Limit: 3300

Memory: 4k page, system-wide physical 8077M (747M free)
TotalPageFile size 10125M (AvailPageFile size 41M)
current process WorkingSet (physical memory assigned to process): 388M, peak: 388M
current process commit charge ("private bytes"): 411M, peak: 563M

vm_info: OpenJDK 64-Bit Server VM (17.0.10+0--11572160) for windows-amd64 JRE (17.0.10+0--11572160), built on Mar 13 2024 23:56:38 by "androidbuild" with MS VC++ 16.10 / 16.11 (VS2019)

END.
