#
# There is insufficient memory for the Java Runtime Environment to continue.
# Native memory allocation (mmap) failed to map 35651584 bytes for G1 virtual space
# Possible reasons:
#   The system is out of physical RAM or swap space
#   The process is running with CompressedOops enabled, and the Java Heap may be blocking the growth of the native heap
# Possible solutions:
#   Reduce memory load on the system
#   Increase physical memory or swap space
#   Check if swap backing store is full
#   Decrease Java heap size (-Xmx/-Xms)
#   Decrease number of Java threads
#   Decrease Java thread stack sizes (-Xss)
#   Set larger code cache with -XX:ReservedCodeCacheSize=
#   JVM is running with Unscaled Compressed Oops mode in which the Java heap is
#     placed in the first 4GB address space. The Java Heap base address is the
#     maximum limit for the native heap growth. Please use -XX:HeapBaseMinAddress
#     to set the Java Heap base and to place the Java Heap above 4GB virtual address.
# This output file may be truncated or incomplete.
#
#  Out of Memory Error (os_windows.cpp:3825), pid=14252, tid=8840
#
# JRE version: OpenJDK Runtime Environment (17.0.10) (build 17.0.10+0--11572160)
# Java VM: OpenJDK 64-Bit Server VM (17.0.10+0--11572160, mixed mode, tiered, compressed oops, compressed class ptrs, g1 gc, windows-amd64)
# No core dump will be written. Minidumps are not enabled by default on client versions of Windows
#

---------------  S U M M A R Y ------------

Command Line: --add-opens=java.base/java.util=ALL-UNNAMED --add-opens=java.base/java.lang=ALL-UNNAMED --add-opens=java.base/java.lang.invoke=ALL-UNNAMED --add-opens=java.prefs/java.util.prefs=ALL-UNNAMED --add-opens=java.base/java.nio.charset=ALL-UNNAMED --add-opens=java.base/java.net=ALL-UNNAMED --add-opens=java.base/java.util.concurrent.atomic=ALL-UNNAMED -Xmx2048m -Dfile.encoding=UTF-8 -Duser.country=BR -Duser.language=pt -Duser.variant -javaagent:C:\Users\edson.junior\.gradle\wrapper\dists\gradle-8.4-bin\1w5dpkrfk8irigvoxmyhowfim\gradle-8.4\lib\agents\gradle-instrumentation-agent-8.4.jar org.gradle.launcher.daemon.bootstrap.GradleDaemon 8.4

Host: Intel(R) Core(TM) i3-2120 CPU @ 3.30GHz, 4 cores, 7G,  Windows 10 , 64 bit Build 19041 (10.0.19041.3636)
Time: Wed May  8 12:04:46 2024 Hora oficial do Brasil elapsed time: 20.478619 seconds (0d 0h 0m 20s)

---------------  T H R E A D  ---------------

Current thread (0x0000029a2e3a7870):  VMThread "VM Thread" [stack: 0x000000e5f2600000,0x000000e5f2700000] [id=8840]

Stack: [0x000000e5f2600000,0x000000e5f2700000]
Native frames: (J=compiled Java code, j=interpreted, Vv=VM code, C=native code)
V  [jvm.dll+0x688e89]
V  [jvm.dll+0x84247a]
V  [jvm.dll+0x8440be]
V  [jvm.dll+0x844723]
V  [jvm.dll+0x24be0f]
V  [jvm.dll+0x685c59]
V  [jvm.dll+0x67a50a]
V  [jvm.dll+0x30cbab]
V  [jvm.dll+0x314056]
V  [jvm.dll+0x363dce]
V  [jvm.dll+0x363fff]
V  [jvm.dll+0x2e2978]
V  [jvm.dll+0x2e0b54]
V  [jvm.dll+0x2e015c]
V  [jvm.dll+0x32502b]
V  [jvm.dll+0x848e1b]
V  [jvm.dll+0x849b61]
V  [jvm.dll+0x84a07d]
V  [jvm.dll+0x84a454]
V  [jvm.dll+0x84a520]
V  [jvm.dll+0x7f0d1a]
V  [jvm.dll+0x687d05]
C  [ucrtbase.dll+0x21bb2]
C  [KERNEL32.DLL+0x17344]
C  [ntdll.dll+0x526b1]

VM_Operation (0x000000e5f3df31b0): G1CollectForAllocation, mode: safepoint, requested by thread 0x0000029a3497e510


---------------  P R O C E S S  ---------------

Threads class SMR info:
_java_thread_list=0x0000029a36049df0, length=41, elements={
0x0000029a14e24d70, 0x0000029a2e425620, 0x0000029a2e426240, 0x0000029a2e412150,
0x0000029a2e583050, 0x0000029a2e585540, 0x0000029a2e589a30, 0x0000029a2e58ab00,
0x0000029a2e58d4f0, 0x0000029a2e59b300, 0x0000029a2e6ac820, 0x0000029a2e8c7af0,
0x0000029a342e9d00, 0x0000029a33778a50, 0x0000029a33d98260, 0x0000029a3432eb80,
0x0000029a34607030, 0x0000029a3497e030, 0x0000029a3497e510, 0x0000029a34d08440,
0x0000029a3457a4c0, 0x0000029a3457aee0, 0x0000029a34579080, 0x0000029a3457b3f0,
0x0000029a3457a9d0, 0x0000029a3457b900, 0x0000029a3457be10, 0x0000029a34579aa0,
0x0000029a3457c320, 0x0000029a3457c830, 0x0000029a34579590, 0x0000029a34ef2630,
0x0000029a34ef1c10, 0x0000029a34ef0ce0, 0x0000029a34eeee80, 0x0000029a34eef8a0,
0x0000029a34ef11f0, 0x0000029a34ef3f80, 0x0000029a34ef5de0, 0x0000029a34ef02c0,
0x0000029a34ef4490
}

Java Threads: ( => current thread )
  0x0000029a14e24d70 JavaThread "main" [_thread_blocked, id=4696, stack(0x000000e5f2000000,0x000000e5f2100000)]
  0x0000029a2e425620 JavaThread "Reference Handler" daemon [_thread_blocked, id=12772, stack(0x000000e5f2700000,0x000000e5f2800000)]
  0x0000029a2e426240 JavaThread "Finalizer" daemon [_thread_blocked, id=8824, stack(0x000000e5f2800000,0x000000e5f2900000)]
  0x0000029a2e412150 JavaThread "Signal Dispatcher" daemon [_thread_blocked, id=9944, stack(0x000000e5f2900000,0x000000e5f2a00000)]
  0x0000029a2e583050 JavaThread "Attach Listener" daemon [_thread_blocked, id=1012, stack(0x000000e5f2a00000,0x000000e5f2b00000)]
  0x0000029a2e585540 JavaThread "Service Thread" daemon [_thread_blocked, id=12492, stack(0x000000e5f2b00000,0x000000e5f2c00000)]
  0x0000029a2e589a30 JavaThread "Monitor Deflation Thread" daemon [_thread_blocked, id=13576, stack(0x000000e5f2c00000,0x000000e5f2d00000)]
  0x0000029a2e58ab00 JavaThread "C2 CompilerThread0" daemon [_thread_blocked, id=4832, stack(0x000000e5f2d00000,0x000000e5f2e00000)]
  0x0000029a2e58d4f0 JavaThread "C1 CompilerThread0" daemon [_thread_blocked, id=11392, stack(0x000000e5f2e00000,0x000000e5f2f00000)]
  0x0000029a2e59b300 JavaThread "Sweeper thread" daemon [_thread_blocked, id=10036, stack(0x000000e5f2f00000,0x000000e5f3000000)]
  0x0000029a2e6ac820 JavaThread "Common-Cleaner" daemon [_thread_blocked, id=14004, stack(0x000000e5f3000000,0x000000e5f3100000)]
  0x0000029a2e8c7af0 JavaThread "Notification Thread" daemon [_thread_blocked, id=7680, stack(0x000000e5f3100000,0x000000e5f3200000)]
  0x0000029a342e9d00 JavaThread "Daemon health stats" [_thread_blocked, id=14220, stack(0x000000e5f3700000,0x000000e5f3800000)]
  0x0000029a33778a50 JavaThread "Incoming local TCP Connector on port 56648" [_thread_in_native, id=9612, stack(0x000000e5f3800000,0x000000e5f3900000)]
  0x0000029a33d98260 JavaThread "Daemon periodic checks" [_thread_blocked, id=3964, stack(0x000000e5f3900000,0x000000e5f3a00000)]
  0x0000029a3432eb80 JavaThread "Daemon" [_thread_blocked, id=7908, stack(0x000000e5f3a00000,0x000000e5f3b00000)]
  0x0000029a34607030 JavaThread "Handler for socket connection from /127.0.0.1:56648 to /127.0.0.1:56649" [_thread_in_native, id=4464, stack(0x000000e5f3b00000,0x000000e5f3c00000)]
  0x0000029a3497e030 JavaThread "Cancel handler" [_thread_blocked, id=5412, stack(0x000000e5f3c00000,0x000000e5f3d00000)]
  0x0000029a3497e510 JavaThread "Daemon worker" [_thread_blocked, id=13792, stack(0x000000e5f3d00000,0x000000e5f3e00000)]
  0x0000029a34d08440 JavaThread "Asynchronous log dispatcher for DefaultDaemonConnection: socket connection from /127.0.0.1:56648 to /127.0.0.1:56649" [_thread_blocked, id=4520, stack(0x000000e5f3e00000,0x000000e5f3f00000)]
  0x0000029a3457a4c0 JavaThread "Stdin handler" [_thread_blocked, id=9272, stack(0x000000e5f3f00000,0x000000e5f4000000)]
  0x0000029a3457aee0 JavaThread "Daemon client event forwarder" [_thread_blocked, id=6796, stack(0x000000e5f4000000,0x000000e5f4100000)]
  0x0000029a34579080 JavaThread "Cache worker for journal cache (C:\Users\edson.junior\.gradle\caches\journal-1)" [_thread_blocked, id=12760, stack(0x000000e5f3300000,0x000000e5f3400000)]
  0x0000029a3457b3f0 JavaThread "File lock request listener" [_thread_in_native, id=9804, stack(0x000000e5f4100000,0x000000e5f4200000)]
  0x0000029a3457a9d0 JavaThread "Cache worker for file hash cache (C:\Users\edson.junior\.gradle\caches\8.4\fileHashes)" [_thread_blocked, id=2904, stack(0x000000e5f4200000,0x000000e5f4300000)]
  0x0000029a3457b900 JavaThread "File watcher server" daemon [_thread_blocked, id=8936, stack(0x000000e5f4400000,0x000000e5f4500000)]
  0x0000029a3457be10 JavaThread "File watcher consumer" daemon [_thread_blocked, id=2056, stack(0x000000e5f4500000,0x000000e5f4600000)]
  0x0000029a34579aa0 JavaThread "jar transforms" [_thread_blocked, id=8784, stack(0x000000e5f4600000,0x000000e5f4700000)]
  0x0000029a3457c320 JavaThread "jar transforms Thread 2" [_thread_blocked, id=5276, stack(0x000000e5f4700000,0x000000e5f4800000)]
  0x0000029a3457c830 JavaThread "jar transforms Thread 3" [_thread_blocked, id=14264, stack(0x000000e5f4800000,0x000000e5f4900000)]
  0x0000029a34579590 JavaThread "jar transforms Thread 4" [_thread_blocked, id=6540, stack(0x000000e5f4900000,0x000000e5f4a00000)]
  0x0000029a34ef2630 JavaThread "Cache worker for checksums cache (C:\Users\edson.junior\AndroidStudioProjects\ProjetoMOB\.gradle\8.4\checksums)" [_thread_blocked, id=3980, stack(0x000000e5f4a00000,0x000000e5f4b00000)]
  0x0000029a34ef1c10 JavaThread "Cache worker for file hash cache (C:\Users\edson.junior\AndroidStudioProjects\ProjetoMOB\.gradle\8.4\fileHashes)" [_thread_blocked, id=13120, stack(0x000000e5f4300000,0x000000e5f4400000)]
  0x0000029a34ef0ce0 JavaThread "Cache worker for cache directory md-supplier (C:\Users\edson.junior\.gradle\caches\8.4\md-supplier)" [_thread_blocked, id=3600, stack(0x000000e5f4b00000,0x000000e5f4c00000)]
  0x0000029a34eeee80 JavaThread "Cache worker for file content cache (C:\Users\edson.junior\.gradle\caches\8.4\fileContent)" [_thread_blocked, id=12484, stack(0x000000e5f4c00000,0x000000e5f4d00000)]
  0x0000029a34eef8a0 JavaThread "Cache worker for cache directory md-rule (C:\Users\edson.junior\.gradle\caches\8.4\md-rule)" [_thread_blocked, id=3892, stack(0x000000e5f4d00000,0x000000e5f4e00000)]
  0x0000029a34ef11f0 JavaThread "Cache worker for execution history cache (C:\Users\edson.junior\.gradle\caches\8.4\executionHistory)" [_thread_blocked, id=11932, stack(0x000000e5f4e00000,0x000000e5f4f00000)]
  0x0000029a34ef3f80 JavaThread "Cache worker for kotlin-dsl (C:\Users\edson.junior\.gradle\caches\8.4\kotlin-dsl)" [_thread_blocked, id=7124, stack(0x000000e5f5000000,0x000000e5f5100000)]
  0x0000029a34ef5de0 JavaThread "Cache worker for dependencies-accessors (C:\Users\edson.junior\AndroidStudioProjects\ProjetoMOB\.gradle\8.4\dependencies-accessors)" [_thread_blocked, id=9960, stack(0x000000e5f5100000,0x000000e5f5200000)]
  0x0000029a34ef02c0 JavaThread "Cache worker for Build Output Cleanup Cache (C:\Users\edson.junior\AndroidStudioProjects\ProjetoMOB\.gradle\buildOutputCleanup)" [_thread_blocked, id=9932, stack(0x000000e5f5300000,0x000000e5f5400000)]
  0x0000029a34ef4490 JavaThread "Kotlin DSL Writer" [_thread_blocked, id=8732, stack(0x000000e5f5400000,0x000000e5f5500000)]

Other Threads:
=>0x0000029a2e3a7870 VMThread "VM Thread" [stack: 0x000000e5f2600000,0x000000e5f2700000] [id=8840]
  0x0000029a2e8c7fd0 WatcherThread [stack: 0x000000e5f3200000,0x000000e5f3300000] [id=4976]
  0x0000029a12e1e870 GCTaskThread "GC Thread#0" [stack: 0x000000e5f2100000,0x000000e5f2200000] [id=12440]
  0x0000029a2e573600 GCTaskThread "GC Thread#1" [stack: 0x000000e5f3400000,0x000000e5f3500000] [id=11416]
  0x0000029a2e573080 GCTaskThread "GC Thread#2" [stack: 0x000000e5f3500000,0x000000e5f3600000] [id=4984]
  0x0000029a2e574940 GCTaskThread "GC Thread#3" [stack: 0x000000e5f3600000,0x000000e5f3700000] [id=14248]
  0x0000029a14e8aa20 ConcurrentGCThread "G1 Main Marker" [stack: 0x000000e5f2200000,0x000000e5f2300000] [id=8996]
  0x0000029a14e8db10 ConcurrentGCThread "G1 Conc#0" [stack: 0x000000e5f2300000,0x000000e5f2400000] [id=11972]
  0x0000029a14ed4b60 ConcurrentGCThread "G1 Refine#0" [stack: 0x000000e5f2400000,0x000000e5f2500000] [id=7048]
  0x0000029a35e54b30 ConcurrentGCThread "G1 Refine#1" [stack: 0x000000e5f5200000,0x000000e5f5300000] [id=14328]
  0x0000029a2e262220 ConcurrentGCThread "G1 Service" [stack: 0x000000e5f2500000,0x000000e5f2600000] [id=6196]

Threads with active compile tasks:

VM state: at safepoint (normal execution)

VM Mutex/Monitor currently owned by a thread:  ([mutex/lock_event])
[0x0000029a14e20d60] Threads_lock - owner thread: 0x0000029a2e3a7870
[0x0000029a14e20220] Heap_lock - owner thread: 0x0000029a3497e510

Heap address: 0x0000000080000000, size: 2048 MB, Compressed Oops mode: 32-bit

CDS archive(s) not mapped
Compressed class space mapped at: 0x0000000100000000-0x0000000140000000, reserved size: 1073741824
Narrow klass base: 0x0000000000000000, Narrow klass shift: 3, Narrow klass range: 0x140000000

GC Precious Log:
 CPUs: 4 total, 4 available
 Memory: 8077M
 Large Page Support: Disabled
 NUMA Support: Disabled
 Compressed Oops: Enabled (32-bit)
 Heap Region Size: 1M
 Heap Min Capacity: 8M
 Heap Initial Capacity: 128M
 Heap Max Capacity: 2G
 Pre-touch: Disabled
 Parallel Workers: 4
 Concurrent Workers: 1
 Concurrent Refinement Workers: 4
 Periodic GC: Disabled

Heap:
 garbage-first heap   total 131072K, used 66219K [0x0000000080000000, 0x0000000100000000)
  region size 1024K, 1 young (1024K), 1 survivors (1024K)
 Metaspace       used 86594K, committed 87232K, reserved 1179648K
  class space    used 11995K, committed 12288K, reserved 1048576K

Heap Regions: E=young(eden), S=young(survivor), O=old, HS=humongous(starts), HC=humongous(continues), CS=collection set, F=free, OA=open archive, CA=closed archive, TAMS=top-at-mark-start (previous, next)
|   0|0x0000000080000000, 0x0000000080100000, 0x0000000080100000|100%| O|  |TAMS 0x0000000080100000, 0x0000000080000000| Untracked 
|   1|0x0000000080100000, 0x0000000080200000, 0x0000000080200000|100%| O|  |TAMS 0x0000000080200000, 0x0000000080100000| Untracked 
|   2|0x0000000080200000, 0x0000000080300000, 0x0000000080300000|100%|HS|  |TAMS 0x0000000080300000, 0x0000000080200000| Complete 
|   3|0x0000000080300000, 0x0000000080400000, 0x0000000080400000|100%|HC|  |TAMS 0x0000000080400000, 0x0000000080300000| Complete 
|   4|0x0000000080400000, 0x0000000080500000, 0x0000000080500000|100%|HC|  |TAMS 0x0000000080500000, 0x0000000080400000| Complete 
|   5|0x0000000080500000, 0x0000000080600000, 0x0000000080600000|100%|HC|  |TAMS 0x0000000080600000, 0x0000000080500000| Complete 
|   6|0x0000000080600000, 0x0000000080700000, 0x0000000080700000|100%| O|  |TAMS 0x0000000080700000, 0x0000000080600000| Untracked 
|   7|0x0000000080700000, 0x0000000080800000, 0x0000000080800000|100%| O|  |TAMS 0x0000000080800000, 0x0000000080700000| Untracked 
|   8|0x0000000080800000, 0x0000000080900000, 0x0000000080900000|100%| O|  |TAMS 0x0000000080900000, 0x0000000080800000| Untracked 
|   9|0x0000000080900000, 0x0000000080a00000, 0x0000000080a00000|100%| O|  |TAMS 0x0000000080a00000, 0x0000000080900000| Untracked 
|  10|0x0000000080a00000, 0x0000000080b00000, 0x0000000080b00000|100%| O|  |TAMS 0x0000000080b00000, 0x0000000080a00000| Untracked 
|  11|0x0000000080b00000, 0x0000000080c00000, 0x0000000080c00000|100%| O|  |TAMS 0x0000000080b00000, 0x0000000080b00000| Untracked 
|  12|0x0000000080c00000, 0x0000000080d00000, 0x0000000080d00000|100%| O|  |TAMS 0x0000000080d00000, 0x0000000080c00000| Untracked 
|  13|0x0000000080d00000, 0x0000000080e00000, 0x0000000080e00000|100%| O|  |TAMS 0x0000000080e00000, 0x0000000080d00000| Untracked 
|  14|0x0000000080e00000, 0x0000000080f00000, 0x0000000080f00000|100%| O|  |TAMS 0x0000000080f00000, 0x0000000080e00000| Untracked 
|  15|0x0000000080f00000, 0x0000000081000000, 0x0000000081000000|100%| O|  |TAMS 0x0000000081000000, 0x0000000080f00000| Untracked 
|  16|0x0000000081000000, 0x0000000081100000, 0x0000000081100000|100%| O|  |TAMS 0x0000000081100000, 0x0000000081000000| Untracked 
|  17|0x0000000081100000, 0x0000000081200000, 0x0000000081200000|100%| O|  |TAMS 0x0000000081200000, 0x0000000081100000| Untracked 
|  18|0x0000000081200000, 0x0000000081300000, 0x0000000081300000|100%| O|  |TAMS 0x0000000081300000, 0x0000000081200000| Untracked 
|  19|0x0000000081300000, 0x0000000081400000, 0x0000000081400000|100%| O|  |TAMS 0x0000000081400000, 0x0000000081300000| Untracked 
|  20|0x0000000081400000, 0x0000000081500000, 0x0000000081500000|100%| O|  |TAMS 0x0000000081500000, 0x0000000081400000| Untracked 
|  21|0x0000000081500000, 0x0000000081600000, 0x0000000081600000|100%|HS|  |TAMS 0x0000000081600000, 0x0000000081500000| Complete 
|  22|0x0000000081600000, 0x0000000081700000, 0x0000000081700000|100%|HC|  |TAMS 0x0000000081700000, 0x0000000081600000| Complete 
|  23|0x0000000081700000, 0x0000000081800000, 0x0000000081800000|100%|HS|  |TAMS 0x0000000081800000, 0x0000000081700000| Complete 
|  24|0x0000000081800000, 0x0000000081900000, 0x0000000081900000|100%|HC|  |TAMS 0x0000000081900000, 0x0000000081800000| Complete 
|  25|0x0000000081900000, 0x0000000081a00000, 0x0000000081a00000|100%|HC|  |TAMS 0x0000000081a00000, 0x0000000081900000| Complete 
|  26|0x0000000081a00000, 0x0000000081b00000, 0x0000000081b00000|100%|HS|  |TAMS 0x0000000081b00000, 0x0000000081a00000| Complete 
|  27|0x0000000081b00000, 0x0000000081c00000, 0x0000000081c00000|100%|HC|  |TAMS 0x0000000081c00000, 0x0000000081b00000| Complete 
|  28|0x0000000081c00000, 0x0000000081d00000, 0x0000000081d00000|100%|HC|  |TAMS 0x0000000081d00000, 0x0000000081c00000| Complete 
|  29|0x0000000081d00000, 0x0000000081e00000, 0x0000000081e00000|100%| O|  |TAMS 0x0000000081e00000, 0x0000000081d00000| Untracked 
|  30|0x0000000081e00000, 0x0000000081f00000, 0x0000000081f00000|100%| O|  |TAMS 0x0000000081f00000, 0x0000000081e00000| Untracked 
|  31|0x0000000081f00000, 0x0000000082000000, 0x0000000082000000|100%|HS|  |TAMS 0x0000000082000000, 0x0000000081f00000| Complete 
|  32|0x0000000082000000, 0x0000000082100000, 0x0000000082100000|100%|HC|  |TAMS 0x0000000082100000, 0x0000000082000000| Complete 
|  33|0x0000000082100000, 0x0000000082200000, 0x0000000082200000|100%|HC|  |TAMS 0x0000000082200000, 0x0000000082100000| Complete 
|  34|0x0000000082200000, 0x0000000082300000, 0x0000000082300000|100%| O|  |TAMS 0x0000000082300000, 0x0000000082200000| Untracked 
|  35|0x0000000082300000, 0x0000000082400000, 0x0000000082400000|100%| O|  |TAMS 0x0000000082400000, 0x0000000082300000| Untracked 
|  36|0x0000000082400000, 0x0000000082500000, 0x0000000082500000|100%| O|  |TAMS 0x0000000082500000, 0x0000000082400000| Untracked 
|  37|0x0000000082500000, 0x0000000082600000, 0x0000000082600000|100%| O|  |TAMS 0x0000000082600000, 0x0000000082500000| Untracked 
|  38|0x0000000082600000, 0x0000000082700000, 0x0000000082700000|100%| O|  |TAMS 0x0000000082700000, 0x0000000082600000| Untracked 
|  39|0x0000000082700000, 0x0000000082800000, 0x0000000082800000|100%| O|  |TAMS 0x0000000082800000, 0x0000000082700000| Untracked 
|  40|0x0000000082800000, 0x0000000082900000, 0x0000000082900000|100%| O|  |TAMS 0x0000000082900000, 0x0000000082800000| Untracked 
|  41|0x0000000082900000, 0x0000000082a00000, 0x0000000082a00000|100%| O|  |TAMS 0x0000000082a00000, 0x0000000082900000| Untracked 
|  42|0x0000000082a00000, 0x0000000082b00000, 0x0000000082b00000|100%| O|  |TAMS 0x0000000082b00000, 0x0000000082a00000| Untracked 
|  43|0x0000000082b00000, 0x0000000082c00000, 0x0000000082c00000|100%| O|  |TAMS 0x0000000082c00000, 0x0000000082b00000| Untracked 
|  44|0x0000000082c00000, 0x0000000082d00000, 0x0000000082d00000|100%| O|  |TAMS 0x0000000082d00000, 0x0000000082c00000| Untracked 
|  45|0x0000000082d00000, 0x0000000082e00000, 0x0000000082e00000|100%| O|  |TAMS 0x0000000082e00000, 0x0000000082d00000| Untracked 
|  46|0x0000000082e00000, 0x0000000082f00000, 0x0000000082f00000|100%|HS|  |TAMS 0x0000000082f00000, 0x0000000082e00000| Complete 
|  47|0x0000000082f00000, 0x0000000083000000, 0x0000000083000000|100%|HC|  |TAMS 0x0000000083000000, 0x0000000082f00000| Complete 
|  48|0x0000000083000000, 0x0000000083100000, 0x0000000083100000|100%|HC|  |TAMS 0x0000000083100000, 0x0000000083000000| Complete 
|  49|0x0000000083100000, 0x0000000083200000, 0x0000000083200000|100%| O|  |TAMS 0x0000000083200000, 0x0000000083100000| Untracked 
|  50|0x0000000083200000, 0x0000000083300000, 0x0000000083300000|100%| O|  |TAMS 0x0000000083300000, 0x0000000083200000| Untracked 
|  51|0x0000000083300000, 0x0000000083400000, 0x0000000083400000|100%| O|  |TAMS 0x0000000083400000, 0x0000000083300000| Untracked 
|  52|0x0000000083400000, 0x0000000083500000, 0x0000000083500000|100%| O|  |TAMS 0x0000000083500000, 0x0000000083400000| Untracked 
|  53|0x0000000083500000, 0x0000000083600000, 0x0000000083600000|100%| O|  |TAMS 0x0000000083600000, 0x0000000083500000| Untracked 
|  54|0x0000000083600000, 0x0000000083700000, 0x0000000083700000|100%| O|  |TAMS 0x0000000083700000, 0x0000000083600000| Untracked 
|  55|0x0000000083700000, 0x0000000083800000, 0x0000000083800000|100%| O|  |TAMS 0x0000000083800000, 0x0000000083700000| Untracked 
|  56|0x0000000083800000, 0x0000000083900000, 0x0000000083900000|100%| O|  |TAMS 0x0000000083900000, 0x0000000083800000| Untracked 
|  57|0x0000000083900000, 0x0000000083a00000, 0x0000000083a00000|100%| O|  |TAMS 0x0000000083a00000, 0x0000000083900000| Untracked 
|  58|0x0000000083a00000, 0x0000000083a00000, 0x0000000083b00000|  0%| F|  |TAMS 0x0000000083a00000, 0x0000000083a00000| Untracked 
|  59|0x0000000083b00000, 0x0000000083c00000, 0x0000000083c00000|100%| O|  |TAMS 0x0000000083c00000, 0x0000000083b00000| Untracked 
|  60|0x0000000083c00000, 0x0000000083d00000, 0x0000000083d00000|100%| O|  |TAMS 0x0000000083d00000, 0x0000000083c00000| Untracked 
|  61|0x0000000083d00000, 0x0000000083e00000, 0x0000000083e00000|100%| O|  |TAMS 0x0000000083e00000, 0x0000000083d00000| Untracked 
|  62|0x0000000083e00000, 0x0000000083f00000, 0x0000000083f00000|100%| O|  |TAMS 0x0000000083f00000, 0x0000000083e00000| Untracked 
|  63|0x0000000083f00000, 0x0000000084000000, 0x0000000084000000|100%| O|  |TAMS 0x0000000084000000, 0x0000000083f00000| Untracked 
|  64|0x0000000084000000, 0x0000000084100000, 0x0000000084100000|100%| O|  |TAMS 0x00000000840d9200, 0x0000000084000000| Untracked 
|  65|0x0000000084100000, 0x000000008416ec00, 0x0000000084200000| 43%| O|  |TAMS 0x0000000084100000, 0x0000000084100000| Untracked 
|  66|0x0000000084200000, 0x0000000084200000, 0x0000000084300000|  0%| F|  |TAMS 0x0000000084200000, 0x0000000084200000| Untracked 
|  67|0x0000000084300000, 0x0000000084300000, 0x0000000084400000|  0%| F|  |TAMS 0x0000000084300000, 0x0000000084300000| Untracked 
|  68|0x0000000084400000, 0x0000000084400000, 0x0000000084500000|  0%| F|  |TAMS 0x0000000084400000, 0x0000000084400000| Untracked 
|  69|0x0000000084500000, 0x0000000084500000, 0x0000000084600000|  0%| F|  |TAMS 0x0000000084500000, 0x0000000084500000| Untracked 
|  70|0x0000000084600000, 0x0000000084600000, 0x0000000084700000|  0%| F|  |TAMS 0x0000000084600000, 0x0000000084600000| Untracked 
|  71|0x0000000084700000, 0x0000000084700000, 0x0000000084800000|  0%| F|  |TAMS 0x0000000084700000, 0x0000000084700000| Untracked 
|  72|0x0000000084800000, 0x0000000084800000, 0x0000000084900000|  0%| F|  |TAMS 0x0000000084800000, 0x0000000084800000| Untracked 
|  73|0x0000000084900000, 0x0000000084900000, 0x0000000084a00000|  0%| F|  |TAMS 0x0000000084900000, 0x0000000084900000| Untracked 
|  74|0x0000000084a00000, 0x0000000084a00000, 0x0000000084b00000|  0%| F|  |TAMS 0x0000000084a00000, 0x0000000084a00000| Untracked 
|  75|0x0000000084b00000, 0x0000000084b00000, 0x0000000084c00000|  0%| F|  |TAMS 0x0000000084b00000, 0x0000000084b00000| Untracked 
|  76|0x0000000084c00000, 0x0000000084c00000, 0x0000000084d00000|  0%| F|  |TAMS 0x0000000084c00000, 0x0000000084c00000| Untracked 
|  77|0x0000000084d00000, 0x0000000084d00000, 0x0000000084e00000|  0%| F|  |TAMS 0x0000000084d00000, 0x0000000084d00000| Untracked 
|  78|0x0000000084e00000, 0x0000000084e00000, 0x0000000084f00000|  0%| F|  |TAMS 0x0000000084e00000, 0x0000000084e00000| Untracked 
|  79|0x0000000084f00000, 0x0000000084f00000, 0x0000000085000000|  0%| F|  |TAMS 0x0000000084f00000, 0x0000000084f00000| Untracked 
|  80|0x0000000085000000, 0x0000000085000000, 0x0000000085100000|  0%| F|  |TAMS 0x0000000085000000, 0x0000000085000000| Untracked 
|  81|0x0000000085100000, 0x0000000085100000, 0x0000000085200000|  0%| F|  |TAMS 0x0000000085100000, 0x0000000085100000| Untracked 
|  82|0x0000000085200000, 0x0000000085200000, 0x0000000085300000|  0%| F|  |TAMS 0x0000000085200000, 0x0000000085200000| Untracked 
|  83|0x0000000085300000, 0x0000000085300000, 0x0000000085400000|  0%| F|  |TAMS 0x0000000085300000, 0x0000000085300000| Untracked 
|  84|0x0000000085400000, 0x0000000085400000, 0x0000000085500000|  0%| F|  |TAMS 0x0000000085400000, 0x0000000085400000| Untracked 
|  85|0x0000000085500000, 0x0000000085500000, 0x0000000085600000|  0%| F|  |TAMS 0x0000000085500000, 0x0000000085500000| Untracked 
|  86|0x0000000085600000, 0x0000000085600000, 0x0000000085700000|  0%| F|  |TAMS 0x0000000085600000, 0x0000000085600000| Untracked 
|  87|0x0000000085700000, 0x0000000085700000, 0x0000000085800000|  0%| F|  |TAMS 0x0000000085700000, 0x0000000085700000| Untracked 
|  88|0x0000000085800000, 0x0000000085800000, 0x0000000085900000|  0%| F|  |TAMS 0x0000000085800000, 0x0000000085800000| Untracked 
|  89|0x0000000085900000, 0x0000000085900000, 0x0000000085a00000|  0%| F|  |TAMS 0x0000000085900000, 0x0000000085900000| Untracked 
|  90|0x0000000085a00000, 0x0000000085a00000, 0x0000000085b00000|  0%| F|  |TAMS 0x0000000085a00000, 0x0000000085a00000| Untracked 
|  91|0x0000000085b00000, 0x0000000085b00000, 0x0000000085c00000|  0%| F|  |TAMS 0x0000000085b00000, 0x0000000085b00000| Untracked 
|  92|0x0000000085c00000, 0x0000000085c00000, 0x0000000085d00000|  0%| F|  |TAMS 0x0000000085c00000, 0x0000000085c00000| Untracked 
|  93|0x0000000085d00000, 0x0000000085d00000, 0x0000000085e00000|  0%| F|  |TAMS 0x0000000085d00000, 0x0000000085d00000| Untracked 
|  94|0x0000000085e00000, 0x0000000085e00000, 0x0000000085f00000|  0%| F|  |TAMS 0x0000000085e00000, 0x0000000085e00000| Untracked 
|  95|0x0000000085f00000, 0x0000000085f00000, 0x0000000086000000|  0%| F|  |TAMS 0x0000000085f00000, 0x0000000085f00000| Untracked 
|  96|0x0000000086000000, 0x0000000086000000, 0x0000000086100000|  0%| F|  |TAMS 0x0000000086000000, 0x0000000086000000| Untracked 
|  97|0x0000000086100000, 0x0000000086100000, 0x0000000086200000|  0%| F|  |TAMS 0x0000000086100000, 0x0000000086100000| Untracked 
|  98|0x0000000086200000, 0x0000000086200000, 0x0000000086300000|  0%| F|  |TAMS 0x0000000086200000, 0x0000000086200000| Untracked 
|  99|0x0000000086300000, 0x0000000086300000, 0x0000000086400000|  0%| F|  |TAMS 0x0000000086300000, 0x0000000086300000| Untracked 
| 100|0x0000000086400000, 0x0000000086400000, 0x0000000086500000|  0%| F|  |TAMS 0x0000000086400000, 0x0000000086400000| Untracked 
| 101|0x0000000086500000, 0x0000000086500000, 0x0000000086600000|  0%| F|  |TAMS 0x0000000086500000, 0x0000000086500000| Untracked 
| 102|0x0000000086600000, 0x0000000086600000, 0x0000000086700000|  0%| F|  |TAMS 0x0000000086600000, 0x0000000086600000| Untracked 
| 103|0x0000000086700000, 0x0000000086700000, 0x0000000086800000|  0%| F|  |TAMS 0x0000000086700000, 0x0000000086700000| Untracked 
| 104|0x0000000086800000, 0x0000000086800000, 0x0000000086900000|  0%| F|  |TAMS 0x0000000086800000, 0x0000000086800000| Untracked 
| 105|0x0000000086900000, 0x0000000086900000, 0x0000000086a00000|  0%| F|  |TAMS 0x0000000086900000, 0x0000000086900000| Untracked 
| 106|0x0000000086a00000, 0x0000000086a00000, 0x0000000086b00000|  0%| F|  |TAMS 0x0000000086a00000, 0x0000000086a00000| Untracked 
| 107|0x0000000086b00000, 0x0000000086b00000, 0x0000000086c00000|  0%| F|  |TAMS 0x0000000086b00000, 0x0000000086b00000| Untracked 
| 108|0x0000000086c00000, 0x0000000086c00000, 0x0000000086d00000|  0%| F|  |TAMS 0x0000000086c00000, 0x0000000086c00000| Untracked 
| 109|0x0000000086d00000, 0x0000000086d00000, 0x0000000086e00000|  0%| F|  |TAMS 0x0000000086d00000, 0x0000000086d00000| Untracked 
| 110|0x0000000086e00000, 0x0000000086e00000, 0x0000000086f00000|  0%| F|  |TAMS 0x0000000086e00000, 0x0000000086e00000| Untracked 
| 111|0x0000000086f00000, 0x0000000086f00000, 0x0000000087000000|  0%| F|  |TAMS 0x0000000086f00000, 0x0000000086f00000| Untracked 
| 112|0x0000000087000000, 0x0000000087000000, 0x0000000087100000|  0%| F|  |TAMS 0x0000000087000000, 0x0000000087000000| Untracked 
| 113|0x0000000087100000, 0x000000008713c3c0, 0x0000000087200000| 23%| S|CS|TAMS 0x0000000087100000, 0x0000000087100000| Complete 
| 114|0x0000000087200000, 0x0000000087200000, 0x0000000087300000|  0%| F|  |TAMS 0x0000000087200000, 0x0000000087200000| Untracked 
| 115|0x0000000087300000, 0x0000000087300000, 0x0000000087400000|  0%| F|  |TAMS 0x0000000087300000, 0x0000000087300000| Untracked 
| 116|0x0000000087400000, 0x0000000087400000, 0x0000000087500000|  0%| F|  |TAMS 0x0000000087400000, 0x0000000087400000| Untracked 
| 117|0x0000000087500000, 0x0000000087500000, 0x0000000087600000|  0%| F|  |TAMS 0x0000000087500000, 0x0000000087500000| Untracked 
| 118|0x0000000087600000, 0x0000000087600000, 0x0000000087700000|  0%| F|  |TAMS 0x0000000087600000, 0x0000000087600000| Untracked 
| 119|0x0000000087700000, 0x0000000087700000, 0x0000000087800000|  0%| F|  |TAMS 0x0000000087700000, 0x0000000087700000| Untracked 
| 120|0x0000000087800000, 0x0000000087800000, 0x0000000087900000|  0%| F|  |TAMS 0x0000000087800000, 0x0000000087800000| Untracked 
| 121|0x0000000087900000, 0x0000000087900000, 0x0000000087a00000|  0%| F|  |TAMS 0x0000000087900000, 0x0000000087900000| Untracked 
| 122|0x0000000087a00000, 0x0000000087a00000, 0x0000000087b00000|  0%| F|  |TAMS 0x0000000087a00000, 0x0000000087a00000| Untracked 
| 123|0x0000000087b00000, 0x0000000087b00000, 0x0000000087c00000|  0%| F|  |TAMS 0x0000000087b00000, 0x0000000087b00000| Untracked 
| 124|0x0000000087c00000, 0x0000000087c00000, 0x0000000087d00000|  0%| F|  |TAMS 0x0000000087c00000, 0x0000000087c00000| Untracked 
| 125|0x0000000087d00000, 0x0000000087d00000, 0x0000000087e00000|  0%| F|  |TAMS 0x0000000087d00000, 0x0000000087d00000| Untracked 
| 126|0x0000000087e00000, 0x0000000087e00000, 0x0000000087f00000|  0%| F|  |TAMS 0x0000000087e00000, 0x0000000087e00000| Untracked 
| 127|0x0000000087f00000, 0x0000000087f00000, 0x0000000088000000|  0%| F|  |TAMS 0x0000000087f00000, 0x0000000087f00000| Untracked 

Card table byte_map: [0x0000029a27700000,0x0000029a27b00000] _byte_map_base: 0x0000029a27300000

Marking Bits (Prev, Next): (CMBitMap*) 0x0000029a14e7a370, (CMBitMap*) 0x0000029a14e7a330
 Prev Bits: [0x0000029a29f00000, 0x0000029a2bf00000)
 Next Bits: [0x0000029a27f00000, 0x0000029a29f00000)

Polling page: 0x0000029a145e0000

Metaspace:

Usage:
  Non-class:     72.85 MB used.
      Class:     11.71 MB used.
       Both:     84.57 MB used.

Virtual space:
  Non-class space:      128.00 MB reserved,      73.19 MB ( 57%) committed,  2 nodes.
      Class space:        1.00 GB reserved,      12.00 MB (  1%) committed,  1 nodes.
             Both:        1.12 GB reserved,      85.19 MB (  7%) committed. 

Chunk freelists:
   Non-Class:  6.56 MB
       Class:  4.05 MB
        Both:  10.61 MB

MaxMetaspaceSize: unlimited
CompressedClassSpaceSize: 1.00 GB
Initial GC threshold: 21.00 MB
Current GC threshold: 134.50 MB
CDS: off
MetaspaceReclaimPolicy: balanced
 - commit_granule_bytes: 65536.
 - commit_granule_words: 8192.
 - virtual_space_node_default_size: 8388608.
 - enlarge_chunks_in_place: 1.
 - new_chunks_are_fully_committed: 0.
 - uncommit_free_chunks: 1.
 - use_allocation_guard: 0.
 - handle_deallocations: 1.


Internal statistics:

num_allocs_failed_limit: 3.
num_arena_births: 824.
num_arena_deaths: 0.
num_vsnodes_births: 3.
num_vsnodes_deaths: 0.
num_space_committed: 1363.
num_space_uncommitted: 0.
num_chunks_returned_to_freelist: 3.
num_chunks_taken_from_freelist: 3754.
num_chunk_merges: 3.
num_chunk_splits: 2703.
num_chunks_enlarged: 2039.
num_inconsistent_stats: 0.

CodeHeap 'non-profiled nmethods': size=120000Kb used=3430Kb max_used=3430Kb free=116569Kb
 bounds [0x0000029a1fdd0000, 0x0000029a20130000, 0x0000029a27300000]
CodeHeap 'profiled nmethods': size=120000Kb used=12758Kb max_used=12758Kb free=107242Kb
 bounds [0x0000029a18300000, 0x0000029a18f80000, 0x0000029a1f830000]
CodeHeap 'non-nmethods': size=5760Kb used=2373Kb max_used=2400Kb free=3386Kb
 bounds [0x0000029a1f830000, 0x0000029a1faa0000, 0x0000029a1fdd0000]
 total_blobs=7105 nmethods=6202 adapters=815
 compilation: enabled
              stopped_count=0, restarted_count=0
 full_count=0

Compilation events (20 events):
Event: 20.381 Thread 0x0000029a2e58d4f0 nmethod 6974 0x0000029a1835af90 code [0x0000029a1835b120, 0x0000029a1835b278]
Event: 20.381 Thread 0x0000029a2e58d4f0 6976   !   3       org.jetbrains.kotlin.com.intellij.lexer.FlexAdapter::locateToken (108 bytes)
Event: 20.382 Thread 0x0000029a2e58d4f0 nmethod 6976 0x0000029a186c3810 code [0x0000029a186c3a40, 0x0000029a186c4108]
Event: 20.387 Thread 0x0000029a2e58ab00 nmethod 6975 0x0000029a2001f410 code [0x0000029a2001f5c0, 0x0000029a2001f878]
Event: 20.420 Thread 0x0000029a2e58d4f0 6977       1       java.util.AbstractMap$SimpleImmutableEntry::getKey (5 bytes)
Event: 20.421 Thread 0x0000029a2e58d4f0 nmethod 6977 0x0000029a2001f110 code [0x0000029a2001f2a0, 0x0000029a2001f378]
Event: 20.423 Thread 0x0000029a2e58d4f0 6978       3       org.jetbrains.kotlin.com.intellij.psi.tree.TokenSet::get (44 bytes)
Event: 20.423 Thread 0x0000029a2e58d4f0 nmethod 6978 0x0000029a1836b110 code [0x0000029a1836b2a0, 0x0000029a1836b4b8]
Event: 20.432 Thread 0x0000029a2e58d4f0 6979       3       java.util.BitSet::get (69 bytes)
Event: 20.433 Thread 0x0000029a2e58d4f0 nmethod 6979 0x0000029a18f73e90 code [0x0000029a18f740e0, 0x0000029a18f748c8]
Event: 20.433 Thread 0x0000029a2e58d4f0 6980       3       org.jetbrains.kotlin.com.intellij.psi.tree.TokenSet::contains (58 bytes)
Event: 20.433 Thread 0x0000029a2e58d4f0 nmethod 6980 0x0000029a186c3010 code [0x0000029a186c31e0, 0x0000029a186c35e8]
Event: 20.435 Thread 0x0000029a2e58d4f0 6981       3       org.jetbrains.kotlin.com.intellij.util.text.ImmutableText::charAt (52 bytes)
Event: 20.436 Thread 0x0000029a2e58d4f0 nmethod 6981 0x0000029a18580310 code [0x0000029a185804c0, 0x0000029a185807f8]
Event: 20.445 Thread 0x0000029a2e58d4f0 6985       3       java.lang.invoke.LambdaForm::arguments (47 bytes)
Event: 20.445 Thread 0x0000029a2e58ab00 6987       4       jdk.internal.org.objectweb.asm.MethodWriter::visitVarInsn (302 bytes)
Event: 20.446 Thread 0x0000029a2e58d4f0 nmethod 6985 0x0000029a18f74c10 code [0x0000029a18f74e40, 0x0000029a18f756a8]
Event: 20.456 Thread 0x0000029a2e58ab00 nmethod 6987 0x0000029a20128390 code [0x0000029a20128560, 0x0000029a20129088]
Event: 20.469 Thread 0x0000029a2e58d4f0 6988       1       org.jetbrains.kotlin.com.intellij.openapi.util.Key::hashCode (5 bytes)
Event: 20.469 Thread 0x0000029a2e58d4f0 nmethod 6988 0x0000029a20129590 code [0x0000029a20129720, 0x0000029a201297f8]

GC Heap History (20 events):
Event: 14.735 GC heap after
{Heap after GC invocations=26 (full 0):
 garbage-first heap   total 102400K, used 56767K [0x0000000080000000, 0x0000000100000000)
  region size 1024K, 4 young (4096K), 4 survivors (4096K)
 Metaspace       used 57629K, committed 58240K, reserved 1114112K
  class space    used 7786K, committed 8064K, reserved 1048576K
}
Event: 15.175 GC heap before
{Heap before GC invocations=26 (full 0):
 garbage-first heap   total 102400K, used 80319K [0x0000000080000000, 0x0000000100000000)
  region size 1024K, 28 young (28672K), 4 survivors (4096K)
 Metaspace       used 62502K, committed 63104K, reserved 1114112K
  class space    used 8422K, committed 8704K, reserved 1048576K
}
Event: 15.181 GC heap after
{Heap after GC invocations=27 (full 0):
 garbage-first heap   total 102400K, used 58097K [0x0000000080000000, 0x0000000100000000)
  region size 1024K, 3 young (3072K), 3 survivors (3072K)
 Metaspace       used 62502K, committed 63104K, reserved 1114112K
  class space    used 8422K, committed 8704K, reserved 1048576K
}
Event: 15.910 GC heap before
{Heap before GC invocations=28 (full 0):
 garbage-first heap   total 104448K, used 81649K [0x0000000080000000, 0x0000000100000000)
  region size 1024K, 27 young (27648K), 3 survivors (3072K)
 Metaspace       used 63913K, committed 64448K, reserved 1114112K
  class space    used 8535K, committed 8768K, reserved 1048576K
}
Event: 15.919 GC heap after
{Heap after GC invocations=29 (full 0):
 garbage-first heap   total 104448K, used 63129K [0x0000000080000000, 0x0000000100000000)
  region size 1024K, 4 young (4096K), 4 survivors (4096K)
 Metaspace       used 63913K, committed 64448K, reserved 1114112K
  class space    used 8535K, committed 8768K, reserved 1048576K
}
Event: 17.026 GC heap before
{Heap before GC invocations=29 (full 0):
 garbage-first heap   total 104448K, used 82585K [0x0000000080000000, 0x0000000100000000)
  region size 1024K, 24 young (24576K), 4 survivors (4096K)
 Metaspace       used 66074K, committed 66624K, reserved 1114112K
  class space    used 8838K, committed 9088K, reserved 1048576K
}
Event: 17.034 GC heap after
{Heap after GC invocations=30 (full 0):
 garbage-first heap   total 104448K, used 64499K [0x0000000080000000, 0x0000000100000000)
  region size 1024K, 2 young (2048K), 2 survivors (2048K)
 Metaspace       used 66074K, committed 66624K, reserved 1114112K
  class space    used 8838K, committed 9088K, reserved 1048576K
}
Event: 17.858 GC heap before
{Heap before GC invocations=31 (full 0):
 garbage-first heap   total 114688K, used 83955K [0x0000000080000000, 0x0000000100000000)
  region size 1024K, 21 young (21504K), 2 survivors (2048K)
 Metaspace       used 68641K, committed 69248K, reserved 1114112K
  class space    used 9209K, committed 9472K, reserved 1048576K
}
Event: 17.863 GC heap after
{Heap after GC invocations=32 (full 0):
 garbage-first heap   total 114688K, used 65361K [0x0000000080000000, 0x0000000100000000)
  region size 1024K, 1 young (1024K), 1 survivors (1024K)
 Metaspace       used 68641K, committed 69248K, reserved 1114112K
  class space    used 9209K, committed 9472K, reserved 1048576K
}
Event: 18.751 GC heap before
{Heap before GC invocations=32 (full 0):
 garbage-first heap   total 114688K, used 93009K [0x0000000080000000, 0x0000000100000000)
  region size 1024K, 28 young (28672K), 1 survivors (1024K)
 Metaspace       used 73396K, committed 73984K, reserved 1114112K
  class space    used 10050K, committed 10304K, reserved 1048576K
}
Event: 18.754 GC heap after
{Heap after GC invocations=33 (full 0):
 garbage-first heap   total 114688K, used 66002K [0x0000000080000000, 0x0000000100000000)
  region size 1024K, 2 young (2048K), 2 survivors (2048K)
 Metaspace       used 73396K, committed 73984K, reserved 1114112K
  class space    used 10050K, committed 10304K, reserved 1048576K
}
Event: 19.203 GC heap before
{Heap before GC invocations=34 (full 0):
 garbage-first heap   total 117760K, used 92626K [0x0000000080000000, 0x0000000100000000)
  region size 1024K, 29 young (29696K), 2 survivors (2048K)
 Metaspace       used 76654K, committed 77184K, reserved 1179648K
  class space    used 10701K, committed 10944K, reserved 1048576K
}
Event: 19.207 GC heap after
{Heap after GC invocations=35 (full 0):
 garbage-first heap   total 117760K, used 65571K [0x0000000080000000, 0x0000000100000000)
  region size 1024K, 3 young (3072K), 3 survivors (3072K)
 Metaspace       used 76654K, committed 77184K, reserved 1179648K
  class space    used 10701K, committed 10944K, reserved 1048576K
}
Event: 19.238 GC heap before
{Heap before GC invocations=35 (full 0):
 garbage-first heap   total 117760K, used 67619K [0x0000000080000000, 0x0000000100000000)
  region size 1024K, 5 young (5120K), 3 survivors (3072K)
 Metaspace       used 76875K, committed 77440K, reserved 1179648K
  class space    used 10731K, committed 11008K, reserved 1048576K
}
Event: 19.242 GC heap after
{Heap after GC invocations=36 (full 0):
 garbage-first heap   total 117760K, used 65744K [0x0000000080000000, 0x0000000100000000)
  region size 1024K, 1 young (1024K), 1 survivors (1024K)
 Metaspace       used 76875K, committed 77440K, reserved 1179648K
  class space    used 10731K, committed 11008K, reserved 1048576K
}
Event: 19.842 GC heap before
{Heap before GC invocations=36 (full 0):
 garbage-first heap   total 117760K, used 98512K [0x0000000080000000, 0x0000000100000000)
  region size 1024K, 33 young (33792K), 1 survivors (1024K)
 Metaspace       used 81296K, committed 81920K, reserved 1179648K
  class space    used 11304K, committed 11584K, reserved 1048576K
}
Event: 19.844 GC heap after
{Heap after GC invocations=37 (full 0):
 garbage-first heap   total 117760K, used 66230K [0x0000000080000000, 0x0000000100000000)
  region size 1024K, 1 young (1024K), 1 survivors (1024K)
 Metaspace       used 81296K, committed 81920K, reserved 1179648K
  class space    used 11304K, committed 11584K, reserved 1048576K
}
Event: 20.409 GC heap before
{Heap before GC invocations=38 (full 0):
 garbage-first heap   total 119808K, used 100022K [0x0000000080000000, 0x0000000100000000)
  region size 1024K, 34 young (34816K), 1 survivors (1024K)
 Metaspace       used 86203K, committed 86784K, reserved 1179648K
  class space    used 11926K, committed 12160K, reserved 1048576K
}
Event: 20.415 GC heap after
{Heap after GC invocations=39 (full 0):
 garbage-first heap   total 119808K, used 66895K [0x0000000080000000, 0x0000000100000000)
  region size 1024K, 2 young (2048K), 2 survivors (2048K)
 Metaspace       used 86203K, committed 86784K, reserved 1179648K
  class space    used 11926K, committed 12160K, reserved 1048576K
}
Event: 20.470 GC heap before
{Heap before GC invocations=39 (full 0):
 garbage-first heap   total 119808K, used 69967K [0x0000000080000000, 0x0000000100000000)
  region size 1024K, 5 young (5120K), 2 survivors (2048K)
 Metaspace       used 86594K, committed 87232K, reserved 1179648K
  class space    used 11995K, committed 12288K, reserved 1048576K
}

Dll operation events (3 events):
Event: 0.012 Loaded shared library E:\Program Files (x86)\Android\jbr\bin\java.dll
Event: 0.874 Loaded shared library E:\Program Files (x86)\Android\jbr\bin\zip.dll
Event: 1.655 Loaded shared library E:\Program Files (x86)\Android\jbr\bin\verify.dll

Deoptimization events (20 events):
Event: 20.379 Thread 0x0000029a3497e510 Uncommon trap: trap_request=0xffffffde fr.pc=0x0000029a1feccc30 relative=0x0000000000000090
Event: 20.379 Thread 0x0000029a3497e510 Uncommon trap: reason=class_check action=maybe_recompile pc=0x0000029a1feccc30 method=java.lang.Character.codePointAt(Ljava/lang/CharSequence;I)I @ 2 c2
Event: 20.379 Thread 0x0000029a3497e510 DEOPT PACKING pc=0x0000029a1feccc30 sp=0x000000e5f3df3f20
Event: 20.379 Thread 0x0000029a3497e510 DEOPT UNPACKING pc=0x0000029a1f8869a3 sp=0x000000e5f3df3eb8 mode 2
Event: 20.381 Thread 0x0000029a3497e510 Uncommon trap: trap_request=0xffffffde fr.pc=0x0000029a1feccc30 relative=0x0000000000000090
Event: 20.381 Thread 0x0000029a3497e510 Uncommon trap: reason=class_check action=maybe_recompile pc=0x0000029a1feccc30 method=java.lang.Character.codePointAt(Ljava/lang/CharSequence;I)I @ 2 c2
Event: 20.381 Thread 0x0000029a3497e510 DEOPT PACKING pc=0x0000029a1feccc30 sp=0x000000e5f3df3f20
Event: 20.381 Thread 0x0000029a3497e510 DEOPT UNPACKING pc=0x0000029a1f8869a3 sp=0x000000e5f3df3eb8 mode 2
Event: 20.381 Thread 0x0000029a3497e510 Uncommon trap: trap_request=0xffffffde fr.pc=0x0000029a1feccc30 relative=0x0000000000000090
Event: 20.381 Thread 0x0000029a3497e510 Uncommon trap: reason=class_check action=maybe_recompile pc=0x0000029a1feccc30 method=java.lang.Character.codePointAt(Ljava/lang/CharSequence;I)I @ 2 c2
Event: 20.381 Thread 0x0000029a3497e510 DEOPT PACKING pc=0x0000029a1feccc30 sp=0x000000e5f3df3f20
Event: 20.381 Thread 0x0000029a3497e510 DEOPT UNPACKING pc=0x0000029a1f8869a3 sp=0x000000e5f3df3eb8 mode 2
Event: 20.381 Thread 0x0000029a3497e510 Uncommon trap: trap_request=0xffffffde fr.pc=0x0000029a1feccc30 relative=0x0000000000000090
Event: 20.381 Thread 0x0000029a3497e510 Uncommon trap: reason=class_check action=maybe_recompile pc=0x0000029a1feccc30 method=java.lang.Character.codePointAt(Ljava/lang/CharSequence;I)I @ 2 c2
Event: 20.381 Thread 0x0000029a3497e510 DEOPT PACKING pc=0x0000029a1feccc30 sp=0x000000e5f3df3f20
Event: 20.381 Thread 0x0000029a3497e510 DEOPT UNPACKING pc=0x0000029a1f8869a3 sp=0x000000e5f3df3eb8 mode 2
Event: 20.468 Thread 0x0000029a3497e510 Uncommon trap: trap_request=0xffffff45 fr.pc=0x0000029a1fe08fbc relative=0x000000000000019c
Event: 20.468 Thread 0x0000029a3497e510 Uncommon trap: reason=unstable_if action=reinterpret pc=0x0000029a1fe08fbc method=java.util.concurrent.locks.ReentrantReadWriteLock$Sync.tryAcquireShared(I)I @ 13 c2
Event: 20.468 Thread 0x0000029a3497e510 DEOPT PACKING pc=0x0000029a1fe08fbc sp=0x000000e5f3df4ca0
Event: 20.468 Thread 0x0000029a3497e510 DEOPT UNPACKING pc=0x0000029a1f8869a3 sp=0x000000e5f3df4c40 mode 2

Classes unloaded (0 events):
No events

Classes redefined (0 events):
No events

Internal exceptions (20 events):
Event: 16.887 Thread 0x0000029a3497e510 Exception <a 'java/lang/ClassNotFoundException'{0x00000000856427f0}: org/gradle/api/internal/project/DefaultProjectBeanInfo> (0x00000000856427f0) 
thrown [s\src\hotspot\share\classfile\systemDictionary.cpp, line 256]
Event: 16.888 Thread 0x0000029a3497e510 Exception <a 'java/lang/ClassNotFoundException'{0x000000008564f4f0}: org/gradle/api/internal/project/DefaultProjectCustomizer> (0x000000008564f4f0) 
thrown [s\src\hotspot\share\classfile\systemDictionary.cpp, line 256]
Event: 16.899 Thread 0x0000029a3497e510 Exception <a 'java/lang/ClassNotFoundException'{0x00000000856f8fe0}: org/gradle/api/internal/project/DefaultProject_DecoratedCustomizer> (0x00000000856f8fe0) 
thrown [s\src\hotspot\share\classfile\systemDictionary.cpp, line 256]
Event: 17.347 Thread 0x0000029a3497e510 Exception <a 'java/lang/NoSuchMethodError'{0x0000000086bde070}: 'long java.lang.invoke.DirectMethodHandle$Holder.invokeStatic(java.lang.Object, long)'> (0x0000000086bde070) 
thrown [s\src\hotspot\share\interpreter\linkResolver.cpp, line 771]
Event: 18.398 Thread 0x0000029a3497e510 Exception <a 'java/lang/NoSuchMethodError'{0x000000008608af38}: 'java.lang.Object java.lang.invoke.DirectMethodHandle$Holder.invokeStaticInit(java.lang.Object, int)'> (0x000000008608af38) 
thrown [s\src\hotspot\share\interpreter\linkResolver.cpp, line 771]
Event: 19.054 Thread 0x0000029a3497e510 Implicit null exception at 0x0000029a1fe104f2 to 0x0000029a1fe10a8c
Event: 19.187 Thread 0x0000029a3497e510 Implicit null exception at 0x0000029a1fe2c272 to 0x0000029a1fe2c820
Event: 19.452 Thread 0x0000029a3497e510 Exception <a 'sun/nio/fs/WindowsException'{0x00000000866d7fc8}> (0x00000000866d7fc8) 
thrown [s\src\hotspot\share\prims\jni.cpp, line 517]
Event: 19.452 Thread 0x0000029a3497e510 Exception <a 'sun/nio/fs/WindowsException'{0x00000000866d9ff8}> (0x00000000866d9ff8) 
thrown [s\src\hotspot\share\prims\jni.cpp, line 517]
Event: 19.568 Thread 0x0000029a3497e510 Exception <a 'java/lang/NoSuchMethodError'{0x0000000085e2daf8}: 'long java.lang.invoke.DirectMethodHandle$Holder.invokeStatic(java.lang.Object)'> (0x0000000085e2daf8) 
thrown [s\src\hotspot\share\interpreter\linkResolver.cpp, line 771]
Event: 19.569 Thread 0x0000029a3497e510 Exception <a 'java/lang/NoSuchMethodError'{0x0000000085e32940}: 'long java.lang.invoke.DirectMethodHandle$Holder.invokeStaticInit(java.lang.Object)'> (0x0000000085e32940) 
thrown [s\src\hotspot\share\interpreter\linkResolver.cpp, line 771]
Event: 19.685 Thread 0x0000029a3497e510 Exception <a 'java/lang/NoSuchMethodError'{0x000000008598e4e8}: 'long java.lang.invoke.Invokers$Holder.invoke_MT(java.lang.Object, java.lang.Object, java.lang.Object, java.lang.Object)'> (0x000000008598e4e8) 
thrown [s\src\hotspot\share\interpreter\linkResolver.cpp, line 771]
Event: 19.687 Thread 0x0000029a3497e510 Exception <a 'java/lang/NoSuchMethodError'{0x0000000085997b38}: 'int java.lang.invoke.Invokers$Holder.invoke_MT(java.lang.Object, java.lang.Object, java.lang.Object, java.lang.Object)'> (0x0000000085997b38) 
thrown [s\src\hotspot\share\interpreter\linkResolver.cpp, line 771]
Event: 19.692 Thread 0x0000029a3497e510 Exception <a 'java/lang/NoSuchMethodError'{0x00000000859a8510}: 'void java.lang.invoke.DelegatingMethodHandle$Holder.reinvoke_L(java.lang.Object, java.lang.Object, java.lang.Object, long, java.lang.Object)'> (0x00000000859a8510) 
thrown [s\src\hotspot\share\interpreter\linkResolver.cpp, line 771]
Event: 19.693 Thread 0x0000029a3497e510 Exception <a 'java/lang/NoSuchMethodError'{0x00000000859b0fb8}: 'java.lang.Object java.lang.invoke.DirectMethodHandle$Holder.invokeSpecial(java.lang.Object, java.lang.Object, java.lang.Object, java.lang.Object, long)'> (0x00000000859b0fb8) 
thrown [s\src\hotspot\share\interpreter\linkResolver.cpp, line 771]
Event: 19.695 Thread 0x0000029a3497e510 Exception <a 'java/lang/NoSuchMethodError'{0x00000000859c1c00}: 'int java.lang.invoke.DelegatingMethodHandle$Holder.reinvoke_L(java.lang.Object, java.lang.Object, java.lang.Object, long, java.lang.Object, java.lang.Object)'> (0x00000000859c1c00) 
thrown [s\src\hotspot\share\interpreter\linkResolver.cpp, line 771]
Event: 19.698 Thread 0x0000029a3497e510 Exception <a 'java/lang/NoSuchMethodError'{0x00000000859d1ee8}: 'int java.lang.invoke.DelegatingMethodHandle$Holder.reinvoke_L(java.lang.Object, java.lang.Object, java.lang.Object, long, int, int)'> (0x00000000859d1ee8) 
thrown [s\src\hotspot\share\interpreter\linkResolver.cpp, line 771]
Event: 19.700 Thread 0x0000029a3497e510 Exception <a 'java/lang/NoSuchMethodError'{0x00000000859e1f78}: 'int java.lang.invoke.DelegatingMethodHandle$Holder.reinvoke_L(java.lang.Object, java.lang.Object, java.lang.Object, long, long, long)'> (0x00000000859e1f78) 
thrown [s\src\hotspot\share\interpreter\linkResolver.cpp, line 771]
Event: 19.702 Thread 0x0000029a3497e510 Exception <a 'java/lang/NoSuchMethodError'{0x00000000859f1ce8}: 'int java.lang.invoke.DelegatingMethodHandle$Holder.reinvoke_L(java.lang.Object, java.lang.Object, java.lang.Object, long, int)'> (0x00000000859f1ce8) 
thrown [s\src\hotspot\share\interpreter\linkResolver.cpp, line 771]
Event: 20.441 Thread 0x0000029a3497e510 Exception <a 'java/lang/NoSuchMethodError'{0x00000000873393a0}: 'java.lang.Object java.lang.invoke.Invokers$Holder.invokeExact_MT(java.lang.Object, java.lang.Object, long, java.lang.Object)'> (0x00000000873393a0) 
thrown [s\src\hotspot\share\interpreter\linkResolver.cpp, line 771]

VM Operations (20 events):
Event: 19.207 Executing VM operation: G1CollectForAllocation done
Event: 19.238 Executing VM operation: G1CollectForAllocation
Event: 19.242 Executing VM operation: G1CollectForAllocation done
Event: 19.447 Executing VM operation: HandshakeAllThreads
Event: 19.447 Executing VM operation: HandshakeAllThreads done
Event: 19.842 Executing VM operation: G1CollectForAllocation
Event: 19.845 Executing VM operation: G1CollectForAllocation done
Event: 19.937 Executing VM operation: G1PauseRemark
Event: 19.941 Executing VM operation: G1PauseRemark done
Event: 19.982 Executing VM operation: G1PauseCleanup
Event: 19.982 Executing VM operation: G1PauseCleanup done
Event: 20.321 Executing VM operation: HandshakeAllThreads
Event: 20.321 Executing VM operation: HandshakeAllThreads done
Event: 20.366 Executing VM operation: HandshakeAllThreads
Event: 20.366 Executing VM operation: HandshakeAllThreads done
Event: 20.366 Executing VM operation: HandshakeAllThreads
Event: 20.366 Executing VM operation: HandshakeAllThreads done
Event: 20.409 Executing VM operation: G1CollectForAllocation
Event: 20.416 Executing VM operation: G1CollectForAllocation done
Event: 20.470 Executing VM operation: G1CollectForAllocation

Events (20 events):
Event: 20.311 loading class sun/nio/cs/UTF_32BE done
Event: 20.311 loading class sun/nio/cs/UTF_32LE
Event: 20.311 loading class sun/nio/cs/UTF_32LE done
Event: 20.311 loading class sun/nio/cs/MS1251
Event: 20.311 loading class sun/nio/cs/MS1251 done
Event: 20.326 loading class java/beans/PropertyChangeSupport
Event: 20.327 loading class java/beans/PropertyChangeSupport done
Event: 20.328 loading class java/beans/PropertyChangeSupport$PropertyChangeListenerMap
Event: 20.328 loading class java/beans/ChangeListenerMap
Event: 20.328 loading class java/beans/ChangeListenerMap done
Event: 20.328 loading class java/beans/PropertyChangeSupport$PropertyChangeListenerMap done
Event: 20.367 Thread 0x0000029a2e59b300 flushing nmethod 0x0000029a2001e990
Event: 20.367 Thread 0x0000029a2e59b300 flushing nmethod 0x0000029a1835af90
Event: 20.367 Thread 0x0000029a2e59b300 flushing nmethod 0x0000029a1836b110
Event: 20.369 Thread 0x0000029a2e59b300 flushing nmethod 0x0000029a18580010
Event: 20.369 loading class java/util/PrimitiveIterator$OfInt
Event: 20.369 loading class java/util/PrimitiveIterator
Event: 20.369 loading class java/util/PrimitiveIterator done
Event: 20.369 loading class java/util/PrimitiveIterator$OfInt done
Event: 20.369 Thread 0x0000029a2e59b300 flushing nmethod 0x0000029a186c3010


Dynamic libraries:
0x00007ff6625c0000 - 0x00007ff6625ca000 	E:\Program Files (x86)\Android\jbr\bin\java.exe
0x00007ff9648d0000 - 0x00007ff964ac8000 	C:\WINDOWS\SYSTEM32\ntdll.dll
0x00007ff963f40000 - 0x00007ff963ffd000 	C:\WINDOWS\System32\KERNEL32.DLL
0x00007ff962160000 - 0x00007ff962456000 	C:\WINDOWS\System32\KERNELBASE.dll
0x00007ff962460000 - 0x00007ff962560000 	C:\WINDOWS\System32\ucrtbase.dll
0x00007ff95abd0000 - 0x00007ff95abe7000 	E:\Program Files (x86)\Android\jbr\bin\jli.dll
0x00007ff955750000 - 0x00007ff95576b000 	E:\Program Files (x86)\Android\jbr\bin\VCRUNTIME140.dll
0x00007ff9635b0000 - 0x00007ff96374f000 	C:\WINDOWS\System32\USER32.dll
0x00007ff9620a0000 - 0x00007ff9620c2000 	C:\WINDOWS\System32\win32u.dll
0x00007ff9633b0000 - 0x00007ff9633db000 	C:\WINDOWS\System32\GDI32.dll
0x00007ff950e70000 - 0x00007ff95110a000 	C:\WINDOWS\WinSxS\amd64_microsoft.windows.common-controls_6595b64144ccf1df_6.0.19041.3636_none_60b6a03d71f818d5\COMCTL32.dll
0x00007ff962680000 - 0x00007ff962797000 	C:\WINDOWS\System32\gdi32full.dll
0x00007ff962590000 - 0x00007ff96262d000 	C:\WINDOWS\System32\msvcp_win.dll
0x00007ff963310000 - 0x00007ff9633ae000 	C:\WINDOWS\System32\msvcrt.dll
0x00007ff9633f0000 - 0x00007ff963422000 	C:\WINDOWS\System32\IMM32.DLL
0x00007ff95bdf0000 - 0x00007ff95bdfc000 	E:\Program Files (x86)\Android\jbr\bin\vcruntime140_1.dll
0x00007ff934c40000 - 0x00007ff934ccd000 	E:\Program Files (x86)\Android\jbr\bin\msvcp140.dll
0x00007ff931fa0000 - 0x00007ff932c23000 	E:\Program Files (x86)\Android\jbr\bin\server\jvm.dll
0x00007ff964000000 - 0x00007ff9640b0000 	C:\WINDOWS\System32\ADVAPI32.dll
0x00007ff964460000 - 0x00007ff964500000 	C:\WINDOWS\System32\sechost.dll
0x00007ff964560000 - 0x00007ff964683000 	C:\WINDOWS\System32\RPCRT4.dll
0x00007ff962560000 - 0x00007ff962587000 	C:\WINDOWS\System32\bcrypt.dll
0x00007ff951a40000 - 0x00007ff951a49000 	C:\WINDOWS\SYSTEM32\WSOCK32.dll
0x00007ff950b20000 - 0x00007ff950b47000 	C:\WINDOWS\SYSTEM32\WINMM.dll
0x00007ff964720000 - 0x00007ff96478b000 	C:\WINDOWS\System32\WS2_32.dll
0x00007ff959100000 - 0x00007ff95910a000 	C:\WINDOWS\SYSTEM32\VERSION.dll
0x00007ff961de0000 - 0x00007ff961e2b000 	C:\WINDOWS\SYSTEM32\POWRPROF.dll
0x00007ff961dc0000 - 0x00007ff961dd2000 	C:\WINDOWS\SYSTEM32\UMPDC.dll
0x00007ff95fc50000 - 0x00007ff95fc62000 	C:\WINDOWS\SYSTEM32\kernel.appcore.dll
0x00007ff95e6e0000 - 0x00007ff95e6ea000 	E:\Program Files (x86)\Android\jbr\bin\jimage.dll
0x00007ff94c840000 - 0x00007ff94ca24000 	C:\WINDOWS\SYSTEM32\DBGHELP.DLL
0x00007ff94c800000 - 0x00007ff94c834000 	C:\WINDOWS\SYSTEM32\dbgcore.DLL
0x00007ff9620d0000 - 0x00007ff962152000 	C:\WINDOWS\System32\bcryptPrimitives.dll
0x00007ff95ba80000 - 0x00007ff95ba8e000 	E:\Program Files (x86)\Android\jbr\bin\instrument.dll
0x00007ff95e6b0000 - 0x00007ff95e6d5000 	E:\Program Files (x86)\Android\jbr\bin\java.dll
0x00007ff95ccb0000 - 0x00007ff95ccc8000 	E:\Program Files (x86)\Android\jbr\bin\zip.dll
0x00007ff9637b0000 - 0x00007ff963f1b000 	C:\WINDOWS\System32\SHELL32.dll
0x00007ff95fe50000 - 0x00007ff9605ee000 	C:\WINDOWS\SYSTEM32\windows.storage.dll
0x00007ff962f00000 - 0x00007ff963253000 	C:\WINDOWS\System32\combase.dll
0x00007ff9618e0000 - 0x00007ff96190e000 	C:\WINDOWS\SYSTEM32\Wldp.dll
0x00007ff964390000 - 0x00007ff96445d000 	C:\WINDOWS\System32\OLEAUT32.dll
0x00007ff962e50000 - 0x00007ff962efd000 	C:\WINDOWS\System32\SHCORE.dll
0x00007ff963750000 - 0x00007ff9637a5000 	C:\WINDOWS\System32\shlwapi.dll
0x00007ff961eb0000 - 0x00007ff961ed3000 	C:\WINDOWS\SYSTEM32\profapi.dll
0x00007ff95bda0000 - 0x00007ff95bdb9000 	E:\Program Files (x86)\Android\jbr\bin\net.dll
0x00007ff95dc60000 - 0x00007ff95dd6a000 	C:\WINDOWS\SYSTEM32\WINHTTP.dll
0x00007ff961640000 - 0x00007ff9616aa000 	C:\WINDOWS\system32\mswsock.dll
0x00007ff95bb40000 - 0x00007ff95bb56000 	E:\Program Files (x86)\Android\jbr\bin\nio.dll
0x00007ff95ce70000 - 0x00007ff95ce80000 	E:\Program Files (x86)\Android\jbr\bin\verify.dll
0x00007ff95be00000 - 0x00007ff95be27000 	C:\Users\edson.junior\.gradle\native\c067742578af261105cb4f569cf0c3c89f3d7b1fecec35dd04571415982c5e48\windows-amd64\native-platform.dll
0x00007ff933130000 - 0x00007ff933274000 	C:\Users\edson.junior\.gradle\native\38dada09dfb8b06ba9b0570ebf7e218e3eb74d4ef43ca46872605cf95ebc2f47\windows-amd64\native-platform-file-events.dll
0x00007ff95bb00000 - 0x00007ff95bb09000 	E:\Program Files (x86)\Android\jbr\bin\management.dll
0x00007ff95bad0000 - 0x00007ff95badb000 	E:\Program Files (x86)\Android\jbr\bin\management_ext.dll
0x00007ff964880000 - 0x00007ff964888000 	C:\WINDOWS\System32\PSAPI.DLL
0x00007ff961840000 - 0x00007ff961858000 	C:\WINDOWS\SYSTEM32\CRYPTSP.dll
0x00007ff960f60000 - 0x00007ff960f94000 	C:\WINDOWS\system32\rsaenh.dll
0x00007ff961e70000 - 0x00007ff961e9e000 	C:\WINDOWS\SYSTEM32\USERENV.dll
0x00007ff961830000 - 0x00007ff96183c000 	C:\WINDOWS\SYSTEM32\CRYPTBASE.dll
0x00007ff961320000 - 0x00007ff96135b000 	C:\WINDOWS\SYSTEM32\IPHLPAPI.DLL
0x00007ff9633e0000 - 0x00007ff9633e8000 	C:\WINDOWS\System32\NSI.dll
0x00007ff95ee20000 - 0x00007ff95ee37000 	C:\WINDOWS\SYSTEM32\dhcpcsvc6.DLL
0x00007ff95ee00000 - 0x00007ff95ee1d000 	C:\WINDOWS\SYSTEM32\dhcpcsvc.DLL
0x00007ff961360000 - 0x00007ff96142b000 	C:\WINDOWS\SYSTEM32\DNSAPI.dll
0x00007ff95bb10000 - 0x00007ff95bb19000 	E:\Program Files (x86)\Android\jbr\bin\extnet.dll
0x00007ff95bfc0000 - 0x00007ff95bfc7000 	C:\WINDOWS\system32\wshunix.dll

dbghelp: loaded successfully - version: 4.0.5 - missing functions: none
symbol engine: initialized successfully - sym options: 0x614 - pdb path: .;E:\Program Files (x86)\Android\jbr\bin;C:\WINDOWS\SYSTEM32;C:\WINDOWS\WinSxS\amd64_microsoft.windows.common-controls_6595b64144ccf1df_6.0.19041.3636_none_60b6a03d71f818d5;E:\Program Files (x86)\Android\jbr\bin\server;C:\Users\edson.junior\.gradle\native\c067742578af261105cb4f569cf0c3c89f3d7b1fecec35dd04571415982c5e48\windows-amd64;C:\Users\edson.junior\.gradle\native\38dada09dfb8b06ba9b0570ebf7e218e3eb74d4ef43ca46872605cf95ebc2f47\windows-amd64

VM Arguments:
jvm_args: --add-opens=java.base/java.util=ALL-UNNAMED --add-opens=java.base/java.lang=ALL-UNNAMED --add-opens=java.base/java.lang.invoke=ALL-UNNAMED --add-opens=java.prefs/java.util.prefs=ALL-UNNAMED --add-opens=java.base/java.nio.charset=ALL-UNNAMED --add-opens=java.base/java.net=ALL-UNNAMED --add-opens=java.base/java.util.concurrent.atomic=ALL-UNNAMED -Xmx2048m -Dfile.encoding=UTF-8 -Duser.country=BR -Duser.language=pt -Duser.variant -javaagent:C:\Users\edson.junior\.gradle\wrapper\dists\gradle-8.4-bin\1w5dpkrfk8irigvoxmyhowfim\gradle-8.4\lib\agents\gradle-instrumentation-agent-8.4.jar 
java_command: org.gradle.launcher.daemon.bootstrap.GradleDaemon 8.4
java_class_path (initial): C:\Users\edson.junior\.gradle\wrapper\dists\gradle-8.4-bin\1w5dpkrfk8irigvoxmyhowfim\gradle-8.4\lib\gradle-launcher-8.4.jar
Launcher Type: SUN_STANDARD

[Global flags]
     intx CICompilerCount                          = 3                                         {product} {ergonomic}
     uint ConcGCThreads                            = 1                                         {product} {ergonomic}
     uint G1ConcRefinementThreads                  = 4                                         {product} {ergonomic}
   size_t G1HeapRegionSize                         = 1048576                                   {product} {ergonomic}
    uintx GCDrainStackTargetSize                   = 64                                        {product} {ergonomic}
   size_t InitialHeapSize                          = 134217728                                 {product} {ergonomic}
   size_t MarkStackSize                            = 4194304                                   {product} {ergonomic}
   size_t MaxHeapSize                              = 2147483648                                {product} {command line}
   size_t MaxNewSize                               = 1287651328                                {product} {ergonomic}
   size_t MinHeapDeltaBytes                        = 1048576                                   {product} {ergonomic}
   size_t MinHeapSize                              = 8388608                                   {product} {ergonomic}
    uintx NonNMethodCodeHeapSize                   = 5832780                                {pd product} {ergonomic}
    uintx NonProfiledCodeHeapSize                  = 122912730                              {pd product} {ergonomic}
    uintx ProfiledCodeHeapSize                     = 122912730                              {pd product} {ergonomic}
    uintx ReservedCodeCacheSize                    = 251658240                              {pd product} {ergonomic}
     bool SegmentedCodeCache                       = true                                      {product} {ergonomic}
   size_t SoftMaxHeapSize                          = 2147483648                             {manageable} {ergonomic}
     bool UseCompressedClassPointers               = true                           {product lp64_product} {ergonomic}
     bool UseCompressedOops                        = true                           {product lp64_product} {ergonomic}
     bool UseG1GC                                  = true                                      {product} {ergonomic}
     bool UseLargePagesIndividualAllocation        = false                                  {pd product} {ergonomic}

Logging:
Log output configuration:
 #0: stdout all=warning uptime,level,tags
 #1: stderr all=off uptime,level,tags

Environment Variables:
PATH=C:\Program Files\Common Files\Oracle\Java\javapath;C:\Program Files (x86)\Common Files\Oracle\Java\javapath;C:\WINDOWS\system32;C:\WINDOWS;C:\WINDOWS\System32\Wbem;C:\WINDOWS\System32\WindowsPowerShell\v1.0\;C:\WINDOWS\System32\OpenSSH\;C:\Users\edson.junior\AppData\Local\Microsoft\WindowsApps;
USERNAME=EDSON.JUNIOR
OS=Windows_NT
PROCESSOR_IDENTIFIER=Intel64 Family 6 Model 42 Stepping 7, GenuineIntel
TMP=C:\Users\EDSON~1.JUN\AppData\Local\Temp
TEMP=C:\Users\EDSON~1.JUN\AppData\Local\Temp



Periodic native trim disabled

JNI global refs:
JNI global refs: 25, weak refs: 0

JNI global refs memory usage: 843, weak refs: 841

OOME stack traces (most recent first):
Classloader memory used:
Loader org.gradle.internal.classloader.VisitableURLClassLoader                         : 6082K
Loader bootstrap                                                                       : 2529K
Loader jdk.internal.loader.ClassLoaders$AppClassLoader                                 : 1009K
Loader org.gradle.initialization.MixInLegacyTypesClassLoader                           : 901K
Loader jdk.internal.loader.ClassLoaders$PlatformClassLoader                            : 90707B
Loader org.gradle.internal.classloader.VisitableURLClassLoader$InstrumentingVisitableURLClassLoader: 87388B
Loader org.gradle.internal.classloader.VisitableURLClassLoader                         : 86084B
Loader jdk.internal.reflect.DelegatingClassLoader                                      : 27513B
Loader org.gradle.groovy.scripts.internal.DefaultScriptCompilationHandler$ScriptClassLoader: 10833B
Loader org.codehaus.groovy.runtime.callsite.CallSiteClassLoader                        : 5997B

Classes loaded by more than one classloader:
Class org.gradle.internal.Cast                                                        : loaded 3 times (x 69B)
Class org.gradle.api.GradleException                                                  : loaded 3 times (x 80B)
Class org.jetbrains.plugins.gradle.model.MavenRepositoryModel                         : loaded 2 times (x 68B)
Class org.gradle.internal.classpath.ClassPath                                         : loaded 2 times (x 68B)
Class org.gradle.api.internal.classpath.DefaultModuleRegistry                         : loaded 2 times (x 84B)
Class org.gradle.internal.exceptions.NonGradleCauseExceptionsHolder                   : loaded 2 times (x 68B)
Class Settings_gradle$1$1                                                             : loaded 2 times (x 72B)
Class org.gradle.api.Action                                                           : loaded 2 times (x 68B)
Class org.jetbrains.kotlin.idea.gradleTooling.model.samWithReceiver.SamWithReceiverModel: loaded 2 times (x 68B)
Class org.jetbrains.plugins.gradle.model.ExternalProject                              : loaded 2 times (x 68B)
Class org.jetbrains.plugins.gradle.model.IntelliJSettings                             : loaded 2 times (x 68B)
Class org.jetbrains.kotlin.idea.gradleTooling.KotlinMPPGradleModel                    : loaded 2 times (x 68B)
Class org.gradle.api.internal.DefaultClassPathProvider                                : loaded 2 times (x 74B)
Class org.gradle.internal.installation.GradleInstallation$1                           : loaded 2 times (x 73B)
Class org.gradle.internal.exceptions.DefaultMultiCauseException                       : loaded 2 times (x 89B)
Class org.gradle.tooling.model.UnsupportedMethodException                             : loaded 2 times (x 80B)
Class org.gradle.util.GradleVersion                                                   : loaded 2 times (x 81B)
Class org.gradle.internal.classloader.FilteringClassLoader                            : loaded 2 times (x 103B)
Class org.gradle.tooling.model.Model                                                  : loaded 2 times (x 68B)
Class org.gradle.internal.classpath.DefaultClassPath$ImmutableUniqueList$Builder      : loaded 2 times (x 73B)
Class org.jetbrains.kotlin.idea.gradleTooling.KotlinSourceSetContainer                : loaded 2 times (x 68B)
Class org.gradle.internal.classloader.ClassLoaderVisitor                              : loaded 2 times (x 74B)
Class org.gradle.internal.time.DefaultCountdownTimer                                  : loaded 2 times (x 86B)
Class org.gradle.internal.service.DefaultServiceLocator                               : loaded 2 times (x 81B)
Class org.gradle.internal.service.UnknownServiceException                             : loaded 2 times (x 81B)
Class org.jetbrains.plugins.gradle.model.DependencyAccessorsModel                     : loaded 2 times (x 68B)
Class org.gradle.internal.classloader.DefaultClassLoaderFactory                       : loaded 2 times (x 80B)
Class org.jetbrains.plugins.gradle.model.GradleExtensions                             : loaded 2 times (x 68B)
Class org.jetbrains.plugins.gradle.model.VersionCatalogsModel                         : loaded 2 times (x 68B)
Class org.gradle.internal.classloader.VisitableURLClassLoader$Spec                    : loaded 2 times (x 72B)
Class org.gradle.tooling.model.ProjectModel                                           : loaded 2 times (x 68B)
Class org.gradle.internal.time.MonotonicClock                                         : loaded 2 times (x 75B)
Class org.gradle.tooling.internal.gradle.DefaultProjectIdentifier                     : loaded 2 times (x 84B)
Class org.gradle.api.internal.classpath.ModuleRegistry                                : loaded 2 times (x 68B)
Class org.jetbrains.plugins.gradle.model.RepositoriesModel                            : loaded 2 times (x 68B)
Class kotlin.jvm.internal.markers.KMappedMarker                                       : loaded 2 times (x 68B)
Class org.gradle.api.internal.ClassPathProvider                                       : loaded 2 times (x 68B)
Class org.gradle.internal.classloader.ClasspathUtil$1                                 : loaded 2 times (x 74B)
Class org.gradle.internal.classloader.ClassLoaderFactory                              : loaded 2 times (x 68B)
Class org.gradle.api.internal.classpath.ManifestUtil                                  : loaded 2 times (x 69B)
Class org.gradle.api.specs.Spec                                                       : loaded 2 times (x 68B)
Class org.gradle.tooling.internal.gradle.GradleBuildIdentity                          : loaded 2 times (x 68B)
Class org.gradle.internal.IoActions                                                   : loaded 2 times (x 69B)
Class org.gradle.api.internal.classpath.EffectiveClassPath                            : loaded 2 times (x 88B)
Class kotlin.jvm.internal.DefaultConstructorMarker                                    : loaded 2 times (x 69B)
Class org.jetbrains.kotlin.idea.gradleTooling.model.annotation.AnnotationBasedPluginModel: loaded 2 times (x 68B)
Class org.jetbrains.kotlin.idea.gradleTooling.model.assignment.AssignmentModel        : loaded 2 times (x 68B)
Class org.gradle.internal.installation.CurrentGradleInstallation                      : loaded 2 times (x 71B)
Class org.gradle.internal.agents.InstrumentingClassLoader                             : loaded 2 times (x 68B)
Class org.gradle.internal.installation.CurrentGradleInstallationLocator               : loaded 2 times (x 69B)
Class org.gradle.api.internal.classpath.Module                                        : loaded 2 times (x 68B)
Class org.gradle.internal.service.CachingServiceLocator                               : loaded 2 times (x 80B)
Class org.gradle.internal.time.Timer                                                  : loaded 2 times (x 68B)
Class org.jetbrains.plugins.gradle.model.tests.ExternalTestsModel                     : loaded 2 times (x 68B)
Class org.jetbrains.kotlin.idea.gradleTooling.KotlinDslScriptAdditionalTask           : loaded 2 times (x 68B)
Class org.gradle.internal.classpath.DefaultClassPath                                  : loaded 2 times (x 88B)
Class com.intellij.openapi.externalSystem.model.project.dependencies.ProjectDependencies: loaded 2 times (x 68B)
Class org.jetbrains.kotlin.idea.gradleTooling.PrepareKotlinIdeImportTaskModel         : loaded 2 times (x 68B)
Class org.gradle.internal.impldep.com.google.common.base.Preconditions                : loaded 2 times (x 69B)
Class kotlin.jvm.functions.Function1                                                  : loaded 2 times (x 68B)
Class org.gradle.internal.time.Time                                                   : loaded 2 times (x 69B)
Class org.gradle.internal.time.TimeSource$1                                           : loaded 2 times (x 75B)
Class org.gradle.internal.classloader.SystemClassLoaderSpec                           : loaded 2 times (x 69B)
Class kotlin.Function                                                                 : loaded 2 times (x 68B)
Class org.gradle.api.UncheckedIOException                                             : loaded 2 times (x 80B)
Class Program                                                                         : loaded 2 times (x 70B)
Class org.gradle.tooling.internal.gradle.GradleProjectIdentity                        : loaded 2 times (x 68B)
Class org.gradle.internal.time.CountdownTimer                                         : loaded 2 times (x 68B)
Class org.gradle.internal.time.Clock                                                  : loaded 2 times (x 68B)
Class org.gradle.internal.classloader.ClasspathUtil                                   : loaded 2 times (x 69B)
Class org.gradle.tooling.model.BuildIdentifier                                        : loaded 2 times (x 68B)
Class org.gradle.api.internal.DefaultClassPathRegistry                                : loaded 2 times (x 74B)
Class org.gradle.api.internal.classpath.DefaultModuleRegistry$DefaultModule           : loaded 2 times (x 84B)
Class org.gradle.internal.time.TimeSource                                             : loaded 2 times (x 68B)
Class org.jetbrains.kotlin.android.synthetic.idea.AndroidExtensionsGradleModel        : loaded 2 times (x 68B)
Class org.gradle.api.internal.classpath.UnknownModuleException                        : loaded 2 times (x 80B)
Class org.jetbrains.plugins.gradle.model.IntelliJProjectSettings                      : loaded 2 times (x 68B)
Class org.gradle.internal.service.ServiceLookupException                              : loaded 2 times (x 80B)
Class org.gradle.cache.GlobalCache                                                    : loaded 2 times (x 68B)
Class org.jetbrains.kotlin.idea.gradleTooling.model.lombok.LombokModel                : loaded 2 times (x 68B)
Class org.gradle.tooling.model.ProjectIdentifier                                      : loaded 2 times (x 68B)
Class sync_studio_tooling11_blxwmf1830rkb89xk1s9ssf0b                                 : loaded 2 times (x 177B)
Class [Lorg.gradle.api.internal.ClassPathProvider;                                    : loaded 2 times (x 67B)
Class org.gradle.internal.operations.MultipleBuildOperationFailures                   : loaded 2 times (x 89B)
Class org.gradle.util.internal.GUtil                                                  : loaded 2 times (x 69B)
Class org.jetbrains.plugins.gradle.model.AnnotationProcessingModel                    : loaded 2 times (x 68B)
Class org.gradle.internal.classloader.ClassLoaderSpec                                 : loaded 2 times (x 69B)
Class org.jetbrains.plugins.gradle.model.BuildScriptClasspathModel                    : loaded 2 times (x 68B)
Class sync_studio_tooling11_blxwmf1830rkb89xk1s9ssf0b$_run_closure1                   : loaded 2 times (x 137B)
Class org.gradle.internal.classloader.VisitableURLClassLoader                         : loaded 2 times (x 115B)
Class org.gradle.internal.installation.GradleInstallation                             : loaded 2 times (x 73B)
Class org.gradle.api.internal.ClassPathRegistry                                       : loaded 2 times (x 68B)
Class org.gradle.internal.classloader.VisitableURLClassLoader$InstrumentingVisitableURLClassLoader: loaded 2 times (x 121B)
Class org.gradle.internal.classloader.ClassLoaderHierarchy                            : loaded 2 times (x 68B)
Class org.gradle.internal.exceptions.MultiCauseException                              : loaded 2 times (x 68B)
Class org.jetbrains.kotlin.idea.gradleTooling.model.parcelize.ParcelizeGradleModel    : loaded 2 times (x 68B)
Class org.gradle.internal.InternalTransformer                                         : loaded 2 times (x 68B)
Class org.jetbrains.kotlin.idea.gradleTooling.model.noarg.NoArgModel                  : loaded 2 times (x 68B)
Class org.jetbrains.kotlin.idea.gradleTooling.KotlinGradleModel                       : loaded 2 times (x 68B)
Class org.gradle.tooling.internal.gradle.DefaultBuildIdentifier                       : loaded 2 times (x 77B)
Class org.gradle.internal.service.ServiceLocator                                      : loaded 2 times (x 68B)
Class Settings_gradle$1                                                               : loaded 2 times (x 72B)
Class org.jetbrains.kotlin.idea.gradleTooling.model.allopen.AllOpenModel              : loaded 2 times (x 68B)
Class ijInit1_8s26rdy5wfteefr4200slj5z3                                               : loaded 2 times (x 177B)
Class org.gradle.internal.classpath.DefaultClassPath$ImmutableUniqueList              : loaded 2 times (x 159B)
Class org.gradle.internal.time.DefaultTimer                                           : loaded 2 times (x 78B)
Class org.gradle.internal.classpath.TransformedClassPath                              : loaded 2 times (x 94B)
Class Settings_gradle                                                                 : loaded 2 times (x 126B)


---------------  S Y S T E M  ---------------

OS:
 Windows 10 , 64 bit Build 19041 (10.0.19041.3636)
OS uptime: 10 days 11:59 hours

CPU: total 4 (initial active 4) (2 cores per cpu, 2 threads per core) family 6 model 42 stepping 7 microcode 0x2f, cx8, cmov, fxsr, ht, mmx, sse, sse2, sse3, ssse3, sse4.1, sse4.2, popcnt, tsc, tscinvbit, avx, clmul, vzeroupper, clflush
Processor Information for all 4 processors :
  Max Mhz: 3300, Current Mhz: 3300, Mhz Limit: 3300

Memory: 4k page, system-wide physical 8077M (720M free)
TotalPageFile size 10125M (AvailPageFile size 28M)
current process WorkingSet (physical memory assigned to process): 349M, peak: 350M
current process commit charge ("private bytes"): 384M, peak: 419M

vm_info: OpenJDK 64-Bit Server VM (17.0.10+0--11572160) for windows-amd64 JRE (17.0.10+0--11572160), built on Mar 13 2024 23:56:38 by "androidbuild" with MS VC++ 16.10 / 16.11 (VS2019)

END.
