#
# There is insufficient memory for the Java Runtime Environment to continue.
# Native memory allocation (mmap) failed to map 379584512 bytes for G1 virtual space
# Possible reasons:
#   The system is out of physical RAM or swap space
#   The process is running with CompressedOops enabled, and the Java Heap may be blocking the growth of the native heap
# Possible solutions:
#   Reduce memory load on the system
#   Increase physical memory or swap space
#   Check if swap backing store is full
#   Decrease Java heap size (-Xmx/-Xms)
#   Decrease number of Java threads
#   Decrease Java thread stack sizes (-Xss)
#   Set larger code cache with -XX:ReservedCodeCacheSize=
#   JVM is running with Unscaled Compressed Oops mode in which the Java heap is
#     placed in the first 4GB address space. The Java Heap base address is the
#     maximum limit for the native heap growth. Please use -XX:HeapBaseMinAddress
#     to set the Java Heap base and to place the Java Heap above 4GB virtual address.
# This output file may be truncated or incomplete.
#
#  Out of Memory Error (os_windows.cpp:3825), pid=8420, tid=10748
#
# JRE version: OpenJDK Runtime Environment (17.0.10) (build 17.0.10+0--11572160)
# Java VM: OpenJDK 64-Bit Server VM (17.0.10+0--11572160, mixed mode, tiered, compressed oops, compressed class ptrs, g1 gc, windows-amd64)
# No core dump will be written. Minidumps are not enabled by default on client versions of Windows
#

---------------  S U M M A R Y ------------

Command Line: --add-opens=java.base/java.util=ALL-UNNAMED --add-opens=java.base/java.lang=ALL-UNNAMED --add-opens=java.base/java.lang.invoke=ALL-UNNAMED --add-opens=java.prefs/java.util.prefs=ALL-UNNAMED --add-opens=java.base/java.nio.charset=ALL-UNNAMED --add-opens=java.base/java.net=ALL-UNNAMED --add-opens=java.base/java.util.concurrent.atomic=ALL-UNNAMED -Xmx2048m -Dfile.encoding=UTF-8 -Duser.country=BR -Duser.language=pt -Duser.variant -javaagent:C:\Users\edson.junior\.gradle\wrapper\dists\gradle-8.4-bin\1w5dpkrfk8irigvoxmyhowfim\gradle-8.4\lib\agents\gradle-instrumentation-agent-8.4.jar org.gradle.launcher.daemon.bootstrap.GradleDaemon 8.4

Host: Intel(R) Core(TM) i3-2120 CPU @ 3.30GHz, 4 cores, 7G,  Windows 10 , 64 bit Build 19041 (10.0.19041.3636)
Time: Mon May 13 14:02:03 2024 Hora oficial do Brasil elapsed time: 35.872797 seconds (0d 0h 0m 35s)

---------------  T H R E A D  ---------------

Current thread (0x000002d2c14c0130):  VMThread "VM Thread" [stack: 0x000000e9ba200000,0x000000e9ba300000] [id=10748]

Stack: [0x000000e9ba200000,0x000000e9ba300000]
Native frames: (J=compiled Java code, j=interpreted, Vv=VM code, C=native code)
V  [jvm.dll+0x688e89]
V  [jvm.dll+0x84247a]
V  [jvm.dll+0x8440be]
V  [jvm.dll+0x844723]
V  [jvm.dll+0x24be0f]
V  [jvm.dll+0x685c59]
V  [jvm.dll+0x67a50a]
V  [jvm.dll+0x30cbab]
V  [jvm.dll+0x314056]
V  [jvm.dll+0x363dce]
V  [jvm.dll+0x363fff]
V  [jvm.dll+0x2e2978]
V  [jvm.dll+0x2e0b54]
V  [jvm.dll+0x2e015c]
V  [jvm.dll+0x32502b]
V  [jvm.dll+0x848e1b]
V  [jvm.dll+0x849b61]
V  [jvm.dll+0x84a07d]
V  [jvm.dll+0x84a454]
V  [jvm.dll+0x84a520]
V  [jvm.dll+0x7f0d1a]
V  [jvm.dll+0x687d05]
C  [ucrtbase.dll+0x21bb2]
C  [KERNEL32.DLL+0x17344]
C  [ntdll.dll+0x526b1]

VM_Operation (0x000000e9bb8f3de0): G1CollectForAllocation, mode: safepoint, requested by thread 0x000002d2c7e23440


---------------  P R O C E S S  ---------------

Threads class SMR info:
_java_thread_list=0x000002d2cb697990, length=44, elements={
0x000002d2a7ecdaa0, 0x000002d2c14e4260, 0x000002d2c14e4ff0, 0x000002d2c14e7380,
0x000002d2c14e7e50, 0x000002d2c14e8720, 0x000002d2c14e8ff0, 0x000002d2c1648510,
0x000002d2c1652e40, 0x000002d2c165c730, 0x000002d2c177b860, 0x000002d2c18c1170,
0x000002d2c7d6a240, 0x000002d2c7c24080, 0x000002d2c7ee6c50, 0x000002d2c7e6ea30,
0x000002d2c86fe730, 0x000002d2c79a7d60, 0x000002d2c7e23440, 0x000002d2c8190070,
0x000002d2c81923e0, 0x000002d2c81928f0, 0x000002d2c8191ed0, 0x000002d2c8190a90,
0x000002d2c8190580, 0x000002d2c8193310, 0x000002d2c8193820, 0x000002d2c8190fa0,
0x000002d2c81914b0, 0x000002d2c81919c0, 0x000002d2c83c5df0, 0x000002d2c83c1200,
0x000002d2c83bee90, 0x000002d2c83c58e0, 0x000002d2c83c1c20, 0x000002d2c83c44a0,
0x000002d2c83c0cf0, 0x000002d2c83c49b0, 0x000002d2c83c02d0, 0x000002d2c83c07e0,
0x000002d2c83c53d0, 0x000002d2d4844100, 0x000002d2d4845a50, 0x000002d2d4844610
}

Java Threads: ( => current thread )
  0x000002d2a7ecdaa0 JavaThread "main" [_thread_blocked, id=3276, stack(0x000000e9b9c00000,0x000000e9b9d00000)]
  0x000002d2c14e4260 JavaThread "Reference Handler" daemon [_thread_blocked, id=5880, stack(0x000000e9ba300000,0x000000e9ba400000)]
  0x000002d2c14e4ff0 JavaThread "Finalizer" daemon [_thread_blocked, id=5032, stack(0x000000e9ba400000,0x000000e9ba500000)]
  0x000002d2c14e7380 JavaThread "Signal Dispatcher" daemon [_thread_blocked, id=10616, stack(0x000000e9ba500000,0x000000e9ba600000)]
  0x000002d2c14e7e50 JavaThread "Attach Listener" daemon [_thread_blocked, id=12704, stack(0x000000e9ba600000,0x000000e9ba700000)]
  0x000002d2c14e8720 JavaThread "Service Thread" daemon [_thread_blocked, id=8188, stack(0x000000e9ba700000,0x000000e9ba800000)]
  0x000002d2c14e8ff0 JavaThread "Monitor Deflation Thread" daemon [_thread_blocked, id=4740, stack(0x000000e9ba800000,0x000000e9ba900000)]
  0x000002d2c1648510 JavaThread "C2 CompilerThread0" daemon [_thread_in_native, id=12048, stack(0x000000e9ba900000,0x000000e9baa00000)]
  0x000002d2c1652e40 JavaThread "C1 CompilerThread0" daemon [_thread_blocked, id=11744, stack(0x000000e9baa00000,0x000000e9bab00000)]
  0x000002d2c165c730 JavaThread "Sweeper thread" daemon [_thread_blocked, id=8984, stack(0x000000e9bab00000,0x000000e9bac00000)]
  0x000002d2c177b860 JavaThread "Common-Cleaner" daemon [_thread_blocked, id=7644, stack(0x000000e9bac00000,0x000000e9bad00000)]
  0x000002d2c18c1170 JavaThread "Notification Thread" daemon [_thread_blocked, id=11292, stack(0x000000e9bad00000,0x000000e9bae00000)]
  0x000002d2c7d6a240 JavaThread "Daemon health stats" [_thread_blocked, id=4544, stack(0x000000e9bb100000,0x000000e9bb200000)]
  0x000002d2c7c24080 JavaThread "Incoming local TCP Connector on port 60514" [_thread_in_native, id=12920, stack(0x000000e9bb300000,0x000000e9bb400000)]
  0x000002d2c7ee6c50 JavaThread "Daemon periodic checks" [_thread_blocked, id=12184, stack(0x000000e9bb400000,0x000000e9bb500000)]
  0x000002d2c7e6ea30 JavaThread "Daemon" [_thread_blocked, id=3840, stack(0x000000e9bb500000,0x000000e9bb600000)]
  0x000002d2c86fe730 JavaThread "Handler for socket connection from /127.0.0.1:60514 to /127.0.0.1:60515" [_thread_in_native, id=2472, stack(0x000000e9bb600000,0x000000e9bb700000)]
  0x000002d2c79a7d60 JavaThread "Cancel handler" [_thread_blocked, id=364, stack(0x000000e9bb700000,0x000000e9bb800000)]
  0x000002d2c7e23440 JavaThread "Daemon worker" [_thread_blocked, id=7248, stack(0x000000e9bb800000,0x000000e9bb900000)]
  0x000002d2c8190070 JavaThread "Asynchronous log dispatcher for DefaultDaemonConnection: socket connection from /127.0.0.1:60514 to /127.0.0.1:60515" [_thread_blocked, id=11060, stack(0x000000e9bb900000,0x000000e9bba00000)]
  0x000002d2c81923e0 JavaThread "Stdin handler" [_thread_blocked, id=3532, stack(0x000000e9bba00000,0x000000e9bbb00000)]
  0x000002d2c81928f0 JavaThread "Daemon client event forwarder" [_thread_blocked, id=9656, stack(0x000000e9bbb00000,0x000000e9bbc00000)]
  0x000002d2c8191ed0 JavaThread "Cache worker for journal cache (C:\Users\edson.junior\.gradle\caches\journal-1)" [_thread_blocked, id=4568, stack(0x000000e9bbd00000,0x000000e9bbe00000)]
  0x000002d2c8190a90 JavaThread "File lock request listener" [_thread_in_native, id=6572, stack(0x000000e9bbe00000,0x000000e9bbf00000)]
  0x000002d2c8190580 JavaThread "Cache worker for file hash cache (C:\Users\edson.junior\.gradle\caches\8.4\fileHashes)" [_thread_blocked, id=10828, stack(0x000000e9bbf00000,0x000000e9bc000000)]
  0x000002d2c8193310 JavaThread "File watcher server" daemon [_thread_blocked, id=4432, stack(0x000000e9bbc00000,0x000000e9bbd00000)]
  0x000002d2c8193820 JavaThread "File watcher consumer" daemon [_thread_blocked, id=11704, stack(0x000000e9bc000000,0x000000e9bc100000)]
  0x000002d2c8190fa0 JavaThread "jar transforms" [_thread_blocked, id=1300, stack(0x000000e9bc200000,0x000000e9bc300000)]
  0x000002d2c81914b0 JavaThread "jar transforms Thread 2" [_thread_blocked, id=11724, stack(0x000000e9bc300000,0x000000e9bc400000)]
  0x000002d2c81919c0 JavaThread "jar transforms Thread 3" [_thread_blocked, id=8136, stack(0x000000e9bc400000,0x000000e9bc500000)]
  0x000002d2c83c5df0 JavaThread "jar transforms Thread 4" [_thread_blocked, id=12872, stack(0x000000e9bc500000,0x000000e9bc600000)]
  0x000002d2c83c1200 JavaThread "Cache worker for checksums cache (C:\Users\edson.junior\AndroidStudioProjects\ProjetoMOB\.gradle\8.4\checksums)" [_thread_blocked, id=8096, stack(0x000000e9bc100000,0x000000e9bc200000)]
  0x000002d2c83bee90 JavaThread "Cache worker for file hash cache (C:\Users\edson.junior\AndroidStudioProjects\ProjetoMOB\.gradle\8.4\fileHashes)" [_thread_blocked, id=8084, stack(0x000000e9bc600000,0x000000e9bc700000)]
  0x000002d2c83c58e0 JavaThread "Cache worker for cache directory md-supplier (C:\Users\edson.junior\.gradle\caches\8.4\md-supplier)" [_thread_blocked, id=1736, stack(0x000000e9bc700000,0x000000e9bc800000)]
  0x000002d2c83c1c20 JavaThread "Cache worker for file content cache (C:\Users\edson.junior\.gradle\caches\8.4\fileContent)" [_thread_blocked, id=5084, stack(0x000000e9bc800000,0x000000e9bc900000)]
  0x000002d2c83c44a0 JavaThread "Cache worker for cache directory md-rule (C:\Users\edson.junior\.gradle\caches\8.4\md-rule)" [_thread_blocked, id=12036, stack(0x000000e9bca00000,0x000000e9bcb00000)]
  0x000002d2c83c0cf0 JavaThread "Cache worker for execution history cache (C:\Users\edson.junior\.gradle\caches\8.4\executionHistory)" [_thread_blocked, id=10460, stack(0x000000e9bcb00000,0x000000e9bcc00000)]
  0x000002d2c83c49b0 JavaThread "Cache worker for kotlin-dsl (C:\Users\edson.junior\.gradle\caches\8.4\kotlin-dsl)" [_thread_blocked, id=4620, stack(0x000000e9bcc00000,0x000000e9bcd00000)]
  0x000002d2c83c02d0 JavaThread "Cache worker for dependencies-accessors (C:\Users\edson.junior\AndroidStudioProjects\ProjetoMOB\.gradle\8.4\dependencies-accessors)" [_thread_blocked, id=11632, stack(0x000000e9bcd00000,0x000000e9bce00000)]
  0x000002d2c83c07e0 JavaThread "Cache worker for Build Output Cleanup Cache (C:\Users\edson.junior\AndroidStudioProjects\ProjetoMOB\.gradle\buildOutputCleanup)" [_thread_blocked, id=6640, stack(0x000000e9bce00000,0x000000e9bcf00000)]
  0x000002d2c83c53d0 JavaThread "Kotlin DSL Writer" [_thread_blocked, id=9576, stack(0x000000e9bcf00000,0x000000e9bd000000)]
  0x000002d2d4844100 JavaThread "Unconstrained build operations" [_thread_blocked, id=11684, stack(0x000000e9bd000000,0x000000e9bd100000)]
  0x000002d2d4845a50 JavaThread "Unconstrained build operations Thread 2" [_thread_blocked, id=10376, stack(0x000000e9bd100000,0x000000e9bd200000)]
  0x000002d2d4844610 JavaThread "Unconstrained build operations Thread 3" [_thread_blocked, id=4372, stack(0x000000e9bd200000,0x000000e9bd300000)]

Other Threads:
=>0x000002d2c14c0130 VMThread "VM Thread" [stack: 0x000000e9ba200000,0x000000e9ba300000] [id=10748]
  0x000002d2a7ece970 WatcherThread [stack: 0x000000e9bae00000,0x000000e9baf00000] [id=12772]
  0x000002d2a7f29070 GCTaskThread "GC Thread#0" [stack: 0x000000e9b9d00000,0x000000e9b9e00000] [id=7516]
  0x000002d2c61a0f50 GCTaskThread "GC Thread#1" [stack: 0x000000e9baf00000,0x000000e9bb000000] [id=13244]
  0x000002d2c61f92b0 GCTaskThread "GC Thread#2" [stack: 0x000000e9bb000000,0x000000e9bb100000] [id=3872]
  0x000002d2c199b200 GCTaskThread "GC Thread#3" [stack: 0x000000e9bb200000,0x000000e9bb300000] [id=7056]
  0x000002d2a7f3a670 ConcurrentGCThread "G1 Main Marker" [stack: 0x000000e9b9e00000,0x000000e9b9f00000] [id=1944]
  0x000002d2a7f3afa0 ConcurrentGCThread "G1 Conc#0" [stack: 0x000000e9b9f00000,0x000000e9ba000000] [id=10224]
  0x000002d2a7f8db30 ConcurrentGCThread "G1 Refine#0" [stack: 0x000000e9ba000000,0x000000e9ba100000] [id=5980]
  0x000002d2c9530de0 ConcurrentGCThread "G1 Refine#1" [stack: 0x000000e9bd500000,0x000000e9bd600000] [id=8260]
  0x000002d2a7f8e470 ConcurrentGCThread "G1 Service" [stack: 0x000000e9ba100000,0x000000e9ba200000] [id=9392]

Threads with active compile tasks:
C2 CompilerThread0    35961 11828   !   4       org.jetbrains.kotlin.metadata.ProtoBuf$Type::<init> (875 bytes)

VM state: at safepoint (normal execution)

VM Mutex/Monitor currently owned by a thread:  ([mutex/lock_event])
[0x000002d2a7ec9c50] Threads_lock - owner thread: 0x000002d2c14c0130
[0x000002d2a7eca940] Heap_lock - owner thread: 0x000002d2c7e23440

Heap address: 0x0000000080000000, size: 2048 MB, Compressed Oops mode: 32-bit

CDS archive(s) not mapped
Compressed class space mapped at: 0x0000000100000000-0x0000000140000000, reserved size: 1073741824
Narrow klass base: 0x0000000000000000, Narrow klass shift: 3, Narrow klass range: 0x140000000

GC Precious Log:
 CPUs: 4 total, 4 available
 Memory: 8077M
 Large Page Support: Disabled
 NUMA Support: Disabled
 Compressed Oops: Enabled (32-bit)
 Heap Region Size: 1M
 Heap Min Capacity: 8M
 Heap Initial Capacity: 128M
 Heap Max Capacity: 2G
 Pre-touch: Disabled
 Parallel Workers: 4
 Concurrent Workers: 1
 Concurrent Refinement Workers: 4
 Periodic GC: Disabled

Heap:
 garbage-first heap   total 249856K, used 145290K [0x0000000080000000, 0x0000000100000000)
  region size 1024K, 7 young (7168K), 7 survivors (7168K)
 Metaspace       used 137146K, committed 137920K, reserved 1179648K
  class space    used 17697K, committed 18048K, reserved 1048576K

Heap Regions: E=young(eden), S=young(survivor), O=old, HS=humongous(starts), HC=humongous(continues), CS=collection set, F=free, OA=open archive, CA=closed archive, TAMS=top-at-mark-start (previous, next)
|   0|0x0000000080000000, 0x0000000080100000, 0x0000000080100000|100%| O|  |TAMS 0x0000000080100000, 0x0000000080000000| Untracked 
|   1|0x0000000080100000, 0x0000000080200000, 0x0000000080200000|100%| O|  |TAMS 0x0000000080200000, 0x0000000080100000| Untracked 
|   2|0x0000000080200000, 0x0000000080300000, 0x0000000080300000|100%|HS|  |TAMS 0x0000000080300000, 0x0000000080200000| Complete 
|   3|0x0000000080300000, 0x0000000080400000, 0x0000000080400000|100%|HC|  |TAMS 0x0000000080400000, 0x0000000080300000| Complete 
|   4|0x0000000080400000, 0x0000000080500000, 0x0000000080500000|100%|HC|  |TAMS 0x0000000080500000, 0x0000000080400000| Complete 
|   5|0x0000000080500000, 0x0000000080600000, 0x0000000080600000|100%|HC|  |TAMS 0x0000000080600000, 0x0000000080500000| Complete 
|   6|0x0000000080600000, 0x0000000080700000, 0x0000000080700000|100%| O|  |TAMS 0x0000000080700000, 0x0000000080600000| Untracked 
|   7|0x0000000080700000, 0x0000000080800000, 0x0000000080800000|100%| O|  |TAMS 0x0000000080800000, 0x0000000080700000| Untracked 
|   8|0x0000000080800000, 0x0000000080900000, 0x0000000080900000|100%| O|  |TAMS 0x0000000080900000, 0x0000000080800000| Untracked 
|   9|0x0000000080900000, 0x0000000080a00000, 0x0000000080a00000|100%| O|  |TAMS 0x0000000080a00000, 0x0000000080900000| Untracked 
|  10|0x0000000080a00000, 0x0000000080b00000, 0x0000000080b00000|100%| O|  |TAMS 0x0000000080b00000, 0x0000000080a00000| Untracked 
|  11|0x0000000080b00000, 0x0000000080b00000, 0x0000000080c00000|  0%| F|  |TAMS 0x0000000080b00000, 0x0000000080b00000| Untracked 
|  12|0x0000000080c00000, 0x0000000080d00000, 0x0000000080d00000|100%| O|  |TAMS 0x0000000080d00000, 0x0000000080c00000| Untracked 
|  13|0x0000000080d00000, 0x0000000080e00000, 0x0000000080e00000|100%| O|  |TAMS 0x0000000080e00000, 0x0000000080d00000| Untracked 
|  14|0x0000000080e00000, 0x0000000080f00000, 0x0000000080f00000|100%| O|  |TAMS 0x0000000080f00000, 0x0000000080e00000| Untracked 
|  15|0x0000000080f00000, 0x0000000081000000, 0x0000000081000000|100%| O|  |TAMS 0x0000000081000000, 0x0000000080f00000| Untracked 
|  16|0x0000000081000000, 0x0000000081100000, 0x0000000081100000|100%| O|  |TAMS 0x0000000081100000, 0x0000000081000000| Untracked 
|  17|0x0000000081100000, 0x0000000081200000, 0x0000000081200000|100%| O|  |TAMS 0x0000000081200000, 0x0000000081100000| Untracked 
|  18|0x0000000081200000, 0x0000000081300000, 0x0000000081300000|100%| O|  |TAMS 0x0000000081300000, 0x0000000081200000| Untracked 
|  19|0x0000000081300000, 0x0000000081400000, 0x0000000081400000|100%| O|  |TAMS 0x0000000081400000, 0x0000000081300000| Untracked 
|  20|0x0000000081400000, 0x0000000081500000, 0x0000000081500000|100%|HS|  |TAMS 0x0000000081500000, 0x0000000081400000| Complete 
|  21|0x0000000081500000, 0x0000000081600000, 0x0000000081600000|100%|HC|  |TAMS 0x0000000081600000, 0x0000000081500000| Complete 
|  22|0x0000000081600000, 0x0000000081700000, 0x0000000081700000|100%|HS|  |TAMS 0x0000000081700000, 0x0000000081600000| Complete 
|  23|0x0000000081700000, 0x0000000081800000, 0x0000000081800000|100%|HC|  |TAMS 0x0000000081800000, 0x0000000081700000| Complete 
|  24|0x0000000081800000, 0x0000000081900000, 0x0000000081900000|100%|HC|  |TAMS 0x0000000081900000, 0x0000000081800000| Complete 
|  25|0x0000000081900000, 0x0000000081a00000, 0x0000000081a00000|100%|HS|  |TAMS 0x0000000081a00000, 0x0000000081900000| Complete 
|  26|0x0000000081a00000, 0x0000000081b00000, 0x0000000081b00000|100%|HC|  |TAMS 0x0000000081b00000, 0x0000000081a00000| Complete 
|  27|0x0000000081b00000, 0x0000000081c00000, 0x0000000081c00000|100%|HC|  |TAMS 0x0000000081c00000, 0x0000000081b00000| Complete 
|  28|0x0000000081c00000, 0x0000000081d00000, 0x0000000081d00000|100%| O|  |TAMS 0x0000000081d00000, 0x0000000081c00000| Untracked 
|  29|0x0000000081d00000, 0x0000000081e00000, 0x0000000081e00000|100%| O|  |TAMS 0x0000000081e00000, 0x0000000081d00000| Untracked 
|  30|0x0000000081e00000, 0x0000000081f00000, 0x0000000081f00000|100%|HS|  |TAMS 0x0000000081f00000, 0x0000000081e00000| Complete 
|  31|0x0000000081f00000, 0x0000000082000000, 0x0000000082000000|100%|HC|  |TAMS 0x0000000082000000, 0x0000000081f00000| Complete 
|  32|0x0000000082000000, 0x0000000082100000, 0x0000000082100000|100%|HC|  |TAMS 0x0000000082100000, 0x0000000082000000| Complete 
|  33|0x0000000082100000, 0x0000000082200000, 0x0000000082200000|100%| O|  |TAMS 0x0000000082200000, 0x0000000082100000| Untracked 
|  34|0x0000000082200000, 0x0000000082300000, 0x0000000082300000|100%| O|  |TAMS 0x0000000082300000, 0x0000000082200000| Untracked 
|  35|0x0000000082300000, 0x0000000082400000, 0x0000000082400000|100%| O|  |TAMS 0x0000000082400000, 0x0000000082300000| Untracked 
|  36|0x0000000082400000, 0x0000000082500000, 0x0000000082500000|100%| O|  |TAMS 0x0000000082500000, 0x0000000082400000| Untracked 
|  37|0x0000000082500000, 0x0000000082600000, 0x0000000082600000|100%| O|  |TAMS 0x0000000082600000, 0x0000000082500000| Untracked 
|  38|0x0000000082600000, 0x0000000082700000, 0x0000000082700000|100%| O|  |TAMS 0x0000000082700000, 0x0000000082600000| Untracked 
|  39|0x0000000082700000, 0x0000000082800000, 0x0000000082800000|100%| O|  |TAMS 0x0000000082800000, 0x0000000082700000| Untracked 
|  40|0x0000000082800000, 0x0000000082900000, 0x0000000082900000|100%| O|  |TAMS 0x0000000082900000, 0x0000000082800000| Untracked 
|  41|0x0000000082900000, 0x0000000082a00000, 0x0000000082a00000|100%| O|  |TAMS 0x0000000082a00000, 0x0000000082900000| Untracked 
|  42|0x0000000082a00000, 0x0000000082b00000, 0x0000000082b00000|100%| O|  |TAMS 0x0000000082b00000, 0x0000000082a00000| Untracked 
|  43|0x0000000082b00000, 0x0000000082c00000, 0x0000000082c00000|100%| O|  |TAMS 0x0000000082c00000, 0x0000000082b00000| Untracked 
|  44|0x0000000082c00000, 0x0000000082d00000, 0x0000000082d00000|100%| O|  |TAMS 0x0000000082d00000, 0x0000000082c00000| Untracked 
|  45|0x0000000082d00000, 0x0000000082e00000, 0x0000000082e00000|100%| O|  |TAMS 0x0000000082e00000, 0x0000000082d00000| Untracked 
|  46|0x0000000082e00000, 0x0000000082f00000, 0x0000000082f00000|100%|HS|  |TAMS 0x0000000082f00000, 0x0000000082e00000| Complete 
|  47|0x0000000082f00000, 0x0000000083000000, 0x0000000083000000|100%|HC|  |TAMS 0x0000000083000000, 0x0000000082f00000| Complete 
|  48|0x0000000083000000, 0x0000000083100000, 0x0000000083100000|100%|HC|  |TAMS 0x0000000083100000, 0x0000000083000000| Complete 
|  49|0x0000000083100000, 0x0000000083200000, 0x0000000083200000|100%| O|  |TAMS 0x0000000083200000, 0x0000000083100000| Untracked 
|  50|0x0000000083200000, 0x0000000083300000, 0x0000000083300000|100%| O|  |TAMS 0x0000000083300000, 0x0000000083200000| Untracked 
|  51|0x0000000083300000, 0x0000000083400000, 0x0000000083400000|100%| O|  |TAMS 0x0000000083400000, 0x0000000083300000| Untracked 
|  52|0x0000000083400000, 0x0000000083500000, 0x0000000083500000|100%| O|  |TAMS 0x0000000083500000, 0x0000000083400000| Untracked 
|  53|0x0000000083500000, 0x0000000083600000, 0x0000000083600000|100%| O|  |TAMS 0x0000000083600000, 0x0000000083500000| Untracked 
|  54|0x0000000083600000, 0x0000000083700000, 0x0000000083700000|100%| O|  |TAMS 0x0000000083700000, 0x0000000083600000| Untracked 
|  55|0x0000000083700000, 0x0000000083800000, 0x0000000083800000|100%| O|  |TAMS 0x0000000083800000, 0x0000000083700000| Untracked 
|  56|0x0000000083800000, 0x0000000083900000, 0x0000000083900000|100%| O|  |TAMS 0x0000000083900000, 0x0000000083800000| Untracked 
|  57|0x0000000083900000, 0x0000000083a00000, 0x0000000083a00000|100%| O|  |TAMS 0x0000000083a00000, 0x0000000083900000| Untracked 
|  58|0x0000000083a00000, 0x0000000083a00000, 0x0000000083b00000|  0%| F|  |TAMS 0x0000000083a00000, 0x0000000083a00000| Untracked 
|  59|0x0000000083b00000, 0x0000000083c00000, 0x0000000083c00000|100%| O|  |TAMS 0x0000000083b00000, 0x0000000083b00000| Untracked 
|  60|0x0000000083c00000, 0x0000000083d00000, 0x0000000083d00000|100%| O|  |TAMS 0x0000000083c00000, 0x0000000083c00000| Untracked 
|  61|0x0000000083d00000, 0x0000000083e00000, 0x0000000083e00000|100%| O|  |TAMS 0x0000000083e00000, 0x0000000083d00000| Untracked 
|  62|0x0000000083e00000, 0x0000000083f00000, 0x0000000083f00000|100%| O|  |TAMS 0x0000000083f00000, 0x0000000083e00000| Untracked 
|  63|0x0000000083f00000, 0x0000000084000000, 0x0000000084000000|100%| O|  |TAMS 0x0000000084000000, 0x0000000083f00000| Untracked 
|  64|0x0000000084000000, 0x0000000084100000, 0x0000000084100000|100%| O|  |TAMS 0x0000000084100000, 0x0000000084000000| Untracked 
|  65|0x0000000084100000, 0x0000000084200000, 0x0000000084200000|100%| O|  |TAMS 0x0000000084200000, 0x0000000084100000| Untracked 
|  66|0x0000000084200000, 0x0000000084300000, 0x0000000084300000|100%| O|  |TAMS 0x0000000084300000, 0x0000000084200000| Untracked 
|  67|0x0000000084300000, 0x0000000084400000, 0x0000000084400000|100%| O|  |TAMS 0x0000000084400000, 0x0000000084300000| Untracked 
|  68|0x0000000084400000, 0x0000000084500000, 0x0000000084500000|100%| O|  |TAMS 0x0000000084500000, 0x0000000084400000| Untracked 
|  69|0x0000000084500000, 0x0000000084600000, 0x0000000084600000|100%| O|  |TAMS 0x0000000084600000, 0x0000000084500000| Untracked 
|  70|0x0000000084600000, 0x0000000084700000, 0x0000000084700000|100%|HS|  |TAMS 0x0000000084700000, 0x0000000084600000| Complete 
|  71|0x0000000084700000, 0x0000000084800000, 0x0000000084800000|100%|HC|  |TAMS 0x0000000084800000, 0x0000000084700000| Complete 
|  72|0x0000000084800000, 0x0000000084900000, 0x0000000084900000|100%|HC|  |TAMS 0x0000000084900000, 0x0000000084800000| Complete 
|  73|0x0000000084900000, 0x0000000084a00000, 0x0000000084a00000|100%|HC|  |TAMS 0x0000000084a00000, 0x0000000084900000| Complete 
|  74|0x0000000084a00000, 0x0000000084b00000, 0x0000000084b00000|100%|HC|  |TAMS 0x0000000084b00000, 0x0000000084a00000| Complete 
|  75|0x0000000084b00000, 0x0000000084c00000, 0x0000000084c00000|100%|HC|  |TAMS 0x0000000084c00000, 0x0000000084b00000| Complete 
|  76|0x0000000084c00000, 0x0000000084d00000, 0x0000000084d00000|100%|HS|  |TAMS 0x0000000084d00000, 0x0000000084c00000| Complete 
|  77|0x0000000084d00000, 0x0000000084e00000, 0x0000000084e00000|100%| O|  |TAMS 0x0000000084e00000, 0x0000000084d00000| Untracked 
|  78|0x0000000084e00000, 0x0000000084f00000, 0x0000000084f00000|100%| O|  |TAMS 0x0000000084f00000, 0x0000000084e00000| Untracked 
|  79|0x0000000084f00000, 0x0000000085000000, 0x0000000085000000|100%| O|  |TAMS 0x0000000085000000, 0x0000000084f00000| Untracked 
|  80|0x0000000085000000, 0x0000000085100000, 0x0000000085100000|100%| O|  |TAMS 0x0000000085100000, 0x0000000085000000| Untracked 
|  81|0x0000000085100000, 0x0000000085200000, 0x0000000085200000|100%| O|  |TAMS 0x0000000085200000, 0x0000000085100000| Untracked 
|  82|0x0000000085200000, 0x0000000085300000, 0x0000000085300000|100%| O|  |TAMS 0x0000000085300000, 0x0000000085200000| Untracked 
|  83|0x0000000085300000, 0x0000000085400000, 0x0000000085400000|100%| O|  |TAMS 0x0000000085400000, 0x0000000085300000| Untracked 
|  84|0x0000000085400000, 0x0000000085500000, 0x0000000085500000|100%| O|  |TAMS 0x0000000085500000, 0x0000000085400000| Untracked 
|  85|0x0000000085500000, 0x0000000085600000, 0x0000000085600000|100%| O|  |TAMS 0x0000000085600000, 0x0000000085500000| Untracked 
|  86|0x0000000085600000, 0x0000000085700000, 0x0000000085700000|100%| O|  |TAMS 0x0000000085700000, 0x0000000085600000| Untracked 
|  87|0x0000000085700000, 0x0000000085800000, 0x0000000085800000|100%| O|  |TAMS 0x0000000085800000, 0x0000000085700000| Untracked 
|  88|0x0000000085800000, 0x0000000085900000, 0x0000000085900000|100%| O|  |TAMS 0x0000000085900000, 0x0000000085800000| Untracked 
|  89|0x0000000085900000, 0x0000000085a00000, 0x0000000085a00000|100%| O|  |TAMS 0x0000000085a00000, 0x0000000085900000| Untracked 
|  90|0x0000000085a00000, 0x0000000085b00000, 0x0000000085b00000|100%| O|  |TAMS 0x0000000085b00000, 0x0000000085a00000| Untracked 
|  91|0x0000000085b00000, 0x0000000085c00000, 0x0000000085c00000|100%| O|  |TAMS 0x0000000085c00000, 0x0000000085b00000| Untracked 
|  92|0x0000000085c00000, 0x0000000085d00000, 0x0000000085d00000|100%| O|  |TAMS 0x0000000085d00000, 0x0000000085c00000| Untracked 
|  93|0x0000000085d00000, 0x0000000085e00000, 0x0000000085e00000|100%| O|  |TAMS 0x0000000085e00000, 0x0000000085d00000| Untracked 
|  94|0x0000000085e00000, 0x0000000085f00000, 0x0000000085f00000|100%| O|  |TAMS 0x0000000085f00000, 0x0000000085e00000| Untracked 
|  95|0x0000000085f00000, 0x0000000086000000, 0x0000000086000000|100%| O|  |TAMS 0x0000000086000000, 0x0000000085f00000| Untracked 
|  96|0x0000000086000000, 0x0000000086100000, 0x0000000086100000|100%| O|  |TAMS 0x0000000086100000, 0x0000000086000000| Untracked 
|  97|0x0000000086100000, 0x0000000086200000, 0x0000000086200000|100%| O|  |TAMS 0x0000000086200000, 0x0000000086100000| Untracked 
|  98|0x0000000086200000, 0x0000000086300000, 0x0000000086300000|100%| O|  |TAMS 0x0000000086300000, 0x0000000086200000| Untracked 
|  99|0x0000000086300000, 0x0000000086400000, 0x0000000086400000|100%| O|  |TAMS 0x0000000086400000, 0x0000000086300000| Untracked 
| 100|0x0000000086400000, 0x0000000086500000, 0x0000000086500000|100%| O|  |TAMS 0x0000000086500000, 0x0000000086400000| Untracked 
| 101|0x0000000086500000, 0x0000000086600000, 0x0000000086600000|100%| O|  |TAMS 0x0000000086500000, 0x0000000086500000| Untracked 
| 102|0x0000000086600000, 0x0000000086700000, 0x0000000086700000|100%| O|  |TAMS 0x0000000086600000, 0x0000000086600000| Untracked 
| 103|0x0000000086700000, 0x0000000086800000, 0x0000000086800000|100%| O|  |TAMS 0x0000000086700000, 0x0000000086700000| Untracked 
| 104|0x0000000086800000, 0x0000000086900000, 0x0000000086900000|100%| O|  |TAMS 0x0000000086800000, 0x0000000086800000| Untracked 
| 105|0x0000000086900000, 0x0000000086a00000, 0x0000000086a00000|100%| O|  |TAMS 0x0000000086900000, 0x0000000086900000| Untracked 
| 106|0x0000000086a00000, 0x0000000086b00000, 0x0000000086b00000|100%| O|  |TAMS 0x0000000086a00000, 0x0000000086a00000| Untracked 
| 107|0x0000000086b00000, 0x0000000086c00000, 0x0000000086c00000|100%| O|  |TAMS 0x0000000086b00000, 0x0000000086b00000| Untracked 
| 108|0x0000000086c00000, 0x0000000086d00000, 0x0000000086d00000|100%|HS|  |TAMS 0x0000000086c00000, 0x0000000086c00000| Complete 
| 109|0x0000000086d00000, 0x0000000086e00000, 0x0000000086e00000|100%|HS|  |TAMS 0x0000000086d00000, 0x0000000086d00000| Complete 
| 110|0x0000000086e00000, 0x0000000086f00000, 0x0000000086f00000|100%|HS|  |TAMS 0x0000000086e00000, 0x0000000086e00000| Complete 
| 111|0x0000000086f00000, 0x0000000087000000, 0x0000000087000000|100%|HC|  |TAMS 0x0000000086f00000, 0x0000000086f00000| Complete 
| 112|0x0000000087000000, 0x0000000087100000, 0x0000000087100000|100%|HS|  |TAMS 0x0000000087000000, 0x0000000087000000| Complete 
| 113|0x0000000087100000, 0x0000000087200000, 0x0000000087200000|100%|HS|  |TAMS 0x0000000087100000, 0x0000000087100000| Complete 
| 114|0x0000000087200000, 0x0000000087300000, 0x0000000087300000|100%|HC|  |TAMS 0x0000000087200000, 0x0000000087200000| Complete 
| 115|0x0000000087300000, 0x0000000087400000, 0x0000000087400000|100%|HC|  |TAMS 0x0000000087300000, 0x0000000087300000| Complete 
| 116|0x0000000087400000, 0x0000000087500000, 0x0000000087500000|100%|HC|  |TAMS 0x0000000087400000, 0x0000000087400000| Complete 
| 117|0x0000000087500000, 0x0000000087600000, 0x0000000087600000|100%| O|  |TAMS 0x0000000087500000, 0x0000000087500000| Untracked 
| 118|0x0000000087600000, 0x0000000087700000, 0x0000000087700000|100%| O|  |TAMS 0x0000000087600000, 0x0000000087600000| Untracked 
| 119|0x0000000087700000, 0x0000000087800000, 0x0000000087800000|100%| O|  |TAMS 0x0000000087700000, 0x0000000087700000| Untracked 
| 120|0x0000000087800000, 0x0000000087900000, 0x0000000087900000|100%| O|  |TAMS 0x0000000087800000, 0x0000000087800000| Untracked 
| 121|0x0000000087900000, 0x0000000087a00000, 0x0000000087a00000|100%| O|  |TAMS 0x0000000087900000, 0x0000000087900000| Untracked 
| 122|0x0000000087a00000, 0x0000000087b00000, 0x0000000087b00000|100%| O|  |TAMS 0x0000000087a00000, 0x0000000087a00000| Untracked 
| 123|0x0000000087b00000, 0x0000000087c00000, 0x0000000087c00000|100%| O|  |TAMS 0x0000000087b00000, 0x0000000087b00000| Untracked 
| 124|0x0000000087c00000, 0x0000000087d00000, 0x0000000087d00000|100%| O|  |TAMS 0x0000000087c00000, 0x0000000087c00000| Untracked 
| 125|0x0000000087d00000, 0x0000000087e00000, 0x0000000087e00000|100%| O|  |TAMS 0x0000000087d00000, 0x0000000087d00000| Untracked 
| 126|0x0000000087e00000, 0x0000000087f00000, 0x0000000087f00000|100%| O|  |TAMS 0x0000000087e00000, 0x0000000087e00000| Untracked 
| 127|0x0000000087f00000, 0x0000000088000000, 0x0000000088000000|100%| O|  |TAMS 0x0000000087f00000, 0x0000000087f00000| Untracked 
| 128|0x0000000088000000, 0x0000000088100000, 0x0000000088100000|100%| O|  |TAMS 0x0000000088000000, 0x0000000088000000| Untracked 
| 129|0x0000000088100000, 0x0000000088100000, 0x0000000088200000|  0%| F|  |TAMS 0x0000000088100000, 0x0000000088100000| Untracked 
| 130|0x0000000088200000, 0x0000000088200000, 0x0000000088300000|  0%| F|  |TAMS 0x0000000088200000, 0x0000000088200000| Untracked 
| 131|0x0000000088300000, 0x0000000088300000, 0x0000000088400000|  0%| F|  |TAMS 0x0000000088300000, 0x0000000088300000| Untracked 
| 132|0x0000000088400000, 0x0000000088400000, 0x0000000088500000|  0%| F|  |TAMS 0x0000000088400000, 0x0000000088400000| Untracked 
| 133|0x0000000088500000, 0x0000000088500000, 0x0000000088600000|  0%| F|  |TAMS 0x0000000088500000, 0x0000000088500000| Untracked 
| 134|0x0000000088600000, 0x0000000088700000, 0x0000000088700000|100%| O|  |TAMS 0x0000000088600000, 0x0000000088600000| Untracked 
| 135|0x0000000088700000, 0x0000000088800000, 0x0000000088800000|100%| O|  |TAMS 0x0000000088700000, 0x0000000088700000| Untracked 
| 136|0x0000000088800000, 0x0000000088900000, 0x0000000088900000|100%| O|  |TAMS 0x0000000088800000, 0x0000000088800000| Untracked 
| 137|0x0000000088900000, 0x0000000088a00000, 0x0000000088a00000|100%| O|  |TAMS 0x0000000088900000, 0x0000000088900000| Untracked 
| 138|0x0000000088a00000, 0x0000000088a80000, 0x0000000088b00000| 50%| O|  |TAMS 0x0000000088a00000, 0x0000000088a00000| Untracked 
| 139|0x0000000088b00000, 0x0000000088b00000, 0x0000000088c00000|  0%| F|  |TAMS 0x0000000088b00000, 0x0000000088b00000| Untracked 
| 140|0x0000000088c00000, 0x0000000088c00000, 0x0000000088d00000|  0%| F|  |TAMS 0x0000000088c00000, 0x0000000088c00000| Untracked 
| 141|0x0000000088d00000, 0x0000000088d00000, 0x0000000088e00000|  0%| F|  |TAMS 0x0000000088d00000, 0x0000000088d00000| Untracked 
| 142|0x0000000088e00000, 0x0000000088e00000, 0x0000000088f00000|  0%| F|  |TAMS 0x0000000088e00000, 0x0000000088e00000| Untracked 
| 143|0x0000000088f00000, 0x0000000088f00000, 0x0000000089000000|  0%| F|  |TAMS 0x0000000088f00000, 0x0000000088f00000| Untracked 
| 144|0x0000000089000000, 0x0000000089000000, 0x0000000089100000|  0%| F|  |TAMS 0x0000000089000000, 0x0000000089000000| Untracked 
| 145|0x0000000089100000, 0x0000000089100000, 0x0000000089200000|  0%| F|  |TAMS 0x0000000089100000, 0x0000000089100000| Untracked 
| 146|0x0000000089200000, 0x0000000089200000, 0x0000000089300000|  0%| F|  |TAMS 0x0000000089200000, 0x0000000089200000| Untracked 
| 147|0x0000000089300000, 0x0000000089300000, 0x0000000089400000|  0%| F|  |TAMS 0x0000000089300000, 0x0000000089300000| Untracked 
| 148|0x0000000089400000, 0x0000000089400000, 0x0000000089500000|  0%| F|  |TAMS 0x0000000089400000, 0x0000000089400000| Untracked 
| 149|0x0000000089500000, 0x0000000089500000, 0x0000000089600000|  0%| F|  |TAMS 0x0000000089500000, 0x0000000089500000| Untracked 
| 150|0x0000000089600000, 0x0000000089600000, 0x0000000089700000|  0%| F|  |TAMS 0x0000000089600000, 0x0000000089600000| Untracked 
| 151|0x0000000089700000, 0x0000000089700000, 0x0000000089800000|  0%| F|  |TAMS 0x0000000089700000, 0x0000000089700000| Untracked 
| 152|0x0000000089800000, 0x0000000089800000, 0x0000000089900000|  0%| F|  |TAMS 0x0000000089800000, 0x0000000089800000| Untracked 
| 153|0x0000000089900000, 0x0000000089900000, 0x0000000089a00000|  0%| F|  |TAMS 0x0000000089900000, 0x0000000089900000| Untracked 
| 154|0x0000000089a00000, 0x0000000089a00000, 0x0000000089b00000|  0%| F|  |TAMS 0x0000000089a00000, 0x0000000089a00000| Untracked 
| 155|0x0000000089b00000, 0x0000000089b00000, 0x0000000089c00000|  0%| F|  |TAMS 0x0000000089b00000, 0x0000000089b00000| Untracked 
| 156|0x0000000089c00000, 0x0000000089c00000, 0x0000000089d00000|  0%| F|  |TAMS 0x0000000089c00000, 0x0000000089c00000| Untracked 
| 157|0x0000000089d00000, 0x0000000089d00000, 0x0000000089e00000|  0%| F|  |TAMS 0x0000000089d00000, 0x0000000089d00000| Untracked 
| 158|0x0000000089e00000, 0x0000000089e00000, 0x0000000089f00000|  0%| F|  |TAMS 0x0000000089e00000, 0x0000000089e00000| Untracked 
| 159|0x0000000089f00000, 0x0000000089f00000, 0x000000008a000000|  0%| F|  |TAMS 0x0000000089f00000, 0x0000000089f00000| Untracked 
| 160|0x000000008a000000, 0x000000008a000000, 0x000000008a100000|  0%| F|  |TAMS 0x000000008a000000, 0x000000008a000000| Untracked 
| 161|0x000000008a100000, 0x000000008a100000, 0x000000008a200000|  0%| F|  |TAMS 0x000000008a100000, 0x000000008a100000| Untracked 
| 162|0x000000008a200000, 0x000000008a200000, 0x000000008a300000|  0%| F|  |TAMS 0x000000008a200000, 0x000000008a200000| Untracked 
| 163|0x000000008a300000, 0x000000008a300000, 0x000000008a400000|  0%| F|  |TAMS 0x000000008a300000, 0x000000008a300000| Untracked 
| 164|0x000000008a400000, 0x000000008a400000, 0x000000008a500000|  0%| F|  |TAMS 0x000000008a400000, 0x000000008a400000| Untracked 
| 165|0x000000008a500000, 0x000000008a500000, 0x000000008a600000|  0%| F|  |TAMS 0x000000008a500000, 0x000000008a500000| Untracked 
| 166|0x000000008a600000, 0x000000008a600000, 0x000000008a700000|  0%| F|  |TAMS 0x000000008a600000, 0x000000008a600000| Untracked 
| 167|0x000000008a700000, 0x000000008a700000, 0x000000008a800000|  0%| F|  |TAMS 0x000000008a700000, 0x000000008a700000| Untracked 
| 168|0x000000008a800000, 0x000000008a800000, 0x000000008a900000|  0%| F|  |TAMS 0x000000008a800000, 0x000000008a800000| Untracked 
| 169|0x000000008a900000, 0x000000008a900000, 0x000000008aa00000|  0%| F|  |TAMS 0x000000008a900000, 0x000000008a900000| Untracked 
| 170|0x000000008aa00000, 0x000000008aa00000, 0x000000008ab00000|  0%| F|  |TAMS 0x000000008aa00000, 0x000000008aa00000| Untracked 
| 171|0x000000008ab00000, 0x000000008ab00000, 0x000000008ac00000|  0%| F|  |TAMS 0x000000008ab00000, 0x000000008ab00000| Untracked 
| 172|0x000000008ac00000, 0x000000008ac00000, 0x000000008ad00000|  0%| F|  |TAMS 0x000000008ac00000, 0x000000008ac00000| Untracked 
| 173|0x000000008ad00000, 0x000000008ad62940, 0x000000008ae00000| 38%| S|CS|TAMS 0x000000008ad00000, 0x000000008ad00000| Complete 
| 174|0x000000008ae00000, 0x000000008af00000, 0x000000008af00000|100%| S|CS|TAMS 0x000000008ae00000, 0x000000008ae00000| Complete 
| 175|0x000000008af00000, 0x000000008b000000, 0x000000008b000000|100%| S|CS|TAMS 0x000000008af00000, 0x000000008af00000| Complete 
| 176|0x000000008b000000, 0x000000008b100000, 0x000000008b100000|100%| S|CS|TAMS 0x000000008b000000, 0x000000008b000000| Complete 
| 177|0x000000008b100000, 0x000000008b200000, 0x000000008b200000|100%| S|CS|TAMS 0x000000008b100000, 0x000000008b100000| Complete 
| 178|0x000000008b200000, 0x000000008b300000, 0x000000008b300000|100%| S|CS|TAMS 0x000000008b200000, 0x000000008b200000| Complete 
| 179|0x000000008b300000, 0x000000008b400000, 0x000000008b400000|100%| S|CS|TAMS 0x000000008b300000, 0x000000008b300000| Complete 
| 180|0x000000008b400000, 0x000000008b400000, 0x000000008b500000|  0%| F|  |TAMS 0x000000008b400000, 0x000000008b400000| Untracked 
| 181|0x000000008b500000, 0x000000008b500000, 0x000000008b600000|  0%| F|  |TAMS 0x000000008b500000, 0x000000008b500000| Untracked 
| 182|0x000000008b600000, 0x000000008b600000, 0x000000008b700000|  0%| F|  |TAMS 0x000000008b600000, 0x000000008b600000| Untracked 
| 183|0x000000008b700000, 0x000000008b700000, 0x000000008b800000|  0%| F|  |TAMS 0x000000008b700000, 0x000000008b700000| Untracked 
| 184|0x000000008b800000, 0x000000008b800000, 0x000000008b900000|  0%| F|  |TAMS 0x000000008b800000, 0x000000008b800000| Untracked 
| 185|0x000000008b900000, 0x000000008b900000, 0x000000008ba00000|  0%| F|  |TAMS 0x000000008b900000, 0x000000008b900000| Untracked 
| 186|0x000000008ba00000, 0x000000008ba00000, 0x000000008bb00000|  0%| F|  |TAMS 0x000000008ba00000, 0x000000008ba00000| Untracked 
| 187|0x000000008bb00000, 0x000000008bb00000, 0x000000008bc00000|  0%| F|  |TAMS 0x000000008bb00000, 0x000000008bb00000| Untracked 
| 188|0x000000008bc00000, 0x000000008bc00000, 0x000000008bd00000|  0%| F|  |TAMS 0x000000008bc00000, 0x000000008bc00000| Untracked 
| 189|0x000000008bd00000, 0x000000008bd00000, 0x000000008be00000|  0%| F|  |TAMS 0x000000008bd00000, 0x000000008bd00000| Untracked 
| 190|0x000000008be00000, 0x000000008be00000, 0x000000008bf00000|  0%| F|  |TAMS 0x000000008be00000, 0x000000008be00000| Untracked 
| 191|0x000000008bf00000, 0x000000008bf00000, 0x000000008c000000|  0%| F|  |TAMS 0x000000008bf00000, 0x000000008bf00000| Untracked 
| 192|0x000000008c000000, 0x000000008c000000, 0x000000008c100000|  0%| F|  |TAMS 0x000000008c000000, 0x000000008c000000| Untracked 
| 193|0x000000008c100000, 0x000000008c100000, 0x000000008c200000|  0%| F|  |TAMS 0x000000008c100000, 0x000000008c100000| Untracked 
| 194|0x000000008c200000, 0x000000008c200000, 0x000000008c300000|  0%| F|  |TAMS 0x000000008c200000, 0x000000008c200000| Untracked 
| 195|0x000000008c300000, 0x000000008c300000, 0x000000008c400000|  0%| F|  |TAMS 0x000000008c300000, 0x000000008c300000| Untracked 
| 196|0x000000008c400000, 0x000000008c400000, 0x000000008c500000|  0%| F|  |TAMS 0x000000008c400000, 0x000000008c400000| Untracked 
| 197|0x000000008c500000, 0x000000008c500000, 0x000000008c600000|  0%| F|  |TAMS 0x000000008c500000, 0x000000008c500000| Untracked 
| 198|0x000000008c600000, 0x000000008c600000, 0x000000008c700000|  0%| F|  |TAMS 0x000000008c600000, 0x000000008c600000| Untracked 
| 199|0x000000008c700000, 0x000000008c700000, 0x000000008c800000|  0%| F|  |TAMS 0x000000008c700000, 0x000000008c700000| Untracked 
| 200|0x000000008c800000, 0x000000008c800000, 0x000000008c900000|  0%| F|  |TAMS 0x000000008c800000, 0x000000008c800000| Untracked 
| 201|0x000000008c900000, 0x000000008c900000, 0x000000008ca00000|  0%| F|  |TAMS 0x000000008c900000, 0x000000008c900000| Untracked 
| 202|0x000000008ca00000, 0x000000008ca00000, 0x000000008cb00000|  0%| F|  |TAMS 0x000000008ca00000, 0x000000008ca00000| Untracked 
| 203|0x000000008cb00000, 0x000000008cb00000, 0x000000008cc00000|  0%| F|  |TAMS 0x000000008cb00000, 0x000000008cb00000| Untracked 
| 204|0x000000008cc00000, 0x000000008cc00000, 0x000000008cd00000|  0%| F|  |TAMS 0x000000008cc00000, 0x000000008cc00000| Untracked 
| 205|0x000000008cd00000, 0x000000008cd00000, 0x000000008ce00000|  0%| F|  |TAMS 0x000000008cd00000, 0x000000008cd00000| Untracked 
| 206|0x000000008ce00000, 0x000000008ce00000, 0x000000008cf00000|  0%| F|  |TAMS 0x000000008ce00000, 0x000000008ce00000| Untracked 
| 207|0x000000008cf00000, 0x000000008cf00000, 0x000000008d000000|  0%| F|  |TAMS 0x000000008cf00000, 0x000000008cf00000| Untracked 
| 208|0x000000008d000000, 0x000000008d000000, 0x000000008d100000|  0%| F|  |TAMS 0x000000008d000000, 0x000000008d000000| Untracked 
| 209|0x000000008d100000, 0x000000008d100000, 0x000000008d200000|  0%| F|  |TAMS 0x000000008d100000, 0x000000008d100000| Untracked 
| 210|0x000000008d200000, 0x000000008d200000, 0x000000008d300000|  0%| F|  |TAMS 0x000000008d200000, 0x000000008d200000| Untracked 
| 211|0x000000008d300000, 0x000000008d300000, 0x000000008d400000|  0%| F|  |TAMS 0x000000008d300000, 0x000000008d300000| Untracked 
| 212|0x000000008d400000, 0x000000008d400000, 0x000000008d500000|  0%| F|  |TAMS 0x000000008d400000, 0x000000008d400000| Untracked 
| 213|0x000000008d500000, 0x000000008d500000, 0x000000008d600000|  0%| F|  |TAMS 0x000000008d500000, 0x000000008d500000| Untracked 
| 214|0x000000008d600000, 0x000000008d600000, 0x000000008d700000|  0%| F|  |TAMS 0x000000008d600000, 0x000000008d600000| Untracked 
| 215|0x000000008d700000, 0x000000008d700000, 0x000000008d800000|  0%| F|  |TAMS 0x000000008d700000, 0x000000008d700000| Untracked 
| 216|0x000000008d800000, 0x000000008d800000, 0x000000008d900000|  0%| F|  |TAMS 0x000000008d800000, 0x000000008d800000| Untracked 
| 217|0x000000008d900000, 0x000000008d900000, 0x000000008da00000|  0%| F|  |TAMS 0x000000008d900000, 0x000000008d900000| Untracked 
| 218|0x000000008da00000, 0x000000008da00000, 0x000000008db00000|  0%| F|  |TAMS 0x000000008da00000, 0x000000008da00000| Untracked 
| 219|0x000000008db00000, 0x000000008db00000, 0x000000008dc00000|  0%| F|  |TAMS 0x000000008db00000, 0x000000008db00000| Untracked 
| 220|0x000000008dc00000, 0x000000008dc00000, 0x000000008dd00000|  0%| F|  |TAMS 0x000000008dc00000, 0x000000008dc00000| Untracked 
| 221|0x000000008dd00000, 0x000000008dd00000, 0x000000008de00000|  0%| F|  |TAMS 0x000000008dd00000, 0x000000008dd00000| Untracked 
| 222|0x000000008de00000, 0x000000008de00000, 0x000000008df00000|  0%| F|  |TAMS 0x000000008de00000, 0x000000008de00000| Untracked 
| 223|0x000000008df00000, 0x000000008df00000, 0x000000008e000000|  0%| F|  |TAMS 0x000000008df00000, 0x000000008df00000| Untracked 
| 224|0x000000008e000000, 0x000000008e000000, 0x000000008e100000|  0%| F|  |TAMS 0x000000008e000000, 0x000000008e000000| Untracked 
| 225|0x000000008e100000, 0x000000008e100000, 0x000000008e200000|  0%| F|  |TAMS 0x000000008e100000, 0x000000008e100000| Untracked 
| 226|0x000000008e200000, 0x000000008e200000, 0x000000008e300000|  0%| F|  |TAMS 0x000000008e200000, 0x000000008e200000| Untracked 
| 227|0x000000008e300000, 0x000000008e300000, 0x000000008e400000|  0%| F|  |TAMS 0x000000008e300000, 0x000000008e300000| Untracked 
| 228|0x000000008e400000, 0x000000008e400000, 0x000000008e500000|  0%| F|  |TAMS 0x000000008e400000, 0x000000008e400000| Untracked 
| 229|0x000000008e500000, 0x000000008e500000, 0x000000008e600000|  0%| F|  |TAMS 0x000000008e500000, 0x000000008e500000| Untracked 
| 230|0x000000008e600000, 0x000000008e600000, 0x000000008e700000|  0%| F|  |TAMS 0x000000008e600000, 0x000000008e600000| Untracked 
| 231|0x000000008e700000, 0x000000008e700000, 0x000000008e800000|  0%| F|  |TAMS 0x000000008e700000, 0x000000008e700000| Untracked 
| 232|0x000000008e800000, 0x000000008e800000, 0x000000008e900000|  0%| F|  |TAMS 0x000000008e800000, 0x000000008e800000| Untracked 
| 233|0x000000008e900000, 0x000000008e900000, 0x000000008ea00000|  0%| F|  |TAMS 0x000000008e900000, 0x000000008e900000| Untracked 
| 234|0x000000008ea00000, 0x000000008ea00000, 0x000000008eb00000|  0%| F|  |TAMS 0x000000008ea00000, 0x000000008ea00000| Untracked 
| 235|0x000000008eb00000, 0x000000008eb00000, 0x000000008ec00000|  0%| F|  |TAMS 0x000000008eb00000, 0x000000008eb00000| Untracked 
| 236|0x000000008ec00000, 0x000000008ec00000, 0x000000008ed00000|  0%| F|  |TAMS 0x000000008ec00000, 0x000000008ec00000| Untracked 
| 237|0x000000008ed00000, 0x000000008ed00000, 0x000000008ee00000|  0%| F|  |TAMS 0x000000008ed00000, 0x000000008ed00000| Untracked 
| 238|0x000000008ee00000, 0x000000008ee00000, 0x000000008ef00000|  0%| F|  |TAMS 0x000000008ee00000, 0x000000008ee00000| Untracked 
| 239|0x000000008ef00000, 0x000000008ef00000, 0x000000008f000000|  0%| F|  |TAMS 0x000000008ef00000, 0x000000008ef00000| Untracked 
|2044|0x00000000ffc00000, 0x00000000ffd00000, 0x00000000ffd00000|100%| O|  |TAMS 0x00000000ffc00000, 0x00000000ffc00000| Untracked 
|2045|0x00000000ffd00000, 0x00000000ffe00000, 0x00000000ffe00000|100%| O|  |TAMS 0x00000000ffd00000, 0x00000000ffd00000| Untracked 
|2046|0x00000000ffe00000, 0x00000000fff00000, 0x00000000fff00000|100%| O|  |TAMS 0x00000000ffe00000, 0x00000000ffe00000| Untracked 
|2047|0x00000000fff00000, 0x0000000100000000, 0x0000000100000000|100%| O|  |TAMS 0x00000000fff00000, 0x00000000fff00000| Untracked 

Card table byte_map: [0x000002d2ba7b0000,0x000002d2babb0000] _byte_map_base: 0x000002d2ba3b0000

Marking Bits (Prev, Next): (CMBitMap*) 0x000002d2a7f295e0, (CMBitMap*) 0x000002d2a7f295a0
 Prev Bits: [0x000002d2bcfb0000, 0x000002d2befb0000)
 Next Bits: [0x000002d2bafb0000, 0x000002d2bcfb0000)

Polling page: 0x000002d2a5ed0000

Metaspace:

Usage:
  Non-class:    116.65 MB used.
      Class:     17.28 MB used.
       Both:    133.93 MB used.

Virtual space:
  Non-class space:      128.00 MB reserved,     117.06 MB ( 91%) committed,  2 nodes.
      Class space:        1.00 GB reserved,      17.62 MB (  2%) committed,  1 nodes.
             Both:        1.12 GB reserved,     134.69 MB ( 12%) committed. 

Chunk freelists:
   Non-Class:  10.02 MB
       Class:  14.44 MB
        Both:  24.45 MB

MaxMetaspaceSize: unlimited
CompressedClassSpaceSize: 1.00 GB
Initial GC threshold: 21.00 MB
Current GC threshold: 223.56 MB
CDS: off
MetaspaceReclaimPolicy: balanced
 - commit_granule_bytes: 65536.
 - commit_granule_words: 8192.
 - virtual_space_node_default_size: 8388608.
 - enlarge_chunks_in_place: 1.
 - new_chunks_are_fully_committed: 0.
 - uncommit_free_chunks: 1.
 - use_allocation_guard: 0.
 - handle_deallocations: 1.


Internal statistics:

num_allocs_failed_limit: 12.
num_arena_births: 914.
num_arena_deaths: 0.
num_vsnodes_births: 3.
num_vsnodes_deaths: 0.
num_space_committed: 2153.
num_space_uncommitted: 0.
num_chunks_returned_to_freelist: 12.
num_chunks_taken_from_freelist: 5395.
num_chunk_merges: 12.
num_chunk_splits: 4177.
num_chunks_enlarged: 3400.
num_inconsistent_stats: 0.

CodeHeap 'non-profiled nmethods': size=120000Kb used=5459Kb max_used=5459Kb free=114541Kb
 bounds [0x000002d2b2e80000, 0x000002d2b33e0000, 0x000002d2ba3b0000]
CodeHeap 'profiled nmethods': size=120000Kb used=21630Kb max_used=21630Kb free=98369Kb
 bounds [0x000002d2ab3b0000, 0x000002d2ac8e0000, 0x000002d2b28e0000]
CodeHeap 'non-nmethods': size=5760Kb used=2555Kb max_used=2593Kb free=3205Kb
 bounds [0x000002d2b28e0000, 0x000002d2b2b70000, 0x000002d2b2e80000]
 total_blobs=11658 nmethods=10536 adapters=1033
 compilation: enabled
              stopped_count=0, restarted_count=0
 full_count=0

Compilation events (20 events):
Event: 35.799 Thread 0x000002d2c1652e40 12114       1       org.jetbrains.kotlin.load.java.typeEnhancement.AbstractSignatureParts$TypeAndDefaultQualifiers::getDefaultQualifiers (5 bytes)
Event: 35.799 Thread 0x000002d2c1652e40 nmethod 12114 0x000002d2b33d4310 code [0x000002d2b33d44a0, 0x000002d2b33d4578]
Event: 35.799 Thread 0x000002d2c1652e40 12115       2       javaslang.collection.HashArrayMappedTrieModule$AbstractNode::<init> (5 bytes)
Event: 35.799 Thread 0x000002d2c1652e40 nmethod 12115 0x000002d2ac14d610 code [0x000002d2ac14d7a0, 0x000002d2ac14d898]
Event: 35.799 Thread 0x000002d2c1652e40 12117       1       org.jetbrains.kotlin.load.java.structure.impl.classFiles.BinaryJavaClass::getPermittedTypes (5 bytes)
Event: 35.799 Thread 0x000002d2c1652e40 nmethod 12117 0x000002d2b33d4610 code [0x000002d2b33d47a0, 0x000002d2b33d4878]
Event: 35.800 Thread 0x000002d2c1652e40 12118       2       org.jetbrains.kotlin.serialization.deserialization.descriptors.DeserializedAnnotations::getAnnotations (17 bytes)
Event: 35.801 Thread 0x000002d2c1652e40 nmethod 12118 0x000002d2ac8ce010 code [0x000002d2ac8ce240, 0x000002d2ac8ce708]
Event: 35.801 Thread 0x000002d2c1652e40 12119       2       org.jetbrains.kotlin.load.java.lazy.descriptors.LazyJavaClassDescriptor::getTypeConstructor (8 bytes)
Event: 35.801 Thread 0x000002d2c1652e40 nmethod 12119 0x000002d2ac8cea10 code [0x000002d2ac8ceba0, 0x000002d2ac8cecb8]
Event: 35.802 Thread 0x000002d2c1652e40 12120       1       org.jetbrains.kotlin.load.java.typeEnhancement.JavaTypeEnhancement$Result::getType (5 bytes)
Event: 35.802 Thread 0x000002d2c1652e40 nmethod 12120 0x000002d2b33d4910 code [0x000002d2b33d4aa0, 0x000002d2b33d4b78]
Event: 35.802 Thread 0x000002d2c1652e40 12121       2       org.jetbrains.kotlin.types.TypeSubstitutor::isEmpty (8 bytes)
Event: 35.803 Thread 0x000002d2c1652e40 nmethod 12121 0x000002d2ac8ced90 code [0x000002d2ac8cef20, 0x000002d2ac8cf048]
Event: 35.803 Thread 0x000002d2c1652e40 12122       2       org.jetbrains.kotlin.descriptors.DescriptorVisibilities$5::isVisible (18 bytes)
Event: 35.803 Thread 0x000002d2c1652e40 nmethod 12122 0x000002d2ac8cf110 code [0x000002d2ac8cf2c0, 0x000002d2ac8cf438]
Event: 35.805 Thread 0x000002d2c1652e40 12123       2       org.jetbrains.kotlin.serialization.deserialization.ClassDeserializer$ClassKey::equals (30 bytes)
Event: 35.805 Thread 0x000002d2c1652e40 nmethod 12123 0x000002d2ac8cf510 code [0x000002d2ac8cf6c0, 0x000002d2ac8cf8c8]
Event: 35.805 Thread 0x000002d2c1652e40 12124       2       kotlin.collections.CollectionsKt__IterablesKt::flatten (57 bytes)
Event: 35.806 Thread 0x000002d2c1652e40 nmethod 12124 0x000002d2ac8cfa10 code [0x000002d2ac8cfc40, 0x000002d2ac8d00d8]

GC Heap History (20 events):
Event: 19.056 GC heap after
{Heap after GC invocations=29 (full 0):
 garbage-first heap   total 245760K, used 64736K [0x0000000080000000, 0x0000000100000000)
  region size 1024K, 1 young (1024K), 1 survivors (1024K)
 Metaspace       used 68509K, committed 69184K, reserved 1114112K
  class space    used 9189K, committed 9472K, reserved 1048576K
}
Event: 22.180 GC heap before
{Heap before GC invocations=29 (full 0):
 garbage-first heap   total 245760K, used 175328K [0x0000000080000000, 0x0000000100000000)
  region size 1024K, 109 young (111616K), 1 survivors (1024K)
 Metaspace       used 84079K, committed 84800K, reserved 1179648K
  class space    used 11631K, committed 11904K, reserved 1048576K
}
Event: 22.186 GC heap after
{Heap after GC invocations=30 (full 0):
 garbage-first heap   total 245760K, used 67002K [0x0000000080000000, 0x0000000100000000)
  region size 1024K, 3 young (3072K), 3 survivors (3072K)
 Metaspace       used 84079K, committed 84800K, reserved 1179648K
  class space    used 11631K, committed 11904K, reserved 1048576K
}
Event: 24.078 GC heap before
{Heap before GC invocations=30 (full 0):
 garbage-first heap   total 245760K, used 213434K [0x0000000080000000, 0x0000000100000000)
  region size 1024K, 132 young (135168K), 3 survivors (3072K)
 Metaspace       used 96119K, committed 96832K, reserved 1179648K
  class space    used 12977K, committed 13312K, reserved 1048576K
}
Event: 24.105 GC heap after
{Heap after GC invocations=31 (full 0):
 garbage-first heap   total 245760K, used 89083K [0x0000000080000000, 0x0000000100000000)
  region size 1024K, 17 young (17408K), 17 survivors (17408K)
 Metaspace       used 96119K, committed 96832K, reserved 1179648K
  class space    used 12977K, committed 13312K, reserved 1048576K
}
Event: 26.264 GC heap before
{Heap before GC invocations=31 (full 0):
 garbage-first heap   total 245760K, used 195579K [0x0000000080000000, 0x0000000100000000)
  region size 1024K, 120 young (122880K), 17 survivors (17408K)
 Metaspace       used 108269K, committed 108992K, reserved 1179648K
  class space    used 14423K, committed 14720K, reserved 1048576K
}
Event: 26.293 GC heap after
{Heap after GC invocations=32 (full 0):
 garbage-first heap   total 245760K, used 96180K [0x0000000080000000, 0x0000000100000000)
  region size 1024K, 7 young (7168K), 7 survivors (7168K)
 Metaspace       used 108269K, committed 108992K, reserved 1179648K
  class space    used 14423K, committed 14720K, reserved 1048576K
}
Event: 26.890 GC heap before
{Heap before GC invocations=32 (full 0):
 garbage-first heap   total 245760K, used 141236K [0x0000000080000000, 0x0000000100000000)
  region size 1024K, 52 young (53248K), 7 survivors (7168K)
 Metaspace       used 109371K, committed 110080K, reserved 1179648K
  class space    used 14513K, committed 14848K, reserved 1048576K
}
Event: 26.904 GC heap after
{Heap after GC invocations=33 (full 0):
 garbage-first heap   total 245760K, used 97411K [0x0000000080000000, 0x0000000100000000)
  region size 1024K, 8 young (8192K), 8 survivors (8192K)
 Metaspace       used 109371K, committed 110080K, reserved 1179648K
  class space    used 14513K, committed 14848K, reserved 1048576K
}
Event: 29.447 GC heap before
{Heap before GC invocations=34 (full 0):
 garbage-first heap   total 245760K, used 200835K [0x0000000080000000, 0x0000000100000000)
  region size 1024K, 109 young (111616K), 8 survivors (8192K)
 Metaspace       used 121176K, committed 121920K, reserved 1179648K
  class space    used 15889K, committed 16192K, reserved 1048576K
}
Event: 29.463 GC heap after
{Heap after GC invocations=35 (full 0):
 garbage-first heap   total 245760K, used 102334K [0x0000000080000000, 0x0000000100000000)
  region size 1024K, 8 young (8192K), 8 survivors (8192K)
 Metaspace       used 121176K, committed 121920K, reserved 1179648K
  class space    used 15889K, committed 16192K, reserved 1048576K
}
Event: 29.518 GC heap before
{Heap before GC invocations=35 (full 0):
 garbage-first heap   total 245760K, used 105406K [0x0000000080000000, 0x0000000100000000)
  region size 1024K, 12 young (12288K), 8 survivors (8192K)
 Metaspace       used 121810K, committed 122560K, reserved 1179648K
  class space    used 15947K, committed 16256K, reserved 1048576K
}
Event: 29.529 GC heap after
{Heap after GC invocations=36 (full 0):
 garbage-first heap   total 245760K, used 102766K [0x0000000080000000, 0x0000000100000000)
  region size 1024K, 2 young (2048K), 2 survivors (2048K)
 Metaspace       used 121810K, committed 122560K, reserved 1179648K
  class space    used 15947K, committed 16256K, reserved 1048576K
}
Event: 33.102 GC heap before
{Heap before GC invocations=36 (full 0):
 garbage-first heap   total 245760K, used 201070K [0x0000000080000000, 0x0000000100000000)
  region size 1024K, 99 young (101376K), 2 survivors (2048K)
 Metaspace       used 136508K, committed 137216K, reserved 1179648K
  class space    used 17675K, committed 17984K, reserved 1048576K
}
Event: 33.115 GC heap after
{Heap after GC invocations=37 (full 0):
 garbage-first heap   total 245760K, used 108542K [0x0000000080000000, 0x0000000100000000)
  region size 1024K, 7 young (7168K), 7 survivors (7168K)
 Metaspace       used 136508K, committed 137216K, reserved 1179648K
  class space    used 17675K, committed 17984K, reserved 1048576K
}
Event: 35.181 GC heap before
{Heap before GC invocations=38 (full 0):
 garbage-first heap   total 245760K, used 220158K [0x0000000080000000, 0x0000000100000000)
  region size 1024K, 98 young (100352K), 7 survivors (7168K)
 Metaspace       used 136818K, committed 137536K, reserved 1179648K
  class space    used 17696K, committed 17984K, reserved 1048576K
}
Event: 35.233 GC heap after
{Heap after GC invocations=39 (full 0):
 garbage-first heap   total 249856K, used 139526K [0x0000000080000000, 0x0000000100000000)
  region size 1024K, 13 young (13312K), 13 survivors (13312K)
 Metaspace       used 136818K, committed 137536K, reserved 1179648K
  class space    used 17696K, committed 17984K, reserved 1048576K
}
Event: 35.247 GC heap before
{Heap before GC invocations=39 (full 0):
 garbage-first heap   total 249856K, used 140550K [0x0000000080000000, 0x0000000100000000)
  region size 1024K, 14 young (14336K), 13 survivors (13312K)
 Metaspace       used 136822K, committed 137536K, reserved 1179648K
  class space    used 17696K, committed 17984K, reserved 1048576K
}
Event: 35.265 GC heap after
{Heap after GC invocations=40 (full 0):
 garbage-first heap   total 249856K, used 140278K [0x0000000080000000, 0x0000000100000000)
  region size 1024K, 2 young (2048K), 2 survivors (2048K)
 Metaspace       used 136822K, committed 137536K, reserved 1179648K
  class space    used 17696K, committed 17984K, reserved 1048576K
}
Event: 35.807 GC heap before
{Heap before GC invocations=40 (full 0):
 garbage-first heap   total 249856K, used 200694K [0x0000000080000000, 0x0000000100000000)
  region size 1024K, 60 young (61440K), 2 survivors (2048K)
 Metaspace       used 137146K, committed 137920K, reserved 1179648K
  class space    used 17697K, committed 18048K, reserved 1048576K
}

Dll operation events (3 events):
Event: 0.441 Loaded shared library E:\Program Files (x86)\Android\jbr\bin\java.dll
Event: 1.091 Loaded shared library E:\Program Files (x86)\Android\jbr\bin\zip.dll
Event: 2.042 Loaded shared library E:\Program Files (x86)\Android\jbr\bin\verify.dll

Deoptimization events (20 events):
Event: 34.110 Thread 0x000002d2c7e23440 DEOPT PACKING pc=0x000002d2b329ee90 sp=0x000000e9bb8f4c10
Event: 34.110 Thread 0x000002d2c7e23440 DEOPT UNPACKING pc=0x000002d2b29369a3 sp=0x000000e9bb8f4bd0 mode 2
Event: 34.110 Thread 0x000002d2c7e23440 Uncommon trap: trap_request=0xffffffc6 fr.pc=0x000002d2b329ee90 relative=0x0000000000000df0
Event: 34.110 Thread 0x000002d2c7e23440 Uncommon trap: reason=bimorphic_or_optimized_type_check action=maybe_recompile pc=0x000002d2b329ee90 method=org.jetbrains.kotlin.storage.LockBasedStorageManager$MapBasedMemoizedFunction.invoke(Ljava/lang/Object;)Ljava/lang/Object; @ 235 c2
Event: 34.110 Thread 0x000002d2c7e23440 DEOPT PACKING pc=0x000002d2b329ee90 sp=0x000000e9bb8f4c10
Event: 34.110 Thread 0x000002d2c7e23440 DEOPT UNPACKING pc=0x000002d2b29369a3 sp=0x000000e9bb8f4bd0 mode 2
Event: 34.111 Thread 0x000002d2c7e23440 DEOPT PACKING pc=0x000002d2ac09fb85 sp=0x000000e9bb8f47c0
Event: 34.111 Thread 0x000002d2c7e23440 DEOPT UNPACKING pc=0x000002d2b2937143 sp=0x000000e9bb8f3c50 mode 0
Event: 34.131 Thread 0x000002d2c7e23440 DEOPT PACKING pc=0x000002d2ac09fb85 sp=0x000000e9bb8f4b50
Event: 34.131 Thread 0x000002d2c7e23440 DEOPT UNPACKING pc=0x000002d2b2937143 sp=0x000000e9bb8f3fe0 mode 0
Event: 34.146 Thread 0x000002d2c7e23440 Uncommon trap: trap_request=0xffffff45 fr.pc=0x000002d2b3310d10 relative=0x00000000000023b0
Event: 34.146 Thread 0x000002d2c7e23440 Uncommon trap: reason=unstable_if action=reinterpret pc=0x000002d2b3310d10 method=org.jetbrains.kotlin.metadata.ProtoBuf$ValueParameter.getSerializedSize()I @ 132 c2
Event: 34.146 Thread 0x000002d2c7e23440 DEOPT PACKING pc=0x000002d2b3310d10 sp=0x000000e9bb8f4350
Event: 34.146 Thread 0x000002d2c7e23440 DEOPT UNPACKING pc=0x000002d2b29369a3 sp=0x000000e9bb8f41e0 mode 2
Event: 35.433 Thread 0x000002d2c7e23440 DEOPT PACKING pc=0x000002d2ac3fdaa9 sp=0x000000e9bb8ecb30
Event: 35.433 Thread 0x000002d2c7e23440 DEOPT UNPACKING pc=0x000002d2b2937143 sp=0x000000e9bb8ec0b0 mode 0
Event: 35.481 Thread 0x000002d2c7e23440 DEOPT PACKING pc=0x000002d2ac231e63 sp=0x000000e9bb8edfa0
Event: 35.481 Thread 0x000002d2c7e23440 DEOPT UNPACKING pc=0x000002d2b2937143 sp=0x000000e9bb8ed4b0 mode 0
Event: 35.485 Thread 0x000002d2c7e23440 DEOPT PACKING pc=0x000002d2ac39f189 sp=0x000000e9bb8ef3b0
Event: 35.485 Thread 0x000002d2c7e23440 DEOPT UNPACKING pc=0x000002d2b2937143 sp=0x000000e9bb8ee850 mode 0

Classes unloaded (0 events):
No events

Classes redefined (0 events):
No events

Internal exceptions (20 events):
Event: 22.831 Thread 0x000002d2c7e23440 Implicit null exception at 0x000002d2b3204099 to 0x000002d2b3205020
Event: 23.760 Thread 0x000002d2c7e23440 Implicit null exception at 0x000002d2b3233f93 to 0x000002d2b32340e0
Event: 25.916 Thread 0x000002d2c7e23440 Exception <a 'java/lang/NoSuchMethodError'{0x00000000899a38f0}: 'java.lang.Object java.lang.invoke.DirectMethodHandle$Holder.invokeStatic(java.lang.Object, java.lang.Object, java.lang.Object, java.lang.Object, int)'> (0x00000000899a38f0) 
thrown [s\src\hotspot\share\interpreter\linkResolver.cpp, line 771]
Event: 27.368 Thread 0x000002d2c7e23440 Implicit null exception at 0x000002d2b329b58f to 0x000002d2b329b5c0
Event: 27.394 Thread 0x000002d2c7e23440 Implicit null exception at 0x000002d2b2f60f91 to 0x000002d2b2f610f8
Event: 28.282 Thread 0x000002d2c7e23440 Exception <a 'java/lang/NoSuchMethodError'{0x000000008b1a4630}: 'java.lang.Object java.lang.invoke.DirectMethodHandle$Holder.newInvokeSpecial(java.lang.Object, java.lang.Object, java.lang.Object, int, int, java.lang.Object, java.lang.Object)'> (0x000000008b1a4630) 
thrown [s\src\hotspot\share\interpreter\linkResolver.cpp, line 771]
Event: 30.275 Thread 0x000002d2c7e23440 Exception <a 'java/lang/NoSuchMethodError'{0x000000008c32b3b8}: static Lorg/gradle/api/internal/catalog/DefaultVersionCatalog;.<clinit>()V> (0x000000008c32b3b8) 
thrown [s\src\hotspot\share\prims\jni.cpp, line 1108]
Event: 30.281 Thread 0x000002d2c7e23440 Exception <a 'java/lang/NoSuchMethodError'{0x000000008c37c6a0}: static [Ljava/lang/Object;.<clinit>()V> (0x000000008c37c6a0) 
thrown [s\src\hotspot\share\prims\jni.cpp, line 1108]
Event: 30.285 Thread 0x000002d2c7e23440 Exception <a 'java/lang/NoSuchMethodError'{0x000000008c3b0ad8}: static Lorg/gradle/api/internal/catalog/DependencyModel;.<clinit>()V> (0x000000008c3b0ad8) 
thrown [s\src\hotspot\share\prims\jni.cpp, line 1108]
Event: 30.285 Thread 0x000002d2c7e23440 Exception <a 'java/lang/NoSuchMethodError'{0x000000008c3b45b0}: static Lorg/gradle/api/internal/catalog/AbstractContextAwareModel;.<clinit>()V> (0x000000008c3b45b0) 
thrown [s\src\hotspot\share\prims\jni.cpp, line 1108]
Event: 30.287 Thread 0x000002d2c7e23440 Exception <a 'java/lang/NoSuchMethodError'{0x000000008c3ce0c0}: static Lorg/gradle/api/internal/artifacts/dependencies/AbstractVersionConstraint;.<clinit>()V> (0x000000008c3ce0c0) 
thrown [s\src\hotspot\share\prims\jni.cpp, line 1108]
Event: 30.293 Thread 0x000002d2c7e23440 Exception <a 'java/lang/NoSuchMethodError'{0x000000008c22d590}: static Lorg/gradle/api/internal/catalog/PluginModel;.<clinit>()V> (0x000000008c22d590) 
thrown [s\src\hotspot\share\prims\jni.cpp, line 1108]
Event: 30.295 Thread 0x000002d2c7e23440 Exception <a 'java/lang/NoSuchMethodError'{0x000000008c244550}: static Lorg/gradle/api/internal/catalog/VersionModel;.<clinit>()V> (0x000000008c244550) 
thrown [s\src\hotspot\share\prims\jni.cpp, line 1108]
Event: 30.416 Thread 0x000002d2c7e23440 Exception <a 'java/lang/NoSuchMethodError'{0x000000008bfcf468}: 'int java.lang.invoke.DirectMethodHandle$Holder.invokeSpecialIFC(java.lang.Object, java.lang.Object, java.lang.Object)'> (0x000000008bfcf468) 
thrown [s\src\hotspot\share\interpreter\linkResolver.cpp, line 771]
Event: 30.509 Thread 0x000002d2c7e23440 Exception <a 'java/lang/NoSuchMethodError'{0x000000008bbaaa50}: 'java.lang.Object java.lang.invoke.DirectMethodHandle$Holder.invokeSpecial(java.lang.Object, java.lang.Object, java.lang.Object, java.lang.Object, java.lang.Object, long)'> (0x000000008bbaaa50) 
thrown [s\src\hotspot\share\interpreter\linkResolver.cpp, line 771]
Event: 30.512 Thread 0x000002d2c7e23440 Exception <a 'java/lang/NoSuchMethodError'{0x000000008bbcc368}: 'void java.lang.invoke.DirectMethodHandle$Holder.invokeStatic(java.lang.Object, java.lang.Object, java.lang.Object, int, java.lang.Object)'> (0x000000008bbcc368) 
thrown [s\src\hotspot\share\interpreter\linkResolver.cpp, line 771]
Event: 30.638 Thread 0x000002d2c7e23440 Exception <a 'sun/nio/fs/WindowsException'{0x000000008b8f13e8}> (0x000000008b8f13e8) 
thrown [s\src\hotspot\share\prims\jni.cpp, line 517]
Event: 33.120 Thread 0x000002d2c14e4ff0 Implicit null exception at 0x000002d2b30b9783 to 0x000002d2b30b993c
Event: 33.478 Thread 0x000002d2c7e23440 Exception <a 'sun/nio/fs/WindowsException'{0x000000008e42d9d8}> (0x000000008e42d9d8) 
thrown [s\src\hotspot\share\prims\jni.cpp, line 517]
Event: 33.479 Thread 0x000002d2c7e23440 Exception <a 'sun/nio/fs/WindowsException'{0x000000008e42fa08}> (0x000000008e42fa08) 
thrown [s\src\hotspot\share\prims\jni.cpp, line 517]

VM Operations (20 events):
Event: 32.748 Executing VM operation: ICBufferFull done
Event: 32.861 Executing VM operation: HandshakeAllThreads
Event: 32.861 Executing VM operation: HandshakeAllThreads done
Event: 33.102 Executing VM operation: G1CollectForAllocation
Event: 33.117 Executing VM operation: G1CollectForAllocation done
Event: 33.330 Executing VM operation: G1PauseRemark
Event: 33.337 Executing VM operation: G1PauseRemark done
Event: 33.427 Executing VM operation: G1PauseCleanup
Event: 33.427 Executing VM operation: G1PauseCleanup done
Event: 34.435 Executing VM operation: Cleanup
Event: 34.435 Executing VM operation: Cleanup done
Event: 35.181 Executing VM operation: G1CollectForAllocation
Event: 35.233 Executing VM operation: G1CollectForAllocation done
Event: 35.247 Executing VM operation: G1CollectForAllocation
Event: 35.265 Executing VM operation: G1CollectForAllocation done
Event: 35.332 Executing VM operation: HandshakeAllThreads
Event: 35.332 Executing VM operation: HandshakeAllThreads done
Event: 35.714 Executing VM operation: ICBufferFull
Event: 35.714 Executing VM operation: ICBufferFull done
Event: 35.807 Executing VM operation: G1CollectForAllocation

Events (20 events):
Event: 32.980 Thread 0x000002d2d4845a50 Thread added: 0x000002d2d4845a50
Event: 32.980 Thread 0x000002d2d4844610 Thread added: 0x000002d2d4844610
Event: 33.118 loading class sun/security/ssl/Alert
Event: 33.119 loading class sun/security/ssl/Alert done
Event: 33.119 loading class sun/security/ssl/Alert$AlertConsumer
Event: 33.119 loading class sun/security/ssl/Alert$AlertConsumer done
Event: 33.119 loading class sun/security/ssl/Alert$Level
Event: 33.120 loading class sun/security/ssl/Alert$Level done
Event: 35.333 Thread 0x000002d2c165c730 flushing nmethod 0x000002d2b2f60d90
Event: 35.334 Thread 0x000002d2c165c730 flushing nmethod 0x000002d2b3206310
Event: 35.335 Thread 0x000002d2c165c730 flushing nmethod 0x000002d2b329b410
Event: 35.335 Thread 0x000002d2c165c730 flushing nmethod 0x000002d2b32e0e90
Event: 35.347 Thread 0x000002d2c165c730 flushing nmethod 0x000002d2ac1cf490
Event: 35.348 Thread 0x000002d2c165c730 flushing nmethod 0x000002d2ac229610
Event: 35.348 Thread 0x000002d2c165c730 flushing nmethod 0x000002d2ac258890
Event: 35.348 Thread 0x000002d2c165c730 flushing nmethod 0x000002d2ac26fd90
Event: 35.348 Thread 0x000002d2c165c730 flushing nmethod 0x000002d2ac334010
Event: 35.349 Thread 0x000002d2c165c730 flushing nmethod 0x000002d2ac3e3990
Event: 35.349 Thread 0x000002d2c165c730 flushing nmethod 0x000002d2ac404310
Event: 35.350 Thread 0x000002d2c165c730 flushing nmethod 0x000002d2ac4e3510


Dynamic libraries:
0x00007ff6877e0000 - 0x00007ff6877ea000 	E:\Program Files (x86)\Android\jbr\bin\java.exe
0x00007ff975eb0000 - 0x00007ff9760a8000 	C:\WINDOWS\SYSTEM32\ntdll.dll
0x00007ff974710000 - 0x00007ff9747cd000 	C:\WINDOWS\System32\KERNEL32.DLL
0x00007ff973560000 - 0x00007ff973856000 	C:\WINDOWS\System32\KERNELBASE.dll
0x00007ff973bf0000 - 0x00007ff973cf0000 	C:\WINDOWS\System32\ucrtbase.dll
0x00007ff9685a0000 - 0x00007ff9685bb000 	E:\Program Files (x86)\Android\jbr\bin\VCRUNTIME140.dll
0x00007ff951300000 - 0x00007ff951317000 	E:\Program Files (x86)\Android\jbr\bin\jli.dll
0x00007ff974570000 - 0x00007ff97470f000 	C:\WINDOWS\System32\USER32.dll
0x00007ff96d360000 - 0x00007ff96d5fa000 	C:\WINDOWS\WinSxS\amd64_microsoft.windows.common-controls_6595b64144ccf1df_6.0.19041.3636_none_60b6a03d71f818d5\COMCTL32.dll
0x00007ff973a80000 - 0x00007ff973aa2000 	C:\WINDOWS\System32\win32u.dll
0x00007ff9757f0000 - 0x00007ff97588e000 	C:\WINDOWS\System32\msvcrt.dll
0x00007ff975140000 - 0x00007ff97516b000 	C:\WINDOWS\System32\GDI32.dll
0x00007ff973d90000 - 0x00007ff973ea7000 	C:\WINDOWS\System32\gdi32full.dll
0x00007ff973cf0000 - 0x00007ff973d8d000 	C:\WINDOWS\System32\msvcp_win.dll
0x00007ff975230000 - 0x00007ff975262000 	C:\WINDOWS\System32\IMM32.DLL
0x00007ff966130000 - 0x00007ff96613c000 	E:\Program Files (x86)\Android\jbr\bin\vcruntime140_1.dll
0x00007ff9623a0000 - 0x00007ff96242d000 	E:\Program Files (x86)\Android\jbr\bin\msvcp140.dll
0x00007ff903780000 - 0x00007ff904403000 	E:\Program Files (x86)\Android\jbr\bin\server\jvm.dll
0x00007ff975d10000 - 0x00007ff975dc0000 	C:\WINDOWS\System32\ADVAPI32.dll
0x00007ff9744d0000 - 0x00007ff974570000 	C:\WINDOWS\System32\sechost.dll
0x00007ff9755c0000 - 0x00007ff9756e3000 	C:\WINDOWS\System32\RPCRT4.dll
0x00007ff973eb0000 - 0x00007ff973ed7000 	C:\WINDOWS\System32\bcrypt.dll
0x00007ff9733c0000 - 0x00007ff97340b000 	C:\WINDOWS\SYSTEM32\POWRPROF.dll
0x00007ff966690000 - 0x00007ff9666b7000 	C:\WINDOWS\SYSTEM32\WINMM.dll
0x00007ff969d10000 - 0x00007ff969d1a000 	C:\WINDOWS\SYSTEM32\VERSION.dll
0x00007ff96ff10000 - 0x00007ff96ff19000 	C:\WINDOWS\SYSTEM32\WSOCK32.dll
0x00007ff9753a0000 - 0x00007ff97540b000 	C:\WINDOWS\System32\ws2_32.DLL
0x00007ff9733a0000 - 0x00007ff9733b2000 	C:\WINDOWS\SYSTEM32\UMPDC.dll
0x00007ff971230000 - 0x00007ff971242000 	C:\WINDOWS\SYSTEM32\kernel.appcore.dll
0x00007ff96d0b0000 - 0x00007ff96d0ba000 	E:\Program Files (x86)\Android\jbr\bin\jimage.dll
0x00007ff95f0c0000 - 0x00007ff95f2a4000 	C:\WINDOWS\SYSTEM32\DBGHELP.DLL
0x00007ff95f080000 - 0x00007ff95f0b4000 	C:\WINDOWS\SYSTEM32\dbgcore.DLL
0x00007ff973ab0000 - 0x00007ff973b32000 	C:\WINDOWS\System32\bcryptPrimitives.dll
0x00007ff95dc40000 - 0x00007ff95dc4e000 	E:\Program Files (x86)\Android\jbr\bin\instrument.dll
0x00007ff958c80000 - 0x00007ff958ca5000 	E:\Program Files (x86)\Android\jbr\bin\java.dll
0x00007ff96c210000 - 0x00007ff96c228000 	E:\Program Files (x86)\Android\jbr\bin\zip.dll
0x00007ff9749d0000 - 0x00007ff97513b000 	C:\WINDOWS\System32\SHELL32.dll
0x00007ff971430000 - 0x00007ff971bce000 	C:\WINDOWS\SYSTEM32\windows.storage.dll
0x00007ff973fa0000 - 0x00007ff9742f3000 	C:\WINDOWS\System32\combase.dll
0x00007ff972ec0000 - 0x00007ff972eee000 	C:\WINDOWS\SYSTEM32\Wldp.dll
0x00007ff974880000 - 0x00007ff97494d000 	C:\WINDOWS\System32\OLEAUT32.dll
0x00007ff975dc0000 - 0x00007ff975e6d000 	C:\WINDOWS\System32\SHCORE.dll
0x00007ff975170000 - 0x00007ff9751c5000 	C:\WINDOWS\System32\shlwapi.dll
0x00007ff973490000 - 0x00007ff9734b3000 	C:\WINDOWS\SYSTEM32\profapi.dll
0x00007ff9602a0000 - 0x00007ff9602b9000 	E:\Program Files (x86)\Android\jbr\bin\net.dll
0x00007ff96f020000 - 0x00007ff96f12a000 	C:\WINDOWS\SYSTEM32\WINHTTP.dll
0x00007ff972c20000 - 0x00007ff972c8a000 	C:\WINDOWS\system32\mswsock.dll
0x00007ff9590f0000 - 0x00007ff959106000 	E:\Program Files (x86)\Android\jbr\bin\nio.dll
0x00007ff96b480000 - 0x00007ff96b490000 	E:\Program Files (x86)\Android\jbr\bin\verify.dll
0x00007ff965e60000 - 0x00007ff965e87000 	C:\Users\edson.junior\.gradle\native\c067742578af261105cb4f569cf0c3c89f3d7b1fecec35dd04571415982c5e48\windows-amd64\native-platform.dll
0x00007ff9548f0000 - 0x00007ff954a34000 	C:\Users\edson.junior\.gradle\native\38dada09dfb8b06ba9b0570ebf7e218e3eb74d4ef43ca46872605cf95ebc2f47\windows-amd64\native-platform-file-events.dll
0x00007ff965060000 - 0x00007ff965069000 	E:\Program Files (x86)\Android\jbr\bin\management.dll
0x00007ff95f2b0000 - 0x00007ff95f2bb000 	E:\Program Files (x86)\Android\jbr\bin\management_ext.dll
0x00007ff974870000 - 0x00007ff974878000 	C:\WINDOWS\System32\PSAPI.DLL
0x00007ff972e20000 - 0x00007ff972e38000 	C:\WINDOWS\SYSTEM32\CRYPTSP.dll
0x00007ff972540000 - 0x00007ff972574000 	C:\WINDOWS\system32\rsaenh.dll
0x00007ff973410000 - 0x00007ff97343e000 	C:\WINDOWS\SYSTEM32\USERENV.dll
0x00007ff972e10000 - 0x00007ff972e1c000 	C:\WINDOWS\SYSTEM32\CRYPTBASE.dll
0x00007ff972900000 - 0x00007ff97293b000 	C:\WINDOWS\SYSTEM32\IPHLPAPI.DLL
0x00007ff9747d0000 - 0x00007ff9747d8000 	C:\WINDOWS\System32\NSI.dll
0x00007ff9705d0000 - 0x00007ff9705e7000 	C:\WINDOWS\SYSTEM32\dhcpcsvc6.DLL
0x00007ff9705b0000 - 0x00007ff9705cd000 	C:\WINDOWS\SYSTEM32\dhcpcsvc.DLL
0x00007ff972940000 - 0x00007ff972a0b000 	C:\WINDOWS\SYSTEM32\DNSAPI.dll
0x00007ff968570000 - 0x00007ff968579000 	E:\Program Files (x86)\Android\jbr\bin\extnet.dll
0x00007ff96a1e0000 - 0x00007ff96a1e7000 	C:\WINDOWS\system32\wshunix.dll
0x00007ff96eef0000 - 0x00007ff96eefa000 	C:\Windows\System32\rasadhlp.dll
0x00007ff9706c0000 - 0x00007ff970740000 	C:\WINDOWS\System32\fwpuclnt.dll

dbghelp: loaded successfully - version: 4.0.5 - missing functions: none
symbol engine: initialized successfully - sym options: 0x614 - pdb path: .;E:\Program Files (x86)\Android\jbr\bin;C:\WINDOWS\SYSTEM32;C:\WINDOWS\WinSxS\amd64_microsoft.windows.common-controls_6595b64144ccf1df_6.0.19041.3636_none_60b6a03d71f818d5;E:\Program Files (x86)\Android\jbr\bin\server;C:\Users\edson.junior\.gradle\native\c067742578af261105cb4f569cf0c3c89f3d7b1fecec35dd04571415982c5e48\windows-amd64;C:\Users\edson.junior\.gradle\native\38dada09dfb8b06ba9b0570ebf7e218e3eb74d4ef43ca46872605cf95ebc2f47\windows-amd64

VM Arguments:
jvm_args: --add-opens=java.base/java.util=ALL-UNNAMED --add-opens=java.base/java.lang=ALL-UNNAMED --add-opens=java.base/java.lang.invoke=ALL-UNNAMED --add-opens=java.prefs/java.util.prefs=ALL-UNNAMED --add-opens=java.base/java.nio.charset=ALL-UNNAMED --add-opens=java.base/java.net=ALL-UNNAMED --add-opens=java.base/java.util.concurrent.atomic=ALL-UNNAMED -Xmx2048m -Dfile.encoding=UTF-8 -Duser.country=BR -Duser.language=pt -Duser.variant -javaagent:C:\Users\edson.junior\.gradle\wrapper\dists\gradle-8.4-bin\1w5dpkrfk8irigvoxmyhowfim\gradle-8.4\lib\agents\gradle-instrumentation-agent-8.4.jar 
java_command: org.gradle.launcher.daemon.bootstrap.GradleDaemon 8.4
java_class_path (initial): C:\Users\edson.junior\.gradle\wrapper\dists\gradle-8.4-bin\1w5dpkrfk8irigvoxmyhowfim\gradle-8.4\lib\gradle-launcher-8.4.jar
Launcher Type: SUN_STANDARD

[Global flags]
     intx CICompilerCount                          = 3                                         {product} {ergonomic}
     uint ConcGCThreads                            = 1                                         {product} {ergonomic}
     uint G1ConcRefinementThreads                  = 4                                         {product} {ergonomic}
   size_t G1HeapRegionSize                         = 1048576                                   {product} {ergonomic}
    uintx GCDrainStackTargetSize                   = 64                                        {product} {ergonomic}
   size_t InitialHeapSize                          = 134217728                                 {product} {ergonomic}
   size_t MarkStackSize                            = 4194304                                   {product} {ergonomic}
   size_t MaxHeapSize                              = 2147483648                                {product} {command line}
   size_t MaxNewSize                               = 1287651328                                {product} {ergonomic}
   size_t MinHeapDeltaBytes                        = 1048576                                   {product} {ergonomic}
   size_t MinHeapSize                              = 8388608                                   {product} {ergonomic}
    uintx NonNMethodCodeHeapSize                   = 5832780                                {pd product} {ergonomic}
    uintx NonProfiledCodeHeapSize                  = 122912730                              {pd product} {ergonomic}
    uintx ProfiledCodeHeapSize                     = 122912730                              {pd product} {ergonomic}
    uintx ReservedCodeCacheSize                    = 251658240                              {pd product} {ergonomic}
     bool SegmentedCodeCache                       = true                                      {product} {ergonomic}
   size_t SoftMaxHeapSize                          = 2147483648                             {manageable} {ergonomic}
     bool UseCompressedClassPointers               = true                           {product lp64_product} {ergonomic}
     bool UseCompressedOops                        = true                           {product lp64_product} {ergonomic}
     bool UseG1GC                                  = true                                      {product} {ergonomic}
     bool UseLargePagesIndividualAllocation        = false                                  {pd product} {ergonomic}

Logging:
Log output configuration:
 #0: stdout all=warning uptime,level,tags
 #1: stderr all=off uptime,level,tags

Environment Variables:
PATH=C:\Program Files\Common Files\Oracle\Java\javapath;C:\Program Files (x86)\Common Files\Oracle\Java\javapath;C:\WINDOWS\system32;C:\WINDOWS;C:\WINDOWS\System32\Wbem;C:\WINDOWS\System32\WindowsPowerShell\v1.0\;C:\WINDOWS\System32\OpenSSH\;C:\Program Files\Git\cmd;C:\Users\edson.junior\AppData\Local\Microsoft\WindowsApps;
USERNAME=EDSON.JUNIOR
OS=Windows_NT
PROCESSOR_IDENTIFIER=Intel64 Family 6 Model 42 Stepping 7, GenuineIntel
TMP=C:\Users\EDSON~1.JUN\AppData\Local\Temp
TEMP=C:\Users\EDSON~1.JUN\AppData\Local\Temp



Periodic native trim disabled

JNI global refs:
JNI global refs: 26, weak refs: 21

JNI global refs memory usage: 843, weak refs: 841

OOME stack traces (most recent first):
Classloader memory used:
Loader org.gradle.internal.classloader.VisitableURLClassLoader                         : 11281K
Loader bootstrap                                                                       : 3203K
Loader org.gradle.initialization.MixInLegacyTypesClassLoader                           : 1250K
Loader jdk.internal.loader.ClassLoaders$AppClassLoader                                 : 1010K
Loader jdk.internal.loader.ClassLoaders$PlatformClassLoader                            : 122K
Loader org.gradle.internal.classloader.VisitableURLClassLoader                         : 92942B
Loader org.gradle.internal.classloader.VisitableURLClassLoader$InstrumentingVisitableURLClassLoader: 89862B
Loader jdk.internal.jrtfs.JrtFileSystemProvider$JrtFsLoader                            : 42313B
Loader jdk.internal.reflect.DelegatingClassLoader                                      : 39065B
Loader org.gradle.groovy.scripts.internal.DefaultScriptCompilationHandler$ScriptClassLoader: 10771B
Loader org.codehaus.groovy.runtime.callsite.CallSiteClassLoader                        : 5773B

Classes loaded by more than one classloader:
Class org.gradle.internal.Cast                                                        : loaded 3 times (x 69B)
Class Program                                                                         : loaded 3 times (x 70B)
Class org.gradle.api.GradleException                                                  : loaded 3 times (x 80B)
Class org.gradle.internal.classpath.ClassPath                                         : loaded 2 times (x 68B)
Class org.gradle.api.internal.classpath.DefaultModuleRegistry                         : loaded 2 times (x 84B)
Class org.gradle.internal.exceptions.NonGradleCauseExceptionsHolder                   : loaded 2 times (x 68B)
Class Settings_gradle$1$1                                                             : loaded 2 times (x 72B)
Class jdk.internal.jimage.BasicImageReader$1                                          : loaded 2 times (x 75B)
Class org.gradle.api.Action                                                           : loaded 2 times (x 68B)
Class org.jetbrains.kotlin.idea.gradleTooling.model.samWithReceiver.SamWithReceiverModel: loaded 2 times (x 68B)
Class org.jetbrains.plugins.gradle.model.ExternalProject                              : loaded 2 times (x 68B)
Class org.jetbrains.plugins.gradle.model.IntelliJSettings                             : loaded 2 times (x 68B)
Class jdk.internal.jimage.ImageBufferCache$1                                          : loaded 2 times (x 78B)
Class jdk.internal.jimage.ImageBufferCache$2                                          : loaded 2 times (x 89B)
Class org.jetbrains.kotlin.idea.gradleTooling.KotlinMPPGradleModel                    : loaded 2 times (x 68B)
Class org.gradle.api.internal.DefaultClassPathProvider                                : loaded 2 times (x 74B)
Class org.gradle.internal.installation.GradleInstallation$1                           : loaded 2 times (x 73B)
Class jdk.internal.jrtfs.SystemImage$1                                                : loaded 2 times (x 76B)
Class jdk.internal.jrtfs.SystemImage$2                                                : loaded 2 times (x 74B)
Class org.gradle.internal.exceptions.DefaultMultiCauseException                       : loaded 2 times (x 89B)
Class org.gradle.tooling.model.UnsupportedMethodException                             : loaded 2 times (x 80B)
Class org.gradle.internal.time.MonotonicClock                                         : loaded 2 times (x 75B)
Class org.gradle.internal.classloader.FilteringClassLoader                            : loaded 2 times (x 103B)
Class jdk.internal.jimage.ImageReader$Resource                                        : loaded 2 times (x 82B)
Class jdk.internal.jrtfs.SystemImage                                                  : loaded 2 times (x 72B)
Class org.gradle.tooling.model.Model                                                  : loaded 2 times (x 68B)
Class org.gradle.internal.classpath.DefaultClassPath$ImmutableUniqueList$Builder      : loaded 2 times (x 73B)
Class sync_studio_tooling8_9mjrku5c8mcovi6h74yppkuj                                   : loaded 2 times (x 177B)
Class org.jetbrains.kotlin.idea.gradleTooling.KotlinSourceSetContainer                : loaded 2 times (x 68B)
Class jdk.internal.jrtfs.JrtDirectoryStream$1                                         : loaded 2 times (x 81B)
Class org.gradle.internal.classloader.ClassLoaderVisitor                              : loaded 2 times (x 74B)
Class org.gradle.internal.time.DefaultCountdownTimer                                  : loaded 2 times (x 86B)
Class org.gradle.internal.service.DefaultServiceLocator                               : loaded 2 times (x 81B)
Class org.gradle.internal.service.UnknownServiceException                             : loaded 2 times (x 81B)
Class org.jetbrains.plugins.gradle.model.DependencyAccessorsModel                     : loaded 2 times (x 68B)
Class org.gradle.internal.classloader.DefaultClassLoaderFactory                       : loaded 2 times (x 80B)
Class jdk.internal.jimage.ImageReader$SharedImageReader                               : loaded 2 times (x 93B)
Class org.jetbrains.plugins.gradle.model.GradleExtensions                             : loaded 2 times (x 68B)
Class jdk.internal.jimage.decompressor.ZipDecompressorFactory                         : loaded 2 times (x 72B)
Class org.jetbrains.plugins.gradle.model.VersionCatalogsModel                         : loaded 2 times (x 68B)
Class org.gradle.internal.classloader.VisitableURLClassLoader$Spec                    : loaded 2 times (x 72B)
Class org.gradle.tooling.model.ProjectModel                                           : loaded 2 times (x 68B)
Class org.jetbrains.plugins.gradle.model.MavenRepositoryModel                         : loaded 2 times (x 68B)
Class org.gradle.tooling.internal.gradle.DefaultProjectIdentifier                     : loaded 2 times (x 84B)
Class org.gradle.util.GradleVersion                                                   : loaded 2 times (x 81B)
Class org.jetbrains.plugins.gradle.model.RepositoriesModel                            : loaded 2 times (x 68B)
Class kotlin.jvm.internal.markers.KMappedMarker                                       : loaded 2 times (x 68B)
Class org.gradle.api.internal.ClassPathProvider                                       : loaded 2 times (x 68B)
Class org.gradle.internal.classloader.ClasspathUtil$1                                 : loaded 2 times (x 74B)
Class org.gradle.internal.classloader.ClassLoaderFactory                              : loaded 2 times (x 68B)
Class jdk.internal.jimage.ImageHeader                                                 : loaded 2 times (x 69B)
Class org.gradle.api.internal.classpath.ManifestUtil                                  : loaded 2 times (x 69B)
Class org.gradle.api.specs.Spec                                                       : loaded 2 times (x 68B)
Class org.gradle.tooling.internal.gradle.GradleBuildIdentity                          : loaded 2 times (x 68B)
Class org.gradle.internal.IoActions                                                   : loaded 2 times (x 69B)
Class jdk.internal.jimage.decompressor.StringSharingDecompressorFactory               : loaded 2 times (x 72B)
Class org.gradle.api.internal.classpath.EffectiveClassPath                            : loaded 2 times (x 88B)
Class kotlin.jvm.internal.DefaultConstructorMarker                                    : loaded 2 times (x 69B)
Class jdk.internal.jimage.ImageReader$LinkNode                                        : loaded 2 times (x 82B)
Class org.jetbrains.kotlin.idea.gradleTooling.model.annotation.AnnotationBasedPluginModel: loaded 2 times (x 68B)
Class org.jetbrains.kotlin.idea.gradleTooling.model.assignment.AssignmentModel        : loaded 2 times (x 68B)
Class org.gradle.internal.installation.CurrentGradleInstallation                      : loaded 2 times (x 71B)
Class org.gradle.internal.agents.InstrumentingClassLoader                             : loaded 2 times (x 68B)
Class org.gradle.internal.installation.CurrentGradleInstallationLocator               : loaded 2 times (x 69B)
Class org.gradle.api.internal.classpath.Module                                        : loaded 2 times (x 68B)
Class org.gradle.internal.service.CachingServiceLocator                               : loaded 2 times (x 80B)
Class org.gradle.internal.time.Timer                                                  : loaded 2 times (x 68B)
Class org.jetbrains.plugins.gradle.model.tests.ExternalTestsModel                     : loaded 2 times (x 68B)
Class org.jetbrains.kotlin.idea.gradleTooling.KotlinDslScriptAdditionalTask           : loaded 2 times (x 68B)
Class org.gradle.internal.classpath.DefaultClassPath                                  : loaded 2 times (x 88B)
Class jdk.internal.jimage.BasicImageReader                                            : loaded 2 times (x 93B)
Class com.intellij.openapi.externalSystem.model.project.dependencies.ProjectDependencies: loaded 2 times (x 68B)
Class org.jetbrains.kotlin.idea.gradleTooling.PrepareKotlinIdeImportTaskModel         : loaded 2 times (x 68B)
Class jdk.internal.jimage.ImageLocation                                               : loaded 2 times (x 88B)
Class org.gradle.internal.impldep.com.google.common.base.Preconditions                : loaded 2 times (x 69B)
Class kotlin.jvm.functions.Function1                                                  : loaded 2 times (x 68B)
Class jdk.internal.jimage.ImageReader$Node                                            : loaded 2 times (x 82B)
Class org.gradle.internal.time.Time                                                   : loaded 2 times (x 69B)
Class jdk.internal.jimage.decompressor.CompressedResourceHeader                       : loaded 2 times (x 69B)
Class org.gradle.internal.time.TimeSource$1                                           : loaded 2 times (x 75B)
Class jdk.internal.jrtfs.JrtPath                                                      : loaded 2 times (x 116B)
Class jdk.internal.jimage.ImageStrings                                                : loaded 2 times (x 68B)
Class jdk.internal.jrtfs.JrtFileAttributes                                            : loaded 2 times (x 81B)
Class org.gradle.internal.classloader.SystemClassLoaderSpec                           : loaded 2 times (x 69B)
Class jdk.internal.jimage.decompressor.ResourceDecompressorRepository                 : loaded 2 times (x 69B)
Class kotlin.Function                                                                 : loaded 2 times (x 68B)
Class org.gradle.api.UncheckedIOException                                             : loaded 2 times (x 80B)
Class jdk.internal.jimage.decompressor.ResourceDecompressor$StringsProvider           : loaded 2 times (x 68B)
Class org.gradle.api.internal.classpath.ModuleRegistry                                : loaded 2 times (x 68B)
Class jdk.internal.jimage.decompressor.Decompressor                                   : loaded 2 times (x 70B)
Class jdk.internal.jrtfs.JrtFileSystem                                                : loaded 2 times (x 100B)
Class org.gradle.tooling.internal.gradle.GradleProjectIdentity                        : loaded 2 times (x 68B)
Class jdk.internal.jrtfs.JrtFileSystemProvider                                        : loaded 2 times (x 97B)
Class org.gradle.internal.time.CountdownTimer                                         : loaded 2 times (x 68B)
Class org.gradle.internal.time.Clock                                                  : loaded 2 times (x 68B)
Class org.gradle.internal.classloader.ClasspathUtil                                   : loaded 2 times (x 69B)
Class jdk.internal.jrtfs.JrtDirectoryStream                                           : loaded 2 times (x 87B)
Class org.gradle.tooling.model.BuildIdentifier                                        : loaded 2 times (x 68B)
Class jdk.internal.jimage.decompressor.ResourceDecompressor                           : loaded 2 times (x 68B)
Class org.gradle.api.internal.DefaultClassPathRegistry                                : loaded 2 times (x 74B)
Class org.gradle.api.internal.classpath.DefaultModuleRegistry$DefaultModule           : loaded 2 times (x 84B)
Class org.gradle.internal.time.TimeSource                                             : loaded 2 times (x 68B)
Class org.jetbrains.kotlin.android.synthetic.idea.AndroidExtensionsGradleModel        : loaded 2 times (x 68B)
Class org.gradle.api.internal.classpath.UnknownModuleException                        : loaded 2 times (x 80B)
Class org.jetbrains.plugins.gradle.model.IntelliJProjectSettings                      : loaded 2 times (x 68B)
Class org.gradle.internal.service.ServiceLookupException                              : loaded 2 times (x 80B)
Class jdk.internal.jimage.ImageStringsReader                                          : loaded 2 times (x 78B)
Class org.gradle.cache.GlobalCache                                                    : loaded 2 times (x 68B)
Class jdk.internal.jimage.decompressor.ResourceDecompressorFactory                    : loaded 2 times (x 72B)
Class org.jetbrains.kotlin.idea.gradleTooling.model.lombok.LombokModel                : loaded 2 times (x 68B)
Class org.gradle.tooling.model.ProjectIdentifier                                      : loaded 2 times (x 68B)
Class [Lorg.gradle.api.internal.ClassPathProvider;                                    : loaded 2 times (x 67B)
Class jdk.internal.jimage.ImageReader$SharedImageReader$LocationVisitor               : loaded 2 times (x 68B)
Class org.gradle.internal.operations.MultipleBuildOperationFailures                   : loaded 2 times (x 89B)
Class org.gradle.util.internal.GUtil                                                  : loaded 2 times (x 69B)
Class jdk.internal.jimage.decompressor.ZipDecompressor                                : loaded 2 times (x 73B)
Class org.jetbrains.plugins.gradle.model.AnnotationProcessingModel                    : loaded 2 times (x 68B)
Class org.gradle.internal.classloader.ClassLoaderSpec                                 : loaded 2 times (x 69B)
Class org.jetbrains.plugins.gradle.model.BuildScriptClasspathModel                    : loaded 2 times (x 68B)
Class org.gradle.internal.classloader.VisitableURLClassLoader                         : loaded 2 times (x 115B)
Class org.gradle.internal.installation.GradleInstallation                             : loaded 2 times (x 73B)
Class org.gradle.api.internal.ClassPathRegistry                                       : loaded 2 times (x 68B)
Class org.gradle.internal.classloader.VisitableURLClassLoader$InstrumentingVisitableURLClassLoader: loaded 2 times (x 121B)
Class org.gradle.internal.classloader.ClassLoaderHierarchy                            : loaded 2 times (x 68B)
Class org.gradle.internal.exceptions.MultiCauseException                              : loaded 2 times (x 68B)
Class jdk.internal.jimage.ImageReader                                                 : loaded 2 times (x 73B)
Class org.jetbrains.kotlin.idea.gradleTooling.model.parcelize.ParcelizeGradleModel    : loaded 2 times (x 68B)
Class org.gradle.internal.InternalTransformer                                         : loaded 2 times (x 68B)
Class org.jetbrains.kotlin.idea.gradleTooling.model.noarg.NoArgModel                  : loaded 2 times (x 68B)
Class org.jetbrains.kotlin.idea.gradleTooling.KotlinGradleModel                       : loaded 2 times (x 68B)
Class org.gradle.tooling.internal.gradle.DefaultBuildIdentifier                       : loaded 2 times (x 77B)
Class org.gradle.internal.service.ServiceLocator                                      : loaded 2 times (x 68B)
Class Settings_gradle$1                                                               : loaded 2 times (x 72B)
Class org.jetbrains.kotlin.idea.gradleTooling.model.allopen.AllOpenModel              : loaded 2 times (x 68B)
Class ijInit1_8s26rdy5wfteefr4200slj5z3                                               : loaded 2 times (x 177B)
Class org.gradle.internal.classpath.DefaultClassPath$ImmutableUniqueList              : loaded 2 times (x 159B)
Class jdk.internal.jimage.ImageBufferCache                                            : loaded 2 times (x 69B)
Class org.gradle.internal.time.DefaultTimer                                           : loaded 2 times (x 78B)
Class org.gradle.internal.classpath.TransformedClassPath                              : loaded 2 times (x 94B)
Class Settings_gradle                                                                 : loaded 2 times (x 126B)
Class sync_studio_tooling8_9mjrku5c8mcovi6h74yppkuj$_run_closure1                     : loaded 2 times (x 137B)
Class jdk.internal.jimage.ImageReader$Directory                                       : loaded 2 times (x 82B)


---------------  S Y S T E M  ---------------

OS:
 Windows 10 , 64 bit Build 19041 (10.0.19041.3636)
OS uptime: 4 days 19:52 hours

CPU: total 4 (initial active 4) (2 cores per cpu, 2 threads per core) family 6 model 42 stepping 7 microcode 0x2f, cx8, cmov, fxsr, ht, mmx, sse, sse2, sse3, ssse3, sse4.1, sse4.2, popcnt, tsc, tscinvbit, avx, clmul, vzeroupper, clflush
Processor Information for all 4 processors :
  Max Mhz: 3300, Current Mhz: 3300, Mhz Limit: 3300

Memory: 4k page, system-wide physical 8077M (362M free)
TotalPageFile size 10125M (AvailPageFile size 146M)
current process WorkingSet (physical memory assigned to process): 550M, peak: 552M
current process commit charge ("private bytes"): 574M, peak: 939M

vm_info: OpenJDK 64-Bit Server VM (17.0.10+0--11572160) for windows-amd64 JRE (17.0.10+0--11572160), built on Mar 13 2024 23:56:38 by "androidbuild" with MS VC++ 16.10 / 16.11 (VS2019)

END.
